2026-01-29T12:00:07.858625Z  INFO arx::metrics: arx/src/metrics.rs:524: Node metrics initialized: version=0.6.5, cluster=0, node=0
2026-01-29T12:00:07.970983Z DEBUG arx::units::online_phase_unit::key_material: arx/src/units/online_phase_unit/key_material.rs:165: Loading key material from path /usr/arx-node/private-shares and /usr/arx-node/public-inputs
2026-01-29T12:00:07.983754Z DEBUG arx::units::online_phase_unit::key_material: arx/src/units/online_phase_unit/key_material.rs:179: Loaded key material for MXE: 32AfHsKshTPETofiAcECgNXeSLKztwzVH1qXju3dpA3K
2026-01-29T12:00:07.983789Z DEBUG arx::units::online_phase_unit::key_material: arx/src/units/online_phase_unit/key_material.rs:179: Loaded key material for MXE: FMMVCEygM2ewq4y4fmE5UDuyfhuoz4bXmEDDeg9iFPpL
2026-01-29T12:00:07.983797Z DEBUG arx::units::online_phase_unit::key_material: arx/src/units/online_phase_unit/key_material.rs:179: Loaded key material for MXE: BtQwsU4iWZboBHfBDMUq6URaR2cSiEjHke3CY15Cg5yJ
2026-01-29T12:00:07.983869Z  INFO arx::units::cache_unit: arx/src/units/cache_unit.rs:91: Cache unit started
2026-01-29T12:00:07.984280Z  INFO arx: arx/src/main.rs:122: Starting metrics server
2026-01-29T12:00:07.984273Z  INFO arx::units::circuit_unit: arx/src/units/circuit_unit.rs:141: Circuit unit started
2026-01-29T12:00:07.984301Z  INFO arx: arx/src/main.rs:127: Starting ARX coordinator
2026-01-29T12:00:07.984604Z  INFO arx::units::computation_unit: arx/src/units/computation_unit.rs:99: Inputs unit started
2026-01-29T12:00:07.984587Z  INFO arx::units::computation_transaction_unit: arx/src/units/computation_transaction_unit.rs:124: Computation transaction unit started
2026-01-29T12:00:07.984646Z  INFO arx::units::execpool_unit: arx/src/units/execpool_unit.rs:65: Execpool unit started
2026-01-29T12:00:07.984726Z  INFO arx::units::mempool_unit: arx/src/units/mempool_unit.rs:63: Mempool unit started
2026-01-29T12:00:07.984881Z  INFO arx::units::online_phase_unit: arx/src/units/online_phase_unit.rs:139: Online phase unit started
2026-01-29T12:00:07.984967Z  INFO arx::coordinator: arx/src/coordinator.rs:225: Coordinator started
2026-01-29T12:00:07.985040Z  INFO arx::units::bls_unit: arx/src/units/bls_unit.rs:78: BLS unit started
2026-01-29T12:00:07.985099Z  INFO arx::units::node_transaction_unit: arx/src/units/node_transaction_unit.rs:65: Node transaction unit started
2026-01-29T12:00:07.985127Z  INFO arx::units::node_transaction_unit: arx/src/units/node_transaction_unit.rs:67: Activating node
2026-01-29T12:00:07.985865Z  INFO arx::program: arx/src/program.rs:227: Pub/sub client started
2026-01-29T12:00:07.985894Z  INFO arx::program: arx/src/program.rs:229: Connecting initial pub/sub
2026-01-29T12:00:07.985908Z  INFO arx::program: arx/src/program.rs:227: Pub/sub client started
2026-01-29T12:00:07.985926Z  INFO arx::program: arx/src/program.rs:229: Connecting initial pub/sub
2026-01-29T12:00:07.988044Z  INFO arx::program: arx/src/program.rs:269: Fetching initial state for account: 9EDLm5KDKc1Pf8m587kdxPMvQBNETNahcCfHLNcQ1M8W
2026-01-29T12:00:07.984723Z  INFO arx::units::state_unit: arx/src/units/state_unit.rs:112: State unit started
2026-01-29T12:00:07.996470Z  INFO arx::metrics: arx/src/metrics.rs:312: Metrics server listening on http://0.0.0.0:9091/metrics
2026-01-29T12:00:07.997091Z  INFO arx::program: arx/src/program.rs:269: Fetching initial state for account: 9rUSnh5VrMtRUrJrgAUwcyWvL9NYkscAsDFS5RjPW6Da
2026-01-29T12:00:07.999576Z  INFO arx::program: arx/src/program.rs:283: Subscribing to account: 9EDLm5KDKc1Pf8m587kdxPMvQBNETNahcCfHLNcQ1M8W
2026-01-29T12:00:07.999668Z DEBUG arx::units::execpool_unit: arx/src/units/execpool_unit.rs:102: Received execpool update with 1 computations
2026-01-29T12:00:08.000156Z  INFO arx::program: arx/src/program.rs:283: Subscribing to account: 9rUSnh5VrMtRUrJrgAUwcyWvL9NYkscAsDFS5RjPW6Da
2026-01-29T12:00:08.000323Z DEBUG arx::units::mempool_unit: arx/src/units/mempool_unit.rs:99: Received mempool update for account
2026-01-29T12:00:08.000344Z DEBUG arx::units::mempool_unit: arx/src/units/mempool_unit.rs:129: Mempool contains the same computations, skipping update
2026-01-29T12:00:08.553116Z  INFO arx::units::node_transaction_unit: arx/src/units/node_transaction_unit.rs:70: Node activated
2026-01-29T12:00:08.553183Z  INFO arx::coordinator: arx/src/coordinator.rs:257: Node activated, coordinator running
2026-01-29T12:00:08.553246Z DEBUG arx::coordinator: arx/src/coordinator.rs:534: Coordinator received execpool unit message: computations ids: [11839293648692839198]
2026-01-29T12:00:08.553280Z DEBUG arx::units::state_unit: arx/src/units/state_unit.rs:258: Processing execpool update
2026-01-29T12:00:08.553283Z DEBUG arx::units::cache_unit: arx/src/units/cache_unit.rs:154: Processing queued computation: ArxComputationReference: 11839293648692839198
2026-01-29T12:00:08.553294Z DEBUG arx::units::state_unit: arx/src/units/state_unit.rs:300: Prefetching and executing computation: ArxComputationReference: 11839293648692839198 with status (index: 0, slot: 201)
2026-01-29T12:00:08.553305Z DEBUG arx::coordinator: arx/src/coordinator.rs:658: Coordinator received state unit message: prefetch computation: ArxComputationReference: 11839293648692839198
2026-01-29T12:00:08.553315Z DEBUG arx::coordinator: arx/src/coordinator.rs:668: Coordinator received state unit message: execute computation: ArxComputationReference: 11839293648692839198 with status (index: 0, slot: 201)
2026-01-29T12:00:08.554066Z DEBUG arx::coordinator: arx/src/coordinator.rs:470: Coordinator prefetched computation ArxComputation 147710991709456497213197535564486141267 (cluster_offset: 0)
2026-01-29T12:00:08.554128Z DEBUG arx::coordinator: arx/src/coordinator.rs:486: Coordinator fetched computation ArxComputation 147710991709456497213197535564486141267 (cluster_offset: 0) inputs
2026-01-29T12:00:08.554139Z DEBUG arx::units::cache_unit: arx/src/units/cache_unit.rs:168: Processing fetched computation: ArxComputationReference: 11839293648692839198
2026-01-29T12:00:08.554204Z DEBUG arx::units::cache_unit: arx/src/units/cache_unit.rs:269: Processing fetched inputs: ArxComputation 147710991709456497213197535564486141267 (cluster_offset: 0)
2026-01-29T12:00:08.554242Z DEBUG arx::units::circuit_unit: arx/src/units/circuit_unit.rs:243: Processing computation definition: 2FQAxbTSdP5BE5BnoVeY5qa8VKWFHicEAJPiZ4iWT52z
2026-01-29T12:00:08.554781Z DEBUG arx::units::circuit_unit: arx/src/units/circuit_unit.rs:411: Fetching local circuit data from: /usr/arx-node/circuits/mxe_keygen/circuit.arcis
2026-01-29T12:00:09.031483Z DEBUG arx::coordinator: arx/src/coordinator.rs:380: Coordinator received circuit info: CircuitInfo 2FQAxbTSdP5BE5BnoVeY5qa8VKWFHicEAJPiZ4iWT52z
2026-01-29T12:00:09.031559Z DEBUG arx::units::cache_unit: arx/src/units/cache_unit.rs:195: Processing fetched circuit: CircuitInfo 2FQAxbTSdP5BE5BnoVeY5qa8VKWFHicEAJPiZ4iWT52z
2026-01-29T12:00:09.031586Z DEBUG arx::coordinator: arx/src/coordinator.rs:322: Coordinator received cache unit prefetched computation: ArxComputationReference: 11839293648692839198
2026-01-29T12:00:09.031595Z DEBUG arx::coordinator: arx/src/coordinator.rs:332: Coordinator received cache unit execute computation: ArxComputation 147710991709456497213197535564486141267 (cluster_offset: 0)
2026-01-29T12:00:09.031613Z DEBUG arx::units::online_phase_unit: arx/src/units/online_phase_unit.rs:183: Connecting to peers (ArxComputation 147710991709456497213197535564486141267 (cluster_offset: 0))
2026-01-29T12:00:09.031640Z DEBUG arx::units::state_unit: arx/src/units/state_unit.rs:323: Processing prefetched computation
2026-01-29T12:00:09.060045Z DEBUG arx::units::online_phase_unit: arx/src/units/online_phase_unit.rs:202: Connected to peers (ArxComputation 147710991709456497213197535564486141267 (cluster_offset: 0))
2026-01-29T12:00:09.060108Z  WARN arx::units::online_phase_unit: arx/src/units/online_phase_unit.rs:210: Running MXE keygen computation but key material already exist for MXE 32AfHsKshTPETofiAcECgNXeSLKztwzVH1qXju3dpA3K (ArxComputation 147710991709456497213197535564486141267 (cluster_offset: 0))
2026-01-29T12:00:09.062473Z DEBUG arx::units::online_phase_unit::preprocessing_bundler: arx/src/units/online_phase_unit/preprocessing_bundler.rs:104: TD registration connection attempt 1 failed with error Os { code: 111, kind: ConnectionRefused, message: "Connection refused" }, retrying in 100ms
2026-01-29T12:00:09.163998Z DEBUG arx::units::online_phase_unit::preprocessing_bundler: arx/src/units/online_phase_unit/preprocessing_bundler.rs:46: Protocol 147438283457911433340656051057242145556 registered successfully
2026-01-29T12:00:09.187361Z DEBUG arx::units::online_phase_unit: arx/src/units/online_phase_unit.rs:343: Created new preprocessing bundler for base_id 147438283457911433340656051057242145556, cache size: 1
2026-01-29T12:00:10.133402Z  INFO arx::units::online_phase_unit: arx/src/units/online_phase_unit.rs:436: Processing Cerberus computation (147710991709456497213197535564486141267)
2026-01-29T12:00:11.478603Z DEBUG arx::coordinator: arx/src/coordinator.rs:619: Coordinator received online unit output: ArxComputation 147710991709456497213197535564486141267 (cluster_offset: 0)
2026-01-29T12:00:11.478648Z DEBUG arx::units::online_phase_unit: arx/src/units/online_phase_unit.rs:159: Setting MXE key material for 32AfHsKshTPETofiAcECgNXeSLKztwzVH1qXju3dpA3K
2026-01-29T12:00:11.478666Z DEBUG arx::units::bls_unit: arx/src/units/bls_unit.rs:96: BLS unit received signature request: ArxComputation 147710991709456497213197535564486141267 (cluster_offset: 0)
2026-01-29T12:00:11.478724Z DEBUG arx::units::bls_unit: arx/src/units/bls_unit.rs:163: Message to sign length: [75, 87, 35, 238, 238, 198, 172, 120, 76, 241, 2, 189, 152, 165, 15, 225, 226, 191, 53, 68, 24, 179, 228, 1, 249, 30, 160, 135, 243, 201, 99, 46, 132, 46, 42, 180, 141, 78, 104, 0, 25, 83, 133, 150, 159, 34, 68, 224, 50, 183, 174, 87, 222, 140, 173, 223, 29, 48, 248, 145, 105, 230, 3, 235, 174, 198, 202, 135, 89, 53, 164, 186, 77, 78, 135, 93, 24, 23, 234, 214, 143, 99, 193, 163, 55, 168, 103, 165, 198, 119, 109, 158, 112, 80, 94, 117, 18, 156, 49, 165, 146, 112, 216, 171, 253, 6, 215, 140, 234, 43, 209, 42, 89, 253, 44, 61, 158, 77, 241, 134, 185, 224, 14, 121, 88, 230, 162, 40, 250, 135, 27, 55, 91, 77, 17, 176, 93, 207, 107, 124, 105, 207, 105, 111, 177, 50, 3, 76, 4, 190, 169, 5, 155, 228, 112, 115, 89, 122, 4, 5, 0, 0, 0, 0, 0, 0, 0, 0, 0, 0]
2026-01-29T12:00:11.478787Z DEBUG arx::units::state_unit: arx/src/units/state_unit.rs:140: Processing outputed computation
2026-01-29T12:00:11.478807Z  WARN arx::units::online_phase_unit: arx/src/units/online_phase_unit.rs:161: Existing MXE key material for 32AfHsKshTPETofiAcECgNXeSLKztwzVH1qXju3dpA3K were overwritten
2026-01-29T12:00:11.479146Z DEBUG arx::units::bls_unit: arx/src/units/bls_unit.rs:196: Not ready to aggregate signatures for computation_offset 11839293648692839198, our signature will be stored but not aggregated
2026-01-29T12:00:11.479415Z DEBUG arx::units::bls_unit: arx/src/units/bls_unit.rs:313: Pushed signature to peer 172.20.0.101:8002
2026-01-29T12:00:11.479487Z DEBUG arx::units::bls_unit: arx/src/units/bls_unit.rs:111: BLS unit accepted connection from 172.20.0.101:40138
2026-01-29T12:00:11.479540Z DEBUG arx::units::bls_unit: arx/src/units/bls_unit.rs:126: BLS unit received incoming signature for 11839293648692839198
2026-01-29T12:00:11.479550Z DEBUG arx::units::bls_unit: arx/src/units/bls_unit.rs:223: Stored signature for computation_offset 11839293648692839198 (2/2)
2026-01-29T12:00:11.479815Z DEBUG arx::units::bls_unit: arx/src/units/bls_unit.rs:130: BLS unit processed incoming signature for 11839293648692839198
2026-01-29T12:00:11.479828Z DEBUG arx::coordinator: arx/src/coordinator.rs:281: Coordinator received bls unit output: ArxComputation 147710991709456497213197535564486141267 (cluster_offset: 0)
2026-01-29T12:00:11.479856Z DEBUG arx::units::state_unit: arx/src/units/state_unit.rs:148: Processing signed computation
2026-01-29T12:00:11.479873Z DEBUG arx::units::computation_transaction_unit: arx/src/units/computation_transaction_unit.rs:429: Processing callback for computation ArxComputation 147710991709456497213197535564486141267 (cluster_offset: 0)
2026-01-29T12:00:11.481715Z DEBUG arx::units::computation_transaction_unit::keygen: arx/src/units/computation_transaction_unit/keygen.rs:86: ElGamal pubkey validity proof verification passed
2026-01-29T12:00:11.985086Z DEBUG arx::units::computation_transaction_unit::keygen: arx/src/units/computation_transaction_unit/keygen.rs:119: Sent set_mxe_keys tx for mxe 32AfHsKshTPETofiAcECgNXeSLKztwzVH1qXju3dpA3K with sig 5dTEqoscAMWmLTdk39juMjvzGp6CZFMWjmwbgLDC6Xiar4bHiQWseLMJA2r8JEAACg2nUJUg4V7YyYArjuPTC98y
2026-01-29T12:00:12.346817Z DEBUG arx::program: arx/src/program.rs:317: Received update for account: 9EDLm5KDKc1Pf8m587kdxPMvQBNETNahcCfHLNcQ1M8W
2026-01-29T12:00:12.347007Z DEBUG arx::program: arx/src/program.rs:317: Received update for account: 9rUSnh5VrMtRUrJrgAUwcyWvL9NYkscAsDFS5RjPW6Da
2026-01-29T12:00:12.388178Z DEBUG arx::units::execpool_unit: arx/src/units/execpool_unit.rs:102: Received execpool update with 0 computations
2026-01-29T12:00:12.388239Z DEBUG arx::coordinator: arx/src/coordinator.rs:534: Coordinator received execpool unit message: computations ids: []
2026-01-29T12:00:12.388254Z DEBUG arx::units::state_unit: arx/src/units/state_unit.rs:258: Processing execpool update
2026-01-29T12:00:12.388268Z DEBUG arx::units::state_unit: arx/src/units/state_unit.rs:273: Computation executed: ArxComputationReference: 11839293648692839198
|-> prefetch    : +0ms
|-> prefetched  : +478ms
|-> execute     : +0ms
|-> output      : +2925ms
|-> signed      : +1ms
|-> executed    : +908ms

2026-01-29T12:00:12.388354Z DEBUG arx::units::state_unit: arx/src/units/state_unit.rs:279: Removing computation from execpool: ArxComputationReference offset: 11839293648692839198
2026-01-29T12:00:12.388380Z DEBUG arx::coordinator: arx/src/coordinator.rs:688: Coordinator received state unit message: executed computation: ArxComputationReference: 11839293648692839198
2026-01-29T12:00:12.388391Z DEBUG arx::units::cache_unit: arx/src/units/cache_unit.rs:302: Processing executed computation: ArxComputationReference: 11839293648692839198
2026-01-29T12:00:12.388397Z DEBUG arx::units::cache_unit: arx/src/units/cache_unit.rs:306: Computation executed and removed from cache: ArxComputationReference: 11839293648692839198
2026-01-29T12:00:12.397651Z DEBUG arx::units::mempool_unit: arx/src/units/mempool_unit.rs:99: Received mempool update for account
2026-01-29T12:00:12.397740Z DEBUG arx::units::mempool_unit: arx/src/units/mempool_unit.rs:129: Mempool contains the same computations, skipping update
2026-01-29T12:00:12.495430Z DEBUG arx::units::computation_transaction_unit: arx/src/units/computation_transaction_unit.rs:784: Sent callback computation tx for mxe 32AfHsKshTPETofiAcECgNXeSLKztwzVH1qXju3dpA3K with sig 63t3H3QGR5knU5qPRXWyEtZpc55gHBoX3VJ5mj3JohskPFsXihPXEJ91xTGHebUZGYYRze828cMW3Fdh7b3Hwrud
2026-01-29T12:00:12.495518Z DEBUG arx::coordinator: arx/src/coordinator.rs:426: Coordinator received computation transaction unit callback computation: ArxComputationReference: 11839293648692839198
2026-01-29T12:00:12.495532Z DEBUG arx::units::state_unit: arx/src/units/state_unit.rs:339: Processing executed computation
2026-01-29T12:00:12.495542Z DEBUG arx::units::cache_unit: arx/src/units/cache_unit.rs:302: Processing executed computation: ArxComputationReference: 11839293648692839198
2026-01-29T12:00:12.495569Z  WARN arx::units::cache_unit: arx/src/units/cache_unit.rs:313: Computation info not found in cache: ArxComputationReference: 11839293648692839198
2026-01-29T12:00:15.984975Z DEBUG arx::program: arx/src/program.rs:317: Received update for account: 9EDLm5KDKc1Pf8m587kdxPMvQBNETNahcCfHLNcQ1M8W
2026-01-29T12:00:15.985075Z DEBUG arx::program: arx/src/program.rs:317: Received update for account: 9rUSnh5VrMtRUrJrgAUwcyWvL9NYkscAsDFS5RjPW6Da
2026-01-29T12:00:15.988223Z DEBUG arx::units::execpool_unit: arx/src/units/execpool_unit.rs:102: Received execpool update with 1 computations
2026-01-29T12:00:15.988274Z DEBUG arx::coordinator: arx/src/coordinator.rs:534: Coordinator received execpool unit message: computations ids: [2470963567821542097]
2026-01-29T12:00:15.988300Z DEBUG arx::units::cache_unit: arx/src/units/cache_unit.rs:154: Processing queued computation: ArxComputationReference: 2470963567821542097
2026-01-29T12:00:15.988362Z DEBUG arx::units::state_unit: arx/src/units/state_unit.rs:258: Processing execpool update
2026-01-29T12:00:15.988397Z DEBUG arx::units::state_unit: arx/src/units/state_unit.rs:300: Prefetching and executing computation: ArxComputationReference: 2470963567821542097 with status (index: 0, slot: 221)
2026-01-29T12:00:15.988418Z DEBUG arx::coordinator: arx/src/coordinator.rs:658: Coordinator received state unit message: prefetch computation: ArxComputationReference: 2470963567821542097
2026-01-29T12:00:15.988429Z DEBUG arx::coordinator: arx/src/coordinator.rs:668: Coordinator received state unit message: execute computation: ArxComputationReference: 2470963567821542097 with status (index: 0, slot: 221)
2026-01-29T12:00:15.989366Z DEBUG arx::coordinator: arx/src/coordinator.rs:470: Coordinator prefetched computation ArxComputation 197833053606635319143132204870217956852 (cluster_offset: 0)
2026-01-29T12:00:15.989410Z DEBUG arx::coordinator: arx/src/coordinator.rs:486: Coordinator fetched computation ArxComputation 197833053606635319143132204870217956852 (cluster_offset: 0) inputs
2026-01-29T12:00:15.989421Z DEBUG arx::units::cache_unit: arx/src/units/cache_unit.rs:168: Processing fetched computation: ArxComputationReference: 2470963567821542097
2026-01-29T12:00:15.989435Z DEBUG arx::units::cache_unit: arx/src/units/cache_unit.rs:269: Processing fetched inputs: ArxComputation 197833053606635319143132204870217956852 (cluster_offset: 0)
2026-01-29T12:00:15.990394Z DEBUG arx::units::circuit_unit: arx/src/units/circuit_unit.rs:243: Processing computation definition: 9bspEcvtsGjP9quzBCSVH4H7vrQzVkUPwp3eoxLdKu8S
2026-01-29T12:00:15.990993Z DEBUG arx::units::circuit_unit: arx/src/units/circuit_unit.rs:452: Fetching offchain circuit data from: https://raw.githubusercontent.com/outsmartchad/zodiac-circuits/main/init_vault.arcis
2026-01-29T12:00:15.997069Z DEBUG arx::units::mempool_unit: arx/src/units/mempool_unit.rs:99: Received mempool update for account
2026-01-29T12:00:15.997124Z DEBUG arx::units::mempool_unit: arx/src/units/mempool_unit.rs:129: Mempool contains the same computations, skipping update
2026-01-29T12:00:16.012075Z DEBUG arx::coordinator: arx/src/coordinator.rs:380: Coordinator received circuit info: CircuitInfo 9bspEcvtsGjP9quzBCSVH4H7vrQzVkUPwp3eoxLdKu8S
2026-01-29T12:00:16.012125Z DEBUG arx::units::cache_unit: arx/src/units/cache_unit.rs:195: Processing fetched circuit: CircuitInfo 9bspEcvtsGjP9quzBCSVH4H7vrQzVkUPwp3eoxLdKu8S
2026-01-29T12:00:16.012150Z DEBUG arx::coordinator: arx/src/coordinator.rs:322: Coordinator received cache unit prefetched computation: ArxComputationReference: 2470963567821542097
2026-01-29T12:00:16.012160Z DEBUG arx::coordinator: arx/src/coordinator.rs:332: Coordinator received cache unit execute computation: ArxComputation 197833053606635319143132204870217956852 (cluster_offset: 0)
2026-01-29T12:00:16.012180Z DEBUG arx::units::online_phase_unit: arx/src/units/online_phase_unit.rs:183: Connecting to peers (ArxComputation 197833053606635319143132204870217956852 (cluster_offset: 0))
2026-01-29T12:00:16.012215Z DEBUG arx::units::online_phase_unit: arx/src/units/online_phase_unit.rs:202: Connected to peers (ArxComputation 197833053606635319143132204870217956852 (cluster_offset: 0))
2026-01-29T12:00:16.012207Z DEBUG arx::units::state_unit: arx/src/units/state_unit.rs:323: Processing prefetched computation
2026-01-29T12:00:16.012236Z DEBUG arx::units::online_phase_unit: arx/src/units/online_phase_unit.rs:294: Reusing cached preprocessing bundler for base_id 147438283457911433340656051057242145556
2026-01-29T12:00:16.041266Z  INFO arx::units::online_phase_unit: arx/src/units/online_phase_unit.rs:436: Processing Cerberus computation (197833053606635319143132204870217956852)
2026-01-29T12:00:16.082203Z DEBUG arx::coordinator: arx/src/coordinator.rs:619: Coordinator received online unit output: ArxComputation 197833053606635319143132204870217956852 (cluster_offset: 0)
2026-01-29T12:00:16.082283Z DEBUG arx::units::bls_unit: arx/src/units/bls_unit.rs:96: BLS unit received signature request: ArxComputation 197833053606635319143132204870217956852 (cluster_offset: 0)
2026-01-29T12:00:16.082284Z DEBUG arx::units::state_unit: arx/src/units/state_unit.rs:140: Processing outputed computation
2026-01-29T12:00:16.082294Z DEBUG arx::units::bls_unit: arx/src/units/bls_unit.rs:163: Message to sign length: [59, 48, 16, 89, 125, 10, 182, 184, 139, 82, 36, 133, 165, 239, 207, 233, 161, 2, 76, 19, 41, 161, 192, 231, 181, 197, 185, 244, 160, 163, 196, 189, 56, 149, 251, 79, 119, 67, 76, 169, 234, 251, 38, 163, 212, 150, 100, 3, 221, 21, 191, 198, 90, 98, 81, 149, 23, 146, 161, 202, 216, 122, 30, 254, 35, 164, 22, 116, 179, 232, 93, 150, 173, 170, 165, 115, 224, 40, 252, 88, 91, 23, 38, 242, 158, 124, 142, 110, 244, 55, 26, 2, 178, 37, 36, 5, 209, 80, 232, 21, 93, 196, 213, 76, 100, 139, 232, 226, 31, 232, 83, 119, 221, 0, 0, 0, 0, 0, 0, 0, 0, 0]
2026-01-29T12:00:16.082602Z DEBUG arx::units::bls_unit: arx/src/units/bls_unit.rs:196: Not ready to aggregate signatures for computation_offset 2470963567821542097, our signature will be stored but not aggregated
2026-01-29T12:00:16.082717Z DEBUG arx::units::bls_unit: arx/src/units/bls_unit.rs:111: BLS unit accepted connection from 172.20.0.101:40154
2026-01-29T12:00:16.082786Z DEBUG arx::units::bls_unit: arx/src/units/bls_unit.rs:313: Pushed signature to peer 172.20.0.101:8002
2026-01-29T12:00:16.082832Z DEBUG arx::units::bls_unit: arx/src/units/bls_unit.rs:126: BLS unit received incoming signature for 2470963567821542097
2026-01-29T12:00:16.082847Z DEBUG arx::units::bls_unit: arx/src/units/bls_unit.rs:223: Stored signature for computation_offset 2470963567821542097 (2/2)
2026-01-29T12:00:16.083107Z DEBUG arx::units::bls_unit: arx/src/units/bls_unit.rs:130: BLS unit processed incoming signature for 2470963567821542097
2026-01-29T12:00:16.083127Z DEBUG arx::coordinator: arx/src/coordinator.rs:281: Coordinator received bls unit output: ArxComputation 197833053606635319143132204870217956852 (cluster_offset: 0)
2026-01-29T12:00:16.083144Z DEBUG arx::units::state_unit: arx/src/units/state_unit.rs:148: Processing signed computation
2026-01-29T12:00:16.083172Z DEBUG arx::units::computation_transaction_unit: arx/src/units/computation_transaction_unit.rs:429: Processing callback for computation ArxComputation 197833053606635319143132204870217956852 (cluster_offset: 0)
2026-01-29T12:00:16.096547Z DEBUG arx::units::computation_transaction_unit: arx/src/units/computation_transaction_unit.rs:409: Transaction simulation consumed 117092 compute units
2026-01-29T12:00:16.097037Z DEBUG arx::units::computation_transaction_unit: arx/src/units/computation_transaction_unit.rs:236: Fee calculation: base_fee=5000, compute_units=117092, priority_fee=0, total_fee=5000, fee_variance_buffer=1000, concurrent_callback_buffer=50000
2026-01-29T12:00:16.097253Z DEBUG arx::units::computation_transaction_unit: arx/src/units/computation_transaction_unit.rs:376: Fresh balance range: fresh_balance=999999995000, min=999999939000, max=999999991000, total_fee=5000, staleness_reduction=true
2026-01-29T12:00:16.452806Z DEBUG arx::program: arx/src/program.rs:317: Received update for account: 9EDLm5KDKc1Pf8m587kdxPMvQBNETNahcCfHLNcQ1M8W
2026-01-29T12:00:16.453252Z DEBUG arx::program: arx/src/program.rs:317: Received update for account: 9rUSnh5VrMtRUrJrgAUwcyWvL9NYkscAsDFS5RjPW6Da
2026-01-29T12:00:16.488439Z DEBUG arx::units::execpool_unit: arx/src/units/execpool_unit.rs:102: Received execpool update with 0 computations
2026-01-29T12:00:16.488501Z DEBUG arx::coordinator: arx/src/coordinator.rs:534: Coordinator received execpool unit message: computations ids: []
2026-01-29T12:00:16.488521Z DEBUG arx::units::state_unit: arx/src/units/state_unit.rs:258: Processing execpool update
2026-01-29T12:00:16.488533Z DEBUG arx::units::state_unit: arx/src/units/state_unit.rs:273: Computation executed: ArxComputationReference: 2470963567821542097
|-> prefetch    : +0ms
|-> prefetched  : +23ms
|-> execute     : +0ms
|-> output      : +93ms
|-> signed      : +0ms
|-> executed    : +405ms

2026-01-29T12:00:16.488584Z DEBUG arx::units::state_unit: arx/src/units/state_unit.rs:279: Removing computation from execpool: ArxComputationReference offset: 2470963567821542097
2026-01-29T12:00:16.488608Z DEBUG arx::coordinator: arx/src/coordinator.rs:688: Coordinator received state unit message: executed computation: ArxComputationReference: 2470963567821542097
2026-01-29T12:00:16.488619Z DEBUG arx::units::cache_unit: arx/src/units/cache_unit.rs:302: Processing executed computation: ArxComputationReference: 2470963567821542097
2026-01-29T12:00:16.488627Z DEBUG arx::units::cache_unit: arx/src/units/cache_unit.rs:306: Computation executed and removed from cache: ArxComputationReference: 2470963567821542097
2026-01-29T12:00:16.497015Z DEBUG arx::units::mempool_unit: arx/src/units/mempool_unit.rs:99: Received mempool update for account
2026-01-29T12:00:16.497070Z DEBUG arx::units::mempool_unit: arx/src/units/mempool_unit.rs:129: Mempool contains the same computations, skipping update
2026-01-29T12:00:16.600928Z DEBUG arx::units::computation_transaction_unit: arx/src/units/computation_transaction_unit.rs:792: Callback computation tx for mxe 32AfHsKshTPETofiAcECgNXeSLKztwzVH1qXju3dpA3K already sent
2026-01-29T12:00:16.601033Z DEBUG arx::coordinator: arx/src/coordinator.rs:426: Coordinator received computation transaction unit callback computation: ArxComputationReference: 2470963567821542097
2026-01-29T12:00:16.601050Z DEBUG arx::units::state_unit: arx/src/units/state_unit.rs:339: Processing executed computation
2026-01-29T12:00:16.601062Z DEBUG arx::units::cache_unit: arx/src/units/cache_unit.rs:302: Processing executed computation: ArxComputationReference: 2470963567821542097
2026-01-29T12:00:16.601069Z  WARN arx::units::cache_unit: arx/src/units/cache_unit.rs:313: Computation info not found in cache: ArxComputationReference: 2470963567821542097
2026-01-29T12:00:16.799362Z DEBUG arx::program: arx/src/program.rs:317: Received update for account: 9EDLm5KDKc1Pf8m587kdxPMvQBNETNahcCfHLNcQ1M8W
2026-01-29T12:00:16.799647Z DEBUG arx::program: arx/src/program.rs:317: Received update for account: 9rUSnh5VrMtRUrJrgAUwcyWvL9NYkscAsDFS5RjPW6Da
2026-01-29T12:00:16.888072Z DEBUG arx::units::execpool_unit: arx/src/units/execpool_unit.rs:102: Received execpool update with 1 computations
2026-01-29T12:00:16.888145Z DEBUG arx::coordinator: arx/src/coordinator.rs:534: Coordinator received execpool unit message: computations ids: [18446315114287303924]
2026-01-29T12:00:16.888174Z DEBUG arx::units::cache_unit: arx/src/units/cache_unit.rs:154: Processing queued computation: ArxComputationReference: 18446315114287303924
2026-01-29T12:00:16.888211Z DEBUG arx::units::state_unit: arx/src/units/state_unit.rs:258: Processing execpool update
2026-01-29T12:00:16.888239Z DEBUG arx::units::state_unit: arx/src/units/state_unit.rs:300: Prefetching and executing computation: ArxComputationReference: 18446315114287303924 with status (index: 1, slot: 223)
2026-01-29T12:00:16.888259Z DEBUG arx::coordinator: arx/src/coordinator.rs:658: Coordinator received state unit message: prefetch computation: ArxComputationReference: 18446315114287303924
2026-01-29T12:00:16.888271Z DEBUG arx::coordinator: arx/src/coordinator.rs:668: Coordinator received state unit message: execute computation: ArxComputationReference: 18446315114287303924 with status (index: 1, slot: 223)
2026-01-29T12:00:16.889410Z DEBUG arx::coordinator: arx/src/coordinator.rs:470: Coordinator prefetched computation ArxComputation 91851548156852723857784482107161840869 (cluster_offset: 0)
2026-01-29T12:00:16.889463Z DEBUG arx::coordinator: arx/src/coordinator.rs:486: Coordinator fetched computation ArxComputation 91851548156852723857784482107161840869 (cluster_offset: 0) inputs
2026-01-29T12:00:16.889477Z DEBUG arx::units::cache_unit: arx/src/units/cache_unit.rs:168: Processing fetched computation: ArxComputationReference: 18446315114287303924
2026-01-29T12:00:16.889514Z DEBUG arx::units::cache_unit: arx/src/units/cache_unit.rs:269: Processing fetched inputs: ArxComputation 91851548156852723857784482107161840869 (cluster_offset: 0)
2026-01-29T12:00:16.889536Z DEBUG arx::units::circuit_unit: arx/src/units/circuit_unit.rs:243: Processing computation definition: QsC9Bo6DX8AaLzFLsB91YeN5qZZcAYXXU3pMQ69ixjW
2026-01-29T12:00:16.889998Z DEBUG arx::units::circuit_unit: arx/src/units/circuit_unit.rs:452: Fetching offchain circuit data from: https://raw.githubusercontent.com/outsmartchad/zodiac-circuits/main/init_user_position.arcis
2026-01-29T12:00:16.896223Z DEBUG arx::coordinator: arx/src/coordinator.rs:380: Coordinator received circuit info: CircuitInfo QsC9Bo6DX8AaLzFLsB91YeN5qZZcAYXXU3pMQ69ixjW
2026-01-29T12:00:16.896257Z DEBUG arx::units::cache_unit: arx/src/units/cache_unit.rs:195: Processing fetched circuit: CircuitInfo QsC9Bo6DX8AaLzFLsB91YeN5qZZcAYXXU3pMQ69ixjW
2026-01-29T12:00:16.896278Z DEBUG arx::coordinator: arx/src/coordinator.rs:322: Coordinator received cache unit prefetched computation: ArxComputationReference: 18446315114287303924
2026-01-29T12:00:16.896286Z DEBUG arx::coordinator: arx/src/coordinator.rs:332: Coordinator received cache unit execute computation: ArxComputation 91851548156852723857784482107161840869 (cluster_offset: 0)
2026-01-29T12:00:16.896302Z DEBUG arx::units::online_phase_unit: arx/src/units/online_phase_unit.rs:183: Connecting to peers (ArxComputation 91851548156852723857784482107161840869 (cluster_offset: 0))
2026-01-29T12:00:16.896317Z DEBUG arx::units::state_unit: arx/src/units/state_unit.rs:323: Processing prefetched computation
2026-01-29T12:00:16.896330Z DEBUG arx::units::online_phase_unit: arx/src/units/online_phase_unit.rs:202: Connected to peers (ArxComputation 91851548156852723857784482107161840869 (cluster_offset: 0))
2026-01-29T12:00:16.896356Z DEBUG arx::units::online_phase_unit: arx/src/units/online_phase_unit.rs:294: Reusing cached preprocessing bundler for base_id 147438283457911433340656051057242145556
2026-01-29T12:00:16.899273Z DEBUG arx::units::mempool_unit: arx/src/units/mempool_unit.rs:99: Received mempool update for account
2026-01-29T12:00:16.899303Z DEBUG arx::units::mempool_unit: arx/src/units/mempool_unit.rs:129: Mempool contains the same computations, skipping update
2026-01-29T12:00:16.910335Z  INFO arx::units::online_phase_unit: arx/src/units/online_phase_unit.rs:436: Processing Cerberus computation (91851548156852723857784482107161840869)
2026-01-29T12:00:16.940830Z DEBUG arx::coordinator: arx/src/coordinator.rs:619: Coordinator received online unit output: ArxComputation 91851548156852723857784482107161840869 (cluster_offset: 0)
2026-01-29T12:00:16.940884Z DEBUG arx::units::bls_unit: arx/src/units/bls_unit.rs:96: BLS unit received signature request: ArxComputation 91851548156852723857784482107161840869 (cluster_offset: 0)
2026-01-29T12:00:16.940894Z DEBUG arx::units::bls_unit: arx/src/units/bls_unit.rs:163: Message to sign length: [181, 104, 179, 129, 64, 118, 10, 35, 99, 176, 237, 29, 241, 9, 102, 240, 225, 194, 191, 153, 245, 10, 56, 108, 60, 243, 75, 23, 158, 128, 181, 61, 190, 113, 244, 241, 53, 236, 71, 83, 129, 142, 245, 193, 18, 171, 243, 71, 12, 86, 32, 88, 117, 71, 22, 166, 134, 15, 101, 84, 124, 29, 98, 206, 147, 64, 206, 113, 183, 146, 169, 36, 173, 122, 252, 194, 50, 104, 129, 107, 223, 0, 0, 0, 0, 0, 0, 0, 1, 0]
2026-01-29T12:00:16.940924Z DEBUG arx::units::state_unit: arx/src/units/state_unit.rs:140: Processing outputed computation
2026-01-29T12:00:16.941206Z DEBUG arx::units::bls_unit: arx/src/units/bls_unit.rs:196: Not ready to aggregate signatures for computation_offset 18446315114287303924, our signature will be stored but not aggregated
2026-01-29T12:00:16.941257Z DEBUG arx::units::bls_unit: arx/src/units/bls_unit.rs:111: BLS unit accepted connection from 172.20.0.101:40156
2026-01-29T12:00:16.941341Z DEBUG arx::units::bls_unit: arx/src/units/bls_unit.rs:126: BLS unit received incoming signature for 18446315114287303924
2026-01-29T12:00:16.941360Z DEBUG arx::units::bls_unit: arx/src/units/bls_unit.rs:223: Stored signature for computation_offset 18446315114287303924 (2/2)
2026-01-29T12:00:16.941462Z DEBUG arx::units::bls_unit: arx/src/units/bls_unit.rs:313: Pushed signature to peer 172.20.0.101:8002
2026-01-29T12:00:16.941631Z DEBUG arx::units::bls_unit: arx/src/units/bls_unit.rs:130: BLS unit processed incoming signature for 18446315114287303924
2026-01-29T12:00:16.941647Z DEBUG arx::coordinator: arx/src/coordinator.rs:281: Coordinator received bls unit output: ArxComputation 91851548156852723857784482107161840869 (cluster_offset: 0)
2026-01-29T12:00:16.941682Z DEBUG arx::units::state_unit: arx/src/units/state_unit.rs:148: Processing signed computation
2026-01-29T12:00:16.941706Z DEBUG arx::units::computation_transaction_unit: arx/src/units/computation_transaction_unit.rs:429: Processing callback for computation ArxComputation 91851548156852723857784482107161840869 (cluster_offset: 0)
2026-01-29T12:00:16.946841Z DEBUG arx::units::computation_transaction_unit: arx/src/units/computation_transaction_unit.rs:409: Transaction simulation consumed 118087 compute units
2026-01-29T12:00:16.950198Z DEBUG arx::units::computation_transaction_unit: arx/src/units/computation_transaction_unit.rs:236: Fee calculation: base_fee=5000, compute_units=118087, priority_fee=0, total_fee=5000, fee_variance_buffer=1000, concurrent_callback_buffer=50000
2026-01-29T12:00:16.950540Z DEBUG arx::units::computation_transaction_unit: arx/src/units/computation_transaction_unit.rs:376: Fresh balance range: fresh_balance=999999990000, min=999999934000, max=999999986000, total_fee=5000, staleness_reduction=true
2026-01-29T12:00:17.253899Z DEBUG arx::program: arx/src/program.rs:317: Received update for account: 9EDLm5KDKc1Pf8m587kdxPMvQBNETNahcCfHLNcQ1M8W
2026-01-29T12:00:17.254332Z DEBUG arx::program: arx/src/program.rs:317: Received update for account: 9rUSnh5VrMtRUrJrgAUwcyWvL9NYkscAsDFS5RjPW6Da
2026-01-29T12:00:17.288586Z DEBUG arx::units::execpool_unit: arx/src/units/execpool_unit.rs:102: Received execpool update with 0 computations
2026-01-29T12:00:17.288643Z DEBUG arx::coordinator: arx/src/coordinator.rs:534: Coordinator received execpool unit message: computations ids: []
2026-01-29T12:00:17.288658Z DEBUG arx::units::state_unit: arx/src/units/state_unit.rs:258: Processing execpool update
2026-01-29T12:00:17.288667Z DEBUG arx::units::state_unit: arx/src/units/state_unit.rs:273: Computation executed: ArxComputationReference: 18446315114287303924
|-> prefetch    : +0ms
|-> prefetched  : +8ms
|-> execute     : +0ms
|-> output      : +52ms
|-> signed      : +0ms
|-> executed    : +346ms

2026-01-29T12:00:17.288704Z DEBUG arx::units::state_unit: arx/src/units/state_unit.rs:279: Removing computation from execpool: ArxComputationReference offset: 18446315114287303924
2026-01-29T12:00:17.288726Z DEBUG arx::coordinator: arx/src/coordinator.rs:688: Coordinator received state unit message: executed computation: ArxComputationReference: 18446315114287303924
2026-01-29T12:00:17.288737Z DEBUG arx::units::cache_unit: arx/src/units/cache_unit.rs:302: Processing executed computation: ArxComputationReference: 18446315114287303924
2026-01-29T12:00:17.288743Z DEBUG arx::units::cache_unit: arx/src/units/cache_unit.rs:306: Computation executed and removed from cache: ArxComputationReference: 18446315114287303924
2026-01-29T12:00:17.296945Z DEBUG arx::units::mempool_unit: arx/src/units/mempool_unit.rs:99: Received mempool update for account
2026-01-29T12:00:17.297000Z DEBUG arx::units::mempool_unit: arx/src/units/mempool_unit.rs:129: Mempool contains the same computations, skipping update
2026-01-29T12:00:17.455340Z DEBUG arx::units::computation_transaction_unit: arx/src/units/computation_transaction_unit.rs:792: Callback computation tx for mxe 32AfHsKshTPETofiAcECgNXeSLKztwzVH1qXju3dpA3K already sent
2026-01-29T12:00:17.455430Z DEBUG arx::coordinator: arx/src/coordinator.rs:426: Coordinator received computation transaction unit callback computation: ArxComputationReference: 18446315114287303924
2026-01-29T12:00:17.455447Z DEBUG arx::units::state_unit: arx/src/units/state_unit.rs:339: Processing executed computation
2026-01-29T12:00:17.455468Z DEBUG arx::units::cache_unit: arx/src/units/cache_unit.rs:302: Processing executed computation: ArxComputationReference: 18446315114287303924
2026-01-29T12:00:17.455516Z  WARN arx::units::cache_unit: arx/src/units/cache_unit.rs:313: Computation info not found in cache: ArxComputationReference: 18446315114287303924
2026-01-29T12:00:18.830336Z DEBUG arx::program: arx/src/program.rs:317: Received update for account: 9EDLm5KDKc1Pf8m587kdxPMvQBNETNahcCfHLNcQ1M8W
2026-01-29T12:00:18.830551Z DEBUG arx::program: arx/src/program.rs:317: Received update for account: 9rUSnh5VrMtRUrJrgAUwcyWvL9NYkscAsDFS5RjPW6Da
2026-01-29T12:00:18.887784Z DEBUG arx::units::execpool_unit: arx/src/units/execpool_unit.rs:102: Received execpool update with 1 computations
2026-01-29T12:00:18.887846Z DEBUG arx::coordinator: arx/src/coordinator.rs:534: Coordinator received execpool unit message: computations ids: [10045980612082756640]
2026-01-29T12:00:18.887871Z DEBUG arx::units::cache_unit: arx/src/units/cache_unit.rs:154: Processing queued computation: ArxComputationReference: 10045980612082756640
2026-01-29T12:00:18.887919Z DEBUG arx::units::state_unit: arx/src/units/state_unit.rs:258: Processing execpool update
2026-01-29T12:00:18.887948Z DEBUG arx::units::state_unit: arx/src/units/state_unit.rs:300: Prefetching and executing computation: ArxComputationReference: 10045980612082756640 with status (index: 2, slot: 228)
2026-01-29T12:00:18.887964Z DEBUG arx::coordinator: arx/src/coordinator.rs:658: Coordinator received state unit message: prefetch computation: ArxComputationReference: 10045980612082756640
2026-01-29T12:00:18.887972Z DEBUG arx::coordinator: arx/src/coordinator.rs:668: Coordinator received state unit message: execute computation: ArxComputationReference: 10045980612082756640 with status (index: 2, slot: 228)
2026-01-29T12:00:18.889646Z DEBUG arx::coordinator: arx/src/coordinator.rs:470: Coordinator prefetched computation ArxComputation 121806319979976855622969099706952921794 (cluster_offset: 0)
2026-01-29T12:00:18.889685Z DEBUG arx::units::cache_unit: arx/src/units/cache_unit.rs:168: Processing fetched computation: ArxComputationReference: 10045980612082756640
2026-01-29T12:00:18.889832Z DEBUG arx::units::circuit_unit: arx/src/units/circuit_unit.rs:243: Processing computation definition: 6D4MvtJRe6WvAvkE9VcGQ3u5Wwy7Q83an6uEFJmnXgV3
2026-01-29T12:00:18.890675Z DEBUG arx::units::circuit_unit: arx/src/units/circuit_unit.rs:452: Fetching offchain circuit data from: https://raw.githubusercontent.com/outsmartchad/zodiac-circuits/main/deposit.arcis
2026-01-29T12:00:18.891823Z DEBUG arx::coordinator: arx/src/coordinator.rs:486: Coordinator fetched computation ArxComputation 121806319979976855622969099706952921794 (cluster_offset: 0) inputs
2026-01-29T12:00:18.891848Z DEBUG arx::units::cache_unit: arx/src/units/cache_unit.rs:269: Processing fetched inputs: ArxComputation 121806319979976855622969099706952921794 (cluster_offset: 0)
2026-01-29T12:00:18.896648Z DEBUG arx::units::mempool_unit: arx/src/units/mempool_unit.rs:99: Received mempool update for account
2026-01-29T12:00:18.896714Z DEBUG arx::units::mempool_unit: arx/src/units/mempool_unit.rs:129: Mempool contains the same computations, skipping update
2026-01-29T12:00:18.950157Z DEBUG arx::coordinator: arx/src/coordinator.rs:380: Coordinator received circuit info: CircuitInfo 6D4MvtJRe6WvAvkE9VcGQ3u5Wwy7Q83an6uEFJmnXgV3
2026-01-29T12:00:18.950216Z DEBUG arx::units::cache_unit: arx/src/units/cache_unit.rs:195: Processing fetched circuit: CircuitInfo 6D4MvtJRe6WvAvkE9VcGQ3u5Wwy7Q83an6uEFJmnXgV3
2026-01-29T12:00:18.950236Z DEBUG arx::coordinator: arx/src/coordinator.rs:322: Coordinator received cache unit prefetched computation: ArxComputationReference: 10045980612082756640
2026-01-29T12:00:18.950244Z DEBUG arx::coordinator: arx/src/coordinator.rs:332: Coordinator received cache unit execute computation: ArxComputation 121806319979976855622969099706952921794 (cluster_offset: 0)
2026-01-29T12:00:18.950262Z DEBUG arx::units::online_phase_unit: arx/src/units/online_phase_unit.rs:183: Connecting to peers (ArxComputation 121806319979976855622969099706952921794 (cluster_offset: 0))
2026-01-29T12:00:18.950282Z DEBUG arx::units::state_unit: arx/src/units/state_unit.rs:323: Processing prefetched computation
2026-01-29T12:00:18.950314Z DEBUG arx::units::online_phase_unit: arx/src/units/online_phase_unit.rs:202: Connected to peers (ArxComputation 121806319979976855622969099706952921794 (cluster_offset: 0))
2026-01-29T12:00:18.950342Z DEBUG arx::units::online_phase_unit: arx/src/units/online_phase_unit.rs:294: Reusing cached preprocessing bundler for base_id 147438283457911433340656051057242145556
2026-01-29T12:00:19.170415Z  INFO arx::units::online_phase_unit: arx/src/units/online_phase_unit.rs:436: Processing Cerberus computation (121806319979976855622969099706952921794)
2026-01-29T12:00:19.410111Z DEBUG arx::coordinator: arx/src/coordinator.rs:619: Coordinator received online unit output: ArxComputation 121806319979976855622969099706952921794 (cluster_offset: 0)
2026-01-29T12:00:19.410142Z DEBUG arx::units::bls_unit: arx/src/units/bls_unit.rs:96: BLS unit received signature request: ArxComputation 121806319979976855622969099706952921794 (cluster_offset: 0)
2026-01-29T12:00:19.410151Z DEBUG arx::units::bls_unit: arx/src/units/bls_unit.rs:163: Message to sign length: [60, 48, 16, 89, 125, 10, 182, 184, 139, 82, 36, 133, 165, 239, 207, 233, 117, 151, 229, 225, 63, 75, 243, 247, 69, 12, 110, 78, 185, 87, 136, 224, 234, 136, 100, 8, 247, 36, 6, 16, 25, 210, 141, 29, 180, 234, 56, 94, 28, 122, 172, 105, 132, 161, 252, 84, 123, 76, 183, 177, 139, 26, 50, 43, 220, 54, 255, 132, 43, 177, 25, 209, 208, 108, 40, 236, 0, 102, 233, 36, 227, 16, 144, 179, 187, 11, 112, 129, 219, 101, 14, 192, 143, 151, 146, 33, 108, 38, 156, 86, 189, 250, 187, 84, 13, 14, 10, 4, 17, 69, 46, 89, 182, 104, 179, 129, 64, 118, 10, 35, 99, 176, 237, 29, 241, 9, 102, 240, 99, 155, 54, 115, 194, 182, 165, 121, 170, 110, 128, 184, 142, 140, 124, 139, 36, 89, 148, 180, 94, 98, 94, 82, 158, 84, 119, 68, 9, 151, 121, 57, 61, 28, 128, 193, 220, 247, 234, 239, 210, 54, 61, 156, 3, 90, 184, 38, 36, 87, 46, 229, 99, 229, 182, 156, 204, 139, 163, 110, 114, 122, 12, 59, 228, 0, 0, 0, 0, 0, 0, 0, 2, 0]
2026-01-29T12:00:19.410167Z DEBUG arx::units::state_unit: arx/src/units/state_unit.rs:140: Processing outputed computation
2026-01-29T12:00:19.410502Z DEBUG arx::units::bls_unit: arx/src/units/bls_unit.rs:196: Not ready to aggregate signatures for computation_offset 10045980612082756640, our signature will be stored but not aggregated
2026-01-29T12:00:19.410641Z DEBUG arx::units::bls_unit: arx/src/units/bls_unit.rs:313: Pushed signature to peer 172.20.0.101:8002
2026-01-29T12:00:19.410664Z DEBUG arx::units::bls_unit: arx/src/units/bls_unit.rs:111: BLS unit accepted connection from 172.20.0.101:37694
2026-01-29T12:00:19.410827Z DEBUG arx::units::bls_unit: arx/src/units/bls_unit.rs:126: BLS unit received incoming signature for 10045980612082756640
2026-01-29T12:00:19.410845Z DEBUG arx::units::bls_unit: arx/src/units/bls_unit.rs:223: Stored signature for computation_offset 10045980612082756640 (2/2)
2026-01-29T12:00:19.411100Z DEBUG arx::units::bls_unit: arx/src/units/bls_unit.rs:130: BLS unit processed incoming signature for 10045980612082756640
2026-01-29T12:00:19.411113Z DEBUG arx::coordinator: arx/src/coordinator.rs:281: Coordinator received bls unit output: ArxComputation 121806319979976855622969099706952921794 (cluster_offset: 0)
2026-01-29T12:00:19.411134Z DEBUG arx::units::state_unit: arx/src/units/state_unit.rs:148: Processing signed computation
2026-01-29T12:00:19.411182Z DEBUG arx::units::computation_transaction_unit: arx/src/units/computation_transaction_unit.rs:429: Processing callback for computation ArxComputation 121806319979976855622969099706952921794 (cluster_offset: 0)
2026-01-29T12:00:19.417615Z DEBUG arx::units::computation_transaction_unit: arx/src/units/computation_transaction_unit.rs:409: Transaction simulation consumed 154004 compute units
2026-01-29T12:00:19.419657Z DEBUG arx::units::computation_transaction_unit: arx/src/units/computation_transaction_unit.rs:236: Fee calculation: base_fee=5000, compute_units=154004, priority_fee=0, total_fee=5000, fee_variance_buffer=1000, concurrent_callback_buffer=50000
2026-01-29T12:00:19.421977Z DEBUG arx::units::computation_transaction_unit: arx/src/units/computation_transaction_unit.rs:376: Fresh balance range: fresh_balance=999999985000, min=999999929000, max=999999981000, total_fee=5000, staleness_reduction=true
2026-01-29T12:00:19.656227Z DEBUG arx::program: arx/src/program.rs:317: Received update for account: 9EDLm5KDKc1Pf8m587kdxPMvQBNETNahcCfHLNcQ1M8W
2026-01-29T12:00:19.656352Z DEBUG arx::program: arx/src/program.rs:317: Received update for account: 9rUSnh5VrMtRUrJrgAUwcyWvL9NYkscAsDFS5RjPW6Da
2026-01-29T12:00:19.688516Z DEBUG arx::units::execpool_unit: arx/src/units/execpool_unit.rs:102: Received execpool update with 0 computations
2026-01-29T12:00:19.688588Z DEBUG arx::coordinator: arx/src/coordinator.rs:534: Coordinator received execpool unit message: computations ids: []
2026-01-29T12:00:19.688606Z DEBUG arx::units::state_unit: arx/src/units/state_unit.rs:258: Processing execpool update
2026-01-29T12:00:19.688616Z DEBUG arx::units::state_unit: arx/src/units/state_unit.rs:273: Computation executed: ArxComputationReference: 10045980612082756640
|-> prefetch    : +0ms
|-> prefetched  : +62ms
|-> execute     : +0ms
|-> output      : +522ms
|-> signed      : +0ms
|-> executed    : +277ms

2026-01-29T12:00:19.688640Z DEBUG arx::units::state_unit: arx/src/units/state_unit.rs:279: Removing computation from execpool: ArxComputationReference offset: 10045980612082756640
2026-01-29T12:00:19.688665Z DEBUG arx::coordinator: arx/src/coordinator.rs:688: Coordinator received state unit message: executed computation: ArxComputationReference: 10045980612082756640
2026-01-29T12:00:19.688677Z DEBUG arx::units::cache_unit: arx/src/units/cache_unit.rs:302: Processing executed computation: ArxComputationReference: 10045980612082756640
2026-01-29T12:00:19.688684Z DEBUG arx::units::cache_unit: arx/src/units/cache_unit.rs:306: Computation executed and removed from cache: ArxComputationReference: 10045980612082756640
2026-01-29T12:00:19.697004Z DEBUG arx::units::mempool_unit: arx/src/units/mempool_unit.rs:99: Received mempool update for account
2026-01-29T12:00:19.697066Z DEBUG arx::units::mempool_unit: arx/src/units/mempool_unit.rs:129: Mempool contains the same computations, skipping update
2026-01-29T12:00:19.925585Z DEBUG arx::units::computation_transaction_unit: arx/src/units/computation_transaction_unit.rs:792: Callback computation tx for mxe 32AfHsKshTPETofiAcECgNXeSLKztwzVH1qXju3dpA3K already sent
2026-01-29T12:00:19.925699Z DEBUG arx::coordinator: arx/src/coordinator.rs:426: Coordinator received computation transaction unit callback computation: ArxComputationReference: 10045980612082756640
2026-01-29T12:00:19.925719Z DEBUG arx::units::state_unit: arx/src/units/state_unit.rs:339: Processing executed computation
2026-01-29T12:00:19.925734Z DEBUG arx::units::cache_unit: arx/src/units/cache_unit.rs:302: Processing executed computation: ArxComputationReference: 10045980612082756640
2026-01-29T12:00:19.925742Z  WARN arx::units::cache_unit: arx/src/units/cache_unit.rs:313: Computation info not found in cache: ArxComputationReference: 10045980612082756640
2026-01-29T12:00:20.062654Z DEBUG arx::program: arx/src/program.rs:317: Received update for account: 9EDLm5KDKc1Pf8m587kdxPMvQBNETNahcCfHLNcQ1M8W
2026-01-29T12:00:20.062767Z DEBUG arx::program: arx/src/program.rs:317: Received update for account: 9rUSnh5VrMtRUrJrgAUwcyWvL9NYkscAsDFS5RjPW6Da
2026-01-29T12:00:20.088035Z DEBUG arx::units::execpool_unit: arx/src/units/execpool_unit.rs:102: Received execpool update with 1 computations
2026-01-29T12:00:20.088096Z DEBUG arx::coordinator: arx/src/coordinator.rs:534: Coordinator received execpool unit message: computations ids: [9124321832152782866]
2026-01-29T12:00:20.088119Z DEBUG arx::units::cache_unit: arx/src/units/cache_unit.rs:154: Processing queued computation: ArxComputationReference: 9124321832152782866
2026-01-29T12:00:20.088137Z DEBUG arx::units::state_unit: arx/src/units/state_unit.rs:258: Processing execpool update
2026-01-29T12:00:20.088175Z DEBUG arx::units::state_unit: arx/src/units/state_unit.rs:300: Prefetching and executing computation: ArxComputationReference: 9124321832152782866 with status (index: 3, slot: 231)
2026-01-29T12:00:20.088189Z DEBUG arx::coordinator: arx/src/coordinator.rs:658: Coordinator received state unit message: prefetch computation: ArxComputationReference: 9124321832152782866
2026-01-29T12:00:20.088197Z DEBUG arx::coordinator: arx/src/coordinator.rs:668: Coordinator received state unit message: execute computation: ArxComputationReference: 9124321832152782866 with status (index: 3, slot: 231)
2026-01-29T12:00:20.088976Z DEBUG arx::coordinator: arx/src/coordinator.rs:470: Coordinator prefetched computation ArxComputation 265229092186279699799459083902024295966 (cluster_offset: 0)
2026-01-29T12:00:20.089016Z DEBUG arx::units::cache_unit: arx/src/units/cache_unit.rs:168: Processing fetched computation: ArxComputationReference: 9124321832152782866
2026-01-29T12:00:20.089095Z DEBUG arx::units::circuit_unit: arx/src/units/circuit_unit.rs:243: Processing computation definition: FyZ5JcU7dzjeoPKWrBCZzSa3eBgbNtAXgV12Y4uqMDnD
2026-01-29T12:00:20.089283Z DEBUG arx::coordinator: arx/src/coordinator.rs:486: Coordinator fetched computation ArxComputation 265229092186279699799459083902024295966 (cluster_offset: 0) inputs
2026-01-29T12:00:20.089306Z DEBUG arx::units::cache_unit: arx/src/units/cache_unit.rs:269: Processing fetched inputs: ArxComputation 265229092186279699799459083902024295966 (cluster_offset: 0)
2026-01-29T12:00:20.089644Z DEBUG arx::units::circuit_unit: arx/src/units/circuit_unit.rs:452: Fetching offchain circuit data from: https://raw.githubusercontent.com/outsmartchad/zodiac-circuits/main/reveal_pending_deposits.arcis
2026-01-29T12:00:20.094542Z DEBUG arx::coordinator: arx/src/coordinator.rs:380: Coordinator received circuit info: CircuitInfo FyZ5JcU7dzjeoPKWrBCZzSa3eBgbNtAXgV12Y4uqMDnD
2026-01-29T12:00:20.094568Z DEBUG arx::units::cache_unit: arx/src/units/cache_unit.rs:195: Processing fetched circuit: CircuitInfo FyZ5JcU7dzjeoPKWrBCZzSa3eBgbNtAXgV12Y4uqMDnD
2026-01-29T12:00:20.094584Z DEBUG arx::coordinator: arx/src/coordinator.rs:322: Coordinator received cache unit prefetched computation: ArxComputationReference: 9124321832152782866
2026-01-29T12:00:20.094591Z DEBUG arx::coordinator: arx/src/coordinator.rs:332: Coordinator received cache unit execute computation: ArxComputation 265229092186279699799459083902024295966 (cluster_offset: 0)
2026-01-29T12:00:20.094606Z DEBUG arx::units::online_phase_unit: arx/src/units/online_phase_unit.rs:183: Connecting to peers (ArxComputation 265229092186279699799459083902024295966 (cluster_offset: 0))
2026-01-29T12:00:20.094614Z DEBUG arx::units::state_unit: arx/src/units/state_unit.rs:323: Processing prefetched computation
2026-01-29T12:00:20.094631Z DEBUG arx::units::online_phase_unit: arx/src/units/online_phase_unit.rs:202: Connected to peers (ArxComputation 265229092186279699799459083902024295966 (cluster_offset: 0))
2026-01-29T12:00:20.094645Z DEBUG arx::units::online_phase_unit: arx/src/units/online_phase_unit.rs:294: Reusing cached preprocessing bundler for base_id 147438283457911433340656051057242145556
2026-01-29T12:00:20.096774Z DEBUG arx::units::mempool_unit: arx/src/units/mempool_unit.rs:99: Received mempool update for account
2026-01-29T12:00:20.096799Z DEBUG arx::units::mempool_unit: arx/src/units/mempool_unit.rs:129: Mempool contains the same computations, skipping update
2026-01-29T12:00:20.125951Z  INFO arx::units::online_phase_unit: arx/src/units/online_phase_unit.rs:436: Processing Cerberus computation (265229092186279699799459083902024295966)
2026-01-29T12:00:20.161474Z DEBUG arx::units::bls_unit: arx/src/units/bls_unit.rs:111: BLS unit accepted connection from 172.20.0.101:37702
2026-01-29T12:00:20.162172Z DEBUG arx::coordinator: arx/src/coordinator.rs:619: Coordinator received online unit output: ArxComputation 265229092186279699799459083902024295966 (cluster_offset: 0)
2026-01-29T12:00:20.162218Z DEBUG arx::units::bls_unit: arx/src/units/bls_unit.rs:96: BLS unit received signature request: ArxComputation 265229092186279699799459083902024295966 (cluster_offset: 0)
2026-01-29T12:00:20.162231Z DEBUG arx::units::bls_unit: arx/src/units/bls_unit.rs:163: Message to sign length: [0, 202, 154, 59, 0, 0, 0, 0, 231, 0, 0, 0, 0, 0, 0, 0, 3, 0]
2026-01-29T12:00:20.162312Z DEBUG arx::units::state_unit: arx/src/units/state_unit.rs:140: Processing outputed computation
2026-01-29T12:00:20.162583Z DEBUG arx::units::bls_unit: arx/src/units/bls_unit.rs:196: Not ready to aggregate signatures for computation_offset 9124321832152782866, our signature will be stored but not aggregated
2026-01-29T12:00:20.162771Z DEBUG arx::units::bls_unit: arx/src/units/bls_unit.rs:126: BLS unit received incoming signature for 9124321832152782866
2026-01-29T12:00:20.162777Z DEBUG arx::units::bls_unit: arx/src/units/bls_unit.rs:313: Pushed signature to peer 172.20.0.101:8002
2026-01-29T12:00:20.162794Z DEBUG arx::units::bls_unit: arx/src/units/bls_unit.rs:223: Stored signature for computation_offset 9124321832152782866 (2/2)
2026-01-29T12:00:20.163054Z DEBUG arx::units::bls_unit: arx/src/units/bls_unit.rs:130: BLS unit processed incoming signature for 9124321832152782866
2026-01-29T12:00:20.163066Z DEBUG arx::coordinator: arx/src/coordinator.rs:281: Coordinator received bls unit output: ArxComputation 265229092186279699799459083902024295966 (cluster_offset: 0)
2026-01-29T12:00:20.163128Z DEBUG arx::units::state_unit: arx/src/units/state_unit.rs:148: Processing signed computation
2026-01-29T12:00:20.163138Z DEBUG arx::units::computation_transaction_unit: arx/src/units/computation_transaction_unit.rs:429: Processing callback for computation ArxComputation 265229092186279699799459083902024295966 (cluster_offset: 0)
2026-01-29T12:00:20.168126Z DEBUG arx::units::computation_transaction_unit: arx/src/units/computation_transaction_unit.rs:409: Transaction simulation consumed 116991 compute units
2026-01-29T12:00:20.168405Z DEBUG arx::units::computation_transaction_unit: arx/src/units/computation_transaction_unit.rs:236: Fee calculation: base_fee=5000, compute_units=116991, priority_fee=0, total_fee=5000, fee_variance_buffer=1000, concurrent_callback_buffer=50000
2026-01-29T12:00:20.171477Z DEBUG arx::units::computation_transaction_unit: arx/src/units/computation_transaction_unit.rs:376: Fresh balance range: fresh_balance=999999980000, min=999999924000, max=999999976000, total_fee=5000, staleness_reduction=true
2026-01-29T12:00:20.559825Z DEBUG arx::program: arx/src/program.rs:317: Received update for account: 9EDLm5KDKc1Pf8m587kdxPMvQBNETNahcCfHLNcQ1M8W
2026-01-29T12:00:20.559977Z DEBUG arx::program: arx/src/program.rs:317: Received update for account: 9rUSnh5VrMtRUrJrgAUwcyWvL9NYkscAsDFS5RjPW6Da
2026-01-29T12:00:20.588181Z DEBUG arx::units::execpool_unit: arx/src/units/execpool_unit.rs:102: Received execpool update with 0 computations
2026-01-29T12:00:20.588255Z DEBUG arx::coordinator: arx/src/coordinator.rs:534: Coordinator received execpool unit message: computations ids: []
2026-01-29T12:00:20.588269Z DEBUG arx::units::state_unit: arx/src/units/state_unit.rs:258: Processing execpool update
2026-01-29T12:00:20.588278Z DEBUG arx::units::state_unit: arx/src/units/state_unit.rs:273: Computation executed: ArxComputationReference: 9124321832152782866
|-> prefetch    : +0ms
|-> prefetched  : +6ms
|-> execute     : +0ms
|-> output      : +74ms
|-> signed      : +0ms
|-> executed    : +425ms

2026-01-29T12:00:20.588299Z DEBUG arx::units::state_unit: arx/src/units/state_unit.rs:279: Removing computation from execpool: ArxComputationReference offset: 9124321832152782866
2026-01-29T12:00:20.588329Z DEBUG arx::coordinator: arx/src/coordinator.rs:688: Coordinator received state unit message: executed computation: ArxComputationReference: 9124321832152782866
2026-01-29T12:00:20.588340Z DEBUG arx::units::cache_unit: arx/src/units/cache_unit.rs:302: Processing executed computation: ArxComputationReference: 9124321832152782866
2026-01-29T12:00:20.588364Z DEBUG arx::units::cache_unit: arx/src/units/cache_unit.rs:306: Computation executed and removed from cache: ArxComputationReference: 9124321832152782866
2026-01-29T12:00:20.597748Z DEBUG arx::units::mempool_unit: arx/src/units/mempool_unit.rs:99: Received mempool update for account
2026-01-29T12:00:20.597825Z DEBUG arx::units::mempool_unit: arx/src/units/mempool_unit.rs:129: Mempool contains the same computations, skipping update
2026-01-29T12:00:20.675390Z DEBUG arx::units::computation_transaction_unit: arx/src/units/computation_transaction_unit.rs:784: Sent callback computation tx for mxe 32AfHsKshTPETofiAcECgNXeSLKztwzVH1qXju3dpA3K with sig 54HUW7Qce8F57s5jxdfrCSguBSuSdmAGfCSpvzyb1Rv4Wqsjhk2JdGDsa9ALqeVsQxknezxXjiLm3c6y7XLjjksP
2026-01-29T12:00:20.675494Z DEBUG arx::coordinator: arx/src/coordinator.rs:426: Coordinator received computation transaction unit callback computation: ArxComputationReference: 9124321832152782866
2026-01-29T12:00:20.675514Z DEBUG arx::units::state_unit: arx/src/units/state_unit.rs:339: Processing executed computation
2026-01-29T12:00:20.675520Z DEBUG arx::units::cache_unit: arx/src/units/cache_unit.rs:302: Processing executed computation: ArxComputationReference: 9124321832152782866
2026-01-29T12:00:20.675541Z  WARN arx::units::cache_unit: arx/src/units/cache_unit.rs:313: Computation info not found in cache: ArxComputationReference: 9124321832152782866
2026-01-29T12:00:20.876202Z DEBUG arx::program: arx/src/program.rs:317: Received update for account: 9EDLm5KDKc1Pf8m587kdxPMvQBNETNahcCfHLNcQ1M8W
2026-01-29T12:00:20.876502Z DEBUG arx::program: arx/src/program.rs:317: Received update for account: 9rUSnh5VrMtRUrJrgAUwcyWvL9NYkscAsDFS5RjPW6Da
2026-01-29T12:00:20.887701Z DEBUG arx::units::execpool_unit: arx/src/units/execpool_unit.rs:102: Received execpool update with 1 computations
2026-01-29T12:00:20.887760Z DEBUG arx::coordinator: arx/src/coordinator.rs:534: Coordinator received execpool unit message: computations ids: [3982673624726256453]
2026-01-29T12:00:20.887791Z DEBUG arx::units::cache_unit: arx/src/units/cache_unit.rs:154: Processing queued computation: ArxComputationReference: 3982673624726256453
2026-01-29T12:00:20.887837Z DEBUG arx::units::state_unit: arx/src/units/state_unit.rs:258: Processing execpool update
2026-01-29T12:00:20.887872Z DEBUG arx::units::state_unit: arx/src/units/state_unit.rs:300: Prefetching and executing computation: ArxComputationReference: 3982673624726256453 with status (index: 4, slot: 233)
2026-01-29T12:00:20.887893Z DEBUG arx::coordinator: arx/src/coordinator.rs:658: Coordinator received state unit message: prefetch computation: ArxComputationReference: 3982673624726256453
2026-01-29T12:00:20.887912Z DEBUG arx::coordinator: arx/src/coordinator.rs:668: Coordinator received state unit message: execute computation: ArxComputationReference: 3982673624726256453 with status (index: 4, slot: 233)
2026-01-29T12:00:20.888814Z DEBUG arx::coordinator: arx/src/coordinator.rs:470: Coordinator prefetched computation ArxComputation 338565412996677061549438673759728999780 (cluster_offset: 0)
2026-01-29T12:00:20.888873Z DEBUG arx::units::cache_unit: arx/src/units/cache_unit.rs:168: Processing fetched computation: ArxComputationReference: 3982673624726256453
2026-01-29T12:00:20.888974Z DEBUG arx::units::circuit_unit: arx/src/units/circuit_unit.rs:243: Processing computation definition: 6H79Ju9AYQwzADfBgabE1aMKdMB4ffeTakZGTLF1Jd4c
2026-01-29T12:00:20.889525Z DEBUG arx::units::circuit_unit: arx/src/units/circuit_unit.rs:452: Fetching offchain circuit data from: https://raw.githubusercontent.com/outsmartchad/zodiac-circuits/main/compute_withdrawal.arcis
2026-01-29T12:00:20.891388Z DEBUG arx::coordinator: arx/src/coordinator.rs:486: Coordinator fetched computation ArxComputation 338565412996677061549438673759728999780 (cluster_offset: 0) inputs
2026-01-29T12:00:20.891421Z DEBUG arx::units::cache_unit: arx/src/units/cache_unit.rs:269: Processing fetched inputs: ArxComputation 338565412996677061549438673759728999780 (cluster_offset: 0)
2026-01-29T12:00:20.897600Z DEBUG arx::units::mempool_unit: arx/src/units/mempool_unit.rs:99: Received mempool update for account
2026-01-29T12:00:20.897660Z DEBUG arx::units::mempool_unit: arx/src/units/mempool_unit.rs:129: Mempool contains the same computations, skipping update
2026-01-29T12:00:21.084774Z DEBUG arx::coordinator: arx/src/coordinator.rs:380: Coordinator received circuit info: CircuitInfo 6H79Ju9AYQwzADfBgabE1aMKdMB4ffeTakZGTLF1Jd4c
2026-01-29T12:00:21.084828Z DEBUG arx::units::cache_unit: arx/src/units/cache_unit.rs:195: Processing fetched circuit: CircuitInfo 6H79Ju9AYQwzADfBgabE1aMKdMB4ffeTakZGTLF1Jd4c
2026-01-29T12:00:21.084849Z DEBUG arx::coordinator: arx/src/coordinator.rs:322: Coordinator received cache unit prefetched computation: ArxComputationReference: 3982673624726256453
2026-01-29T12:00:21.084857Z DEBUG arx::coordinator: arx/src/coordinator.rs:332: Coordinator received cache unit execute computation: ArxComputation 338565412996677061549438673759728999780 (cluster_offset: 0)
2026-01-29T12:00:21.084876Z DEBUG arx::units::online_phase_unit: arx/src/units/online_phase_unit.rs:183: Connecting to peers (ArxComputation 338565412996677061549438673759728999780 (cluster_offset: 0))
2026-01-29T12:00:21.084897Z DEBUG arx::units::state_unit: arx/src/units/state_unit.rs:323: Processing prefetched computation
2026-01-29T12:00:21.084920Z DEBUG arx::units::online_phase_unit: arx/src/units/online_phase_unit.rs:202: Connected to peers (ArxComputation 338565412996677061549438673759728999780 (cluster_offset: 0))
2026-01-29T12:00:21.084969Z DEBUG arx::units::online_phase_unit: arx/src/units/online_phase_unit.rs:294: Reusing cached preprocessing bundler for base_id 147438283457911433340656051057242145556
2026-01-29T12:00:21.228397Z  INFO arx::units::online_phase_unit: arx/src/units/online_phase_unit.rs:436: Processing Cerberus computation (338565412996677061549438673759728999780)
2026-01-29T12:00:21.391395Z DEBUG arx::coordinator: arx/src/coordinator.rs:619: Coordinator received online unit output: ArxComputation 338565412996677061549438673759728999780 (cluster_offset: 0)
2026-01-29T12:00:21.391437Z DEBUG arx::units::bls_unit: arx/src/units/bls_unit.rs:96: BLS unit received signature request: ArxComputation 338565412996677061549438673759728999780 (cluster_offset: 0)
2026-01-29T12:00:21.391446Z DEBUG arx::units::bls_unit: arx/src/units/bls_unit.rs:163: Message to sign length: [143, 156, 196, 215, 24, 20, 242, 30, 103, 139, 5, 0, 22, 182, 123, 104, 223, 133, 240, 81, 219, 65, 123, 184, 217, 174, 126, 77, 221, 46, 239, 124, 100, 252, 94, 221, 108, 97, 71, 33, 158, 101, 100, 182, 109, 203, 92, 71, 149, 236, 219, 236, 143, 119, 198, 38, 170, 64, 228, 24, 231, 190, 133, 78, 104, 250, 230, 64, 47, 239, 144, 74, 174, 5, 101, 49, 182, 197, 147, 56, 233, 0, 0, 0, 0, 0, 0, 0, 4, 0]
2026-01-29T12:00:21.391454Z DEBUG arx::units::state_unit: arx/src/units/state_unit.rs:140: Processing outputed computation
2026-01-29T12:00:21.391747Z DEBUG arx::units::bls_unit: arx/src/units/bls_unit.rs:196: Not ready to aggregate signatures for computation_offset 3982673624726256453, our signature will be stored but not aggregated
2026-01-29T12:00:21.391960Z DEBUG arx::units::bls_unit: arx/src/units/bls_unit.rs:313: Pushed signature to peer 172.20.0.101:8002
2026-01-29T12:00:21.392025Z DEBUG arx::units::bls_unit: arx/src/units/bls_unit.rs:111: BLS unit accepted connection from 172.20.0.101:37712
2026-01-29T12:00:21.392323Z DEBUG arx::units::bls_unit: arx/src/units/bls_unit.rs:126: BLS unit received incoming signature for 3982673624726256453
2026-01-29T12:00:21.392340Z DEBUG arx::units::bls_unit: arx/src/units/bls_unit.rs:223: Stored signature for computation_offset 3982673624726256453 (2/2)
2026-01-29T12:00:21.392602Z DEBUG arx::units::bls_unit: arx/src/units/bls_unit.rs:130: BLS unit processed incoming signature for 3982673624726256453
2026-01-29T12:00:21.392625Z DEBUG arx::coordinator: arx/src/coordinator.rs:281: Coordinator received bls unit output: ArxComputation 338565412996677061549438673759728999780 (cluster_offset: 0)
2026-01-29T12:00:21.392652Z DEBUG arx::units::computation_transaction_unit: arx/src/units/computation_transaction_unit.rs:429: Processing callback for computation ArxComputation 338565412996677061549438673759728999780 (cluster_offset: 0)
2026-01-29T12:00:21.392653Z DEBUG arx::units::state_unit: arx/src/units/state_unit.rs:148: Processing signed computation
2026-01-29T12:00:21.396040Z DEBUG arx::units::computation_transaction_unit: arx/src/units/computation_transaction_unit.rs:409: Transaction simulation consumed 48362 compute units
2026-01-29T12:00:21.396293Z DEBUG arx::units::computation_transaction_unit: arx/src/units/computation_transaction_unit.rs:236: Fee calculation: base_fee=5000, compute_units=48362, priority_fee=0, total_fee=5000, fee_variance_buffer=1000, concurrent_callback_buffer=50000
2026-01-29T12:00:21.397885Z DEBUG arx::units::computation_transaction_unit: arx/src/units/computation_transaction_unit.rs:376: Fresh balance range: fresh_balance=999999975000, min=999999919000, max=999999971000, total_fee=5000, staleness_reduction=true
2026-01-29T12:00:21.900675Z ERROR arx::units::computation_transaction_unit: arx/src/units/computation_transaction_unit.rs:803: Failed to send callback computation tx for mxe 32AfHsKshTPETofiAcECgNXeSLKztwzVH1qXju3dpA3K error Error { request: None, kind: TransactionError(InstructionError(1, Custom(2000))) }
2026-01-29T12:00:21.900749Z  WARN arx::units::computation_transaction_unit: arx/src/units/computation_transaction_unit.rs:488: Attempt 1/5: error while calling post_callback_onchain(rpc, &tx, mxe): Solana network error: Failed to send callback computation tx for mxe 32AfHsKshTPETofiAcECgNXeSLKztwzVH1qXju3dpA3K error Error { request: None, kind: TransactionError(InstructionError(1, Custom(2000))) }
2026-01-29T12:00:23.902929Z ERROR arx::units::computation_transaction_unit: arx/src/units/computation_transaction_unit.rs:803: Failed to send callback computation tx for mxe 32AfHsKshTPETofiAcECgNXeSLKztwzVH1qXju3dpA3K error Error { request: None, kind: TransactionError(InstructionError(1, Custom(2000))) }
2026-01-29T12:00:23.902996Z  WARN arx::units::computation_transaction_unit: arx/src/units/computation_transaction_unit.rs:488: Attempt 2/5: error while calling post_callback_onchain(rpc, &tx, mxe): Solana network error: Failed to send callback computation tx for mxe 32AfHsKshTPETofiAcECgNXeSLKztwzVH1qXju3dpA3K error Error { request: None, kind: TransactionError(InstructionError(1, Custom(2000))) }
2026-01-29T12:00:27.905266Z ERROR arx::units::computation_transaction_unit: arx/src/units/computation_transaction_unit.rs:803: Failed to send callback computation tx for mxe 32AfHsKshTPETofiAcECgNXeSLKztwzVH1qXju3dpA3K error Error { request: None, kind: TransactionError(InstructionError(1, Custom(2000))) }
2026-01-29T12:00:27.905336Z  WARN arx::units::computation_transaction_unit: arx/src/units/computation_transaction_unit.rs:488: Attempt 3/5: error while calling post_callback_onchain(rpc, &tx, mxe): Solana network error: Failed to send callback computation tx for mxe 32AfHsKshTPETofiAcECgNXeSLKztwzVH1qXju3dpA3K error Error { request: None, kind: TransactionError(InstructionError(1, Custom(2000))) }
2026-01-29T12:00:35.907712Z ERROR arx::units::computation_transaction_unit: arx/src/units/computation_transaction_unit.rs:803: Failed to send callback computation tx for mxe 32AfHsKshTPETofiAcECgNXeSLKztwzVH1qXju3dpA3K error Error { request: None, kind: TransactionError(InstructionError(1, Custom(2000))) }
2026-01-29T12:00:35.907774Z  WARN arx::units::computation_transaction_unit: arx/src/units/computation_transaction_unit.rs:488: Attempt 4/5: error while calling post_callback_onchain(rpc, &tx, mxe): Solana network error: Failed to send callback computation tx for mxe 32AfHsKshTPETofiAcECgNXeSLKztwzVH1qXju3dpA3K error Error { request: None, kind: TransactionError(InstructionError(1, Custom(2000))) }
2026-01-29T12:00:51.910184Z ERROR arx::units::computation_transaction_unit: arx/src/units/computation_transaction_unit.rs:803: Failed to send callback computation tx for mxe 32AfHsKshTPETofiAcECgNXeSLKztwzVH1qXju3dpA3K error Error { request: None, kind: TransactionError(InstructionError(1, Custom(2000))) }
2026-01-29T12:00:51.910243Z  WARN arx::units::computation_transaction_unit: arx/src/units/computation_transaction_unit.rs:488: Attempt 5/5: error while calling post_callback_onchain(rpc, &tx, mxe): Solana network error: Failed to send callback computation tx for mxe 32AfHsKshTPETofiAcECgNXeSLKztwzVH1qXju3dpA3K error Error { request: None, kind: TransactionError(InstructionError(1, Custom(2000))) }
2026-01-29T12:00:51.910272Z  WARN arx::units::computation_transaction_unit: arx/src/units/computation_transaction_unit.rs:500: Failed to send callback computation tx after retries for mxe 32AfHsKshTPETofiAcECgNXeSLKztwzVH1qXju3dpA3K: Solana("Attempt 5/5: Solana network error: Failed to send callback computation tx for mxe 32AfHsKshTPETofiAcECgNXeSLKztwzVH1qXju3dpA3K error Error { request: None, kind: TransactionError(InstructionError(1, Custom(2000))) }")
2026-01-29T12:00:51.910300Z  WARN arx::units::computation_transaction_unit: arx/src/units/computation_transaction_unit.rs:519: Regular callback failed, sending error claim txs for mxe 32AfHsKshTPETofiAcECgNXeSLKztwzVH1qXju3dpA3K
2026-01-29T12:00:52.307107Z DEBUG arx::program: arx/src/program.rs:317: Received update for account: 9EDLm5KDKc1Pf8m587kdxPMvQBNETNahcCfHLNcQ1M8W
2026-01-29T12:00:52.307364Z DEBUG arx::program: arx/src/program.rs:317: Received update for account: 9rUSnh5VrMtRUrJrgAUwcyWvL9NYkscAsDFS5RjPW6Da
2026-01-29T12:00:52.388619Z DEBUG arx::units::execpool_unit: arx/src/units/execpool_unit.rs:102: Received execpool update with 0 computations
2026-01-29T12:00:52.388680Z DEBUG arx::coordinator: arx/src/coordinator.rs:534: Coordinator received execpool unit message: computations ids: []
2026-01-29T12:00:52.388711Z DEBUG arx::units::state_unit: arx/src/units/state_unit.rs:258: Processing execpool update
2026-01-29T12:00:52.388722Z DEBUG arx::units::state_unit: arx/src/units/state_unit.rs:273: Computation executed: ArxComputationReference: 3982673624726256453
|-> prefetch    : +0ms
|-> prefetched  : +197ms
|-> execute     : +0ms
|-> output      : +503ms
|-> signed      : +1ms
|-> executed    : +30996ms

2026-01-29T12:00:52.388743Z DEBUG arx::units::state_unit: arx/src/units/state_unit.rs:279: Removing computation from execpool: ArxComputationReference offset: 3982673624726256453
2026-01-29T12:00:52.388774Z DEBUG arx::coordinator: arx/src/coordinator.rs:688: Coordinator received state unit message: executed computation: ArxComputationReference: 3982673624726256453
2026-01-29T12:00:52.388785Z DEBUG arx::units::cache_unit: arx/src/units/cache_unit.rs:302: Processing executed computation: ArxComputationReference: 3982673624726256453
2026-01-29T12:00:52.388791Z DEBUG arx::units::cache_unit: arx/src/units/cache_unit.rs:306: Computation executed and removed from cache: ArxComputationReference: 3982673624726256453
2026-01-29T12:00:52.396988Z DEBUG arx::units::mempool_unit: arx/src/units/mempool_unit.rs:99: Received mempool update for account
2026-01-29T12:00:52.397027Z DEBUG arx::units::mempool_unit: arx/src/units/mempool_unit.rs:129: Mempool contains the same computations, skipping update
2026-01-29T12:00:52.414279Z DEBUG arx::units::computation_transaction_unit: arx/src/units/computation_transaction_unit.rs:784: Sent callback computation tx for mxe 32AfHsKshTPETofiAcECgNXeSLKztwzVH1qXju3dpA3K with sig 2vWoLYzd4HAJFm1Pq9neKhjH17XYhKjrtrpSju7FT5RNWyvUL3tjVrFmZG8JhzvuZaHUraJAgdvF4BiefUxd8TXb
2026-01-29T12:00:52.414357Z DEBUG arx::coordinator: arx/src/coordinator.rs:426: Coordinator received computation transaction unit callback computation: ArxComputationReference: 3982673624726256453
2026-01-29T12:00:52.414373Z DEBUG arx::units::state_unit: arx/src/units/state_unit.rs:339: Processing executed computation
2026-01-29T12:00:52.414385Z DEBUG arx::units::cache_unit: arx/src/units/cache_unit.rs:302: Processing executed computation: ArxComputationReference: 3982673624726256453
2026-01-29T12:00:52.414391Z  WARN arx::units::cache_unit: arx/src/units/cache_unit.rs:313: Computation info not found in cache: ArxComputationReference: 3982673624726256453
2026-01-29T12:08:43.547722Z  WARN arx::program: arx/src/program.rs:323: Pub/sub connection closed or error occurred, reconnecting...
2026-01-29T12:08:43.549981Z  INFO arx::program: arx/src/program.rs:328: Reconnecting pub/sub client
2026-01-29T12:08:43.551652Z  WARN arx::program: arx/src/program.rs:323: Pub/sub connection closed or error occurred, reconnecting...
2026-01-29T12:08:43.551683Z  INFO arx::program: arx/src/program.rs:328: Reconnecting pub/sub client
2026-01-29T12:08:43.552751Z  WARN arx::program: arx/src/program.rs:372: Attempt 1/5: error while calling async
{
    PubsubClient::new(wss_url).await.map_err(|e|
    ArxError::Solana(format!("Failed to create new pub/sub: {}", e)))
}: Solana network error: Failed to create new pub/sub: unable to connect to server
2026-01-29T12:08:43.552763Z  WARN arx::program: arx/src/program.rs:372: Attempt 1/5: error while calling async
{
    PubsubClient::new(wss_url).await.map_err(|e|
    ArxError::Solana(format!("Failed to create new pub/sub: {}", e)))
}: Solana network error: Failed to create new pub/sub: unable to connect to server
2026-01-29T12:08:45.554626Z  WARN arx::program: arx/src/program.rs:372: Attempt 2/5: error while calling async
{
    PubsubClient::new(wss_url).await.map_err(|e|
    ArxError::Solana(format!("Failed to create new pub/sub: {}", e)))
}: Solana network error: Failed to create new pub/sub: unable to connect to server
2026-01-29T12:08:45.554641Z  WARN arx::program: arx/src/program.rs:372: Attempt 2/5: error while calling async
{
    PubsubClient::new(wss_url).await.map_err(|e|
    ArxError::Solana(format!("Failed to create new pub/sub: {}", e)))
}: Solana network error: Failed to create new pub/sub: unable to connect to server
2026-01-29T12:08:49.556580Z  WARN arx::program: arx/src/program.rs:372: Attempt 3/5: error while calling async
{
    PubsubClient::new(wss_url).await.map_err(|e|
    ArxError::Solana(format!("Failed to create new pub/sub: {}", e)))
}: Solana network error: Failed to create new pub/sub: unable to connect to server
2026-01-29T12:08:49.556586Z  WARN arx::program: arx/src/program.rs:372: Attempt 3/5: error while calling async
{
    PubsubClient::new(wss_url).await.map_err(|e|
    ArxError::Solana(format!("Failed to create new pub/sub: {}", e)))
}: Solana network error: Failed to create new pub/sub: unable to connect to server
2026-01-29T12:08:57.558600Z  WARN arx::program: arx/src/program.rs:372: Attempt 4/5: error while calling async
{
    PubsubClient::new(wss_url).await.map_err(|e|
    ArxError::Solana(format!("Failed to create new pub/sub: {}", e)))
}: Solana network error: Failed to create new pub/sub: unable to connect to server
2026-01-29T12:08:57.558615Z  WARN arx::program: arx/src/program.rs:372: Attempt 4/5: error while calling async
{
    PubsubClient::new(wss_url).await.map_err(|e|
    ArxError::Solana(format!("Failed to create new pub/sub: {}", e)))
}: Solana network error: Failed to create new pub/sub: unable to connect to server
2026-01-29T12:09:13.560336Z  WARN arx::program: arx/src/program.rs:372: Attempt 5/5: error while calling async
{
    PubsubClient::new(wss_url).await.map_err(|e|
    ArxError::Solana(format!("Failed to create new pub/sub: {}", e)))
}: Solana network error: Failed to create new pub/sub: unable to connect to server
2026-01-29T12:09:13.560376Z ERROR arx::program: arx/src/program.rs:332: Failed to reconnect pub/sub client: Solana network error: Attempt 5/5: Solana network error: Failed to create new pub/sub: unable to connect to server, shutting down pub/sub
2026-01-29T12:09:13.560387Z  INFO arx::program: arx/src/program.rs:367: Pub/sub client stopped
2026-01-29T12:09:13.560400Z  WARN arx::program: arx/src/program.rs:372: Attempt 5/5: error while calling async
{
    PubsubClient::new(wss_url).await.map_err(|e|
    ArxError::Solana(format!("Failed to create new pub/sub: {}", e)))
}: Solana network error: Failed to create new pub/sub: unable to connect to server
2026-01-29T12:09:13.560420Z  INFO arx::units::mempool_unit: arx/src/units/mempool_unit.rs:93: Account channel closed, shutting down
2026-01-29T12:09:13.560448Z ERROR arx::program: arx/src/program.rs:332: Failed to reconnect pub/sub client: Solana network error: Attempt 5/5: Solana network error: Failed to create new pub/sub: unable to connect to server, shutting down pub/sub
2026-01-29T12:09:13.560469Z  INFO arx::units::mempool_unit: arx/src/units/mempool_unit.rs:119: Mempool unit stopped
2026-01-29T12:09:13.560475Z  INFO arx::program: arx/src/program.rs:367: Pub/sub client stopped
2026-01-29T12:09:13.560506Z ERROR arx::coordinator: arx/src/coordinator.rs:571: Mempool unit coordinator task received None message, shutting down
2026-01-29T12:09:13.560525Z  INFO arx::units::execpool_unit: arx/src/units/execpool_unit.rs:95: Account channel closed, shutting down
2026-01-29T12:09:13.560534Z  INFO arx::units::execpool_unit: arx/src/units/execpool_unit.rs:121: Execpool unit stopped
2026-01-29T12:09:13.560541Z  INFO arx::coordinator: arx/src/coordinator.rs:414: Computation transaction unit coordinator task received cancellation signal
2026-01-29T12:09:13.560560Z  INFO arx::coordinator: arx/src/coordinator.rs:310: Cache unit coordinator task received cancellation signal
2026-01-29T12:09:13.560572Z  INFO arx::coordinator: arx/src/coordinator.rs:523: Execpool unit coordinator task received cancellation signal
2026-01-29T12:09:13.560571Z  INFO arx::coordinator: arx/src/coordinator.rs:271: BLS unit coordinator task received cancellation signal
2026-01-29T12:09:13.560582Z  INFO arx::units::cache_unit: arx/src/units/cache_unit.rs:97: Coordinator channel closed, shutting down
2026-01-29T12:09:13.560590Z  INFO arx::coordinator: arx/src/coordinator.rs:646: State unit coordinator task received cancellation signal
2026-01-29T12:09:13.560604Z  INFO arx::units::cache_unit: arx/src/units/cache_unit.rs:144: Cache unit stopped
2026-01-29T12:09:13.560607Z  INFO arx::units::bls_unit: arx/src/units/bls_unit.rs:84: Coordinator channel closed, shutting down BLS unit
2026-01-29T12:09:13.560620Z  INFO arx::units::state_unit: arx/src/units/state_unit.rs:118: Coordinator channel closed, shutting down
2026-01-29T12:09:13.560628Z  INFO arx::coordinator: arx/src/coordinator.rs:707: Coordinator cancellation token triggered, shutting down
2026-01-29T12:09:13.560630Z  INFO arx::units::state_unit: arx/src/units/state_unit.rs:168: State unit stopped
2026-01-29T12:09:13.560649Z  INFO arx::units::computation_transaction_unit: arx/src/units/computation_transaction_unit.rs:130: Coordinator channel closed, shutting down
2026-01-29T12:09:13.560653Z  INFO arx::coordinator: arx/src/coordinator.rs:609: Online phase unit coordinator task received cancellation signal
2026-01-29T12:09:13.560656Z  INFO arx::units::computation_transaction_unit: arx/src/units/computation_transaction_unit.rs:178: Computations transaction unit stopped
2026-01-29T12:09:13.560660Z  INFO arx::units::computation_unit: arx/src/units/computation_unit.rs:155: Computation unit channel closed, shutting down
2026-01-29T12:09:13.560671Z  INFO arx::coordinator: arx/src/coordinator.rs:368: Circuit unit coordinator task received cancellation signal
2026-01-29T12:09:13.560675Z  INFO arx::units::computation_unit: arx/src/units/computation_unit.rs:208: Computation unit stopped
2026-01-29T12:09:13.560675Z  INFO arx::coordinator: arx/src/coordinator.rs:458: Computation unit coordinator task received cancellation signal
2026-01-29T12:09:13.560704Z  INFO arx::units::circuit_unit: arx/src/units/circuit_unit.rs:147: Coordinator channel closed, shutting down
2026-01-29T12:09:13.560721Z  INFO arx::units::online_phase_unit: arx/src/units/online_phase_unit.rs:147: Coordinator channel closed, shutting down
2026-01-29T12:09:13.560726Z  INFO arx::units::circuit_unit: arx/src/units/circuit_unit.rs:232: Circuit unit stopped
2026-01-29T12:09:13.560727Z  INFO arx::units::node_transaction_unit: arx/src/units/node_transaction_unit.rs:91: Coordinator channel closed, shutting down
2026-01-29T12:09:13.560732Z  INFO arx::units::online_phase_unit: arx/src/units/online_phase_unit.rs:402: Waiting for computations to finish...
2026-01-29T12:09:13.560744Z  INFO arx::units::node_transaction_unit: arx/src/units/node_transaction_unit.rs:108: Deactivating node
2026-01-29T12:09:13.560788Z  INFO arx: arx/src/main.rs:136: Shutdown channel closed, initiating shutdown
2026-01-29T12:09:13.560824Z  INFO arx: arx/src/main.rs:142: ARX shutting down, waiting for units to complete
2026-01-29T12:09:13.560979Z DEBUG arx::units::online_phase_unit: arx/src/units/online_phase_unit.rs:420: Unregistered bundler 147438283457911433340656051057242145556 during shutdown
2026-01-29T12:09:13.560996Z  INFO arx::units::online_phase_unit: arx/src/units/online_phase_unit.rs:425: Online phase unit stopped
2026-01-29T12:09:13.561736Z  WARN arx::program: arx/src/program.rs:158: Attempt 1/5: error while calling async
{
    self.account(account).await.map_err(|e|
    {
        ArxError::Solana(format!("Failed to fetch account {}: {}", account,
        e))
    })
}: Solana network error: Failed to fetch account A1N143n3x4iF7wfvqiqFXtbQxnyNaHBySnPcaYmi9Xak: AccountNotFound: pubkey=A1N143n3x4iF7wfvqiqFXtbQxnyNaHBySnPcaYmi9Xak: error sending request for url (http://host.docker.internal:8899/)
2026-01-29T12:09:15.563814Z  WARN arx::program: arx/src/program.rs:158: Attempt 2/5: error while calling async
{
    self.account(account).await.map_err(|e|
    {
        ArxError::Solana(format!("Failed to fetch account {}: {}", account,
        e))
    })
}: Solana network error: Failed to fetch account A1N143n3x4iF7wfvqiqFXtbQxnyNaHBySnPcaYmi9Xak: AccountNotFound: pubkey=A1N143n3x4iF7wfvqiqFXtbQxnyNaHBySnPcaYmi9Xak: error sending request for url (http://host.docker.internal:8899/)
2026-01-29T12:09:19.566296Z  WARN arx::program: arx/src/program.rs:158: Attempt 3/5: error while calling async
{
    self.account(account).await.map_err(|e|
    {
        ArxError::Solana(format!("Failed to fetch account {}: {}", account,
        e))
    })
}: Solana network error: Failed to fetch account A1N143n3x4iF7wfvqiqFXtbQxnyNaHBySnPcaYmi9Xak: AccountNotFound: pubkey=A1N143n3x4iF7wfvqiqFXtbQxnyNaHBySnPcaYmi9Xak: error sending request for url (http://host.docker.internal:8899/)
2026-01-29T12:09:27.567602Z  WARN arx::program: arx/src/program.rs:158: Attempt 4/5: error while calling async
{
    self.account(account).await.map_err(|e|
    {
        ArxError::Solana(format!("Failed to fetch account {}: {}", account,
        e))
    })
}: Solana network error: Failed to fetch account A1N143n3x4iF7wfvqiqFXtbQxnyNaHBySnPcaYmi9Xak: AccountNotFound: pubkey=A1N143n3x4iF7wfvqiqFXtbQxnyNaHBySnPcaYmi9Xak: error sending request for url (http://host.docker.internal:8899/)
2026-01-29T12:09:43.570019Z  WARN arx::program: arx/src/program.rs:158: Attempt 5/5: error while calling async
{
    self.account(account).await.map_err(|e|
    {
        ArxError::Solana(format!("Failed to fetch account {}: {}", account,
        e))
    })
}: Solana network error: Failed to fetch account A1N143n3x4iF7wfvqiqFXtbQxnyNaHBySnPcaYmi9Xak: AccountNotFound: pubkey=A1N143n3x4iF7wfvqiqFXtbQxnyNaHBySnPcaYmi9Xak: error sending request for url (http://host.docker.internal:8899/)
2026-01-29T12:09:43.570099Z  WARN arx::units::node_transaction_unit: arx/src/units/node_transaction_unit.rs:109: Attempt 1/5: error while calling self.deactivate_node(): Solana network error: Attempt 5/5: Solana network error: Failed to fetch account A1N143n3x4iF7wfvqiqFXtbQxnyNaHBySnPcaYmi9Xak: AccountNotFound: pubkey=A1N143n3x4iF7wfvqiqFXtbQxnyNaHBySnPcaYmi9Xak: error sending request for url (http://host.docker.internal:8899/)
2026-01-29T12:09:45.571582Z  WARN arx::program: arx/src/program.rs:158: Attempt 1/5: error while calling async
{
    self.account(account).await.map_err(|e|
    {
        ArxError::Solana(format!("Failed to fetch account {}: {}", account,
        e))
    })
}: Solana network error: Failed to fetch account A1N143n3x4iF7wfvqiqFXtbQxnyNaHBySnPcaYmi9Xak: AccountNotFound: pubkey=A1N143n3x4iF7wfvqiqFXtbQxnyNaHBySnPcaYmi9Xak: error sending request for url (http://host.docker.internal:8899/)
2026-01-29T12:09:47.573377Z  WARN arx::program: arx/src/program.rs:158: Attempt 2/5: error while calling async
{
    self.account(account).await.map_err(|e|
    {
        ArxError::Solana(format!("Failed to fetch account {}: {}", account,
        e))
    })
}: Solana network error: Failed to fetch account A1N143n3x4iF7wfvqiqFXtbQxnyNaHBySnPcaYmi9Xak: AccountNotFound: pubkey=A1N143n3x4iF7wfvqiqFXtbQxnyNaHBySnPcaYmi9Xak: error sending request for url (http://host.docker.internal:8899/)
2026-01-29T12:09:51.574516Z  WARN arx::program: arx/src/program.rs:158: Attempt 3/5: error while calling async
{
    self.account(account).await.map_err(|e|
    {
        ArxError::Solana(format!("Failed to fetch account {}: {}", account,
        e))
    })
}: Solana network error: Failed to fetch account A1N143n3x4iF7wfvqiqFXtbQxnyNaHBySnPcaYmi9Xak: AccountNotFound: pubkey=A1N143n3x4iF7wfvqiqFXtbQxnyNaHBySnPcaYmi9Xak: error sending request for url (http://host.docker.internal:8899/)
2026-01-29T12:09:59.577192Z  WARN arx::program: arx/src/program.rs:158: Attempt 4/5: error while calling async
{
    self.account(account).await.map_err(|e|
    {
        ArxError::Solana(format!("Failed to fetch account {}: {}", account,
        e))
    })
}: Solana network error: Failed to fetch account A1N143n3x4iF7wfvqiqFXtbQxnyNaHBySnPcaYmi9Xak: AccountNotFound: pubkey=A1N143n3x4iF7wfvqiqFXtbQxnyNaHBySnPcaYmi9Xak: error sending request for url (http://host.docker.internal:8899/)
2026-01-29T12:10:15.578411Z  WARN arx::program: arx/src/program.rs:158: Attempt 5/5: error while calling async
{
    self.account(account).await.map_err(|e|
    {
        ArxError::Solana(format!("Failed to fetch account {}: {}", account,
        e))
    })
}: Solana network error: Failed to fetch account A1N143n3x4iF7wfvqiqFXtbQxnyNaHBySnPcaYmi9Xak: AccountNotFound: pubkey=A1N143n3x4iF7wfvqiqFXtbQxnyNaHBySnPcaYmi9Xak: error sending request for url (http://host.docker.internal:8899/)
2026-01-29T12:10:15.578477Z  WARN arx::units::node_transaction_unit: arx/src/units/node_transaction_unit.rs:109: Attempt 2/5: error while calling self.deactivate_node(): Solana network error: Attempt 5/5: Solana network error: Failed to fetch account A1N143n3x4iF7wfvqiqFXtbQxnyNaHBySnPcaYmi9Xak: AccountNotFound: pubkey=A1N143n3x4iF7wfvqiqFXtbQxnyNaHBySnPcaYmi9Xak: error sending request for url (http://host.docker.internal:8899/)
2026-01-29T12:10:19.580156Z  WARN arx::program: arx/src/program.rs:158: Attempt 1/5: error while calling async
{
    self.account(account).await.map_err(|e|
    {
        ArxError::Solana(format!("Failed to fetch account {}: {}", account,
        e))
    })
}: Solana network error: Failed to fetch account A1N143n3x4iF7wfvqiqFXtbQxnyNaHBySnPcaYmi9Xak: AccountNotFound: pubkey=A1N143n3x4iF7wfvqiqFXtbQxnyNaHBySnPcaYmi9Xak: error sending request for url (http://host.docker.internal:8899/)
2026-01-29T12:10:21.581360Z  WARN arx::program: arx/src/program.rs:158: Attempt 2/5: error while calling async
{
    self.account(account).await.map_err(|e|
    {
        ArxError::Solana(format!("Failed to fetch account {}: {}", account,
        e))
    })
}: Solana network error: Failed to fetch account A1N143n3x4iF7wfvqiqFXtbQxnyNaHBySnPcaYmi9Xak: AccountNotFound: pubkey=A1N143n3x4iF7wfvqiqFXtbQxnyNaHBySnPcaYmi9Xak: error sending request for url (http://host.docker.internal:8899/)
2026-01-29T12:10:25.583769Z  WARN arx::program: arx/src/program.rs:158: Attempt 3/5: error while calling async
{
    self.account(account).await.map_err(|e|
    {
        ArxError::Solana(format!("Failed to fetch account {}: {}", account,
        e))
    })
}: Solana network error: Failed to fetch account A1N143n3x4iF7wfvqiqFXtbQxnyNaHBySnPcaYmi9Xak: AccountNotFound: pubkey=A1N143n3x4iF7wfvqiqFXtbQxnyNaHBySnPcaYmi9Xak: error sending request for url (http://host.docker.internal:8899/)
2026-01-29T12:10:33.585678Z  WARN arx::program: arx/src/program.rs:158: Attempt 4/5: error while calling async
{
    self.account(account).await.map_err(|e|
    {
        ArxError::Solana(format!("Failed to fetch account {}: {}", account,
        e))
    })
}: Solana network error: Failed to fetch account A1N143n3x4iF7wfvqiqFXtbQxnyNaHBySnPcaYmi9Xak: AccountNotFound: pubkey=A1N143n3x4iF7wfvqiqFXtbQxnyNaHBySnPcaYmi9Xak: error sending request for url (http://host.docker.internal:8899/)
2026-01-29T12:10:49.588114Z  WARN arx::program: arx/src/program.rs:158: Attempt 5/5: error while calling async
{
    self.account(account).await.map_err(|e|
    {
        ArxError::Solana(format!("Failed to fetch account {}: {}", account,
        e))
    })
}: Solana network error: Failed to fetch account A1N143n3x4iF7wfvqiqFXtbQxnyNaHBySnPcaYmi9Xak: AccountNotFound: pubkey=A1N143n3x4iF7wfvqiqFXtbQxnyNaHBySnPcaYmi9Xak: error sending request for url (http://host.docker.internal:8899/)
2026-01-29T12:10:49.588176Z  WARN arx::units::node_transaction_unit: arx/src/units/node_transaction_unit.rs:109: Attempt 3/5: error while calling self.deactivate_node(): Solana network error: Attempt 5/5: Solana network error: Failed to fetch account A1N143n3x4iF7wfvqiqFXtbQxnyNaHBySnPcaYmi9Xak: AccountNotFound: pubkey=A1N143n3x4iF7wfvqiqFXtbQxnyNaHBySnPcaYmi9Xak: error sending request for url (http://host.docker.internal:8899/)
2026-01-29T12:10:57.589470Z  WARN arx::program: arx/src/program.rs:158: Attempt 1/5: error while calling async
{
    self.account(account).await.map_err(|e|
    {
        ArxError::Solana(format!("Failed to fetch account {}: {}", account,
        e))
    })
}: Solana network error: Failed to fetch account A1N143n3x4iF7wfvqiqFXtbQxnyNaHBySnPcaYmi9Xak: AccountNotFound: pubkey=A1N143n3x4iF7wfvqiqFXtbQxnyNaHBySnPcaYmi9Xak: error sending request for url (http://host.docker.internal:8899/)
2026-01-29T12:10:59.591399Z  WARN arx::program: arx/src/program.rs:158: Attempt 2/5: error while calling async
{
    self.account(account).await.map_err(|e|
    {
        ArxError::Solana(format!("Failed to fetch account {}: {}", account,
        e))
    })
}: Solana network error: Failed to fetch account A1N143n3x4iF7wfvqiqFXtbQxnyNaHBySnPcaYmi9Xak: AccountNotFound: pubkey=A1N143n3x4iF7wfvqiqFXtbQxnyNaHBySnPcaYmi9Xak: error sending request for url (http://host.docker.internal:8899/)
2026-01-29T12:11:03.593131Z  WARN arx::program: arx/src/program.rs:158: Attempt 3/5: error while calling async
{
    self.account(account).await.map_err(|e|
    {
        ArxError::Solana(format!("Failed to fetch account {}: {}", account,
        e))
    })
}: Solana network error: Failed to fetch account A1N143n3x4iF7wfvqiqFXtbQxnyNaHBySnPcaYmi9Xak: AccountNotFound: pubkey=A1N143n3x4iF7wfvqiqFXtbQxnyNaHBySnPcaYmi9Xak: error sending request for url (http://host.docker.internal:8899/)
2026-01-29T12:11:11.594440Z  WARN arx::program: arx/src/program.rs:158: Attempt 4/5: error while calling async
{
    self.account(account).await.map_err(|e|
    {
        ArxError::Solana(format!("Failed to fetch account {}: {}", account,
        e))
    })
}: Solana network error: Failed to fetch account A1N143n3x4iF7wfvqiqFXtbQxnyNaHBySnPcaYmi9Xak: AccountNotFound: pubkey=A1N143n3x4iF7wfvqiqFXtbQxnyNaHBySnPcaYmi9Xak: error sending request for url (http://host.docker.internal:8899/)
2026-01-29T12:11:27.595890Z  WARN arx::program: arx/src/program.rs:158: Attempt 5/5: error while calling async
{
    self.account(account).await.map_err(|e|
    {
        ArxError::Solana(format!("Failed to fetch account {}: {}", account,
        e))
    })
}: Solana network error: Failed to fetch account A1N143n3x4iF7wfvqiqFXtbQxnyNaHBySnPcaYmi9Xak: AccountNotFound: pubkey=A1N143n3x4iF7wfvqiqFXtbQxnyNaHBySnPcaYmi9Xak: error sending request for url (http://host.docker.internal:8899/)
2026-01-29T12:11:27.596006Z  WARN arx::units::node_transaction_unit: arx/src/units/node_transaction_unit.rs:109: Attempt 4/5: error while calling self.deactivate_node(): Solana network error: Attempt 5/5: Solana network error: Failed to fetch account A1N143n3x4iF7wfvqiqFXtbQxnyNaHBySnPcaYmi9Xak: AccountNotFound: pubkey=A1N143n3x4iF7wfvqiqFXtbQxnyNaHBySnPcaYmi9Xak: error sending request for url (http://host.docker.internal:8899/)
2026-01-29T12:11:43.600950Z  WARN arx::program: arx/src/program.rs:158: Attempt 1/5: error while calling async
{
    self.account(account).await.map_err(|e|
    {
        ArxError::Solana(format!("Failed to fetch account {}: {}", account,
        e))
    })
}: Solana network error: Failed to fetch account A1N143n3x4iF7wfvqiqFXtbQxnyNaHBySnPcaYmi9Xak: AccountNotFound: pubkey=A1N143n3x4iF7wfvqiqFXtbQxnyNaHBySnPcaYmi9Xak: error sending request for url (http://host.docker.internal:8899/)
2026-01-29T12:11:45.602379Z  WARN arx::program: arx/src/program.rs:158: Attempt 2/5: error while calling async
{
    self.account(account).await.map_err(|e|
    {
        ArxError::Solana(format!("Failed to fetch account {}: {}", account,
        e))
    })
}: Solana network error: Failed to fetch account A1N143n3x4iF7wfvqiqFXtbQxnyNaHBySnPcaYmi9Xak: AccountNotFound: pubkey=A1N143n3x4iF7wfvqiqFXtbQxnyNaHBySnPcaYmi9Xak: error sending request for url (http://host.docker.internal:8899/)
2026-01-29T12:11:49.605544Z  WARN arx::program: arx/src/program.rs:158: Attempt 3/5: error while calling async
{
    self.account(account).await.map_err(|e|
    {
        ArxError::Solana(format!("Failed to fetch account {}: {}", account,
        e))
    })
}: Solana network error: Failed to fetch account A1N143n3x4iF7wfvqiqFXtbQxnyNaHBySnPcaYmi9Xak: AccountNotFound: pubkey=A1N143n3x4iF7wfvqiqFXtbQxnyNaHBySnPcaYmi9Xak: error sending request for url (http://host.docker.internal:8899/)
2026-01-29T12:11:57.607371Z  WARN arx::program: arx/src/program.rs:158: Attempt 4/5: error while calling async
{
    self.account(account).await.map_err(|e|
    {
        ArxError::Solana(format!("Failed to fetch account {}: {}", account,
        e))
    })
}: Solana network error: Failed to fetch account A1N143n3x4iF7wfvqiqFXtbQxnyNaHBySnPcaYmi9Xak: AccountNotFound: pubkey=A1N143n3x4iF7wfvqiqFXtbQxnyNaHBySnPcaYmi9Xak: error sending request for url (http://host.docker.internal:8899/)
2026-01-29T12:12:13.608623Z  WARN arx::program: arx/src/program.rs:158: Attempt 5/5: error while calling async
{
    self.account(account).await.map_err(|e|
    {
        ArxError::Solana(format!("Failed to fetch account {}: {}", account,
        e))
    })
}: Solana network error: Failed to fetch account A1N143n3x4iF7wfvqiqFXtbQxnyNaHBySnPcaYmi9Xak: AccountNotFound: pubkey=A1N143n3x4iF7wfvqiqFXtbQxnyNaHBySnPcaYmi9Xak: error sending request for url (http://host.docker.internal:8899/)
2026-01-29T12:12:13.608670Z  WARN arx::units::node_transaction_unit: arx/src/units/node_transaction_unit.rs:109: Attempt 5/5: error while calling self.deactivate_node(): Solana network error: Attempt 5/5: Solana network error: Failed to fetch account A1N143n3x4iF7wfvqiqFXtbQxnyNaHBySnPcaYmi9Xak: AccountNotFound: pubkey=A1N143n3x4iF7wfvqiqFXtbQxnyNaHBySnPcaYmi9Xak: error sending request for url (http://host.docker.internal:8899/)
2026-01-29T12:12:13.608680Z ERROR arx::units::node_transaction_unit: arx/src/units/node_transaction_unit.rs:114: Failed to deactivate node: Solana network error: Attempt 5/5: Solana network error: Attempt 5/5: Solana network error: Failed to fetch account A1N143n3x4iF7wfvqiqFXtbQxnyNaHBySnPcaYmi9Xak: AccountNotFound: pubkey=A1N143n3x4iF7wfvqiqFXtbQxnyNaHBySnPcaYmi9Xak: error sending request for url (http://host.docker.internal:8899/), shutting down
