2026-01-30T06:56:45.296007Z  INFO arx::metrics: arx/src/metrics.rs:524: Node metrics initialized: version=0.6.5, cluster=0, node=1
2026-01-30T06:56:45.383887Z DEBUG arx::units::online_phase_unit::key_material: arx/src/units/online_phase_unit/key_material.rs:165: Loading key material from path /usr/arx-node/private-shares and /usr/arx-node/public-inputs
2026-01-30T06:56:45.384719Z ERROR arx::units::online_phase_unit: arx/src/units/online_phase_unit.rs:115: Failed to load MXE key material: Other("Failed to read directory /usr/arx-node/private-shares: No such file or directory (os error 2)")
2026-01-30T06:56:45.385110Z  INFO arx::units::cache_unit: arx/src/units/cache_unit.rs:91: Cache unit started
2026-01-30T06:56:45.385628Z  INFO arx::units::circuit_unit: arx/src/units/circuit_unit.rs:141: Circuit unit started
2026-01-30T06:56:45.385635Z  INFO arx: arx/src/main.rs:122: Starting metrics server
2026-01-30T06:56:45.385670Z  INFO arx: arx/src/main.rs:127: Starting ARX coordinator
2026-01-30T06:56:45.385809Z  INFO arx::units::node_transaction_unit: arx/src/units/node_transaction_unit.rs:65: Node transaction unit started
2026-01-30T06:56:45.385899Z  INFO arx::units::node_transaction_unit: arx/src/units/node_transaction_unit.rs:67: Activating node
2026-01-30T06:56:45.386013Z  INFO arx::units::computation_unit: arx/src/units/computation_unit.rs:99: Inputs unit started
2026-01-30T06:56:45.386004Z  INFO arx::units::computation_transaction_unit: arx/src/units/computation_transaction_unit.rs:124: Computation transaction unit started
2026-01-30T06:56:45.386103Z  INFO arx::units::execpool_unit: arx/src/units/execpool_unit.rs:65: Execpool unit started
2026-01-30T06:56:45.386062Z  INFO arx::units::online_phase_unit: arx/src/units/online_phase_unit.rs:139: Online phase unit started
2026-01-30T06:56:45.386163Z  INFO arx::units::state_unit: arx/src/units/state_unit.rs:112: State unit started
2026-01-30T06:56:45.386188Z  INFO arx::program: arx/src/program.rs:227: Pub/sub client started
2026-01-30T06:56:45.386195Z  INFO arx::units::bls_unit: arx/src/units/bls_unit.rs:78: BLS unit started
2026-01-30T06:56:45.386190Z  INFO arx::units::mempool_unit: arx/src/units/mempool_unit.rs:63: Mempool unit started
2026-01-30T06:56:45.386199Z  INFO arx::program: arx/src/program.rs:229: Connecting initial pub/sub
2026-01-30T06:56:45.386301Z  INFO arx::metrics: arx/src/metrics.rs:312: Metrics server listening on http://0.0.0.0:9091/metrics
2026-01-30T06:56:45.386334Z  INFO arx::coordinator: arx/src/coordinator.rs:225: Coordinator started
2026-01-30T06:56:45.389082Z  INFO arx::program: arx/src/program.rs:227: Pub/sub client started
2026-01-30T06:56:45.389117Z  INFO arx::program: arx/src/program.rs:229: Connecting initial pub/sub
2026-01-30T06:56:45.391406Z  INFO arx::program: arx/src/program.rs:269: Fetching initial state for account: 9rUSnh5VrMtRUrJrgAUwcyWvL9NYkscAsDFS5RjPW6Da
2026-01-30T06:56:45.402473Z  INFO arx::program: arx/src/program.rs:269: Fetching initial state for account: 9EDLm5KDKc1Pf8m587kdxPMvQBNETNahcCfHLNcQ1M8W
2026-01-30T06:56:45.402629Z  INFO arx::program: arx/src/program.rs:283: Subscribing to account: 9rUSnh5VrMtRUrJrgAUwcyWvL9NYkscAsDFS5RjPW6Da
2026-01-30T06:56:45.404031Z DEBUG arx::units::mempool_unit: arx/src/units/mempool_unit.rs:99: Received mempool update for account
2026-01-30T06:56:45.404058Z DEBUG arx::units::mempool_unit: arx/src/units/mempool_unit.rs:129: Mempool contains the same computations, skipping update
2026-01-30T06:56:45.467648Z  INFO arx::program: arx/src/program.rs:283: Subscribing to account: 9EDLm5KDKc1Pf8m587kdxPMvQBNETNahcCfHLNcQ1M8W
2026-01-30T06:56:45.467784Z DEBUG arx::units::execpool_unit: arx/src/units/execpool_unit.rs:102: Received execpool update with 1 computations
2026-01-30T06:56:45.971249Z  INFO arx::units::node_transaction_unit: arx/src/units/node_transaction_unit.rs:70: Node activated
2026-01-30T06:56:45.971334Z  INFO arx::coordinator: arx/src/coordinator.rs:257: Node activated, coordinator running
2026-01-30T06:56:45.971379Z DEBUG arx::coordinator: arx/src/coordinator.rs:534: Coordinator received execpool unit message: computations ids: [10719944527008109894]
2026-01-30T06:56:45.971434Z DEBUG arx::units::cache_unit: arx/src/units/cache_unit.rs:154: Processing queued computation: ArxComputationReference: 10719944527008109894
2026-01-30T06:56:45.971467Z DEBUG arx::units::state_unit: arx/src/units/state_unit.rs:258: Processing execpool update
2026-01-30T06:56:45.971507Z DEBUG arx::units::state_unit: arx/src/units/state_unit.rs:300: Prefetching and executing computation: ArxComputationReference: 10719944527008109894 with status (index: 0, slot: 215)
2026-01-30T06:56:45.971523Z DEBUG arx::coordinator: arx/src/coordinator.rs:658: Coordinator received state unit message: prefetch computation: ArxComputationReference: 10719944527008109894
2026-01-30T06:56:45.971532Z DEBUG arx::coordinator: arx/src/coordinator.rs:668: Coordinator received state unit message: execute computation: ArxComputationReference: 10719944527008109894 with status (index: 0, slot: 215)
2026-01-30T06:56:45.972512Z DEBUG arx::coordinator: arx/src/coordinator.rs:470: Coordinator prefetched computation ArxComputation 261544626942090780171791833011317326258 (cluster_offset: 0)
2026-01-30T06:56:45.972567Z DEBUG arx::coordinator: arx/src/coordinator.rs:486: Coordinator fetched computation ArxComputation 261544626942090780171791833011317326258 (cluster_offset: 0) inputs
2026-01-30T06:56:45.972583Z DEBUG arx::units::cache_unit: arx/src/units/cache_unit.rs:168: Processing fetched computation: ArxComputationReference: 10719944527008109894
2026-01-30T06:56:45.972616Z DEBUG arx::units::cache_unit: arx/src/units/cache_unit.rs:269: Processing fetched inputs: ArxComputation 261544626942090780171791833011317326258 (cluster_offset: 0)
2026-01-30T06:56:45.972673Z DEBUG arx::units::circuit_unit: arx/src/units/circuit_unit.rs:243: Processing computation definition: BdJyB18QqCDSWznFzQHf3Ks4aUdef3qiZDKqtHEW7xq
2026-01-30T06:56:45.973192Z DEBUG arx::units::circuit_unit: arx/src/units/circuit_unit.rs:411: Fetching local circuit data from: /usr/arx-node/circuits/mxe_keygen/circuit.arcis
2026-01-30T06:56:46.414163Z DEBUG arx::coordinator: arx/src/coordinator.rs:380: Coordinator received circuit info: CircuitInfo BdJyB18QqCDSWznFzQHf3Ks4aUdef3qiZDKqtHEW7xq
2026-01-30T06:56:46.414223Z DEBUG arx::units::cache_unit: arx/src/units/cache_unit.rs:195: Processing fetched circuit: CircuitInfo BdJyB18QqCDSWznFzQHf3Ks4aUdef3qiZDKqtHEW7xq
2026-01-30T06:56:46.414246Z DEBUG arx::coordinator: arx/src/coordinator.rs:322: Coordinator received cache unit prefetched computation: ArxComputationReference: 10719944527008109894
2026-01-30T06:56:46.414254Z DEBUG arx::coordinator: arx/src/coordinator.rs:332: Coordinator received cache unit execute computation: ArxComputation 261544626942090780171791833011317326258 (cluster_offset: 0)
2026-01-30T06:56:46.414268Z DEBUG arx::units::online_phase_unit: arx/src/units/online_phase_unit.rs:183: Connecting to peers (ArxComputation 261544626942090780171791833011317326258 (cluster_offset: 0))
2026-01-30T06:56:46.414436Z DEBUG arx::units::state_unit: arx/src/units/state_unit.rs:323: Processing prefetched computation
2026-01-30T06:56:46.447969Z DEBUG arx::units::online_phase_unit: arx/src/units/online_phase_unit.rs:202: Connected to peers (ArxComputation 261544626942090780171791833011317326258 (cluster_offset: 0))
2026-01-30T06:56:46.450936Z DEBUG arx::units::online_phase_unit::preprocessing_bundler: arx/src/units/online_phase_unit/preprocessing_bundler.rs:104: TD registration connection attempt 1 failed with error Os { code: 111, kind: ConnectionRefused, message: "Connection refused" }, retrying in 100ms
2026-01-30T06:56:46.552920Z DEBUG arx::units::online_phase_unit::preprocessing_bundler: arx/src/units/online_phase_unit/preprocessing_bundler.rs:104: TD registration connection attempt 2 failed with error Os { code: 111, kind: ConnectionRefused, message: "Connection refused" }, retrying in 100ms
2026-01-30T06:56:46.654621Z DEBUG arx::units::online_phase_unit::preprocessing_bundler: arx/src/units/online_phase_unit/preprocessing_bundler.rs:104: TD registration connection attempt 3 failed with error Os { code: 111, kind: ConnectionRefused, message: "Connection refused" }, retrying in 100ms
2026-01-30T06:56:46.755355Z DEBUG arx::units::online_phase_unit::preprocessing_bundler: arx/src/units/online_phase_unit/preprocessing_bundler.rs:104: TD registration connection attempt 4 failed with error Os { code: 111, kind: ConnectionRefused, message: "Connection refused" }, retrying in 100ms
2026-01-30T06:56:46.856133Z DEBUG arx::units::online_phase_unit::preprocessing_bundler: arx/src/units/online_phase_unit/preprocessing_bundler.rs:104: TD registration connection attempt 5 failed with error Os { code: 111, kind: ConnectionRefused, message: "Connection refused" }, retrying in 100ms
2026-01-30T06:56:46.957773Z DEBUG arx::units::online_phase_unit::preprocessing_bundler: arx/src/units/online_phase_unit/preprocessing_bundler.rs:104: TD registration connection attempt 6 failed with error Os { code: 111, kind: ConnectionRefused, message: "Connection refused" }, retrying in 100ms
2026-01-30T06:56:47.059473Z DEBUG arx::units::online_phase_unit::preprocessing_bundler: arx/src/units/online_phase_unit/preprocessing_bundler.rs:104: TD registration connection attempt 7 failed with error Os { code: 111, kind: ConnectionRefused, message: "Connection refused" }, retrying in 100ms
2026-01-30T06:56:47.160186Z DEBUG arx::units::online_phase_unit::preprocessing_bundler: arx/src/units/online_phase_unit/preprocessing_bundler.rs:104: TD registration connection attempt 8 failed with error Os { code: 111, kind: ConnectionRefused, message: "Connection refused" }, retrying in 100ms
2026-01-30T06:56:47.261852Z DEBUG arx::units::online_phase_unit::preprocessing_bundler: arx/src/units/online_phase_unit/preprocessing_bundler.rs:104: TD registration connection attempt 9 failed with error Os { code: 111, kind: ConnectionRefused, message: "Connection refused" }, retrying in 100ms
2026-01-30T06:56:47.363639Z ERROR arx::units::online_phase_unit::preprocessing_bundler: arx/src/units/online_phase_unit/preprocessing_bundler.rs:43: Failed to register protocol with dealer: Connection error: Failed to connect to TD registration after 10 attempts: Connection refused (os error 111)
2026-01-30T06:56:47.363715Z ERROR arx::units::online_phase_unit: arx/src/units/online_phase_unit.rs:324: Failed to create preprocessing bundler: ConnectionError("Failed to connect to TD registration after 10 attempts: Connection refused (os error 111)")
2026-01-30T06:56:47.363814Z DEBUG arx::coordinator: arx/src/coordinator.rs:619: Coordinator received online unit output: ArxComputation 261544626942090780171791833011317326258 (cluster_offset: 0)
2026-01-30T06:56:47.363852Z DEBUG arx::units::bls_unit: arx/src/units/bls_unit.rs:96: BLS unit received signature request: ArxComputation 261544626942090780171791833011317326258 (cluster_offset: 0)
2026-01-30T06:56:47.363865Z DEBUG arx::units::bls_unit: arx/src/units/bls_unit.rs:163: Message to sign length: [0, 0, 0, 0, 0, 0, 0, 0, 0, 0]
2026-01-30T06:56:47.363897Z DEBUG arx::units::state_unit: arx/src/units/state_unit.rs:140: Processing outputed computation
2026-01-30T06:56:47.364542Z DEBUG arx::units::bls_unit: arx/src/units/bls_unit.rs:196: Not ready to aggregate signatures for computation_offset 10719944527008109894, our signature will be stored but not aggregated
2026-01-30T06:56:47.364862Z DEBUG arx::units::bls_unit: arx/src/units/bls_unit.rs:313: Pushed signature to peer 172.20.0.100:8002
