2026-01-29T10:48:56.501448Z  INFO arx::metrics: arx/src/metrics.rs:524: Node metrics initialized: version=0.6.5, cluster=0, node=0
2026-01-29T10:48:56.558678Z DEBUG arx::units::online_phase_unit::key_material: arx/src/units/online_phase_unit/key_material.rs:165: Loading key material from path /usr/arx-node/private-shares and /usr/arx-node/public-inputs
2026-01-29T10:48:56.562129Z DEBUG arx::units::online_phase_unit::key_material: arx/src/units/online_phase_unit/key_material.rs:179: Loaded key material for MXE: FMMVCEygM2ewq4y4fmE5UDuyfhuoz4bXmEDDeg9iFPpL
2026-01-29T10:48:56.562239Z  INFO arx::units::cache_unit: arx/src/units/cache_unit.rs:91: Cache unit started
2026-01-29T10:48:56.562758Z  INFO arx::units::circuit_unit: arx/src/units/circuit_unit.rs:141: Circuit unit started
2026-01-29T10:48:56.562826Z  INFO arx: arx/src/main.rs:122: Starting metrics server
2026-01-29T10:48:56.562851Z  INFO arx: arx/src/main.rs:127: Starting ARX coordinator
2026-01-29T10:48:56.563229Z  INFO arx::units::computation_transaction_unit: arx/src/units/computation_transaction_unit.rs:124: Computation transaction unit started
2026-01-29T10:48:56.563266Z  INFO arx::coordinator: arx/src/coordinator.rs:225: Coordinator started
2026-01-29T10:48:56.563344Z  INFO arx::units::mempool_unit: arx/src/units/mempool_unit.rs:63: Mempool unit started
2026-01-29T10:48:56.563288Z  INFO arx::units::computation_unit: arx/src/units/computation_unit.rs:99: Inputs unit started
2026-01-29T10:48:56.563509Z  INFO arx::units::execpool_unit: arx/src/units/execpool_unit.rs:65: Execpool unit started
2026-01-29T10:48:56.563809Z  INFO arx::metrics: arx/src/metrics.rs:312: Metrics server listening on http://0.0.0.0:9091/metrics
2026-01-29T10:48:56.564103Z  INFO arx::program: arx/src/program.rs:227: Pub/sub client started
2026-01-29T10:48:56.564124Z  INFO arx::program: arx/src/program.rs:229: Connecting initial pub/sub
2026-01-29T10:48:56.563130Z  INFO arx::units::state_unit: arx/src/units/state_unit.rs:112: State unit started
2026-01-29T10:48:56.566741Z  INFO arx::program: arx/src/program.rs:227: Pub/sub client started
2026-01-29T10:48:56.566765Z  INFO arx::program: arx/src/program.rs:229: Connecting initial pub/sub
2026-01-29T10:48:56.564876Z  INFO arx::units::node_transaction_unit: arx/src/units/node_transaction_unit.rs:65: Node transaction unit started
2026-01-29T10:48:56.567733Z  INFO arx::units::node_transaction_unit: arx/src/units/node_transaction_unit.rs:67: Activating node
2026-01-29T10:48:56.564859Z  INFO arx::units::online_phase_unit: arx/src/units/online_phase_unit.rs:139: Online phase unit started
2026-01-29T10:48:56.563139Z  INFO arx::units::bls_unit: arx/src/units/bls_unit.rs:78: BLS unit started
2026-01-29T10:48:56.618028Z  INFO arx::program: arx/src/program.rs:269: Fetching initial state for account: 9EDLm5KDKc1Pf8m587kdxPMvQBNETNahcCfHLNcQ1M8W
2026-01-29T10:48:56.620844Z  INFO arx::program: arx/src/program.rs:269: Fetching initial state for account: 9rUSnh5VrMtRUrJrgAUwcyWvL9NYkscAsDFS5RjPW6Da
2026-01-29T10:48:56.621048Z  INFO arx::program: arx/src/program.rs:283: Subscribing to account: 9EDLm5KDKc1Pf8m587kdxPMvQBNETNahcCfHLNcQ1M8W
2026-01-29T10:48:56.621623Z DEBUG arx::units::execpool_unit: arx/src/units/execpool_unit.rs:102: Received execpool update with 1 computations
2026-01-29T10:48:56.623266Z  INFO arx::program: arx/src/program.rs:283: Subscribing to account: 9rUSnh5VrMtRUrJrgAUwcyWvL9NYkscAsDFS5RjPW6Da
2026-01-29T10:48:56.623396Z DEBUG arx::units::mempool_unit: arx/src/units/mempool_unit.rs:99: Received mempool update for account
2026-01-29T10:48:56.623412Z DEBUG arx::units::mempool_unit: arx/src/units/mempool_unit.rs:129: Mempool contains the same computations, skipping update
2026-01-29T10:48:57.148272Z  INFO arx::units::node_transaction_unit: arx/src/units/node_transaction_unit.rs:70: Node activated
2026-01-29T10:48:57.148342Z  INFO arx::coordinator: arx/src/coordinator.rs:257: Node activated, coordinator running
2026-01-29T10:48:57.148473Z DEBUG arx::coordinator: arx/src/coordinator.rs:534: Coordinator received execpool unit message: computations ids: [729066887121812181]
2026-01-29T10:48:57.148513Z DEBUG arx::units::cache_unit: arx/src/units/cache_unit.rs:154: Processing queued computation: ArxComputationReference: 729066887121812181
2026-01-29T10:48:57.148548Z DEBUG arx::units::state_unit: arx/src/units/state_unit.rs:258: Processing execpool update
2026-01-29T10:48:57.148557Z DEBUG arx::units::state_unit: arx/src/units/state_unit.rs:300: Prefetching and executing computation: ArxComputationReference: 729066887121812181 with status (index: 0, slot: 202)
2026-01-29T10:48:57.148565Z DEBUG arx::coordinator: arx/src/coordinator.rs:658: Coordinator received state unit message: prefetch computation: ArxComputationReference: 729066887121812181
2026-01-29T10:48:57.148572Z DEBUG arx::coordinator: arx/src/coordinator.rs:668: Coordinator received state unit message: execute computation: ArxComputationReference: 729066887121812181 with status (index: 0, slot: 202)
2026-01-29T10:48:57.149579Z DEBUG arx::coordinator: arx/src/coordinator.rs:470: Coordinator prefetched computation ArxComputation 124145311068161743775826452637807394875 (cluster_offset: 0)
2026-01-29T10:48:57.149628Z DEBUG arx::coordinator: arx/src/coordinator.rs:486: Coordinator fetched computation ArxComputation 124145311068161743775826452637807394875 (cluster_offset: 0) inputs
2026-01-29T10:48:57.149639Z DEBUG arx::units::cache_unit: arx/src/units/cache_unit.rs:168: Processing fetched computation: ArxComputationReference: 729066887121812181
2026-01-29T10:48:57.149732Z DEBUG arx::units::cache_unit: arx/src/units/cache_unit.rs:269: Processing fetched inputs: ArxComputation 124145311068161743775826452637807394875 (cluster_offset: 0)
2026-01-29T10:48:57.149811Z DEBUG arx::units::circuit_unit: arx/src/units/circuit_unit.rs:243: Processing computation definition: 42VrBPnZ38hJX86a3fKHynkqyGgMKtjnr8UdFToYGXgS
2026-01-29T10:48:57.150602Z DEBUG arx::units::circuit_unit: arx/src/units/circuit_unit.rs:411: Fetching local circuit data from: /usr/arx-node/circuits/mxe_keygen/circuit.arcis
2026-01-29T10:48:57.437939Z DEBUG arx::coordinator: arx/src/coordinator.rs:380: Coordinator received circuit info: CircuitInfo 42VrBPnZ38hJX86a3fKHynkqyGgMKtjnr8UdFToYGXgS
2026-01-29T10:48:57.437986Z DEBUG arx::units::cache_unit: arx/src/units/cache_unit.rs:195: Processing fetched circuit: CircuitInfo 42VrBPnZ38hJX86a3fKHynkqyGgMKtjnr8UdFToYGXgS
2026-01-29T10:48:57.438010Z DEBUG arx::coordinator: arx/src/coordinator.rs:322: Coordinator received cache unit prefetched computation: ArxComputationReference: 729066887121812181
2026-01-29T10:48:57.438017Z DEBUG arx::coordinator: arx/src/coordinator.rs:332: Coordinator received cache unit execute computation: ArxComputation 124145311068161743775826452637807394875 (cluster_offset: 0)
2026-01-29T10:48:57.438030Z DEBUG arx::units::online_phase_unit: arx/src/units/online_phase_unit.rs:183: Connecting to peers (ArxComputation 124145311068161743775826452637807394875 (cluster_offset: 0))
2026-01-29T10:48:57.438070Z DEBUG arx::units::state_unit: arx/src/units/state_unit.rs:323: Processing prefetched computation
2026-01-29T10:48:57.440861Z DEBUG arx::units::online_phase_unit: arx/src/units/online_phase_unit.rs:202: Connected to peers (ArxComputation 124145311068161743775826452637807394875 (cluster_offset: 0))
2026-01-29T10:48:57.440889Z  WARN arx::units::online_phase_unit: arx/src/units/online_phase_unit.rs:210: Running MXE keygen computation but key material already exist for MXE FMMVCEygM2ewq4y4fmE5UDuyfhuoz4bXmEDDeg9iFPpL (ArxComputation 124145311068161743775826452637807394875 (cluster_offset: 0))
2026-01-29T10:48:57.444108Z DEBUG arx::units::online_phase_unit::preprocessing_bundler: arx/src/units/online_phase_unit/preprocessing_bundler.rs:104: TD registration connection attempt 1 failed with error Os { code: 111, kind: ConnectionRefused, message: "Connection refused" }, retrying in 100ms
2026-01-29T10:48:57.545372Z DEBUG arx::units::online_phase_unit::preprocessing_bundler: arx/src/units/online_phase_unit/preprocessing_bundler.rs:46: Protocol 248016683086310656528149261543419493072 registered successfully
2026-01-29T10:48:57.557585Z DEBUG arx::units::online_phase_unit: arx/src/units/online_phase_unit.rs:343: Created new preprocessing bundler for base_id 248016683086310656528149261543419493072, cache size: 1
2026-01-29T10:48:58.538883Z  INFO arx::units::online_phase_unit: arx/src/units/online_phase_unit.rs:436: Processing Cerberus computation (124145311068161743775826452637807394875)
2026-01-29T10:48:59.823979Z DEBUG arx::units::bls_unit: arx/src/units/bls_unit.rs:111: BLS unit accepted connection from 172.20.0.101:35416
2026-01-29T10:48:59.824880Z DEBUG arx::units::bls_unit: arx/src/units/bls_unit.rs:126: BLS unit received incoming signature for 729066887121812181
2026-01-29T10:48:59.824929Z DEBUG arx::units::bls_unit: arx/src/units/bls_unit.rs:223: Stored signature for computation_offset 729066887121812181 (1/2)
2026-01-29T10:48:59.824940Z DEBUG arx::units::bls_unit: arx/src/units/bls_unit.rs:233: Not ready to aggregate signatures for computation_offset 729066887121812181, received signature will be stored but not aggregated
2026-01-29T10:48:59.824948Z DEBUG arx::units::bls_unit: arx/src/units/bls_unit.rs:130: BLS unit processed incoming signature for 729066887121812181
2026-01-29T10:48:59.825962Z DEBUG arx::coordinator: arx/src/coordinator.rs:619: Coordinator received online unit output: ArxComputation 124145311068161743775826452637807394875 (cluster_offset: 0)
2026-01-29T10:48:59.825970Z DEBUG arx::units::online_phase_unit: arx/src/units/online_phase_unit.rs:159: Setting MXE key material for FMMVCEygM2ewq4y4fmE5UDuyfhuoz4bXmEDDeg9iFPpL
2026-01-29T10:48:59.825989Z DEBUG arx::units::bls_unit: arx/src/units/bls_unit.rs:96: BLS unit received signature request: ArxComputation 124145311068161743775826452637807394875 (cluster_offset: 0)
2026-01-29T10:48:59.826009Z DEBUG arx::units::bls_unit: arx/src/units/bls_unit.rs:163: Message to sign length: [29, 9, 251, 207, 211, 129, 49, 99, 118, 50, 201, 215, 185, 254, 76, 252, 74, 235, 161, 238, 139, 133, 43, 200, 77, 9, 118, 206, 129, 109, 182, 16, 18, 255, 71, 86, 3, 12, 83, 254, 147, 227, 204, 58, 138, 224, 99, 252, 211, 44, 225, 249, 239, 247, 4, 232, 46, 63, 98, 106, 33, 9, 181, 248, 96, 252, 252, 216, 134, 2, 100, 0, 238, 231, 18, 36, 231, 71, 61, 152, 55, 10, 133, 157, 3, 62, 192, 238, 3, 44, 227, 56, 6, 176, 204, 7, 98, 246, 225, 230, 83, 129, 240, 103, 144, 22, 233, 33, 241, 227, 163, 78, 11, 27, 217, 189, 37, 96, 96, 48, 184, 173, 56, 35, 39, 97, 112, 29, 107, 112, 87, 20, 67, 154, 15, 79, 250, 175, 213, 171, 92, 183, 223, 145, 98, 50, 190, 230, 78, 167, 140, 255, 100, 101, 157, 14, 166, 90, 99, 8, 0, 0, 0, 0, 0, 0, 0, 0, 0, 0]
2026-01-29T10:48:59.826073Z  WARN arx::units::online_phase_unit: arx/src/units/online_phase_unit.rs:161: Existing MXE key material for FMMVCEygM2ewq4y4fmE5UDuyfhuoz4bXmEDDeg9iFPpL were overwritten
2026-01-29T10:48:59.826067Z DEBUG arx::units::state_unit: arx/src/units/state_unit.rs:140: Processing outputed computation
2026-01-29T10:48:59.826569Z DEBUG arx::coordinator: arx/src/coordinator.rs:281: Coordinator received bls unit output: ArxComputation 124145311068161743775826452637807394875 (cluster_offset: 0)
2026-01-29T10:48:59.826744Z DEBUG arx::units::state_unit: arx/src/units/state_unit.rs:148: Processing signed computation
2026-01-29T10:48:59.826800Z DEBUG arx::units::computation_transaction_unit: arx/src/units/computation_transaction_unit.rs:429: Processing callback for computation ArxComputation 124145311068161743775826452637807394875 (cluster_offset: 0)
2026-01-29T10:48:59.826834Z DEBUG arx::units::bls_unit: arx/src/units/bls_unit.rs:313: Pushed signature to peer 172.20.0.101:8002
2026-01-29T10:48:59.828020Z DEBUG arx::units::computation_transaction_unit::keygen: arx/src/units/computation_transaction_unit/keygen.rs:86: ElGamal pubkey validity proof verification passed
2026-01-29T10:49:00.331447Z DEBUG arx::units::computation_transaction_unit::keygen: arx/src/units/computation_transaction_unit/keygen.rs:119: Sent set_mxe_keys tx for mxe FMMVCEygM2ewq4y4fmE5UDuyfhuoz4bXmEDDeg9iFPpL with sig 4CuoxLpbKSFBvBRqPiJgDRV22MShnnn1qym17RTYsBW26VhAKfDqB6F5c4TDpfNzbKxuLbMEivKfVE5LFaedA4M8
2026-01-29T10:49:00.818590Z DEBUG arx::program: arx/src/program.rs:317: Received update for account: 9EDLm5KDKc1Pf8m587kdxPMvQBNETNahcCfHLNcQ1M8W
2026-01-29T10:49:00.818761Z DEBUG arx::program: arx/src/program.rs:317: Received update for account: 9rUSnh5VrMtRUrJrgAUwcyWvL9NYkscAsDFS5RjPW6Da
2026-01-29T10:49:00.820961Z DEBUG arx::units::mempool_unit: arx/src/units/mempool_unit.rs:99: Received mempool update for account
2026-01-29T10:49:00.820993Z DEBUG arx::units::mempool_unit: arx/src/units/mempool_unit.rs:129: Mempool contains the same computations, skipping update
2026-01-29T10:49:00.835660Z DEBUG arx::units::computation_transaction_unit: arx/src/units/computation_transaction_unit.rs:792: Callback computation tx for mxe FMMVCEygM2ewq4y4fmE5UDuyfhuoz4bXmEDDeg9iFPpL already sent
2026-01-29T10:49:00.835773Z DEBUG arx::coordinator: arx/src/coordinator.rs:426: Coordinator received computation transaction unit callback computation: ArxComputationReference: 729066887121812181
2026-01-29T10:49:00.835788Z DEBUG arx::units::state_unit: arx/src/units/state_unit.rs:339: Processing executed computation
2026-01-29T10:49:00.835795Z DEBUG arx::units::state_unit: arx/src/units/state_unit.rs:342: Computation executed: ArxComputationReference: 729066887121812181
2026-01-29T10:49:00.835808Z DEBUG arx::units::cache_unit: arx/src/units/cache_unit.rs:302: Processing executed computation: ArxComputationReference: 729066887121812181
2026-01-29T10:49:00.835814Z DEBUG arx::units::cache_unit: arx/src/units/cache_unit.rs:306: Computation executed and removed from cache: ArxComputationReference: 729066887121812181
2026-01-29T10:49:00.918110Z DEBUG arx::units::execpool_unit: arx/src/units/execpool_unit.rs:102: Received execpool update with 0 computations
2026-01-29T10:49:00.918173Z DEBUG arx::coordinator: arx/src/coordinator.rs:534: Coordinator received execpool unit message: computations ids: []
2026-01-29T10:49:00.918187Z DEBUG arx::units::state_unit: arx/src/units/state_unit.rs:258: Processing execpool update
2026-01-29T10:49:00.918198Z DEBUG arx::units::state_unit: arx/src/units/state_unit.rs:273: Computation executed: ArxComputationReference: 729066887121812181
|-> prefetch    : +0ms
|-> prefetched  : +289ms
|-> execute     : +0ms
|-> output      : +2677ms
|-> signed      : +0ms
|-> executed    : +1009ms

2026-01-29T10:49:00.918268Z DEBUG arx::units::state_unit: arx/src/units/state_unit.rs:279: Removing computation from execpool: ArxComputationReference offset: 729066887121812181
2026-01-29T10:49:00.918292Z DEBUG arx::coordinator: arx/src/coordinator.rs:688: Coordinator received state unit message: executed computation: ArxComputationReference: 729066887121812181
2026-01-29T10:49:00.918303Z DEBUG arx::units::cache_unit: arx/src/units/cache_unit.rs:302: Processing executed computation: ArxComputationReference: 729066887121812181
2026-01-29T10:49:00.918309Z  WARN arx::units::cache_unit: arx/src/units/cache_unit.rs:313: Computation info not found in cache: ArxComputationReference: 729066887121812181
2026-01-29T10:49:04.046739Z DEBUG arx::program: arx/src/program.rs:317: Received update for account: 9EDLm5KDKc1Pf8m587kdxPMvQBNETNahcCfHLNcQ1M8W
2026-01-29T10:49:04.046841Z DEBUG arx::program: arx/src/program.rs:317: Received update for account: 9rUSnh5VrMtRUrJrgAUwcyWvL9NYkscAsDFS5RjPW6Da
2026-01-29T10:49:04.118117Z DEBUG arx::units::execpool_unit: arx/src/units/execpool_unit.rs:102: Received execpool update with 1 computations
2026-01-29T10:49:04.118183Z DEBUG arx::coordinator: arx/src/coordinator.rs:534: Coordinator received execpool unit message: computations ids: [14768919908456970299]
2026-01-29T10:49:04.118211Z DEBUG arx::units::cache_unit: arx/src/units/cache_unit.rs:154: Processing queued computation: ArxComputationReference: 14768919908456970299
2026-01-29T10:49:04.118244Z DEBUG arx::units::state_unit: arx/src/units/state_unit.rs:258: Processing execpool update
2026-01-29T10:49:04.118257Z DEBUG arx::units::state_unit: arx/src/units/state_unit.rs:300: Prefetching and executing computation: ArxComputationReference: 14768919908456970299 with status (index: 0, slot: 220)
2026-01-29T10:49:04.118301Z DEBUG arx::coordinator: arx/src/coordinator.rs:658: Coordinator received state unit message: prefetch computation: ArxComputationReference: 14768919908456970299
2026-01-29T10:49:04.118309Z DEBUG arx::coordinator: arx/src/coordinator.rs:668: Coordinator received state unit message: execute computation: ArxComputationReference: 14768919908456970299 with status (index: 0, slot: 220)
2026-01-29T10:49:04.119766Z DEBUG arx::coordinator: arx/src/coordinator.rs:470: Coordinator prefetched computation ArxComputation 302854130393091525767782258987628683516 (cluster_offset: 0)
2026-01-29T10:49:04.119895Z DEBUG arx::coordinator: arx/src/coordinator.rs:486: Coordinator fetched computation ArxComputation 302854130393091525767782258987628683516 (cluster_offset: 0) inputs
2026-01-29T10:49:04.119926Z DEBUG arx::units::cache_unit: arx/src/units/cache_unit.rs:168: Processing fetched computation: ArxComputationReference: 14768919908456970299
2026-01-29T10:49:04.119984Z DEBUG arx::units::cache_unit: arx/src/units/cache_unit.rs:269: Processing fetched inputs: ArxComputation 302854130393091525767782258987628683516 (cluster_offset: 0)
2026-01-29T10:49:04.119990Z DEBUG arx::units::circuit_unit: arx/src/units/circuit_unit.rs:243: Processing computation definition: EJX8W6xXyJVW3Cgs2C3mZabYaLqKkfW1FVMZeJvjyezp
2026-01-29T10:49:04.120438Z DEBUG arx::units::mempool_unit: arx/src/units/mempool_unit.rs:99: Received mempool update for account
2026-01-29T10:49:04.120465Z DEBUG arx::units::mempool_unit: arx/src/units/mempool_unit.rs:129: Mempool contains the same computations, skipping update
2026-01-29T10:49:04.121109Z DEBUG arx::units::circuit_unit: arx/src/units/circuit_unit.rs:452: Fetching offchain circuit data from: http://172.20.0.2:8080/init_vault.arcis
2026-01-29T10:49:09.238974Z ERROR arx::units::circuit_unit: arx/src/units/circuit_unit.rs:169: Failed to process computation definition EJX8W6xXyJVW3Cgs2C3mZabYaLqKkfW1FVMZeJvjyezp: Off-chain circuit fetch failed for source http://172.20.0.2:8080/init_vault.arcis: error sending request for url (http://172.20.0.2:8080/init_vault.arcis): error trying to connect: tcp connect error: No route to host (os error 113)
2026-01-29T10:49:09.239035Z DEBUG arx::coordinator: arx/src/coordinator.rs:390: Coordinator received circuit unit error for computation definition EJX8W6xXyJVW3Cgs2C3mZabYaLqKkfW1FVMZeJvjyezp (Off-chain circuit fetch failed for source http://172.20.0.2:8080/init_vault.arcis: error sending request for url (http://172.20.0.2:8080/init_vault.arcis): error trying to connect: tcp connect error: No route to host (os error 113))
2026-01-29T10:49:09.239048Z DEBUG arx::units::cache_unit: arx/src/units/cache_unit.rs:234: Processing failed circuit fetch: EJX8W6xXyJVW3Cgs2C3mZabYaLqKkfW1FVMZeJvjyezp
2026-01-29T10:49:09.239073Z DEBUG arx::coordinator: arx/src/coordinator.rs:342: Coordinator received cache unit circuit error for computation: ArxComputation 302854130393091525767782258987628683516 (cluster_offset: 0)
2026-01-29T10:49:09.239085Z DEBUG arx::units::bls_unit: arx/src/units/bls_unit.rs:96: BLS unit received signature request: ArxComputation 302854130393091525767782258987628683516 (cluster_offset: 0)
2026-01-29T10:49:09.239092Z DEBUG arx::units::bls_unit: arx/src/units/bls_unit.rs:163: Message to sign length: [220, 0, 0, 0, 0, 0, 0, 0, 0, 0]
2026-01-29T10:49:09.239499Z DEBUG arx::units::bls_unit: arx/src/units/bls_unit.rs:196: Not ready to aggregate signatures for computation_offset 14768919908456970299, our signature will be stored but not aggregated
2026-01-29T10:49:09.239830Z DEBUG arx::units::bls_unit: arx/src/units/bls_unit.rs:313: Pushed signature to peer 172.20.0.101:8002
2026-01-29T10:49:09.249020Z DEBUG arx::units::bls_unit: arx/src/units/bls_unit.rs:111: BLS unit accepted connection from 172.20.0.101:55250
2026-01-29T10:49:09.249377Z DEBUG arx::units::bls_unit: arx/src/units/bls_unit.rs:126: BLS unit received incoming signature for 14768919908456970299
2026-01-29T10:49:09.249419Z DEBUG arx::units::bls_unit: arx/src/units/bls_unit.rs:223: Stored signature for computation_offset 14768919908456970299 (2/2)
2026-01-29T10:49:09.249713Z DEBUG arx::units::bls_unit: arx/src/units/bls_unit.rs:130: BLS unit processed incoming signature for 14768919908456970299
2026-01-29T10:49:09.249739Z DEBUG arx::coordinator: arx/src/coordinator.rs:281: Coordinator received bls unit output: ArxComputation 302854130393091525767782258987628683516 (cluster_offset: 0)
2026-01-29T10:49:09.249794Z DEBUG arx::units::computation_transaction_unit: arx/src/units/computation_transaction_unit.rs:429: Processing callback for computation ArxComputation 302854130393091525767782258987628683516 (cluster_offset: 0)
2026-01-29T10:49:09.249809Z DEBUG arx::units::state_unit: arx/src/units/state_unit.rs:148: Processing signed computation
2026-01-29T10:49:09.256667Z DEBUG arx::units::computation_transaction_unit: arx/src/units/computation_transaction_unit.rs:409: Transaction simulation consumed 59940 compute units
2026-01-29T10:49:09.257072Z DEBUG arx::units::computation_transaction_unit: arx/src/units/computation_transaction_unit.rs:236: Fee calculation: base_fee=5000, compute_units=59940, priority_fee=0, total_fee=5000, fee_variance_buffer=1000, concurrent_callback_buffer=50000
2026-01-29T10:49:09.257297Z DEBUG arx::units::computation_transaction_unit: arx/src/units/computation_transaction_unit.rs:376: Fresh balance range: fresh_balance=999999995000, min=999999939000, max=999999991000, total_fee=5000, staleness_reduction=true
2026-01-29T10:49:09.760585Z ERROR arx::units::computation_transaction_unit: arx/src/units/computation_transaction_unit.rs:803: Failed to send callback computation tx for mxe FMMVCEygM2ewq4y4fmE5UDuyfhuoz4bXmEDDeg9iFPpL error Error { request: None, kind: TransactionError(InstructionError(1, Custom(6000))) }
2026-01-29T10:49:09.760623Z  WARN arx::units::computation_transaction_unit: arx/src/units/computation_transaction_unit.rs:488: Attempt 1/5: error while calling post_callback_onchain(rpc, &tx, mxe): Solana network error: Failed to send callback computation tx for mxe FMMVCEygM2ewq4y4fmE5UDuyfhuoz4bXmEDDeg9iFPpL error Error { request: None, kind: TransactionError(InstructionError(1, Custom(6000))) }
2026-01-29T10:49:11.764105Z ERROR arx::units::computation_transaction_unit: arx/src/units/computation_transaction_unit.rs:803: Failed to send callback computation tx for mxe FMMVCEygM2ewq4y4fmE5UDuyfhuoz4bXmEDDeg9iFPpL error Error { request: None, kind: TransactionError(InstructionError(1, Custom(6000))) }
2026-01-29T10:49:11.764149Z  WARN arx::units::computation_transaction_unit: arx/src/units/computation_transaction_unit.rs:488: Attempt 2/5: error while calling post_callback_onchain(rpc, &tx, mxe): Solana network error: Failed to send callback computation tx for mxe FMMVCEygM2ewq4y4fmE5UDuyfhuoz4bXmEDDeg9iFPpL error Error { request: None, kind: TransactionError(InstructionError(1, Custom(6000))) }
2026-01-29T10:49:15.765576Z ERROR arx::units::computation_transaction_unit: arx/src/units/computation_transaction_unit.rs:803: Failed to send callback computation tx for mxe FMMVCEygM2ewq4y4fmE5UDuyfhuoz4bXmEDDeg9iFPpL error Error { request: None, kind: TransactionError(InstructionError(1, Custom(6000))) }
2026-01-29T10:49:15.765639Z  WARN arx::units::computation_transaction_unit: arx/src/units/computation_transaction_unit.rs:488: Attempt 3/5: error while calling post_callback_onchain(rpc, &tx, mxe): Solana network error: Failed to send callback computation tx for mxe FMMVCEygM2ewq4y4fmE5UDuyfhuoz4bXmEDDeg9iFPpL error Error { request: None, kind: TransactionError(InstructionError(1, Custom(6000))) }
2026-01-29T10:49:23.768373Z ERROR arx::units::computation_transaction_unit: arx/src/units/computation_transaction_unit.rs:803: Failed to send callback computation tx for mxe FMMVCEygM2ewq4y4fmE5UDuyfhuoz4bXmEDDeg9iFPpL error Error { request: None, kind: TransactionError(InstructionError(1, Custom(6000))) }
2026-01-29T10:49:23.768416Z  WARN arx::units::computation_transaction_unit: arx/src/units/computation_transaction_unit.rs:488: Attempt 4/5: error while calling post_callback_onchain(rpc, &tx, mxe): Solana network error: Failed to send callback computation tx for mxe FMMVCEygM2ewq4y4fmE5UDuyfhuoz4bXmEDDeg9iFPpL error Error { request: None, kind: TransactionError(InstructionError(1, Custom(6000))) }
2026-01-29T10:49:39.773781Z ERROR arx::units::computation_transaction_unit: arx/src/units/computation_transaction_unit.rs:803: Failed to send callback computation tx for mxe FMMVCEygM2ewq4y4fmE5UDuyfhuoz4bXmEDDeg9iFPpL error Error { request: None, kind: TransactionError(InstructionError(1, Custom(6000))) }
2026-01-29T10:49:39.773860Z  WARN arx::units::computation_transaction_unit: arx/src/units/computation_transaction_unit.rs:488: Attempt 5/5: error while calling post_callback_onchain(rpc, &tx, mxe): Solana network error: Failed to send callback computation tx for mxe FMMVCEygM2ewq4y4fmE5UDuyfhuoz4bXmEDDeg9iFPpL error Error { request: None, kind: TransactionError(InstructionError(1, Custom(6000))) }
2026-01-29T10:49:39.773895Z  WARN arx::units::computation_transaction_unit: arx/src/units/computation_transaction_unit.rs:500: Failed to send callback computation tx after retries for mxe FMMVCEygM2ewq4y4fmE5UDuyfhuoz4bXmEDDeg9iFPpL: Solana("Attempt 5/5: Solana network error: Failed to send callback computation tx for mxe FMMVCEygM2ewq4y4fmE5UDuyfhuoz4bXmEDDeg9iFPpL error Error { request: None, kind: TransactionError(InstructionError(1, Custom(6000))) }")
2026-01-29T10:49:39.773932Z  WARN arx::units::computation_transaction_unit: arx/src/units/computation_transaction_unit.rs:519: Regular callback failed, sending error claim txs for mxe FMMVCEygM2ewq4y4fmE5UDuyfhuoz4bXmEDDeg9iFPpL
2026-01-29T10:49:40.090299Z DEBUG arx::program: arx/src/program.rs:317: Received update for account: 9EDLm5KDKc1Pf8m587kdxPMvQBNETNahcCfHLNcQ1M8W
2026-01-29T10:49:40.092789Z DEBUG arx::program: arx/src/program.rs:317: Received update for account: 9rUSnh5VrMtRUrJrgAUwcyWvL9NYkscAsDFS5RjPW6Da
2026-01-29T10:49:40.117970Z DEBUG arx::units::execpool_unit: arx/src/units/execpool_unit.rs:102: Received execpool update with 0 computations
2026-01-29T10:49:40.118028Z DEBUG arx::coordinator: arx/src/coordinator.rs:534: Coordinator received execpool unit message: computations ids: []
2026-01-29T10:49:40.118041Z DEBUG arx::units::state_unit: arx/src/units/state_unit.rs:258: Processing execpool update
2026-01-29T10:49:40.118050Z DEBUG arx::units::state_unit: arx/src/units/state_unit.rs:273: Computation executed: ArxComputationReference: 14768919908456970299
|-> prefetch    : +0ms
|-> execute     : +0ms
|-> signed      : +5131ms
|-> executed    : +30868ms

2026-01-29T10:49:40.118065Z DEBUG arx::units::state_unit: arx/src/units/state_unit.rs:279: Removing computation from execpool: ArxComputationReference offset: 14768919908456970299
2026-01-29T10:49:40.118083Z DEBUG arx::coordinator: arx/src/coordinator.rs:688: Coordinator received state unit message: executed computation: ArxComputationReference: 14768919908456970299
2026-01-29T10:49:40.118093Z DEBUG arx::units::cache_unit: arx/src/units/cache_unit.rs:302: Processing executed computation: ArxComputationReference: 14768919908456970299
2026-01-29T10:49:40.118102Z  WARN arx::units::cache_unit: arx/src/units/cache_unit.rs:310: Computation was not yet executed: ArxComputationReference: 14768919908456970299
2026-01-29T10:49:40.121271Z DEBUG arx::units::mempool_unit: arx/src/units/mempool_unit.rs:99: Received mempool update for account
2026-01-29T10:49:40.121302Z DEBUG arx::units::mempool_unit: arx/src/units/mempool_unit.rs:129: Mempool contains the same computations, skipping update
2026-01-29T10:49:40.277714Z DEBUG arx::units::computation_transaction_unit: arx/src/units/computation_transaction_unit.rs:784: Sent callback computation tx for mxe FMMVCEygM2ewq4y4fmE5UDuyfhuoz4bXmEDDeg9iFPpL with sig 2AusaqkiBZbm9K2ZaY2WVyrhC6vpMsdjEKPD71wcs5ts6FBRyyQt5xcGTAURyk7zUR3Jwr2dqJZx3GTYrLhRV5Qe
2026-01-29T10:49:40.277780Z DEBUG arx::coordinator: arx/src/coordinator.rs:426: Coordinator received computation transaction unit callback computation: ArxComputationReference: 14768919908456970299
2026-01-29T10:49:40.277810Z DEBUG arx::units::state_unit: arx/src/units/state_unit.rs:339: Processing executed computation
2026-01-29T10:49:40.277824Z DEBUG arx::units::cache_unit: arx/src/units/cache_unit.rs:302: Processing executed computation: ArxComputationReference: 14768919908456970299
2026-01-29T10:49:40.277830Z  WARN arx::units::cache_unit: arx/src/units/cache_unit.rs:310: Computation was not yet executed: ArxComputationReference: 14768919908456970299
2026-01-29T11:05:43.935370Z DEBUG arx::program: arx/src/program.rs:317: Received update for account: 9EDLm5KDKc1Pf8m587kdxPMvQBNETNahcCfHLNcQ1M8W
2026-01-29T11:05:43.938542Z DEBUG arx::program: arx/src/program.rs:317: Received update for account: 9rUSnh5VrMtRUrJrgAUwcyWvL9NYkscAsDFS5RjPW6Da
2026-01-29T11:05:44.018506Z DEBUG arx::units::execpool_unit: arx/src/units/execpool_unit.rs:102: Received execpool update with 1 computations
2026-01-29T11:05:44.018606Z DEBUG arx::coordinator: arx/src/coordinator.rs:534: Coordinator received execpool unit message: computations ids: [15497086138602272554]
2026-01-29T11:05:44.018662Z DEBUG arx::units::cache_unit: arx/src/units/cache_unit.rs:154: Processing queued computation: ArxComputationReference: 15497086138602272554
2026-01-29T11:05:44.018707Z DEBUG arx::units::state_unit: arx/src/units/state_unit.rs:258: Processing execpool update
2026-01-29T11:05:44.018739Z DEBUG arx::units::state_unit: arx/src/units/state_unit.rs:300: Prefetching and executing computation: ArxComputationReference: 15497086138602272554 with status (index: 1, slot: 2673)
2026-01-29T11:05:44.018759Z DEBUG arx::coordinator: arx/src/coordinator.rs:658: Coordinator received state unit message: prefetch computation: ArxComputationReference: 15497086138602272554
2026-01-29T11:05:44.018767Z DEBUG arx::coordinator: arx/src/coordinator.rs:668: Coordinator received state unit message: execute computation: ArxComputationReference: 15497086138602272554 with status (index: 1, slot: 2673)
2026-01-29T11:05:44.020988Z DEBUG arx::units::mempool_unit: arx/src/units/mempool_unit.rs:99: Received mempool update for account
2026-01-29T11:05:44.021024Z DEBUG arx::units::mempool_unit: arx/src/units/mempool_unit.rs:129: Mempool contains the same computations, skipping update
2026-01-29T11:05:44.022734Z DEBUG arx::coordinator: arx/src/coordinator.rs:470: Coordinator prefetched computation ArxComputation 144138151819851589779208113767580332136 (cluster_offset: 0)
2026-01-29T11:05:44.022774Z DEBUG arx::coordinator: arx/src/coordinator.rs:486: Coordinator fetched computation ArxComputation 144138151819851589779208113767580332136 (cluster_offset: 0) inputs
2026-01-29T11:05:44.022785Z DEBUG arx::units::cache_unit: arx/src/units/cache_unit.rs:168: Processing fetched computation: ArxComputationReference: 15497086138602272554
2026-01-29T11:05:44.022799Z DEBUG arx::units::cache_unit: arx/src/units/cache_unit.rs:269: Processing fetched inputs: ArxComputation 144138151819851589779208113767580332136 (cluster_offset: 0)
2026-01-29T11:05:44.022879Z DEBUG arx::units::circuit_unit: arx/src/units/circuit_unit.rs:243: Processing computation definition: AtDdpxywFm79JA9eQ91ZqKamqVuz1n6xDJFJyNEEfKme
2026-01-29T11:05:44.023359Z DEBUG arx::units::circuit_unit: arx/src/units/circuit_unit.rs:452: Fetching offchain circuit data from: http://172.20.0.2:8080/init_user_position.arcis
2026-01-29T11:05:49.108942Z DEBUG arx::units::bls_unit: arx/src/units/bls_unit.rs:111: BLS unit accepted connection from 172.20.0.101:39452
2026-01-29T11:05:49.109077Z DEBUG arx::units::bls_unit: arx/src/units/bls_unit.rs:126: BLS unit received incoming signature for 15497086138602272554
2026-01-29T11:05:49.109091Z DEBUG arx::units::bls_unit: arx/src/units/bls_unit.rs:223: Stored signature for computation_offset 15497086138602272554 (1/2)
2026-01-29T11:05:49.109098Z DEBUG arx::units::bls_unit: arx/src/units/bls_unit.rs:233: Not ready to aggregate signatures for computation_offset 15497086138602272554, received signature will be stored but not aggregated
2026-01-29T11:05:49.109102Z DEBUG arx::units::bls_unit: arx/src/units/bls_unit.rs:130: BLS unit processed incoming signature for 15497086138602272554
2026-01-29T11:05:49.143047Z ERROR arx::units::circuit_unit: arx/src/units/circuit_unit.rs:169: Failed to process computation definition AtDdpxywFm79JA9eQ91ZqKamqVuz1n6xDJFJyNEEfKme: Off-chain circuit fetch failed for source http://172.20.0.2:8080/init_user_position.arcis: error sending request for url (http://172.20.0.2:8080/init_user_position.arcis): error trying to connect: tcp connect error: No route to host (os error 113)
2026-01-29T11:05:49.143116Z DEBUG arx::coordinator: arx/src/coordinator.rs:390: Coordinator received circuit unit error for computation definition AtDdpxywFm79JA9eQ91ZqKamqVuz1n6xDJFJyNEEfKme (Off-chain circuit fetch failed for source http://172.20.0.2:8080/init_user_position.arcis: error sending request for url (http://172.20.0.2:8080/init_user_position.arcis): error trying to connect: tcp connect error: No route to host (os error 113))
2026-01-29T11:05:49.143130Z DEBUG arx::units::cache_unit: arx/src/units/cache_unit.rs:234: Processing failed circuit fetch: AtDdpxywFm79JA9eQ91ZqKamqVuz1n6xDJFJyNEEfKme
2026-01-29T11:05:49.143170Z DEBUG arx::coordinator: arx/src/coordinator.rs:342: Coordinator received cache unit circuit error for computation: ArxComputation 144138151819851589779208113767580332136 (cluster_offset: 0)
2026-01-29T11:05:49.143184Z DEBUG arx::units::bls_unit: arx/src/units/bls_unit.rs:96: BLS unit received signature request: ArxComputation 144138151819851589779208113767580332136 (cluster_offset: 0)
2026-01-29T11:05:49.143191Z DEBUG arx::units::bls_unit: arx/src/units/bls_unit.rs:163: Message to sign length: [113, 10, 0, 0, 0, 0, 0, 0, 1, 0]
2026-01-29T11:05:49.143821Z DEBUG arx::coordinator: arx/src/coordinator.rs:281: Coordinator received bls unit output: ArxComputation 144138151819851589779208113767580332136 (cluster_offset: 0)
2026-01-29T11:05:49.143902Z DEBUG arx::units::state_unit: arx/src/units/state_unit.rs:148: Processing signed computation
2026-01-29T11:05:49.144099Z DEBUG arx::units::bls_unit: arx/src/units/bls_unit.rs:313: Pushed signature to peer 172.20.0.101:8002
2026-01-29T11:05:49.144220Z DEBUG arx::units::computation_transaction_unit: arx/src/units/computation_transaction_unit.rs:429: Processing callback for computation ArxComputation 144138151819851589779208113767580332136 (cluster_offset: 0)
2026-01-29T11:05:49.149102Z DEBUG arx::units::computation_transaction_unit: arx/src/units/computation_transaction_unit.rs:409: Transaction simulation consumed 49463 compute units
2026-01-29T11:05:49.150096Z DEBUG arx::units::computation_transaction_unit: arx/src/units/computation_transaction_unit.rs:236: Fee calculation: base_fee=5000, compute_units=49463, priority_fee=0, total_fee=5000, fee_variance_buffer=1000, concurrent_callback_buffer=50000
2026-01-29T11:05:49.150405Z DEBUG arx::units::computation_transaction_unit: arx/src/units/computation_transaction_unit.rs:376: Fresh balance range: fresh_balance=999998251960, min=999998195960, max=999998247960, total_fee=5000, staleness_reduction=true
2026-01-29T11:05:49.653537Z ERROR arx::units::computation_transaction_unit: arx/src/units/computation_transaction_unit.rs:803: Failed to send callback computation tx for mxe FMMVCEygM2ewq4y4fmE5UDuyfhuoz4bXmEDDeg9iFPpL error Error { request: None, kind: TransactionError(InstructionError(1, Custom(6000))) }
2026-01-29T11:05:49.653616Z  WARN arx::units::computation_transaction_unit: arx/src/units/computation_transaction_unit.rs:488: Attempt 1/5: error while calling post_callback_onchain(rpc, &tx, mxe): Solana network error: Failed to send callback computation tx for mxe FMMVCEygM2ewq4y4fmE5UDuyfhuoz4bXmEDDeg9iFPpL error Error { request: None, kind: TransactionError(InstructionError(1, Custom(6000))) }
2026-01-29T11:05:51.665416Z ERROR arx::units::computation_transaction_unit: arx/src/units/computation_transaction_unit.rs:803: Failed to send callback computation tx for mxe FMMVCEygM2ewq4y4fmE5UDuyfhuoz4bXmEDDeg9iFPpL error Error { request: None, kind: TransactionError(InstructionError(1, Custom(6000))) }
2026-01-29T11:05:51.665483Z  WARN arx::units::computation_transaction_unit: arx/src/units/computation_transaction_unit.rs:488: Attempt 2/5: error while calling post_callback_onchain(rpc, &tx, mxe): Solana network error: Failed to send callback computation tx for mxe FMMVCEygM2ewq4y4fmE5UDuyfhuoz4bXmEDDeg9iFPpL error Error { request: None, kind: TransactionError(InstructionError(1, Custom(6000))) }
2026-01-29T11:05:55.669055Z ERROR arx::units::computation_transaction_unit: arx/src/units/computation_transaction_unit.rs:803: Failed to send callback computation tx for mxe FMMVCEygM2ewq4y4fmE5UDuyfhuoz4bXmEDDeg9iFPpL error Error { request: None, kind: TransactionError(InstructionError(1, Custom(6000))) }
2026-01-29T11:05:55.669106Z  WARN arx::units::computation_transaction_unit: arx/src/units/computation_transaction_unit.rs:488: Attempt 3/5: error while calling post_callback_onchain(rpc, &tx, mxe): Solana network error: Failed to send callback computation tx for mxe FMMVCEygM2ewq4y4fmE5UDuyfhuoz4bXmEDDeg9iFPpL error Error { request: None, kind: TransactionError(InstructionError(1, Custom(6000))) }
2026-01-29T11:06:01.518003Z  WARN arx::program: arx/src/program.rs:323: Pub/sub connection closed or error occurred, reconnecting...
2026-01-29T11:06:01.518082Z  INFO arx::program: arx/src/program.rs:328: Reconnecting pub/sub client
2026-01-29T11:06:01.518440Z  WARN arx::program: arx/src/program.rs:323: Pub/sub connection closed or error occurred, reconnecting...
2026-01-29T11:06:01.518467Z  INFO arx::program: arx/src/program.rs:328: Reconnecting pub/sub client
2026-01-29T11:06:01.518895Z  WARN arx::program: arx/src/program.rs:372: Attempt 1/5: error while calling async
{
    PubsubClient::new(wss_url).await.map_err(|e|
    ArxError::Solana(format!("Failed to create new pub/sub: {}", e)))
}: Solana network error: Failed to create new pub/sub: unable to connect to server
2026-01-29T11:06:01.518926Z  WARN arx::program: arx/src/program.rs:372: Attempt 1/5: error while calling async
{
    PubsubClient::new(wss_url).await.map_err(|e|
    ArxError::Solana(format!("Failed to create new pub/sub: {}", e)))
}: Solana network error: Failed to create new pub/sub: unable to connect to server
2026-01-29T11:06:03.520240Z  WARN arx::program: arx/src/program.rs:372: Attempt 2/5: error while calling async
{
    PubsubClient::new(wss_url).await.map_err(|e|
    ArxError::Solana(format!("Failed to create new pub/sub: {}", e)))
}: Solana network error: Failed to create new pub/sub: unable to connect to server
2026-01-29T11:06:03.520250Z  WARN arx::program: arx/src/program.rs:372: Attempt 2/5: error while calling async
{
    PubsubClient::new(wss_url).await.map_err(|e|
    ArxError::Solana(format!("Failed to create new pub/sub: {}", e)))
}: Solana network error: Failed to create new pub/sub: unable to connect to server
2026-01-29T11:06:03.670125Z ERROR arx::units::computation_transaction_unit: arx/src/units/computation_transaction_unit.rs:803: Failed to send callback computation tx for mxe FMMVCEygM2ewq4y4fmE5UDuyfhuoz4bXmEDDeg9iFPpL error Error { request: Some(SendTransaction), kind: Reqwest(reqwest::Error { kind: Request, url: "http://host.docker.internal:8899/", source: hyper_util::client::legacy::Error(Connect, ConnectError("tcp connect error", 172.17.0.1:8899, Os { code: 111, kind: ConnectionRefused, message: "Connection refused" })) }) }
2026-01-29T11:06:03.670202Z  WARN arx::units::computation_transaction_unit: arx/src/units/computation_transaction_unit.rs:488: Attempt 4/5: error while calling post_callback_onchain(rpc, &tx, mxe): Solana network error: Failed to send callback computation tx for mxe FMMVCEygM2ewq4y4fmE5UDuyfhuoz4bXmEDDeg9iFPpL error Error { request: Some(SendTransaction), kind: Reqwest(reqwest::Error { kind: Request, url: "http://host.docker.internal:8899/", source: hyper_util::client::legacy::Error(Connect, ConnectError("tcp connect error", 172.17.0.1:8899, Os { code: 111, kind: ConnectionRefused, message: "Connection refused" })) }) }
2026-01-29T11:06:07.520859Z  WARN arx::program: arx/src/program.rs:372: Attempt 3/5: error while calling async
{
    PubsubClient::new(wss_url).await.map_err(|e|
    ArxError::Solana(format!("Failed to create new pub/sub: {}", e)))
}: Solana network error: Failed to create new pub/sub: unable to connect to server
2026-01-29T11:06:07.520882Z  WARN arx::program: arx/src/program.rs:372: Attempt 3/5: error while calling async
{
    PubsubClient::new(wss_url).await.map_err(|e|
    ArxError::Solana(format!("Failed to create new pub/sub: {}", e)))
}: Solana network error: Failed to create new pub/sub: unable to connect to server
2026-01-29T11:06:15.522258Z  WARN arx::program: arx/src/program.rs:372: Attempt 4/5: error while calling async
{
    PubsubClient::new(wss_url).await.map_err(|e|
    ArxError::Solana(format!("Failed to create new pub/sub: {}", e)))
}: Solana network error: Failed to create new pub/sub: unable to connect to server
2026-01-29T11:06:15.522355Z  WARN arx::program: arx/src/program.rs:372: Attempt 4/5: error while calling async
{
    PubsubClient::new(wss_url).await.map_err(|e|
    ArxError::Solana(format!("Failed to create new pub/sub: {}", e)))
}: Solana network error: Failed to create new pub/sub: unable to connect to server
2026-01-29T11:06:19.671801Z ERROR arx::units::computation_transaction_unit: arx/src/units/computation_transaction_unit.rs:803: Failed to send callback computation tx for mxe FMMVCEygM2ewq4y4fmE5UDuyfhuoz4bXmEDDeg9iFPpL error Error { request: Some(SendTransaction), kind: Reqwest(reqwest::Error { kind: Request, url: "http://host.docker.internal:8899/", source: hyper_util::client::legacy::Error(Connect, ConnectError("tcp connect error", 172.17.0.1:8899, Os { code: 111, kind: ConnectionRefused, message: "Connection refused" })) }) }
2026-01-29T11:06:19.671872Z  WARN arx::units::computation_transaction_unit: arx/src/units/computation_transaction_unit.rs:488: Attempt 5/5: error while calling post_callback_onchain(rpc, &tx, mxe): Solana network error: Failed to send callback computation tx for mxe FMMVCEygM2ewq4y4fmE5UDuyfhuoz4bXmEDDeg9iFPpL error Error { request: Some(SendTransaction), kind: Reqwest(reqwest::Error { kind: Request, url: "http://host.docker.internal:8899/", source: hyper_util::client::legacy::Error(Connect, ConnectError("tcp connect error", 172.17.0.1:8899, Os { code: 111, kind: ConnectionRefused, message: "Connection refused" })) }) }
2026-01-29T11:06:19.671889Z  WARN arx::units::computation_transaction_unit: arx/src/units/computation_transaction_unit.rs:500: Failed to send callback computation tx after retries for mxe FMMVCEygM2ewq4y4fmE5UDuyfhuoz4bXmEDDeg9iFPpL: Solana("Attempt 5/5: Solana network error: Failed to send callback computation tx for mxe FMMVCEygM2ewq4y4fmE5UDuyfhuoz4bXmEDDeg9iFPpL error Error { request: Some(SendTransaction), kind: Reqwest(reqwest::Error { kind: Request, url: \"http://host.docker.internal:8899/\", source: hyper_util::client::legacy::Error(Connect, ConnectError(\"tcp connect error\", 172.17.0.1:8899, Os { code: 111, kind: ConnectionRefused, message: \"Connection refused\" })) }) }")
2026-01-29T11:06:19.671898Z  WARN arx::units::computation_transaction_unit: arx/src/units/computation_transaction_unit.rs:519: Regular callback failed, sending error claim txs for mxe FMMVCEygM2ewq4y4fmE5UDuyfhuoz4bXmEDDeg9iFPpL
2026-01-29T11:06:19.672822Z ERROR arx::units::computation_transaction_unit: arx/src/units/computation_transaction_unit.rs:554: Failed to send error claim tx for mxe FMMVCEygM2ewq4y4fmE5UDuyfhuoz4bXmEDDeg9iFPpL: Other("error sending request for url (http://host.docker.internal:8899/)")
2026-01-29T11:06:19.672855Z  WARN arx::units::computation_transaction_unit: arx/src/units/computation_transaction_unit.rs:165: Failed to process message Other error: error sending request for url (http://host.docker.internal:8899/)
2026-01-29T11:06:19.672864Z ERROR arx::units::computation_transaction_unit: arx/src/units/computation_transaction_unit.rs:166: Failing to process callback can lead to stale MXE
2026-01-29T11:06:31.524566Z  WARN arx::program: arx/src/program.rs:372: Attempt 5/5: error while calling async
{
    PubsubClient::new(wss_url).await.map_err(|e|
    ArxError::Solana(format!("Failed to create new pub/sub: {}", e)))
}: Solana network error: Failed to create new pub/sub: unable to connect to server
2026-01-29T11:06:31.524583Z  WARN arx::program: arx/src/program.rs:372: Attempt 5/5: error while calling async
{
    PubsubClient::new(wss_url).await.map_err(|e|
    ArxError::Solana(format!("Failed to create new pub/sub: {}", e)))
}: Solana network error: Failed to create new pub/sub: unable to connect to server
2026-01-29T11:06:31.524652Z ERROR arx::program: arx/src/program.rs:332: Failed to reconnect pub/sub client: Solana network error: Attempt 5/5: Solana network error: Failed to create new pub/sub: unable to connect to server, shutting down pub/sub
2026-01-29T11:06:31.524663Z ERROR arx::program: arx/src/program.rs:332: Failed to reconnect pub/sub client: Solana network error: Attempt 5/5: Solana network error: Failed to create new pub/sub: unable to connect to server, shutting down pub/sub
2026-01-29T11:06:31.524666Z  INFO arx::program: arx/src/program.rs:367: Pub/sub client stopped
2026-01-29T11:06:31.524674Z  INFO arx::program: arx/src/program.rs:367: Pub/sub client stopped
2026-01-29T11:06:31.524719Z  INFO arx::units::mempool_unit: arx/src/units/mempool_unit.rs:93: Account channel closed, shutting down
2026-01-29T11:06:31.524719Z  INFO arx::units::execpool_unit: arx/src/units/execpool_unit.rs:95: Account channel closed, shutting down
2026-01-29T11:06:31.524728Z  INFO arx::units::mempool_unit: arx/src/units/mempool_unit.rs:119: Mempool unit stopped
2026-01-29T11:06:31.524736Z  INFO arx::units::execpool_unit: arx/src/units/execpool_unit.rs:121: Execpool unit stopped
2026-01-29T11:06:31.524765Z ERROR arx::coordinator: arx/src/coordinator.rs:571: Mempool unit coordinator task received None message, shutting down
2026-01-29T11:06:31.524767Z ERROR arx::coordinator: arx/src/coordinator.rs:528: Execpool unit coordinator task received None message, shutting down
2026-01-29T11:06:31.524795Z  INFO arx::coordinator: arx/src/coordinator.rs:707: Coordinator cancellation token triggered, shutting down
2026-01-29T11:06:31.524797Z  INFO arx::coordinator: arx/src/coordinator.rs:271: BLS unit coordinator task received cancellation signal
2026-01-29T11:06:31.524814Z  INFO arx::coordinator: arx/src/coordinator.rs:368: Circuit unit coordinator task received cancellation signal
2026-01-29T11:06:31.524825Z  INFO arx::units::circuit_unit: arx/src/units/circuit_unit.rs:147: Coordinator channel closed, shutting down
2026-01-29T11:06:31.524825Z  INFO arx::units::node_transaction_unit: arx/src/units/node_transaction_unit.rs:91: Coordinator channel closed, shutting down
2026-01-29T11:06:31.524826Z  INFO arx::coordinator: arx/src/coordinator.rs:458: Computation unit coordinator task received cancellation signal
2026-01-29T11:06:31.524831Z  INFO arx::units::circuit_unit: arx/src/units/circuit_unit.rs:232: Circuit unit stopped
2026-01-29T11:06:31.524837Z  INFO arx::units::node_transaction_unit: arx/src/units/node_transaction_unit.rs:108: Deactivating node
2026-01-29T11:06:31.524855Z  INFO arx::units::computation_unit: arx/src/units/computation_unit.rs:108: Coordinator channel closed, shutting down
2026-01-29T11:06:31.524862Z  INFO arx::units::computation_unit: arx/src/units/computation_unit.rs:208: Computation unit stopped
2026-01-29T11:06:31.524864Z  INFO arx::coordinator: arx/src/coordinator.rs:414: Computation transaction unit coordinator task received cancellation signal
2026-01-29T11:06:31.524890Z  INFO arx::coordinator: arx/src/coordinator.rs:609: Online phase unit coordinator task received cancellation signal
2026-01-29T11:06:31.524923Z  INFO arx::units::bls_unit: arx/src/units/bls_unit.rs:84: Coordinator channel closed, shutting down BLS unit
2026-01-29T11:06:31.524961Z  INFO arx::units::online_phase_unit: arx/src/units/online_phase_unit.rs:147: Coordinator channel closed, shutting down
2026-01-29T11:06:31.524975Z  INFO arx::units::online_phase_unit: arx/src/units/online_phase_unit.rs:402: Waiting for computations to finish...
2026-01-29T11:06:31.524978Z  INFO arx::coordinator: arx/src/coordinator.rs:310: Cache unit coordinator task received cancellation signal
2026-01-29T11:06:31.525010Z  INFO arx::units::state_unit: arx/src/units/state_unit.rs:125: State unit channel closed, shutting down
2026-01-29T11:06:31.525011Z  INFO arx::units::computation_transaction_unit: arx/src/units/computation_transaction_unit.rs:130: Coordinator channel closed, shutting down
2026-01-29T11:06:31.525017Z  INFO arx::units::state_unit: arx/src/units/state_unit.rs:168: State unit stopped
2026-01-29T11:06:31.525031Z  INFO arx::units::computation_transaction_unit: arx/src/units/computation_transaction_unit.rs:178: Computations transaction unit stopped
2026-01-29T11:06:31.525041Z  INFO arx::units::cache_unit: arx/src/units/cache_unit.rs:97: Coordinator channel closed, shutting down
2026-01-29T11:06:31.525047Z  INFO arx::units::cache_unit: arx/src/units/cache_unit.rs:144: Cache unit stopped
2026-01-29T11:06:31.525051Z  INFO arx::coordinator: arx/src/coordinator.rs:646: State unit coordinator task received cancellation signal
2026-01-29T11:06:31.525274Z  INFO arx: arx/src/main.rs:136: Shutdown channel closed, initiating shutdown
2026-01-29T11:06:31.525405Z  INFO arx: arx/src/main.rs:142: ARX shutting down, waiting for units to complete
2026-01-29T11:06:31.525536Z  WARN arx::program: arx/src/program.rs:158: Attempt 1/5: error while calling async
{
    self.account(account).await.map_err(|e|
    {
        ArxError::Solana(format!("Failed to fetch account {}: {}", account,
        e))
    })
}: Solana network error: Failed to fetch account A1N143n3x4iF7wfvqiqFXtbQxnyNaHBySnPcaYmi9Xak: AccountNotFound: pubkey=A1N143n3x4iF7wfvqiqFXtbQxnyNaHBySnPcaYmi9Xak: error sending request for url (http://host.docker.internal:8899/)
2026-01-29T11:06:31.526313Z DEBUG arx::units::online_phase_unit: arx/src/units/online_phase_unit.rs:420: Unregistered bundler 248016683086310656528149261543419493072 during shutdown
2026-01-29T11:06:31.526336Z  INFO arx::units::online_phase_unit: arx/src/units/online_phase_unit.rs:425: Online phase unit stopped
2026-01-29T11:06:33.527266Z  WARN arx::program: arx/src/program.rs:158: Attempt 2/5: error while calling async
{
    self.account(account).await.map_err(|e|
    {
        ArxError::Solana(format!("Failed to fetch account {}: {}", account,
        e))
    })
}: Solana network error: Failed to fetch account A1N143n3x4iF7wfvqiqFXtbQxnyNaHBySnPcaYmi9Xak: AccountNotFound: pubkey=A1N143n3x4iF7wfvqiqFXtbQxnyNaHBySnPcaYmi9Xak: error sending request for url (http://host.docker.internal:8899/)
2026-01-29T11:06:37.529422Z  WARN arx::program: arx/src/program.rs:158: Attempt 3/5: error while calling async
{
    self.account(account).await.map_err(|e|
    {
        ArxError::Solana(format!("Failed to fetch account {}: {}", account,
        e))
    })
}: Solana network error: Failed to fetch account A1N143n3x4iF7wfvqiqFXtbQxnyNaHBySnPcaYmi9Xak: AccountNotFound: pubkey=A1N143n3x4iF7wfvqiqFXtbQxnyNaHBySnPcaYmi9Xak: error sending request for url (http://host.docker.internal:8899/)
2026-01-29T11:06:45.531462Z  WARN arx::program: arx/src/program.rs:158: Attempt 4/5: error while calling async
{
    self.account(account).await.map_err(|e|
    {
        ArxError::Solana(format!("Failed to fetch account {}: {}", account,
        e))
    })
}: Solana network error: Failed to fetch account A1N143n3x4iF7wfvqiqFXtbQxnyNaHBySnPcaYmi9Xak: AccountNotFound: pubkey=A1N143n3x4iF7wfvqiqFXtbQxnyNaHBySnPcaYmi9Xak: error sending request for url (http://host.docker.internal:8899/)
2026-01-29T11:07:01.533610Z  WARN arx::program: arx/src/program.rs:158: Attempt 5/5: error while calling async
{
    self.account(account).await.map_err(|e|
    {
        ArxError::Solana(format!("Failed to fetch account {}: {}", account,
        e))
    })
}: Solana network error: Failed to fetch account A1N143n3x4iF7wfvqiqFXtbQxnyNaHBySnPcaYmi9Xak: AccountNotFound: pubkey=A1N143n3x4iF7wfvqiqFXtbQxnyNaHBySnPcaYmi9Xak: error sending request for url (http://host.docker.internal:8899/)
2026-01-29T11:07:01.533676Z  WARN arx::units::node_transaction_unit: arx/src/units/node_transaction_unit.rs:109: Attempt 1/5: error while calling self.deactivate_node(): Solana network error: Attempt 5/5: Solana network error: Failed to fetch account A1N143n3x4iF7wfvqiqFXtbQxnyNaHBySnPcaYmi9Xak: AccountNotFound: pubkey=A1N143n3x4iF7wfvqiqFXtbQxnyNaHBySnPcaYmi9Xak: error sending request for url (http://host.docker.internal:8899/)
2026-01-29T11:07:03.535397Z  WARN arx::program: arx/src/program.rs:158: Attempt 1/5: error while calling async
{
    self.account(account).await.map_err(|e|
    {
        ArxError::Solana(format!("Failed to fetch account {}: {}", account,
        e))
    })
}: Solana network error: Failed to fetch account A1N143n3x4iF7wfvqiqFXtbQxnyNaHBySnPcaYmi9Xak: AccountNotFound: pubkey=A1N143n3x4iF7wfvqiqFXtbQxnyNaHBySnPcaYmi9Xak: error sending request for url (http://host.docker.internal:8899/)
2026-01-29T11:07:05.537360Z  WARN arx::program: arx/src/program.rs:158: Attempt 2/5: error while calling async
{
    self.account(account).await.map_err(|e|
    {
        ArxError::Solana(format!("Failed to fetch account {}: {}", account,
        e))
    })
}: Solana network error: Failed to fetch account A1N143n3x4iF7wfvqiqFXtbQxnyNaHBySnPcaYmi9Xak: AccountNotFound: pubkey=A1N143n3x4iF7wfvqiqFXtbQxnyNaHBySnPcaYmi9Xak: error sending request for url (http://host.docker.internal:8899/)
2026-01-29T11:07:09.539462Z  WARN arx::program: arx/src/program.rs:158: Attempt 3/5: error while calling async
{
    self.account(account).await.map_err(|e|
    {
        ArxError::Solana(format!("Failed to fetch account {}: {}", account,
        e))
    })
}: Solana network error: Failed to fetch account A1N143n3x4iF7wfvqiqFXtbQxnyNaHBySnPcaYmi9Xak: AccountNotFound: pubkey=A1N143n3x4iF7wfvqiqFXtbQxnyNaHBySnPcaYmi9Xak: error sending request for url (http://host.docker.internal:8899/)
2026-01-29T11:07:17.541717Z  WARN arx::program: arx/src/program.rs:158: Attempt 4/5: error while calling async
{
    self.account(account).await.map_err(|e|
    {
        ArxError::Solana(format!("Failed to fetch account {}: {}", account,
        e))
    })
}: Solana network error: Failed to fetch account A1N143n3x4iF7wfvqiqFXtbQxnyNaHBySnPcaYmi9Xak: AccountNotFound: pubkey=A1N143n3x4iF7wfvqiqFXtbQxnyNaHBySnPcaYmi9Xak: error sending request for url (http://host.docker.internal:8899/)
2026-01-29T11:07:33.545185Z  WARN arx::program: arx/src/program.rs:158: Attempt 5/5: error while calling async
{
    self.account(account).await.map_err(|e|
    {
        ArxError::Solana(format!("Failed to fetch account {}: {}", account,
        e))
    })
}: Solana network error: Failed to fetch account A1N143n3x4iF7wfvqiqFXtbQxnyNaHBySnPcaYmi9Xak: AccountNotFound: pubkey=A1N143n3x4iF7wfvqiqFXtbQxnyNaHBySnPcaYmi9Xak: error sending request for url (http://host.docker.internal:8899/)
2026-01-29T11:07:33.545251Z  WARN arx::units::node_transaction_unit: arx/src/units/node_transaction_unit.rs:109: Attempt 2/5: error while calling self.deactivate_node(): Solana network error: Attempt 5/5: Solana network error: Failed to fetch account A1N143n3x4iF7wfvqiqFXtbQxnyNaHBySnPcaYmi9Xak: AccountNotFound: pubkey=A1N143n3x4iF7wfvqiqFXtbQxnyNaHBySnPcaYmi9Xak: error sending request for url (http://host.docker.internal:8899/)
2026-01-29T11:07:37.546085Z  WARN arx::program: arx/src/program.rs:158: Attempt 1/5: error while calling async
{
    self.account(account).await.map_err(|e|
    {
        ArxError::Solana(format!("Failed to fetch account {}: {}", account,
        e))
    })
}: Solana network error: Failed to fetch account A1N143n3x4iF7wfvqiqFXtbQxnyNaHBySnPcaYmi9Xak: AccountNotFound: pubkey=A1N143n3x4iF7wfvqiqFXtbQxnyNaHBySnPcaYmi9Xak: error sending request for url (http://host.docker.internal:8899/)
2026-01-29T11:07:39.547352Z  WARN arx::program: arx/src/program.rs:158: Attempt 2/5: error while calling async
{
    self.account(account).await.map_err(|e|
    {
        ArxError::Solana(format!("Failed to fetch account {}: {}", account,
        e))
    })
}: Solana network error: Failed to fetch account A1N143n3x4iF7wfvqiqFXtbQxnyNaHBySnPcaYmi9Xak: AccountNotFound: pubkey=A1N143n3x4iF7wfvqiqFXtbQxnyNaHBySnPcaYmi9Xak: error sending request for url (http://host.docker.internal:8899/)
2026-01-29T11:07:43.549170Z  WARN arx::program: arx/src/program.rs:158: Attempt 3/5: error while calling async
{
    self.account(account).await.map_err(|e|
    {
        ArxError::Solana(format!("Failed to fetch account {}: {}", account,
        e))
    })
}: Solana network error: Failed to fetch account A1N143n3x4iF7wfvqiqFXtbQxnyNaHBySnPcaYmi9Xak: AccountNotFound: pubkey=A1N143n3x4iF7wfvqiqFXtbQxnyNaHBySnPcaYmi9Xak: error sending request for url (http://host.docker.internal:8899/)
2026-01-29T11:07:51.551003Z  WARN arx::program: arx/src/program.rs:158: Attempt 4/5: error while calling async
{
    self.account(account).await.map_err(|e|
    {
        ArxError::Solana(format!("Failed to fetch account {}: {}", account,
        e))
    })
}: Solana network error: Failed to fetch account A1N143n3x4iF7wfvqiqFXtbQxnyNaHBySnPcaYmi9Xak: AccountNotFound: pubkey=A1N143n3x4iF7wfvqiqFXtbQxnyNaHBySnPcaYmi9Xak: error sending request for url (http://host.docker.internal:8899/)
2026-01-29T11:08:07.552647Z  WARN arx::program: arx/src/program.rs:158: Attempt 5/5: error while calling async
{
    self.account(account).await.map_err(|e|
    {
        ArxError::Solana(format!("Failed to fetch account {}: {}", account,
        e))
    })
}: Solana network error: Failed to fetch account A1N143n3x4iF7wfvqiqFXtbQxnyNaHBySnPcaYmi9Xak: AccountNotFound: pubkey=A1N143n3x4iF7wfvqiqFXtbQxnyNaHBySnPcaYmi9Xak: error sending request for url (http://host.docker.internal:8899/)
2026-01-29T11:08:07.552717Z  WARN arx::units::node_transaction_unit: arx/src/units/node_transaction_unit.rs:109: Attempt 3/5: error while calling self.deactivate_node(): Solana network error: Attempt 5/5: Solana network error: Failed to fetch account A1N143n3x4iF7wfvqiqFXtbQxnyNaHBySnPcaYmi9Xak: AccountNotFound: pubkey=A1N143n3x4iF7wfvqiqFXtbQxnyNaHBySnPcaYmi9Xak: error sending request for url (http://host.docker.internal:8899/)
2026-01-29T11:08:15.554395Z  WARN arx::program: arx/src/program.rs:158: Attempt 1/5: error while calling async
{
    self.account(account).await.map_err(|e|
    {
        ArxError::Solana(format!("Failed to fetch account {}: {}", account,
        e))
    })
}: Solana network error: Failed to fetch account A1N143n3x4iF7wfvqiqFXtbQxnyNaHBySnPcaYmi9Xak: AccountNotFound: pubkey=A1N143n3x4iF7wfvqiqFXtbQxnyNaHBySnPcaYmi9Xak: error sending request for url (http://host.docker.internal:8899/)
2026-01-29T11:08:17.556351Z  WARN arx::program: arx/src/program.rs:158: Attempt 2/5: error while calling async
{
    self.account(account).await.map_err(|e|
    {
        ArxError::Solana(format!("Failed to fetch account {}: {}", account,
        e))
    })
}: Solana network error: Failed to fetch account A1N143n3x4iF7wfvqiqFXtbQxnyNaHBySnPcaYmi9Xak: AccountNotFound: pubkey=A1N143n3x4iF7wfvqiqFXtbQxnyNaHBySnPcaYmi9Xak: error sending request for url (http://host.docker.internal:8899/)
2026-01-29T11:08:21.558551Z  WARN arx::program: arx/src/program.rs:158: Attempt 3/5: error while calling async
{
    self.account(account).await.map_err(|e|
    {
        ArxError::Solana(format!("Failed to fetch account {}: {}", account,
        e))
    })
}: Solana network error: Failed to fetch account A1N143n3x4iF7wfvqiqFXtbQxnyNaHBySnPcaYmi9Xak: AccountNotFound: pubkey=A1N143n3x4iF7wfvqiqFXtbQxnyNaHBySnPcaYmi9Xak: error sending request for url (http://host.docker.internal:8899/)
2026-01-29T11:08:29.560439Z  WARN arx::program: arx/src/program.rs:158: Attempt 4/5: error while calling async
{
    self.account(account).await.map_err(|e|
    {
        ArxError::Solana(format!("Failed to fetch account {}: {}", account,
        e))
    })
}: Solana network error: Failed to fetch account A1N143n3x4iF7wfvqiqFXtbQxnyNaHBySnPcaYmi9Xak: AccountNotFound: pubkey=A1N143n3x4iF7wfvqiqFXtbQxnyNaHBySnPcaYmi9Xak: error sending request for url (http://host.docker.internal:8899/)
2026-01-29T11:08:45.562328Z  WARN arx::program: arx/src/program.rs:158: Attempt 5/5: error while calling async
{
    self.account(account).await.map_err(|e|
    {
        ArxError::Solana(format!("Failed to fetch account {}: {}", account,
        e))
    })
}: Solana network error: Failed to fetch account A1N143n3x4iF7wfvqiqFXtbQxnyNaHBySnPcaYmi9Xak: AccountNotFound: pubkey=A1N143n3x4iF7wfvqiqFXtbQxnyNaHBySnPcaYmi9Xak: error sending request for url (http://host.docker.internal:8899/)
2026-01-29T11:08:45.562398Z  WARN arx::units::node_transaction_unit: arx/src/units/node_transaction_unit.rs:109: Attempt 4/5: error while calling self.deactivate_node(): Solana network error: Attempt 5/5: Solana network error: Failed to fetch account A1N143n3x4iF7wfvqiqFXtbQxnyNaHBySnPcaYmi9Xak: AccountNotFound: pubkey=A1N143n3x4iF7wfvqiqFXtbQxnyNaHBySnPcaYmi9Xak: error sending request for url (http://host.docker.internal:8899/)
2026-01-29T11:09:01.564516Z  WARN arx::program: arx/src/program.rs:158: Attempt 1/5: error while calling async
{
    self.account(account).await.map_err(|e|
    {
        ArxError::Solana(format!("Failed to fetch account {}: {}", account,
        e))
    })
}: Solana network error: Failed to fetch account A1N143n3x4iF7wfvqiqFXtbQxnyNaHBySnPcaYmi9Xak: AccountNotFound: pubkey=A1N143n3x4iF7wfvqiqFXtbQxnyNaHBySnPcaYmi9Xak: error sending request for url (http://host.docker.internal:8899/)
2026-01-29T11:09:03.566439Z  WARN arx::program: arx/src/program.rs:158: Attempt 2/5: error while calling async
{
    self.account(account).await.map_err(|e|
    {
        ArxError::Solana(format!("Failed to fetch account {}: {}", account,
        e))
    })
}: Solana network error: Failed to fetch account A1N143n3x4iF7wfvqiqFXtbQxnyNaHBySnPcaYmi9Xak: AccountNotFound: pubkey=A1N143n3x4iF7wfvqiqFXtbQxnyNaHBySnPcaYmi9Xak: error sending request for url (http://host.docker.internal:8899/)
2026-01-29T11:09:07.568792Z  WARN arx::program: arx/src/program.rs:158: Attempt 3/5: error while calling async
{
    self.account(account).await.map_err(|e|
    {
        ArxError::Solana(format!("Failed to fetch account {}: {}", account,
        e))
    })
}: Solana network error: Failed to fetch account A1N143n3x4iF7wfvqiqFXtbQxnyNaHBySnPcaYmi9Xak: AccountNotFound: pubkey=A1N143n3x4iF7wfvqiqFXtbQxnyNaHBySnPcaYmi9Xak: error sending request for url (http://host.docker.internal:8899/)
2026-01-29T11:09:15.572488Z  WARN arx::program: arx/src/program.rs:158: Attempt 4/5: error while calling async
{
    self.account(account).await.map_err(|e|
    {
        ArxError::Solana(format!("Failed to fetch account {}: {}", account,
        e))
    })
}: Solana network error: Failed to fetch account A1N143n3x4iF7wfvqiqFXtbQxnyNaHBySnPcaYmi9Xak: AccountNotFound: pubkey=A1N143n3x4iF7wfvqiqFXtbQxnyNaHBySnPcaYmi9Xak: error sending request for url (http://host.docker.internal:8899/)
2026-01-29T11:09:31.574407Z  WARN arx::program: arx/src/program.rs:158: Attempt 5/5: error while calling async
{
    self.account(account).await.map_err(|e|
    {
        ArxError::Solana(format!("Failed to fetch account {}: {}", account,
        e))
    })
}: Solana network error: Failed to fetch account A1N143n3x4iF7wfvqiqFXtbQxnyNaHBySnPcaYmi9Xak: AccountNotFound: pubkey=A1N143n3x4iF7wfvqiqFXtbQxnyNaHBySnPcaYmi9Xak: error sending request for url (http://host.docker.internal:8899/)
2026-01-29T11:09:31.574464Z  WARN arx::units::node_transaction_unit: arx/src/units/node_transaction_unit.rs:109: Attempt 5/5: error while calling self.deactivate_node(): Solana network error: Attempt 5/5: Solana network error: Failed to fetch account A1N143n3x4iF7wfvqiqFXtbQxnyNaHBySnPcaYmi9Xak: AccountNotFound: pubkey=A1N143n3x4iF7wfvqiqFXtbQxnyNaHBySnPcaYmi9Xak: error sending request for url (http://host.docker.internal:8899/)
2026-01-29T11:09:31.574475Z ERROR arx::units::node_transaction_unit: arx/src/units/node_transaction_unit.rs:114: Failed to deactivate node: Solana network error: Attempt 5/5: Solana network error: Attempt 5/5: Solana network error: Failed to fetch account A1N143n3x4iF7wfvqiqFXtbQxnyNaHBySnPcaYmi9Xak: AccountNotFound: pubkey=A1N143n3x4iF7wfvqiqFXtbQxnyNaHBySnPcaYmi9Xak: error sending request for url (http://host.docker.internal:8899/), shutting down
