2026-01-30T05:32:19.392438Z  INFO arx::metrics: arx/src/metrics.rs:524: Node metrics initialized: version=0.6.5, cluster=0, node=0
2026-01-30T05:32:19.473609Z DEBUG arx::units::online_phase_unit::key_material: arx/src/units/online_phase_unit/key_material.rs:165: Loading key material from path /usr/arx-node/private-shares and /usr/arx-node/public-inputs
2026-01-30T05:32:19.473874Z ERROR arx::units::online_phase_unit: arx/src/units/online_phase_unit.rs:115: Failed to load MXE key material: Other("Failed to read directory /usr/arx-node/private-shares: No such file or directory (os error 2)")
2026-01-30T05:32:19.473958Z  INFO arx::units::cache_unit: arx/src/units/cache_unit.rs:91: Cache unit started
2026-01-30T05:32:19.473980Z  INFO arx: arx/src/main.rs:122: Starting metrics server
2026-01-30T05:32:19.474010Z  INFO arx: arx/src/main.rs:127: Starting ARX coordinator
2026-01-30T05:32:19.474018Z  INFO arx::units::computation_unit: arx/src/units/computation_unit.rs:99: Inputs unit started
2026-01-30T05:32:19.473998Z  INFO arx::units::circuit_unit: arx/src/units/circuit_unit.rs:141: Circuit unit started
2026-01-30T05:32:19.474043Z  INFO arx::units::node_transaction_unit: arx/src/units/node_transaction_unit.rs:65: Node transaction unit started
2026-01-30T05:32:19.474077Z  INFO arx::units::node_transaction_unit: arx/src/units/node_transaction_unit.rs:67: Activating node
2026-01-30T05:32:19.474083Z  INFO arx::units::state_unit: arx/src/units/state_unit.rs:112: State unit started
2026-01-30T05:32:19.474043Z  INFO arx::units::computation_transaction_unit: arx/src/units/computation_transaction_unit.rs:124: Computation transaction unit started
2026-01-30T05:32:19.474114Z  INFO arx::units::execpool_unit: arx/src/units/execpool_unit.rs:65: Execpool unit started
2026-01-30T05:32:19.474106Z  INFO arx::units::bls_unit: arx/src/units/bls_unit.rs:78: BLS unit started
2026-01-30T05:32:19.474165Z  INFO arx::coordinator: arx/src/coordinator.rs:225: Coordinator started
2026-01-30T05:32:19.474123Z  INFO arx::units::mempool_unit: arx/src/units/mempool_unit.rs:63: Mempool unit started
2026-01-30T05:32:19.474274Z  INFO arx::program: arx/src/program.rs:227: Pub/sub client started
2026-01-30T05:32:19.474285Z  INFO arx::program: arx/src/program.rs:229: Connecting initial pub/sub
2026-01-30T05:32:19.474378Z  INFO arx::program: arx/src/program.rs:227: Pub/sub client started
2026-01-30T05:32:19.474389Z  INFO arx::program: arx/src/program.rs:229: Connecting initial pub/sub
2026-01-30T05:32:19.474154Z  INFO arx::units::online_phase_unit: arx/src/units/online_phase_unit.rs:139: Online phase unit started
2026-01-30T05:32:19.478542Z  INFO arx::metrics: arx/src/metrics.rs:312: Metrics server listening on http://0.0.0.0:9091/metrics
2026-01-30T05:32:19.491453Z  INFO arx::program: arx/src/program.rs:269: Fetching initial state for account: 9rUSnh5VrMtRUrJrgAUwcyWvL9NYkscAsDFS5RjPW6Da
2026-01-30T05:32:19.491511Z  INFO arx::program: arx/src/program.rs:269: Fetching initial state for account: 9EDLm5KDKc1Pf8m587kdxPMvQBNETNahcCfHLNcQ1M8W
2026-01-30T05:32:19.514620Z  INFO arx::program: arx/src/program.rs:283: Subscribing to account: 9rUSnh5VrMtRUrJrgAUwcyWvL9NYkscAsDFS5RjPW6Da
2026-01-30T05:32:19.514891Z DEBUG arx::units::mempool_unit: arx/src/units/mempool_unit.rs:99: Received mempool update for account
2026-01-30T05:32:19.514941Z DEBUG arx::units::mempool_unit: arx/src/units/mempool_unit.rs:129: Mempool contains the same computations, skipping update
2026-01-30T05:32:19.514952Z  INFO arx::program: arx/src/program.rs:283: Subscribing to account: 9EDLm5KDKc1Pf8m587kdxPMvQBNETNahcCfHLNcQ1M8W
2026-01-30T05:32:19.515045Z DEBUG arx::units::execpool_unit: arx/src/units/execpool_unit.rs:102: Received execpool update with 1 computations
2026-01-30T05:32:20.017088Z  INFO arx::units::node_transaction_unit: arx/src/units/node_transaction_unit.rs:70: Node activated
2026-01-30T05:32:20.017174Z  INFO arx::coordinator: arx/src/coordinator.rs:257: Node activated, coordinator running
2026-01-30T05:32:20.017242Z DEBUG arx::coordinator: arx/src/coordinator.rs:534: Coordinator received execpool unit message: computations ids: [11839293648692839198]
2026-01-30T05:32:20.017303Z DEBUG arx::units::cache_unit: arx/src/units/cache_unit.rs:154: Processing queued computation: ArxComputationReference: 11839293648692839198
2026-01-30T05:32:20.017303Z DEBUG arx::units::state_unit: arx/src/units/state_unit.rs:258: Processing execpool update
2026-01-30T05:32:20.017325Z DEBUG arx::units::state_unit: arx/src/units/state_unit.rs:300: Prefetching and executing computation: ArxComputationReference: 11839293648692839198 with status (index: 0, slot: 203)
2026-01-30T05:32:20.017336Z DEBUG arx::coordinator: arx/src/coordinator.rs:658: Coordinator received state unit message: prefetch computation: ArxComputationReference: 11839293648692839198
2026-01-30T05:32:20.017343Z DEBUG arx::coordinator: arx/src/coordinator.rs:668: Coordinator received state unit message: execute computation: ArxComputationReference: 11839293648692839198 with status (index: 0, slot: 203)
2026-01-30T05:32:20.018653Z DEBUG arx::coordinator: arx/src/coordinator.rs:470: Coordinator prefetched computation ArxComputation 147710991709456497213197535564486141267 (cluster_offset: 0)
2026-01-30T05:32:20.018716Z DEBUG arx::coordinator: arx/src/coordinator.rs:486: Coordinator fetched computation ArxComputation 147710991709456497213197535564486141267 (cluster_offset: 0) inputs
2026-01-30T05:32:20.018729Z DEBUG arx::units::cache_unit: arx/src/units/cache_unit.rs:168: Processing fetched computation: ArxComputationReference: 11839293648692839198
2026-01-30T05:32:20.018811Z DEBUG arx::units::cache_unit: arx/src/units/cache_unit.rs:269: Processing fetched inputs: ArxComputation 147710991709456497213197535564486141267 (cluster_offset: 0)
2026-01-30T05:32:20.020173Z DEBUG arx::units::circuit_unit: arx/src/units/circuit_unit.rs:243: Processing computation definition: 2FQAxbTSdP5BE5BnoVeY5qa8VKWFHicEAJPiZ4iWT52z
2026-01-30T05:32:20.021028Z DEBUG arx::units::circuit_unit: arx/src/units/circuit_unit.rs:411: Fetching local circuit data from: /usr/arx-node/circuits/mxe_keygen/circuit.arcis
2026-01-30T05:32:20.425521Z DEBUG arx::coordinator: arx/src/coordinator.rs:380: Coordinator received circuit info: CircuitInfo 2FQAxbTSdP5BE5BnoVeY5qa8VKWFHicEAJPiZ4iWT52z
2026-01-30T05:32:20.425595Z DEBUG arx::units::cache_unit: arx/src/units/cache_unit.rs:195: Processing fetched circuit: CircuitInfo 2FQAxbTSdP5BE5BnoVeY5qa8VKWFHicEAJPiZ4iWT52z
2026-01-30T05:32:20.425626Z DEBUG arx::coordinator: arx/src/coordinator.rs:322: Coordinator received cache unit prefetched computation: ArxComputationReference: 11839293648692839198
2026-01-30T05:32:20.425633Z DEBUG arx::coordinator: arx/src/coordinator.rs:332: Coordinator received cache unit execute computation: ArxComputation 147710991709456497213197535564486141267 (cluster_offset: 0)
2026-01-30T05:32:20.425651Z DEBUG arx::units::online_phase_unit: arx/src/units/online_phase_unit.rs:183: Connecting to peers (ArxComputation 147710991709456497213197535564486141267 (cluster_offset: 0))
2026-01-30T05:32:20.425702Z DEBUG arx::units::state_unit: arx/src/units/state_unit.rs:323: Processing prefetched computation
2026-01-30T05:32:20.514397Z DEBUG arx::units::online_phase_unit: arx/src/units/online_phase_unit.rs:202: Connected to peers (ArxComputation 147710991709456497213197535564486141267 (cluster_offset: 0))
2026-01-30T05:32:20.518770Z DEBUG arx::units::online_phase_unit::preprocessing_bundler: arx/src/units/online_phase_unit/preprocessing_bundler.rs:104: TD registration connection attempt 1 failed with error Os { code: 111, kind: ConnectionRefused, message: "Connection refused" }, retrying in 100ms
2026-01-30T05:32:20.620287Z DEBUG arx::units::online_phase_unit::preprocessing_bundler: arx/src/units/online_phase_unit/preprocessing_bundler.rs:46: Protocol 147438283457911433340656051057242145556 registered successfully
2026-01-30T05:32:20.620800Z DEBUG arx::units::online_phase_unit: arx/src/units/online_phase_unit.rs:343: Created new preprocessing bundler for base_id 147438283457911433340656051057242145556, cache size: 1
2026-01-30T05:32:21.292088Z  INFO arx::units::online_phase_unit: arx/src/units/online_phase_unit.rs:436: Processing Cerberus computation (147710991709456497213197535564486141267)
2026-01-30T05:32:22.531460Z DEBUG arx::coordinator: arx/src/coordinator.rs:619: Coordinator received online unit output: ArxComputation 147710991709456497213197535564486141267 (cluster_offset: 0)
2026-01-30T05:32:22.532337Z DEBUG arx::units::bls_unit: arx/src/units/bls_unit.rs:96: BLS unit received signature request: ArxComputation 147710991709456497213197535564486141267 (cluster_offset: 0)
2026-01-30T05:32:22.532367Z DEBUG arx::units::bls_unit: arx/src/units/bls_unit.rs:163: Message to sign length: [75, 87, 35, 238, 238, 198, 172, 120, 76, 241, 2, 189, 152, 165, 15, 225, 226, 191, 53, 68, 24, 179, 228, 1, 249, 30, 160, 135, 243, 201, 99, 46, 132, 46, 42, 180, 141, 78, 104, 0, 25, 83, 133, 150, 159, 34, 68, 224, 50, 183, 174, 87, 222, 140, 173, 223, 29, 48, 248, 145, 105, 230, 3, 235, 174, 198, 202, 135, 89, 53, 164, 186, 77, 78, 135, 93, 24, 23, 234, 214, 143, 99, 193, 163, 55, 168, 103, 165, 198, 119, 109, 158, 112, 80, 94, 117, 18, 156, 49, 165, 146, 112, 216, 171, 253, 6, 215, 140, 234, 43, 209, 42, 89, 253, 44, 61, 158, 77, 241, 134, 185, 224, 14, 121, 88, 230, 162, 40, 250, 135, 27, 55, 91, 77, 17, 176, 93, 207, 107, 124, 105, 207, 105, 111, 177, 50, 3, 76, 4, 190, 169, 5, 155, 228, 112, 115, 89, 122, 4, 5, 0, 0, 0, 0, 0, 0, 0, 0, 0, 0]
2026-01-30T05:32:22.531461Z DEBUG arx::units::online_phase_unit: arx/src/units/online_phase_unit.rs:159: Setting MXE key material for 32AfHsKshTPETofiAcECgNXeSLKztwzVH1qXju3dpA3K
2026-01-30T05:32:22.532569Z DEBUG arx::units::state_unit: arx/src/units/state_unit.rs:140: Processing outputed computation
2026-01-30T05:32:22.533986Z DEBUG arx::units::bls_unit: arx/src/units/bls_unit.rs:196: Not ready to aggregate signatures for computation_offset 11839293648692839198, our signature will be stored but not aggregated
2026-01-30T05:32:22.534210Z DEBUG arx::units::bls_unit: arx/src/units/bls_unit.rs:111: BLS unit accepted connection from 172.20.0.101:38372
2026-01-30T05:32:22.534262Z DEBUG arx::units::bls_unit: arx/src/units/bls_unit.rs:313: Pushed signature to peer 172.20.0.101:8002
2026-01-30T05:32:22.534673Z DEBUG arx::units::bls_unit: arx/src/units/bls_unit.rs:126: BLS unit received incoming signature for 11839293648692839198
2026-01-30T05:32:22.534709Z DEBUG arx::units::bls_unit: arx/src/units/bls_unit.rs:223: Stored signature for computation_offset 11839293648692839198 (2/2)
2026-01-30T05:32:22.534987Z DEBUG arx::units::bls_unit: arx/src/units/bls_unit.rs:130: BLS unit processed incoming signature for 11839293648692839198
2026-01-30T05:32:22.535286Z DEBUG arx::coordinator: arx/src/coordinator.rs:281: Coordinator received bls unit output: ArxComputation 147710991709456497213197535564486141267 (cluster_offset: 0)
2026-01-30T05:32:22.535309Z DEBUG arx::units::state_unit: arx/src/units/state_unit.rs:148: Processing signed computation
2026-01-30T05:32:22.535883Z DEBUG arx::units::computation_transaction_unit: arx/src/units/computation_transaction_unit.rs:429: Processing callback for computation ArxComputation 147710991709456497213197535564486141267 (cluster_offset: 0)
2026-01-30T05:32:22.547064Z DEBUG arx::units::computation_transaction_unit::keygen: arx/src/units/computation_transaction_unit/keygen.rs:86: ElGamal pubkey validity proof verification passed
2026-01-30T05:32:23.054566Z DEBUG arx::units::computation_transaction_unit::keygen: arx/src/units/computation_transaction_unit/keygen.rs:119: Sent set_mxe_keys tx for mxe 32AfHsKshTPETofiAcECgNXeSLKztwzVH1qXju3dpA3K with sig 5mBUGeagxKazfYbryDxBft5cbf3dkfjGTRi8HRLwAQ6GJkBeZjwyuJY9BxNJsfWhqVuyq4FKVqjcfcy1z7cGZaew
2026-01-30T05:32:23.196003Z DEBUG arx::program: arx/src/program.rs:317: Received update for account: 9rUSnh5VrMtRUrJrgAUwcyWvL9NYkscAsDFS5RjPW6Da
2026-01-30T05:32:23.196112Z DEBUG arx::program: arx/src/program.rs:317: Received update for account: 9EDLm5KDKc1Pf8m587kdxPMvQBNETNahcCfHLNcQ1M8W
2026-01-30T05:32:23.292374Z DEBUG arx::units::execpool_unit: arx/src/units/execpool_unit.rs:102: Received execpool update with 0 computations
2026-01-30T05:32:23.292424Z DEBUG arx::coordinator: arx/src/coordinator.rs:534: Coordinator received execpool unit message: computations ids: []
2026-01-30T05:32:23.292450Z DEBUG arx::units::state_unit: arx/src/units/state_unit.rs:258: Processing execpool update
2026-01-30T05:32:23.292464Z DEBUG arx::units::state_unit: arx/src/units/state_unit.rs:273: Computation executed: ArxComputationReference: 11839293648692839198
|-> prefetch    : +0ms
|-> prefetched  : +408ms
|-> execute     : +0ms
|-> output      : +2515ms
|-> signed      : +2ms
|-> executed    : +757ms

2026-01-30T05:32:23.292521Z DEBUG arx::units::mempool_unit: arx/src/units/mempool_unit.rs:99: Received mempool update for account
2026-01-30T05:32:23.292548Z DEBUG arx::units::mempool_unit: arx/src/units/mempool_unit.rs:129: Mempool contains the same computations, skipping update
2026-01-30T05:32:23.292560Z DEBUG arx::units::state_unit: arx/src/units/state_unit.rs:279: Removing computation from execpool: ArxComputationReference offset: 11839293648692839198
2026-01-30T05:32:23.292587Z DEBUG arx::coordinator: arx/src/coordinator.rs:688: Coordinator received state unit message: executed computation: ArxComputationReference: 11839293648692839198
2026-01-30T05:32:23.292599Z DEBUG arx::units::cache_unit: arx/src/units/cache_unit.rs:302: Processing executed computation: ArxComputationReference: 11839293648692839198
2026-01-30T05:32:23.292605Z DEBUG arx::units::cache_unit: arx/src/units/cache_unit.rs:306: Computation executed and removed from cache: ArxComputationReference: 11839293648692839198
2026-01-30T05:32:23.558892Z DEBUG arx::units::computation_transaction_unit: arx/src/units/computation_transaction_unit.rs:792: Callback computation tx for mxe 32AfHsKshTPETofiAcECgNXeSLKztwzVH1qXju3dpA3K already sent
2026-01-30T05:32:23.559014Z DEBUG arx::coordinator: arx/src/coordinator.rs:426: Coordinator received computation transaction unit callback computation: ArxComputationReference: 11839293648692839198
2026-01-30T05:32:23.559031Z DEBUG arx::units::state_unit: arx/src/units/state_unit.rs:339: Processing executed computation
2026-01-30T05:32:23.559042Z DEBUG arx::units::cache_unit: arx/src/units/cache_unit.rs:302: Processing executed computation: ArxComputationReference: 11839293648692839198
2026-01-30T05:32:23.559049Z  WARN arx::units::cache_unit: arx/src/units/cache_unit.rs:313: Computation info not found in cache: ArxComputationReference: 11839293648692839198
