2026-01-29T11:49:28.404553Z  INFO arx::metrics: arx/src/metrics.rs:524: Node metrics initialized: version=0.6.5, cluster=0, node=0
2026-01-29T11:49:28.478386Z DEBUG arx::units::online_phase_unit::key_material: arx/src/units/online_phase_unit/key_material.rs:165: Loading key material from path /usr/arx-node/private-shares and /usr/arx-node/public-inputs
2026-01-29T11:49:28.486284Z DEBUG arx::units::online_phase_unit::key_material: arx/src/units/online_phase_unit/key_material.rs:179: Loaded key material for MXE: FMMVCEygM2ewq4y4fmE5UDuyfhuoz4bXmEDDeg9iFPpL
2026-01-29T11:49:28.486314Z DEBUG arx::units::online_phase_unit::key_material: arx/src/units/online_phase_unit/key_material.rs:179: Loaded key material for MXE: BtQwsU4iWZboBHfBDMUq6URaR2cSiEjHke3CY15Cg5yJ
2026-01-29T11:49:28.486386Z  INFO arx::units::cache_unit: arx/src/units/cache_unit.rs:91: Cache unit started
2026-01-29T11:49:28.486885Z  INFO arx: arx/src/main.rs:122: Starting metrics server
2026-01-29T11:49:28.486903Z  INFO arx: arx/src/main.rs:127: Starting ARX coordinator
2026-01-29T11:49:28.486877Z  INFO arx::units::circuit_unit: arx/src/units/circuit_unit.rs:141: Circuit unit started
2026-01-29T11:49:28.487298Z  INFO arx::units::computation_transaction_unit: arx/src/units/computation_transaction_unit.rs:124: Computation transaction unit started
2026-01-29T11:49:28.487179Z  INFO arx::units::execpool_unit: arx/src/units/execpool_unit.rs:65: Execpool unit started
2026-01-29T11:49:28.488432Z  INFO arx::coordinator: arx/src/coordinator.rs:225: Coordinator started
2026-01-29T11:49:28.488419Z  INFO arx::units::online_phase_unit: arx/src/units/online_phase_unit.rs:139: Online phase unit started
2026-01-29T11:49:28.488418Z  INFO arx::units::node_transaction_unit: arx/src/units/node_transaction_unit.rs:65: Node transaction unit started
2026-01-29T11:49:28.488503Z  INFO arx::units::node_transaction_unit: arx/src/units/node_transaction_unit.rs:67: Activating node
2026-01-29T11:49:28.488589Z  INFO arx::units::bls_unit: arx/src/units/bls_unit.rs:78: BLS unit started
2026-01-29T11:49:28.488583Z  INFO arx::units::mempool_unit: arx/src/units/mempool_unit.rs:63: Mempool unit started
2026-01-29T11:49:28.488646Z  INFO arx::metrics: arx/src/metrics.rs:312: Metrics server listening on http://0.0.0.0:9091/metrics
2026-01-29T11:49:28.489352Z  INFO arx::program: arx/src/program.rs:227: Pub/sub client started
2026-01-29T11:49:28.489362Z  INFO arx::program: arx/src/program.rs:229: Connecting initial pub/sub
2026-01-29T11:49:28.489458Z  INFO arx::program: arx/src/program.rs:227: Pub/sub client started
2026-01-29T11:49:28.489476Z  INFO arx::program: arx/src/program.rs:229: Connecting initial pub/sub
2026-01-29T11:49:28.492092Z  INFO arx::program: arx/src/program.rs:269: Fetching initial state for account: 9rUSnh5VrMtRUrJrgAUwcyWvL9NYkscAsDFS5RjPW6Da
2026-01-29T11:49:28.492172Z  INFO arx::program: arx/src/program.rs:269: Fetching initial state for account: 9EDLm5KDKc1Pf8m587kdxPMvQBNETNahcCfHLNcQ1M8W
2026-01-29T11:49:28.487338Z  INFO arx::units::computation_unit: arx/src/units/computation_unit.rs:99: Inputs unit started
2026-01-29T11:49:28.488614Z  INFO arx::units::state_unit: arx/src/units/state_unit.rs:112: State unit started
2026-01-29T11:49:28.494509Z  INFO arx::program: arx/src/program.rs:283: Subscribing to account: 9rUSnh5VrMtRUrJrgAUwcyWvL9NYkscAsDFS5RjPW6Da
2026-01-29T11:49:28.494797Z DEBUG arx::units::mempool_unit: arx/src/units/mempool_unit.rs:99: Received mempool update for account
2026-01-29T11:49:28.494838Z DEBUG arx::units::mempool_unit: arx/src/units/mempool_unit.rs:129: Mempool contains the same computations, skipping update
2026-01-29T11:49:28.516658Z  INFO arx::program: arx/src/program.rs:283: Subscribing to account: 9EDLm5KDKc1Pf8m587kdxPMvQBNETNahcCfHLNcQ1M8W
2026-01-29T11:49:28.516827Z DEBUG arx::units::execpool_unit: arx/src/units/execpool_unit.rs:102: Received execpool update with 1 computations
2026-01-29T11:49:29.019799Z  INFO arx::units::node_transaction_unit: arx/src/units/node_transaction_unit.rs:70: Node activated
2026-01-29T11:49:29.019855Z  INFO arx::coordinator: arx/src/coordinator.rs:257: Node activated, coordinator running
2026-01-29T11:49:29.020025Z DEBUG arx::coordinator: arx/src/coordinator.rs:534: Coordinator received execpool unit message: computations ids: [11839293648692839198]
2026-01-29T11:49:29.020045Z DEBUG arx::units::cache_unit: arx/src/units/cache_unit.rs:154: Processing queued computation: ArxComputationReference: 11839293648692839198
2026-01-29T11:49:29.020085Z DEBUG arx::units::state_unit: arx/src/units/state_unit.rs:258: Processing execpool update
2026-01-29T11:49:29.020096Z DEBUG arx::units::state_unit: arx/src/units/state_unit.rs:300: Prefetching and executing computation: ArxComputationReference: 11839293648692839198 with status (index: 0, slot: 203)
2026-01-29T11:49:29.020107Z DEBUG arx::coordinator: arx/src/coordinator.rs:658: Coordinator received state unit message: prefetch computation: ArxComputationReference: 11839293648692839198
2026-01-29T11:49:29.020115Z DEBUG arx::coordinator: arx/src/coordinator.rs:668: Coordinator received state unit message: execute computation: ArxComputationReference: 11839293648692839198 with status (index: 0, slot: 203)
2026-01-29T11:49:29.020834Z DEBUG arx::coordinator: arx/src/coordinator.rs:470: Coordinator prefetched computation ArxComputation 147710991709456497213197535564486141267 (cluster_offset: 0)
2026-01-29T11:49:29.020873Z DEBUG arx::coordinator: arx/src/coordinator.rs:486: Coordinator fetched computation ArxComputation 147710991709456497213197535564486141267 (cluster_offset: 0) inputs
2026-01-29T11:49:29.020881Z DEBUG arx::units::cache_unit: arx/src/units/cache_unit.rs:168: Processing fetched computation: ArxComputationReference: 11839293648692839198
2026-01-29T11:49:29.020962Z DEBUG arx::units::cache_unit: arx/src/units/cache_unit.rs:269: Processing fetched inputs: ArxComputation 147710991709456497213197535564486141267 (cluster_offset: 0)
2026-01-29T11:49:29.021073Z DEBUG arx::units::circuit_unit: arx/src/units/circuit_unit.rs:243: Processing computation definition: 2FQAxbTSdP5BE5BnoVeY5qa8VKWFHicEAJPiZ4iWT52z
2026-01-29T11:49:29.021487Z DEBUG arx::units::circuit_unit: arx/src/units/circuit_unit.rs:411: Fetching local circuit data from: /usr/arx-node/circuits/mxe_keygen/circuit.arcis
2026-01-29T11:49:29.274264Z DEBUG arx::coordinator: arx/src/coordinator.rs:380: Coordinator received circuit info: CircuitInfo 2FQAxbTSdP5BE5BnoVeY5qa8VKWFHicEAJPiZ4iWT52z
2026-01-29T11:49:29.274323Z DEBUG arx::units::cache_unit: arx/src/units/cache_unit.rs:195: Processing fetched circuit: CircuitInfo 2FQAxbTSdP5BE5BnoVeY5qa8VKWFHicEAJPiZ4iWT52z
2026-01-29T11:49:29.274349Z DEBUG arx::coordinator: arx/src/coordinator.rs:322: Coordinator received cache unit prefetched computation: ArxComputationReference: 11839293648692839198
2026-01-29T11:49:29.274356Z DEBUG arx::coordinator: arx/src/coordinator.rs:332: Coordinator received cache unit execute computation: ArxComputation 147710991709456497213197535564486141267 (cluster_offset: 0)
2026-01-29T11:49:29.274376Z DEBUG arx::units::online_phase_unit: arx/src/units/online_phase_unit.rs:183: Connecting to peers (ArxComputation 147710991709456497213197535564486141267 (cluster_offset: 0))
2026-01-29T11:49:29.274500Z DEBUG arx::units::state_unit: arx/src/units/state_unit.rs:323: Processing prefetched computation
2026-01-29T11:49:29.359081Z DEBUG arx::units::online_phase_unit: arx/src/units/online_phase_unit.rs:202: Connected to peers (ArxComputation 147710991709456497213197535564486141267 (cluster_offset: 0))
2026-01-29T11:49:29.363568Z DEBUG arx::units::online_phase_unit::preprocessing_bundler: arx/src/units/online_phase_unit/preprocessing_bundler.rs:104: TD registration connection attempt 1 failed with error Os { code: 111, kind: ConnectionRefused, message: "Connection refused" }, retrying in 100ms
2026-01-29T11:49:29.464663Z DEBUG arx::units::online_phase_unit::preprocessing_bundler: arx/src/units/online_phase_unit/preprocessing_bundler.rs:46: Protocol 147438283457911433340656051057242145556 registered successfully
2026-01-29T11:49:29.481084Z DEBUG arx::units::online_phase_unit: arx/src/units/online_phase_unit.rs:343: Created new preprocessing bundler for base_id 147438283457911433340656051057242145556, cache size: 1
2026-01-29T11:49:30.331206Z  INFO arx::units::online_phase_unit: arx/src/units/online_phase_unit.rs:436: Processing Cerberus computation (147710991709456497213197535564486141267)
2026-01-29T11:50:16.112348Z DEBUG arx::units::online_phase_unit: arx/src/units/online_phase_unit.rs:159: Setting MXE key material for 32AfHsKshTPETofiAcECgNXeSLKztwzVH1qXju3dpA3K
2026-01-29T11:50:16.112357Z DEBUG arx::coordinator: arx/src/coordinator.rs:619: Coordinator received online unit output: ArxComputation 147710991709456497213197535564486141267 (cluster_offset: 0)
2026-01-29T11:50:16.113827Z DEBUG arx::units::bls_unit: arx/src/units/bls_unit.rs:96: BLS unit received signature request: ArxComputation 147710991709456497213197535564486141267 (cluster_offset: 0)
2026-01-29T11:50:16.113847Z DEBUG arx::units::bls_unit: arx/src/units/bls_unit.rs:163: Message to sign length: [75, 87, 35, 238, 238, 198, 172, 120, 76, 241, 2, 189, 152, 165, 15, 225, 226, 191, 53, 68, 24, 179, 228, 1, 249, 30, 160, 135, 243, 201, 99, 46, 132, 46, 42, 180, 141, 78, 104, 0, 25, 83, 133, 150, 159, 34, 68, 224, 50, 183, 174, 87, 222, 140, 173, 223, 29, 48, 248, 145, 105, 230, 3, 235, 174, 198, 202, 135, 89, 53, 164, 186, 77, 78, 135, 93, 24, 23, 234, 214, 143, 99, 193, 163, 55, 168, 103, 165, 198, 119, 109, 158, 112, 80, 94, 117, 18, 156, 49, 165, 146, 112, 216, 171, 253, 6, 215, 140, 234, 43, 209, 42, 89, 253, 44, 61, 158, 77, 241, 134, 185, 224, 14, 121, 88, 230, 162, 40, 250, 135, 27, 55, 91, 77, 17, 176, 93, 207, 107, 124, 105, 207, 105, 111, 177, 50, 3, 76, 4, 190, 169, 5, 155, 228, 112, 115, 89, 122, 4, 5, 0, 0, 0, 0, 0, 0, 0, 0, 0, 0]
2026-01-29T11:50:16.113956Z DEBUG arx::units::state_unit: arx/src/units/state_unit.rs:140: Processing outputed computation
2026-01-29T11:50:16.116407Z DEBUG arx::units::bls_unit: arx/src/units/bls_unit.rs:196: Not ready to aggregate signatures for computation_offset 11839293648692839198, our signature will be stored but not aggregated
2026-01-29T11:50:16.116481Z DEBUG arx::units::bls_unit: arx/src/units/bls_unit.rs:111: BLS unit accepted connection from 172.20.0.101:42950
2026-01-29T11:50:16.116793Z DEBUG arx::units::bls_unit: arx/src/units/bls_unit.rs:126: BLS unit received incoming signature for 11839293648692839198
2026-01-29T11:50:16.116819Z DEBUG arx::units::bls_unit: arx/src/units/bls_unit.rs:223: Stored signature for computation_offset 11839293648692839198 (2/2)
2026-01-29T11:50:16.116864Z DEBUG arx::units::bls_unit: arx/src/units/bls_unit.rs:313: Pushed signature to peer 172.20.0.101:8002
2026-01-29T11:50:16.117084Z DEBUG arx::units::bls_unit: arx/src/units/bls_unit.rs:130: BLS unit processed incoming signature for 11839293648692839198
2026-01-29T11:50:16.117097Z DEBUG arx::coordinator: arx/src/coordinator.rs:281: Coordinator received bls unit output: ArxComputation 147710991709456497213197535564486141267 (cluster_offset: 0)
2026-01-29T11:50:16.117243Z DEBUG arx::units::state_unit: arx/src/units/state_unit.rs:148: Processing signed computation
2026-01-29T11:50:16.117862Z DEBUG arx::units::computation_transaction_unit: arx/src/units/computation_transaction_unit.rs:429: Processing callback for computation ArxComputation 147710991709456497213197535564486141267 (cluster_offset: 0)
2026-01-29T11:50:16.204368Z DEBUG arx::units::computation_transaction_unit::keygen: arx/src/units/computation_transaction_unit/keygen.rs:86: ElGamal pubkey validity proof verification passed
2026-01-29T11:50:18.548168Z DEBUG arx::program: arx/src/program.rs:317: Received update for account: 9rUSnh5VrMtRUrJrgAUwcyWvL9NYkscAsDFS5RjPW6Da
2026-01-29T11:50:18.548631Z DEBUG arx::program: arx/src/program.rs:317: Received update for account: 9EDLm5KDKc1Pf8m587kdxPMvQBNETNahcCfHLNcQ1M8W
2026-01-29T11:50:18.592282Z DEBUG arx::units::execpool_unit: arx/src/units/execpool_unit.rs:102: Received execpool update with 0 computations
2026-01-29T11:50:18.592295Z DEBUG arx::units::mempool_unit: arx/src/units/mempool_unit.rs:99: Received mempool update for account
2026-01-29T11:50:18.592336Z DEBUG arx::coordinator: arx/src/coordinator.rs:534: Coordinator received execpool unit message: computations ids: []
2026-01-29T11:50:18.592363Z DEBUG arx::units::mempool_unit: arx/src/units/mempool_unit.rs:129: Mempool contains the same computations, skipping update
2026-01-29T11:50:18.592372Z DEBUG arx::units::state_unit: arx/src/units/state_unit.rs:258: Processing execpool update
2026-01-29T11:50:18.592399Z DEBUG arx::units::state_unit: arx/src/units/state_unit.rs:273: Computation executed: ArxComputationReference: 11839293648692839198
|-> prefetch    : +0ms
|-> prefetched  : +254ms
|-> execute     : +0ms
|-> output      : +47093ms
|-> signed      : +3ms
|-> executed    : +2475ms

2026-01-29T11:50:18.592785Z DEBUG arx::units::state_unit: arx/src/units/state_unit.rs:279: Removing computation from execpool: ArxComputationReference offset: 11839293648692839198
2026-01-29T11:50:18.592820Z DEBUG arx::coordinator: arx/src/coordinator.rs:688: Coordinator received state unit message: executed computation: ArxComputationReference: 11839293648692839198
2026-01-29T11:50:18.592860Z DEBUG arx::units::cache_unit: arx/src/units/cache_unit.rs:302: Processing executed computation: ArxComputationReference: 11839293648692839198
2026-01-29T11:50:18.592869Z DEBUG arx::units::cache_unit: arx/src/units/cache_unit.rs:306: Computation executed and removed from cache: ArxComputationReference: 11839293648692839198
2026-01-29T11:50:18.771244Z DEBUG arx::units::computation_transaction_unit::keygen: arx/src/units/computation_transaction_unit/keygen.rs:119: Sent set_mxe_keys tx for mxe 32AfHsKshTPETofiAcECgNXeSLKztwzVH1qXju3dpA3K with sig SAQQfgtZRzg9WayvWjY3CMTChBhFeXRASMER9S3M41pgncDKXLpSeU9kRYgeK39tL7smrrKxhdWDBFsu2xNdPZR
2026-01-29T11:50:19.279767Z DEBUG arx::units::computation_transaction_unit: arx/src/units/computation_transaction_unit.rs:792: Callback computation tx for mxe 32AfHsKshTPETofiAcECgNXeSLKztwzVH1qXju3dpA3K already sent
2026-01-29T11:50:19.279927Z DEBUG arx::coordinator: arx/src/coordinator.rs:426: Coordinator received computation transaction unit callback computation: ArxComputationReference: 11839293648692839198
2026-01-29T11:50:19.279958Z DEBUG arx::units::cache_unit: arx/src/units/cache_unit.rs:302: Processing executed computation: ArxComputationReference: 11839293648692839198
2026-01-29T11:50:19.279976Z  WARN arx::units::cache_unit: arx/src/units/cache_unit.rs:313: Computation info not found in cache: ArxComputationReference: 11839293648692839198
2026-01-29T11:50:19.279992Z DEBUG arx::units::state_unit: arx/src/units/state_unit.rs:339: Processing executed computation
2026-01-29T11:50:23.020051Z DEBUG arx::program: arx/src/program.rs:317: Received update for account: 9EDLm5KDKc1Pf8m587kdxPMvQBNETNahcCfHLNcQ1M8W
2026-01-29T11:50:23.020214Z DEBUG arx::program: arx/src/program.rs:317: Received update for account: 9rUSnh5VrMtRUrJrgAUwcyWvL9NYkscAsDFS5RjPW6Da
2026-01-29T11:50:23.092510Z DEBUG arx::units::mempool_unit: arx/src/units/mempool_unit.rs:99: Received mempool update for account
2026-01-29T11:50:23.092557Z DEBUG arx::units::mempool_unit: arx/src/units/mempool_unit.rs:129: Mempool contains the same computations, skipping update
2026-01-29T11:50:23.092607Z DEBUG arx::units::execpool_unit: arx/src/units/execpool_unit.rs:102: Received execpool update with 1 computations
2026-01-29T11:50:23.092665Z DEBUG arx::coordinator: arx/src/coordinator.rs:534: Coordinator received execpool unit message: computations ids: [802998042330476167]
2026-01-29T11:50:23.092707Z DEBUG arx::units::cache_unit: arx/src/units/cache_unit.rs:154: Processing queued computation: ArxComputationReference: 802998042330476167
2026-01-29T11:50:23.092719Z DEBUG arx::units::state_unit: arx/src/units/state_unit.rs:258: Processing execpool update
2026-01-29T11:50:23.092737Z DEBUG arx::units::state_unit: arx/src/units/state_unit.rs:300: Prefetching and executing computation: ArxComputationReference: 802998042330476167 with status (index: 0, slot: 230)
2026-01-29T11:50:23.092753Z DEBUG arx::coordinator: arx/src/coordinator.rs:658: Coordinator received state unit message: prefetch computation: ArxComputationReference: 802998042330476167
2026-01-29T11:50:23.092780Z DEBUG arx::coordinator: arx/src/coordinator.rs:668: Coordinator received state unit message: execute computation: ArxComputationReference: 802998042330476167 with status (index: 0, slot: 230)
2026-01-29T11:50:23.098120Z DEBUG arx::coordinator: arx/src/coordinator.rs:470: Coordinator prefetched computation ArxComputation 324383293514932747478671871179130462650 (cluster_offset: 0)
2026-01-29T11:50:23.098405Z DEBUG arx::coordinator: arx/src/coordinator.rs:486: Coordinator fetched computation ArxComputation 324383293514932747478671871179130462650 (cluster_offset: 0) inputs
2026-01-29T11:50:23.098418Z DEBUG arx::units::cache_unit: arx/src/units/cache_unit.rs:168: Processing fetched computation: ArxComputationReference: 802998042330476167
2026-01-29T11:50:23.098432Z DEBUG arx::units::cache_unit: arx/src/units/cache_unit.rs:269: Processing fetched inputs: ArxComputation 324383293514932747478671871179130462650 (cluster_offset: 0)
2026-01-29T11:50:23.100245Z DEBUG arx::units::circuit_unit: arx/src/units/circuit_unit.rs:243: Processing computation definition: 9bspEcvtsGjP9quzBCSVH4H7vrQzVkUPwp3eoxLdKu8S
2026-01-29T11:50:23.100733Z DEBUG arx::units::circuit_unit: arx/src/units/circuit_unit.rs:452: Fetching offchain circuit data from: https://raw.githubusercontent.com/outsmartchad/zodiac-circuits/main/init_vault.arcis
2026-01-29T11:50:23.272230Z DEBUG arx::coordinator: arx/src/coordinator.rs:380: Coordinator received circuit info: CircuitInfo 9bspEcvtsGjP9quzBCSVH4H7vrQzVkUPwp3eoxLdKu8S
2026-01-29T11:50:23.272284Z DEBUG arx::units::cache_unit: arx/src/units/cache_unit.rs:195: Processing fetched circuit: CircuitInfo 9bspEcvtsGjP9quzBCSVH4H7vrQzVkUPwp3eoxLdKu8S
2026-01-29T11:50:23.272619Z DEBUG arx::coordinator: arx/src/coordinator.rs:322: Coordinator received cache unit prefetched computation: ArxComputationReference: 802998042330476167
2026-01-29T11:50:23.272641Z DEBUG arx::coordinator: arx/src/coordinator.rs:332: Coordinator received cache unit execute computation: ArxComputation 324383293514932747478671871179130462650 (cluster_offset: 0)
2026-01-29T11:50:23.272661Z DEBUG arx::units::online_phase_unit: arx/src/units/online_phase_unit.rs:183: Connecting to peers (ArxComputation 324383293514932747478671871179130462650 (cluster_offset: 0))
2026-01-29T11:50:23.272758Z DEBUG arx::units::state_unit: arx/src/units/state_unit.rs:323: Processing prefetched computation
2026-01-29T11:50:23.273171Z DEBUG arx::units::online_phase_unit: arx/src/units/online_phase_unit.rs:202: Connected to peers (ArxComputation 324383293514932747478671871179130462650 (cluster_offset: 0))
2026-01-29T11:50:23.273203Z DEBUG arx::units::online_phase_unit: arx/src/units/online_phase_unit.rs:294: Reusing cached preprocessing bundler for base_id 147438283457911433340656051057242145556
2026-01-29T11:50:23.322389Z  INFO arx::units::online_phase_unit: arx/src/units/online_phase_unit.rs:436: Processing Cerberus computation (324383293514932747478671871179130462650)
2026-01-29T11:50:23.408892Z DEBUG arx::coordinator: arx/src/coordinator.rs:619: Coordinator received online unit output: ArxComputation 324383293514932747478671871179130462650 (cluster_offset: 0)
2026-01-29T11:50:23.408964Z DEBUG arx::units::bls_unit: arx/src/units/bls_unit.rs:96: BLS unit received signature request: ArxComputation 324383293514932747478671871179130462650 (cluster_offset: 0)
2026-01-29T11:50:23.408973Z DEBUG arx::units::bls_unit: arx/src/units/bls_unit.rs:163: Message to sign length: [159, 30, 188, 90, 206, 102, 212, 29, 131, 70, 138, 110, 24, 109, 177, 34, 5, 233, 50, 195, 66, 77, 246, 194, 53, 38, 118, 167, 87, 76, 58, 150, 177, 32, 245, 239, 203, 24, 58, 53, 54, 126, 118, 225, 171, 93, 19, 8, 39, 2, 246, 152, 86, 13, 125, 80, 48, 204, 42, 15, 176, 38, 215, 186, 201, 160, 124, 47, 113, 128, 230, 44, 77, 169, 192, 90, 51, 12, 89, 88, 36, 50, 40, 207, 129, 17, 211, 34, 51, 31, 190, 254, 185, 131, 141, 114, 152, 237, 87, 93, 51, 222, 194, 42, 13, 163, 196, 249, 250, 108, 94, 18, 230, 0, 0, 0, 0, 0, 0, 0, 0, 0]
2026-01-29T11:50:23.409266Z DEBUG arx::units::bls_unit: arx/src/units/bls_unit.rs:196: Not ready to aggregate signatures for computation_offset 802998042330476167, our signature will be stored but not aggregated
2026-01-29T11:50:23.409481Z DEBUG arx::units::state_unit: arx/src/units/state_unit.rs:140: Processing outputed computation
2026-01-29T11:50:23.409539Z DEBUG arx::units::bls_unit: arx/src/units/bls_unit.rs:313: Pushed signature to peer 172.20.0.101:8002
2026-01-29T11:50:23.410237Z DEBUG arx::units::bls_unit: arx/src/units/bls_unit.rs:111: BLS unit accepted connection from 172.20.0.101:34748
2026-01-29T11:50:23.410355Z DEBUG arx::units::bls_unit: arx/src/units/bls_unit.rs:126: BLS unit received incoming signature for 802998042330476167
2026-01-29T11:50:23.410370Z DEBUG arx::units::bls_unit: arx/src/units/bls_unit.rs:223: Stored signature for computation_offset 802998042330476167 (2/2)
2026-01-29T11:50:23.410602Z DEBUG arx::units::bls_unit: arx/src/units/bls_unit.rs:130: BLS unit processed incoming signature for 802998042330476167
2026-01-29T11:50:23.410612Z DEBUG arx::coordinator: arx/src/coordinator.rs:281: Coordinator received bls unit output: ArxComputation 324383293514932747478671871179130462650 (cluster_offset: 0)
2026-01-29T11:50:23.410650Z DEBUG arx::units::state_unit: arx/src/units/state_unit.rs:148: Processing signed computation
2026-01-29T11:50:23.410660Z DEBUG arx::units::computation_transaction_unit: arx/src/units/computation_transaction_unit.rs:429: Processing callback for computation ArxComputation 324383293514932747478671871179130462650 (cluster_offset: 0)
2026-01-29T11:50:23.427646Z DEBUG arx::units::computation_transaction_unit: arx/src/units/computation_transaction_unit.rs:409: Transaction simulation consumed 117493 compute units
2026-01-29T11:50:23.428090Z DEBUG arx::units::computation_transaction_unit: arx/src/units/computation_transaction_unit.rs:236: Fee calculation: base_fee=5000, compute_units=117493, priority_fee=0, total_fee=5000, fee_variance_buffer=1000, concurrent_callback_buffer=50000
2026-01-29T11:50:23.428385Z DEBUG arx::units::computation_transaction_unit: arx/src/units/computation_transaction_unit.rs:376: Fresh balance range: fresh_balance=999999995000, min=999999939000, max=999999991000, total_fee=5000, staleness_reduction=true
2026-01-29T11:50:23.837057Z DEBUG arx::program: arx/src/program.rs:317: Received update for account: 9EDLm5KDKc1Pf8m587kdxPMvQBNETNahcCfHLNcQ1M8W
2026-01-29T11:50:23.838738Z DEBUG arx::program: arx/src/program.rs:317: Received update for account: 9rUSnh5VrMtRUrJrgAUwcyWvL9NYkscAsDFS5RjPW6Da
2026-01-29T11:50:23.891985Z DEBUG arx::units::execpool_unit: arx/src/units/execpool_unit.rs:102: Received execpool update with 0 computations
2026-01-29T11:50:23.892044Z DEBUG arx::coordinator: arx/src/coordinator.rs:534: Coordinator received execpool unit message: computations ids: []
2026-01-29T11:50:23.892044Z DEBUG arx::units::mempool_unit: arx/src/units/mempool_unit.rs:99: Received mempool update for account
2026-01-29T11:50:23.892058Z DEBUG arx::units::state_unit: arx/src/units/state_unit.rs:258: Processing execpool update
2026-01-29T11:50:23.892086Z DEBUG arx::units::mempool_unit: arx/src/units/mempool_unit.rs:129: Mempool contains the same computations, skipping update
2026-01-29T11:50:23.892090Z DEBUG arx::units::state_unit: arx/src/units/state_unit.rs:273: Computation executed: ArxComputationReference: 802998042330476167
|-> prefetch    : +0ms
|-> prefetched  : +180ms
|-> execute     : +0ms
|-> output      : +316ms
|-> signed      : +1ms
|-> executed    : +481ms

2026-01-29T11:50:23.892110Z DEBUG arx::units::state_unit: arx/src/units/state_unit.rs:279: Removing computation from execpool: ArxComputationReference offset: 802998042330476167
2026-01-29T11:50:23.892132Z DEBUG arx::coordinator: arx/src/coordinator.rs:688: Coordinator received state unit message: executed computation: ArxComputationReference: 802998042330476167
2026-01-29T11:50:23.892142Z DEBUG arx::units::cache_unit: arx/src/units/cache_unit.rs:302: Processing executed computation: ArxComputationReference: 802998042330476167
2026-01-29T11:50:23.892162Z DEBUG arx::units::cache_unit: arx/src/units/cache_unit.rs:306: Computation executed and removed from cache: ArxComputationReference: 802998042330476167
2026-01-29T11:50:23.932776Z DEBUG arx::units::computation_transaction_unit: arx/src/units/computation_transaction_unit.rs:784: Sent callback computation tx for mxe 32AfHsKshTPETofiAcECgNXeSLKztwzVH1qXju3dpA3K with sig 5aYPD3G7QXobs2Gs2j59RAA7gYAjSvPNDJ31WWUu4psd7pZyKfNY8zudMuCYNiFWtC63n554LKsrQpfQYpFY2XbB
2026-01-29T11:50:23.932855Z DEBUG arx::coordinator: arx/src/coordinator.rs:426: Coordinator received computation transaction unit callback computation: ArxComputationReference: 802998042330476167
2026-01-29T11:50:23.932869Z DEBUG arx::units::state_unit: arx/src/units/state_unit.rs:339: Processing executed computation
2026-01-29T11:50:23.932878Z DEBUG arx::units::cache_unit: arx/src/units/cache_unit.rs:302: Processing executed computation: ArxComputationReference: 802998042330476167
2026-01-29T11:50:23.932897Z  WARN arx::units::cache_unit: arx/src/units/cache_unit.rs:313: Computation info not found in cache: ArxComputationReference: 802998042330476167
2026-01-29T11:50:24.246487Z DEBUG arx::program: arx/src/program.rs:317: Received update for account: 9EDLm5KDKc1Pf8m587kdxPMvQBNETNahcCfHLNcQ1M8W
2026-01-29T11:50:24.246817Z DEBUG arx::program: arx/src/program.rs:317: Received update for account: 9rUSnh5VrMtRUrJrgAUwcyWvL9NYkscAsDFS5RjPW6Da
2026-01-29T11:50:24.292122Z DEBUG arx::units::execpool_unit: arx/src/units/execpool_unit.rs:102: Received execpool update with 1 computations
2026-01-29T11:50:24.292182Z DEBUG arx::coordinator: arx/src/coordinator.rs:534: Coordinator received execpool unit message: computations ids: [11133839387430989109]
2026-01-29T11:50:24.292208Z DEBUG arx::units::cache_unit: arx/src/units/cache_unit.rs:154: Processing queued computation: ArxComputationReference: 11133839387430989109
2026-01-29T11:50:24.292246Z DEBUG arx::units::state_unit: arx/src/units/state_unit.rs:258: Processing execpool update
2026-01-29T11:50:24.292244Z DEBUG arx::units::mempool_unit: arx/src/units/mempool_unit.rs:99: Received mempool update for account
2026-01-29T11:50:24.292300Z DEBUG arx::units::state_unit: arx/src/units/state_unit.rs:300: Prefetching and executing computation: ArxComputationReference: 11133839387430989109 with status (index: 1, slot: 233)
2026-01-29T11:50:24.292332Z DEBUG arx::units::mempool_unit: arx/src/units/mempool_unit.rs:129: Mempool contains the same computations, skipping update
2026-01-29T11:50:24.292348Z DEBUG arx::coordinator: arx/src/coordinator.rs:658: Coordinator received state unit message: prefetch computation: ArxComputationReference: 11133839387430989109
2026-01-29T11:50:24.292364Z DEBUG arx::coordinator: arx/src/coordinator.rs:668: Coordinator received state unit message: execute computation: ArxComputationReference: 11133839387430989109 with status (index: 1, slot: 233)
2026-01-29T11:50:24.294465Z DEBUG arx::coordinator: arx/src/coordinator.rs:470: Coordinator prefetched computation ArxComputation 317977030393288803194880610151529076941 (cluster_offset: 0)
2026-01-29T11:50:24.294512Z DEBUG arx::coordinator: arx/src/coordinator.rs:486: Coordinator fetched computation ArxComputation 317977030393288803194880610151529076941 (cluster_offset: 0) inputs
2026-01-29T11:50:24.294522Z DEBUG arx::units::cache_unit: arx/src/units/cache_unit.rs:168: Processing fetched computation: ArxComputationReference: 11133839387430989109
2026-01-29T11:50:24.294542Z DEBUG arx::units::cache_unit: arx/src/units/cache_unit.rs:269: Processing fetched inputs: ArxComputation 317977030393288803194880610151529076941 (cluster_offset: 0)
2026-01-29T11:50:24.294800Z DEBUG arx::units::circuit_unit: arx/src/units/circuit_unit.rs:243: Processing computation definition: QsC9Bo6DX8AaLzFLsB91YeN5qZZcAYXXU3pMQ69ixjW
2026-01-29T11:50:24.295545Z DEBUG arx::units::circuit_unit: arx/src/units/circuit_unit.rs:452: Fetching offchain circuit data from: https://raw.githubusercontent.com/outsmartchad/zodiac-circuits/main/init_user_position.arcis
2026-01-29T11:50:24.418210Z DEBUG arx::coordinator: arx/src/coordinator.rs:380: Coordinator received circuit info: CircuitInfo QsC9Bo6DX8AaLzFLsB91YeN5qZZcAYXXU3pMQ69ixjW
2026-01-29T11:50:24.418248Z DEBUG arx::units::cache_unit: arx/src/units/cache_unit.rs:195: Processing fetched circuit: CircuitInfo QsC9Bo6DX8AaLzFLsB91YeN5qZZcAYXXU3pMQ69ixjW
2026-01-29T11:50:24.418267Z DEBUG arx::coordinator: arx/src/coordinator.rs:322: Coordinator received cache unit prefetched computation: ArxComputationReference: 11133839387430989109
2026-01-29T11:50:24.418274Z DEBUG arx::coordinator: arx/src/coordinator.rs:332: Coordinator received cache unit execute computation: ArxComputation 317977030393288803194880610151529076941 (cluster_offset: 0)
2026-01-29T11:50:24.418290Z DEBUG arx::units::online_phase_unit: arx/src/units/online_phase_unit.rs:183: Connecting to peers (ArxComputation 317977030393288803194880610151529076941 (cluster_offset: 0))
2026-01-29T11:50:24.418316Z DEBUG arx::units::online_phase_unit: arx/src/units/online_phase_unit.rs:202: Connected to peers (ArxComputation 317977030393288803194880610151529076941 (cluster_offset: 0))
2026-01-29T11:50:24.418318Z DEBUG arx::units::state_unit: arx/src/units/state_unit.rs:323: Processing prefetched computation
2026-01-29T11:50:24.418330Z DEBUG arx::units::online_phase_unit: arx/src/units/online_phase_unit.rs:294: Reusing cached preprocessing bundler for base_id 147438283457911433340656051057242145556
2026-01-29T11:50:24.432102Z  INFO arx::units::online_phase_unit: arx/src/units/online_phase_unit.rs:436: Processing Cerberus computation (317977030393288803194880610151529076941)
2026-01-29T11:50:24.485155Z DEBUG arx::coordinator: arx/src/coordinator.rs:619: Coordinator received online unit output: ArxComputation 317977030393288803194880610151529076941 (cluster_offset: 0)
2026-01-29T11:50:24.485211Z DEBUG arx::units::bls_unit: arx/src/units/bls_unit.rs:96: BLS unit received signature request: ArxComputation 317977030393288803194880610151529076941 (cluster_offset: 0)
2026-01-29T11:50:24.485222Z DEBUG arx::units::bls_unit: arx/src/units/bls_unit.rs:163: Message to sign length: [135, 45, 87, 48, 255, 207, 82, 216, 96, 219, 60, 30, 40, 160, 130, 37, 209, 66, 33, 122, 150, 19, 169, 144, 106, 170, 237, 67, 44, 160, 101, 64, 246, 158, 167, 242, 171, 127, 143, 153, 7, 54, 85, 140, 119, 41, 110, 127, 159, 255, 98, 16, 68, 122, 20, 216, 171, 247, 13, 116, 1, 252, 108, 24, 41, 82, 68, 17, 207, 107, 70, 241, 227, 196, 124, 48, 191, 230, 84, 0, 233, 0, 0, 0, 0, 0, 0, 0, 1, 0]
2026-01-29T11:50:24.485510Z DEBUG arx::units::bls_unit: arx/src/units/bls_unit.rs:196: Not ready to aggregate signatures for computation_offset 11133839387430989109, our signature will be stored but not aggregated
2026-01-29T11:50:24.485748Z DEBUG arx::units::state_unit: arx/src/units/state_unit.rs:140: Processing outputed computation
2026-01-29T11:50:24.485794Z DEBUG arx::units::bls_unit: arx/src/units/bls_unit.rs:111: BLS unit accepted connection from 172.20.0.101:34752
2026-01-29T11:50:24.486082Z DEBUG arx::units::bls_unit: arx/src/units/bls_unit.rs:313: Pushed signature to peer 172.20.0.101:8002
2026-01-29T11:50:24.486186Z DEBUG arx::units::bls_unit: arx/src/units/bls_unit.rs:126: BLS unit received incoming signature for 11133839387430989109
2026-01-29T11:50:24.486197Z DEBUG arx::units::bls_unit: arx/src/units/bls_unit.rs:223: Stored signature for computation_offset 11133839387430989109 (2/2)
2026-01-29T11:50:24.486440Z DEBUG arx::units::bls_unit: arx/src/units/bls_unit.rs:130: BLS unit processed incoming signature for 11133839387430989109
2026-01-29T11:50:24.486453Z DEBUG arx::coordinator: arx/src/coordinator.rs:281: Coordinator received bls unit output: ArxComputation 317977030393288803194880610151529076941 (cluster_offset: 0)
2026-01-29T11:50:24.486485Z DEBUG arx::units::state_unit: arx/src/units/state_unit.rs:148: Processing signed computation
2026-01-29T11:50:24.486493Z DEBUG arx::units::computation_transaction_unit: arx/src/units/computation_transaction_unit.rs:429: Processing callback for computation ArxComputation 317977030393288803194880610151529076941 (cluster_offset: 0)
2026-01-29T11:50:24.491256Z DEBUG arx::units::computation_transaction_unit: arx/src/units/computation_transaction_unit.rs:409: Transaction simulation consumed 118088 compute units
2026-01-29T11:50:24.494448Z DEBUG arx::units::computation_transaction_unit: arx/src/units/computation_transaction_unit.rs:236: Fee calculation: base_fee=5000, compute_units=118088, priority_fee=0, total_fee=5000, fee_variance_buffer=1000, concurrent_callback_buffer=50000
2026-01-29T11:50:24.494660Z DEBUG arx::units::computation_transaction_unit: arx/src/units/computation_transaction_unit.rs:376: Fresh balance range: fresh_balance=999999990000, min=999999934000, max=999999986000, total_fee=5000, staleness_reduction=true
2026-01-29T11:50:24.661096Z DEBUG arx::program: arx/src/program.rs:317: Received update for account: 9EDLm5KDKc1Pf8m587kdxPMvQBNETNahcCfHLNcQ1M8W
2026-01-29T11:50:24.662212Z DEBUG arx::program: arx/src/program.rs:317: Received update for account: 9rUSnh5VrMtRUrJrgAUwcyWvL9NYkscAsDFS5RjPW6Da
2026-01-29T11:50:24.692466Z DEBUG arx::units::execpool_unit: arx/src/units/execpool_unit.rs:102: Received execpool update with 0 computations
2026-01-29T11:50:24.692509Z DEBUG arx::coordinator: arx/src/coordinator.rs:534: Coordinator received execpool unit message: computations ids: []
2026-01-29T11:50:24.692523Z DEBUG arx::units::state_unit: arx/src/units/state_unit.rs:258: Processing execpool update
2026-01-29T11:50:24.692528Z DEBUG arx::units::mempool_unit: arx/src/units/mempool_unit.rs:99: Received mempool update for account
2026-01-29T11:50:24.692532Z DEBUG arx::units::state_unit: arx/src/units/state_unit.rs:273: Computation executed: ArxComputationReference: 11133839387430989109
|-> prefetch    : +0ms
|-> prefetched  : +126ms
|-> execute     : +0ms
|-> output      : +193ms
|-> signed      : +0ms
|-> executed    : +206ms

2026-01-29T11:50:24.692550Z DEBUG arx::units::mempool_unit: arx/src/units/mempool_unit.rs:129: Mempool contains the same computations, skipping update
2026-01-29T11:50:24.692560Z DEBUG arx::units::state_unit: arx/src/units/state_unit.rs:279: Removing computation from execpool: ArxComputationReference offset: 11133839387430989109
2026-01-29T11:50:24.692575Z DEBUG arx::coordinator: arx/src/coordinator.rs:688: Coordinator received state unit message: executed computation: ArxComputationReference: 11133839387430989109
2026-01-29T11:50:24.692584Z DEBUG arx::units::cache_unit: arx/src/units/cache_unit.rs:302: Processing executed computation: ArxComputationReference: 11133839387430989109
2026-01-29T11:50:24.692590Z DEBUG arx::units::cache_unit: arx/src/units/cache_unit.rs:306: Computation executed and removed from cache: ArxComputationReference: 11133839387430989109
2026-01-29T11:50:24.997946Z DEBUG arx::units::computation_transaction_unit: arx/src/units/computation_transaction_unit.rs:792: Callback computation tx for mxe 32AfHsKshTPETofiAcECgNXeSLKztwzVH1qXju3dpA3K already sent
2026-01-29T11:50:24.998061Z DEBUG arx::coordinator: arx/src/coordinator.rs:426: Coordinator received computation transaction unit callback computation: ArxComputationReference: 11133839387430989109
2026-01-29T11:50:24.998083Z DEBUG arx::units::state_unit: arx/src/units/state_unit.rs:339: Processing executed computation
2026-01-29T11:50:24.998117Z DEBUG arx::units::cache_unit: arx/src/units/cache_unit.rs:302: Processing executed computation: ArxComputationReference: 11133839387430989109
2026-01-29T11:50:24.998124Z  WARN arx::units::cache_unit: arx/src/units/cache_unit.rs:313: Computation info not found in cache: ArxComputationReference: 11133839387430989109
2026-01-29T11:50:26.271537Z DEBUG arx::program: arx/src/program.rs:317: Received update for account: 9EDLm5KDKc1Pf8m587kdxPMvQBNETNahcCfHLNcQ1M8W
2026-01-29T11:50:26.271772Z DEBUG arx::program: arx/src/program.rs:317: Received update for account: 9rUSnh5VrMtRUrJrgAUwcyWvL9NYkscAsDFS5RjPW6Da
2026-01-29T11:50:26.291970Z DEBUG arx::units::execpool_unit: arx/src/units/execpool_unit.rs:102: Received execpool update with 1 computations
2026-01-29T11:50:26.292042Z DEBUG arx::coordinator: arx/src/coordinator.rs:534: Coordinator received execpool unit message: computations ids: [15754095345832775004]
2026-01-29T11:50:26.292069Z DEBUG arx::units::cache_unit: arx/src/units/cache_unit.rs:154: Processing queued computation: ArxComputationReference: 15754095345832775004
2026-01-29T11:50:26.292073Z DEBUG arx::units::mempool_unit: arx/src/units/mempool_unit.rs:99: Received mempool update for account
2026-01-29T11:50:26.292099Z DEBUG arx::units::state_unit: arx/src/units/state_unit.rs:258: Processing execpool update
2026-01-29T11:50:26.292111Z DEBUG arx::units::mempool_unit: arx/src/units/mempool_unit.rs:129: Mempool contains the same computations, skipping update
2026-01-29T11:50:26.292116Z DEBUG arx::units::state_unit: arx/src/units/state_unit.rs:300: Prefetching and executing computation: ArxComputationReference: 15754095345832775004 with status (index: 2, slot: 238)
2026-01-29T11:50:26.292134Z DEBUG arx::coordinator: arx/src/coordinator.rs:658: Coordinator received state unit message: prefetch computation: ArxComputationReference: 15754095345832775004
2026-01-29T11:50:26.292141Z DEBUG arx::coordinator: arx/src/coordinator.rs:668: Coordinator received state unit message: execute computation: ArxComputationReference: 15754095345832775004 with status (index: 2, slot: 238)
2026-01-29T11:50:26.293104Z DEBUG arx::coordinator: arx/src/coordinator.rs:470: Coordinator prefetched computation ArxComputation 306650382175265961885040057355164668857 (cluster_offset: 0)
2026-01-29T11:50:26.293148Z DEBUG arx::units::cache_unit: arx/src/units/cache_unit.rs:168: Processing fetched computation: ArxComputationReference: 15754095345832775004
2026-01-29T11:50:26.293223Z DEBUG arx::units::circuit_unit: arx/src/units/circuit_unit.rs:243: Processing computation definition: 6D4MvtJRe6WvAvkE9VcGQ3u5Wwy7Q83an6uEFJmnXgV3
2026-01-29T11:50:26.293967Z DEBUG arx::units::circuit_unit: arx/src/units/circuit_unit.rs:452: Fetching offchain circuit data from: https://raw.githubusercontent.com/outsmartchad/zodiac-circuits/main/deposit.arcis
2026-01-29T11:50:26.296020Z DEBUG arx::coordinator: arx/src/coordinator.rs:486: Coordinator fetched computation ArxComputation 306650382175265961885040057355164668857 (cluster_offset: 0) inputs
2026-01-29T11:50:26.296051Z DEBUG arx::units::cache_unit: arx/src/units/cache_unit.rs:269: Processing fetched inputs: ArxComputation 306650382175265961885040057355164668857 (cluster_offset: 0)
2026-01-29T11:50:26.470679Z DEBUG arx::coordinator: arx/src/coordinator.rs:380: Coordinator received circuit info: CircuitInfo 6D4MvtJRe6WvAvkE9VcGQ3u5Wwy7Q83an6uEFJmnXgV3
2026-01-29T11:50:26.470736Z DEBUG arx::units::cache_unit: arx/src/units/cache_unit.rs:195: Processing fetched circuit: CircuitInfo 6D4MvtJRe6WvAvkE9VcGQ3u5Wwy7Q83an6uEFJmnXgV3
2026-01-29T11:50:26.470762Z DEBUG arx::coordinator: arx/src/coordinator.rs:322: Coordinator received cache unit prefetched computation: ArxComputationReference: 15754095345832775004
2026-01-29T11:50:26.470773Z DEBUG arx::units::state_unit: arx/src/units/state_unit.rs:323: Processing prefetched computation
2026-01-29T11:50:26.470796Z DEBUG arx::coordinator: arx/src/coordinator.rs:332: Coordinator received cache unit execute computation: ArxComputation 306650382175265961885040057355164668857 (cluster_offset: 0)
2026-01-29T11:50:26.470808Z DEBUG arx::units::online_phase_unit: arx/src/units/online_phase_unit.rs:183: Connecting to peers (ArxComputation 306650382175265961885040057355164668857 (cluster_offset: 0))
2026-01-29T11:50:26.470839Z DEBUG arx::units::online_phase_unit: arx/src/units/online_phase_unit.rs:202: Connected to peers (ArxComputation 306650382175265961885040057355164668857 (cluster_offset: 0))
2026-01-29T11:50:26.470858Z DEBUG arx::units::online_phase_unit: arx/src/units/online_phase_unit.rs:294: Reusing cached preprocessing bundler for base_id 147438283457911433340656051057242145556
2026-01-29T11:50:26.628756Z  INFO arx::units::online_phase_unit: arx/src/units/online_phase_unit.rs:436: Processing Cerberus computation (306650382175265961885040057355164668857)
2026-01-29T11:50:26.902852Z DEBUG arx::coordinator: arx/src/coordinator.rs:619: Coordinator received online unit output: ArxComputation 306650382175265961885040057355164668857 (cluster_offset: 0)
2026-01-29T11:50:26.902905Z DEBUG arx::units::bls_unit: arx/src/units/bls_unit.rs:96: BLS unit received signature request: ArxComputation 306650382175265961885040057355164668857 (cluster_offset: 0)
2026-01-29T11:50:26.902925Z DEBUG arx::units::bls_unit: arx/src/units/bls_unit.rs:163: Message to sign length: [160, 30, 188, 90, 206, 102, 212, 29, 131, 70, 138, 110, 24, 109, 177, 34, 237, 48, 78, 176, 211, 184, 148, 176, 229, 6, 238, 141, 9, 95, 126, 5, 241, 72, 37, 83, 90, 252, 18, 38, 85, 175, 91, 28, 111, 41, 113, 21, 36, 197, 155, 160, 150, 153, 146, 64, 66, 26, 27, 220, 49, 114, 160, 67, 219, 38, 166, 86, 74, 193, 179, 85, 254, 132, 74, 247, 13, 103, 211, 116, 2, 219, 11, 46, 166, 51, 217, 29, 190, 159, 85, 87, 102, 218, 234, 234, 123, 98, 112, 194, 93, 224, 102, 143, 120, 86, 100, 142, 50, 118, 80, 13, 136, 45, 87, 48, 255, 207, 82, 216, 96, 219, 60, 30, 40, 160, 130, 37, 252, 171, 141, 0, 41, 17, 8, 240, 21, 56, 18, 171, 19, 218, 159, 25, 78, 143, 14, 209, 143, 245, 58, 167, 58, 109, 219, 176, 199, 200, 2, 56, 204, 111, 152, 228, 235, 19, 92, 57, 149, 147, 6, 255, 18, 85, 137, 172, 14, 114, 84, 23, 73, 82, 218, 119, 222, 109, 106, 149, 246, 153, 142, 39, 238, 0, 0, 0, 0, 0, 0, 0, 2, 0]
2026-01-29T11:50:26.903148Z DEBUG arx::units::state_unit: arx/src/units/state_unit.rs:140: Processing outputed computation
2026-01-29T11:50:26.903213Z DEBUG arx::units::bls_unit: arx/src/units/bls_unit.rs:196: Not ready to aggregate signatures for computation_offset 15754095345832775004, our signature will be stored but not aggregated
2026-01-29T11:50:26.903481Z DEBUG arx::units::bls_unit: arx/src/units/bls_unit.rs:313: Pushed signature to peer 172.20.0.101:8002
2026-01-29T11:50:26.903699Z DEBUG arx::units::bls_unit: arx/src/units/bls_unit.rs:111: BLS unit accepted connection from 172.20.0.101:34768
2026-01-29T11:50:26.903782Z DEBUG arx::units::bls_unit: arx/src/units/bls_unit.rs:126: BLS unit received incoming signature for 15754095345832775004
2026-01-29T11:50:26.903795Z DEBUG arx::units::bls_unit: arx/src/units/bls_unit.rs:223: Stored signature for computation_offset 15754095345832775004 (2/2)
2026-01-29T11:50:26.904142Z DEBUG arx::units::bls_unit: arx/src/units/bls_unit.rs:130: BLS unit processed incoming signature for 15754095345832775004
2026-01-29T11:50:26.904154Z DEBUG arx::coordinator: arx/src/coordinator.rs:281: Coordinator received bls unit output: ArxComputation 306650382175265961885040057355164668857 (cluster_offset: 0)
2026-01-29T11:50:26.904189Z DEBUG arx::units::state_unit: arx/src/units/state_unit.rs:148: Processing signed computation
2026-01-29T11:50:26.904199Z DEBUG arx::units::computation_transaction_unit: arx/src/units/computation_transaction_unit.rs:429: Processing callback for computation ArxComputation 306650382175265961885040057355164668857 (cluster_offset: 0)
2026-01-29T11:50:26.909232Z DEBUG arx::units::computation_transaction_unit: arx/src/units/computation_transaction_unit.rs:409: Transaction simulation consumed 124374 compute units
2026-01-29T11:50:26.912769Z DEBUG arx::units::computation_transaction_unit: arx/src/units/computation_transaction_unit.rs:236: Fee calculation: base_fee=5000, compute_units=124374, priority_fee=0, total_fee=5000, fee_variance_buffer=1000, concurrent_callback_buffer=50000
2026-01-29T11:50:26.912995Z DEBUG arx::units::computation_transaction_unit: arx/src/units/computation_transaction_unit.rs:376: Fresh balance range: fresh_balance=999999985000, min=999999929000, max=999999981000, total_fee=5000, staleness_reduction=true
2026-01-29T11:50:27.097332Z DEBUG arx::program: arx/src/program.rs:317: Received update for account: 9EDLm5KDKc1Pf8m587kdxPMvQBNETNahcCfHLNcQ1M8W
2026-01-29T11:50:27.098705Z DEBUG arx::program: arx/src/program.rs:317: Received update for account: 9rUSnh5VrMtRUrJrgAUwcyWvL9NYkscAsDFS5RjPW6Da
2026-01-29T11:50:27.192092Z DEBUG arx::units::execpool_unit: arx/src/units/execpool_unit.rs:102: Received execpool update with 0 computations
2026-01-29T11:50:27.192157Z DEBUG arx::coordinator: arx/src/coordinator.rs:534: Coordinator received execpool unit message: computations ids: []
2026-01-29T11:50:27.192172Z DEBUG arx::units::state_unit: arx/src/units/state_unit.rs:258: Processing execpool update
2026-01-29T11:50:27.192181Z DEBUG arx::units::state_unit: arx/src/units/state_unit.rs:273: Computation executed: ArxComputationReference: 15754095345832775004
|-> prefetch    : +0ms
|-> prefetched  : +178ms
|-> execute     : +0ms
|-> output      : +611ms
|-> signed      : +1ms
|-> executed    : +287ms

2026-01-29T11:50:27.192200Z DEBUG arx::units::state_unit: arx/src/units/state_unit.rs:279: Removing computation from execpool: ArxComputationReference offset: 15754095345832775004
2026-01-29T11:50:27.192195Z DEBUG arx::units::mempool_unit: arx/src/units/mempool_unit.rs:99: Received mempool update for account
2026-01-29T11:50:27.192220Z DEBUG arx::coordinator: arx/src/coordinator.rs:688: Coordinator received state unit message: executed computation: ArxComputationReference: 15754095345832775004
2026-01-29T11:50:27.192234Z DEBUG arx::units::mempool_unit: arx/src/units/mempool_unit.rs:129: Mempool contains the same computations, skipping update
2026-01-29T11:50:27.192240Z DEBUG arx::units::cache_unit: arx/src/units/cache_unit.rs:302: Processing executed computation: ArxComputationReference: 15754095345832775004
2026-01-29T11:50:27.192247Z DEBUG arx::units::cache_unit: arx/src/units/cache_unit.rs:306: Computation executed and removed from cache: ArxComputationReference: 15754095345832775004
2026-01-29T11:50:27.415598Z DEBUG arx::units::computation_transaction_unit: arx/src/units/computation_transaction_unit.rs:792: Callback computation tx for mxe 32AfHsKshTPETofiAcECgNXeSLKztwzVH1qXju3dpA3K already sent
2026-01-29T11:50:27.415702Z DEBUG arx::coordinator: arx/src/coordinator.rs:426: Coordinator received computation transaction unit callback computation: ArxComputationReference: 15754095345832775004
2026-01-29T11:50:27.415718Z DEBUG arx::units::state_unit: arx/src/units/state_unit.rs:339: Processing executed computation
2026-01-29T11:50:27.415730Z DEBUG arx::units::cache_unit: arx/src/units/cache_unit.rs:302: Processing executed computation: ArxComputationReference: 15754095345832775004
2026-01-29T11:50:27.415735Z  WARN arx::units::cache_unit: arx/src/units/cache_unit.rs:313: Computation info not found in cache: ArxComputationReference: 15754095345832775004
2026-01-29T11:50:27.567816Z DEBUG arx::program: arx/src/program.rs:317: Received update for account: 9EDLm5KDKc1Pf8m587kdxPMvQBNETNahcCfHLNcQ1M8W
2026-01-29T11:50:27.568114Z DEBUG arx::program: arx/src/program.rs:317: Received update for account: 9rUSnh5VrMtRUrJrgAUwcyWvL9NYkscAsDFS5RjPW6Da
2026-01-29T11:50:27.592345Z DEBUG arx::units::execpool_unit: arx/src/units/execpool_unit.rs:102: Received execpool update with 1 computations
2026-01-29T11:50:27.592423Z DEBUG arx::coordinator: arx/src/coordinator.rs:534: Coordinator received execpool unit message: computations ids: [5445118793115651397]
2026-01-29T11:50:27.592418Z DEBUG arx::units::mempool_unit: arx/src/units/mempool_unit.rs:99: Received mempool update for account
2026-01-29T11:50:27.592461Z DEBUG arx::units::cache_unit: arx/src/units/cache_unit.rs:154: Processing queued computation: ArxComputationReference: 5445118793115651397
2026-01-29T11:50:27.592475Z DEBUG arx::units::mempool_unit: arx/src/units/mempool_unit.rs:129: Mempool contains the same computations, skipping update
2026-01-29T11:50:27.592495Z DEBUG arx::units::state_unit: arx/src/units/state_unit.rs:258: Processing execpool update
2026-01-29T11:50:27.592521Z DEBUG arx::units::state_unit: arx/src/units/state_unit.rs:300: Prefetching and executing computation: ArxComputationReference: 5445118793115651397 with status (index: 3, slot: 241)
2026-01-29T11:50:27.592538Z DEBUG arx::coordinator: arx/src/coordinator.rs:658: Coordinator received state unit message: prefetch computation: ArxComputationReference: 5445118793115651397
2026-01-29T11:50:27.592562Z DEBUG arx::coordinator: arx/src/coordinator.rs:668: Coordinator received state unit message: execute computation: ArxComputationReference: 5445118793115651397 with status (index: 3, slot: 241)
2026-01-29T11:50:27.593563Z DEBUG arx::coordinator: arx/src/coordinator.rs:470: Coordinator prefetched computation ArxComputation 85790038318147882070007750072571919156 (cluster_offset: 0)
2026-01-29T11:50:27.593601Z DEBUG arx::units::cache_unit: arx/src/units/cache_unit.rs:168: Processing fetched computation: ArxComputationReference: 5445118793115651397
2026-01-29T11:50:27.593675Z DEBUG arx::units::circuit_unit: arx/src/units/circuit_unit.rs:243: Processing computation definition: FyZ5JcU7dzjeoPKWrBCZzSa3eBgbNtAXgV12Y4uqMDnD
2026-01-29T11:50:27.594136Z DEBUG arx::coordinator: arx/src/coordinator.rs:486: Coordinator fetched computation ArxComputation 85790038318147882070007750072571919156 (cluster_offset: 0) inputs
2026-01-29T11:50:27.594190Z DEBUG arx::units::cache_unit: arx/src/units/cache_unit.rs:269: Processing fetched inputs: ArxComputation 85790038318147882070007750072571919156 (cluster_offset: 0)
2026-01-29T11:50:27.594791Z DEBUG arx::units::circuit_unit: arx/src/units/circuit_unit.rs:452: Fetching offchain circuit data from: https://raw.githubusercontent.com/outsmartchad/zodiac-circuits/main/reveal_pending_deposits.arcis
2026-01-29T11:50:27.717559Z DEBUG arx::coordinator: arx/src/coordinator.rs:380: Coordinator received circuit info: CircuitInfo FyZ5JcU7dzjeoPKWrBCZzSa3eBgbNtAXgV12Y4uqMDnD
2026-01-29T11:50:27.717611Z DEBUG arx::units::cache_unit: arx/src/units/cache_unit.rs:195: Processing fetched circuit: CircuitInfo FyZ5JcU7dzjeoPKWrBCZzSa3eBgbNtAXgV12Y4uqMDnD
2026-01-29T11:50:27.717634Z DEBUG arx::coordinator: arx/src/coordinator.rs:322: Coordinator received cache unit prefetched computation: ArxComputationReference: 5445118793115651397
2026-01-29T11:50:27.717643Z DEBUG arx::coordinator: arx/src/coordinator.rs:332: Coordinator received cache unit execute computation: ArxComputation 85790038318147882070007750072571919156 (cluster_offset: 0)
2026-01-29T11:50:27.717655Z DEBUG arx::units::online_phase_unit: arx/src/units/online_phase_unit.rs:183: Connecting to peers (ArxComputation 85790038318147882070007750072571919156 (cluster_offset: 0))
2026-01-29T11:50:27.717709Z DEBUG arx::units::online_phase_unit: arx/src/units/online_phase_unit.rs:202: Connected to peers (ArxComputation 85790038318147882070007750072571919156 (cluster_offset: 0))
2026-01-29T11:50:27.717734Z DEBUG arx::units::online_phase_unit: arx/src/units/online_phase_unit.rs:294: Reusing cached preprocessing bundler for base_id 147438283457911433340656051057242145556
2026-01-29T11:50:27.717755Z DEBUG arx::units::state_unit: arx/src/units/state_unit.rs:323: Processing prefetched computation
2026-01-29T11:50:27.741939Z  INFO arx::units::online_phase_unit: arx/src/units/online_phase_unit.rs:436: Processing Cerberus computation (85790038318147882070007750072571919156)
2026-01-29T11:50:27.780352Z DEBUG arx::units::bls_unit: arx/src/units/bls_unit.rs:111: BLS unit accepted connection from 172.20.0.101:34780
2026-01-29T11:50:27.780566Z DEBUG arx::units::bls_unit: arx/src/units/bls_unit.rs:126: BLS unit received incoming signature for 5445118793115651397
2026-01-29T11:50:27.780579Z DEBUG arx::units::bls_unit: arx/src/units/bls_unit.rs:223: Stored signature for computation_offset 5445118793115651397 (1/2)
2026-01-29T11:50:27.780587Z DEBUG arx::units::bls_unit: arx/src/units/bls_unit.rs:233: Not ready to aggregate signatures for computation_offset 5445118793115651397, received signature will be stored but not aggregated
2026-01-29T11:50:27.780592Z DEBUG arx::units::bls_unit: arx/src/units/bls_unit.rs:130: BLS unit processed incoming signature for 5445118793115651397
2026-01-29T11:50:27.781288Z DEBUG arx::coordinator: arx/src/coordinator.rs:619: Coordinator received online unit output: ArxComputation 85790038318147882070007750072571919156 (cluster_offset: 0)
2026-01-29T11:50:27.781307Z DEBUG arx::units::bls_unit: arx/src/units/bls_unit.rs:96: BLS unit received signature request: ArxComputation 85790038318147882070007750072571919156 (cluster_offset: 0)
2026-01-29T11:50:27.781332Z DEBUG arx::units::bls_unit: arx/src/units/bls_unit.rs:163: Message to sign length: [0, 202, 154, 59, 0, 0, 0, 0, 241, 0, 0, 0, 0, 0, 0, 0, 3, 0]
2026-01-29T11:50:27.781749Z DEBUG arx::units::state_unit: arx/src/units/state_unit.rs:140: Processing outputed computation
2026-01-29T11:50:27.781928Z DEBUG arx::coordinator: arx/src/coordinator.rs:281: Coordinator received bls unit output: ArxComputation 85790038318147882070007750072571919156 (cluster_offset: 0)
2026-01-29T11:50:27.781968Z DEBUG arx::units::computation_transaction_unit: arx/src/units/computation_transaction_unit.rs:429: Processing callback for computation ArxComputation 85790038318147882070007750072571919156 (cluster_offset: 0)
2026-01-29T11:50:27.781970Z DEBUG arx::units::state_unit: arx/src/units/state_unit.rs:148: Processing signed computation
2026-01-29T11:50:27.781990Z DEBUG arx::units::bls_unit: arx/src/units/bls_unit.rs:313: Pushed signature to peer 172.20.0.101:8002
2026-01-29T11:50:27.786605Z DEBUG arx::units::computation_transaction_unit: arx/src/units/computation_transaction_unit.rs:409: Transaction simulation consumed 116301 compute units
2026-01-29T11:50:27.789773Z DEBUG arx::units::computation_transaction_unit: arx/src/units/computation_transaction_unit.rs:236: Fee calculation: base_fee=5000, compute_units=116301, priority_fee=0, total_fee=5000, fee_variance_buffer=1000, concurrent_callback_buffer=50000
2026-01-29T11:50:27.790012Z DEBUG arx::units::computation_transaction_unit: arx/src/units/computation_transaction_unit.rs:376: Fresh balance range: fresh_balance=999999980000, min=999999924000, max=999999976000, total_fee=5000, staleness_reduction=true
2026-01-29T11:50:27.919756Z DEBUG arx::program: arx/src/program.rs:317: Received update for account: 9EDLm5KDKc1Pf8m587kdxPMvQBNETNahcCfHLNcQ1M8W
2026-01-29T11:50:27.921899Z DEBUG arx::program: arx/src/program.rs:317: Received update for account: 9rUSnh5VrMtRUrJrgAUwcyWvL9NYkscAsDFS5RjPW6Da
2026-01-29T11:50:27.992219Z DEBUG arx::units::execpool_unit: arx/src/units/execpool_unit.rs:102: Received execpool update with 0 computations
2026-01-29T11:50:27.992274Z DEBUG arx::coordinator: arx/src/coordinator.rs:534: Coordinator received execpool unit message: computations ids: []
2026-01-29T11:50:27.992290Z DEBUG arx::units::state_unit: arx/src/units/state_unit.rs:258: Processing execpool update
2026-01-29T11:50:27.992301Z DEBUG arx::units::state_unit: arx/src/units/state_unit.rs:273: Computation executed: ArxComputationReference: 5445118793115651397
|-> prefetch    : +0ms
|-> prefetched  : +125ms
|-> execute     : +0ms
|-> output      : +189ms
|-> signed      : +0ms
|-> executed    : +210ms

2026-01-29T11:50:27.992300Z DEBUG arx::units::mempool_unit: arx/src/units/mempool_unit.rs:99: Received mempool update for account
2026-01-29T11:50:27.992322Z DEBUG arx::units::state_unit: arx/src/units/state_unit.rs:279: Removing computation from execpool: ArxComputationReference offset: 5445118793115651397
2026-01-29T11:50:27.992345Z DEBUG arx::units::mempool_unit: arx/src/units/mempool_unit.rs:129: Mempool contains the same computations, skipping update
2026-01-29T11:50:27.992366Z DEBUG arx::coordinator: arx/src/coordinator.rs:688: Coordinator received state unit message: executed computation: ArxComputationReference: 5445118793115651397
2026-01-29T11:50:27.992378Z DEBUG arx::units::cache_unit: arx/src/units/cache_unit.rs:302: Processing executed computation: ArxComputationReference: 5445118793115651397
2026-01-29T11:50:27.992385Z DEBUG arx::units::cache_unit: arx/src/units/cache_unit.rs:306: Computation executed and removed from cache: ArxComputationReference: 5445118793115651397
2026-01-29T11:50:28.292774Z DEBUG arx::units::computation_transaction_unit: arx/src/units/computation_transaction_unit.rs:792: Callback computation tx for mxe 32AfHsKshTPETofiAcECgNXeSLKztwzVH1qXju3dpA3K already sent
2026-01-29T11:50:28.292858Z DEBUG arx::coordinator: arx/src/coordinator.rs:426: Coordinator received computation transaction unit callback computation: ArxComputationReference: 5445118793115651397
2026-01-29T11:50:28.292916Z DEBUG arx::units::state_unit: arx/src/units/state_unit.rs:339: Processing executed computation
2026-01-29T11:50:28.292933Z DEBUG arx::units::cache_unit: arx/src/units/cache_unit.rs:302: Processing executed computation: ArxComputationReference: 5445118793115651397
2026-01-29T11:50:28.292956Z  WARN arx::units::cache_unit: arx/src/units/cache_unit.rs:313: Computation info not found in cache: ArxComputationReference: 5445118793115651397
