2026-01-29T11:56:01.837103Z  INFO arx::metrics: arx/src/metrics.rs:524: Node metrics initialized: version=0.6.5, cluster=0, node=1
2026-01-29T11:56:02.038567Z DEBUG arx::units::online_phase_unit::key_material: arx/src/units/online_phase_unit/key_material.rs:165: Loading key material from path /usr/arx-node/private-shares and /usr/arx-node/public-inputs
2026-01-29T11:56:02.060713Z DEBUG arx::units::online_phase_unit::key_material: arx/src/units/online_phase_unit/key_material.rs:179: Loaded key material for MXE: BtQwsU4iWZboBHfBDMUq6URaR2cSiEjHke3CY15Cg5yJ
2026-01-29T11:56:02.060763Z DEBUG arx::units::online_phase_unit::key_material: arx/src/units/online_phase_unit/key_material.rs:179: Loaded key material for MXE: 32AfHsKshTPETofiAcECgNXeSLKztwzVH1qXju3dpA3K
2026-01-29T11:56:02.060774Z DEBUG arx::units::online_phase_unit::key_material: arx/src/units/online_phase_unit/key_material.rs:179: Loaded key material for MXE: FMMVCEygM2ewq4y4fmE5UDuyfhuoz4bXmEDDeg9iFPpL
2026-01-29T11:56:02.060838Z  INFO arx::units::cache_unit: arx/src/units/cache_unit.rs:91: Cache unit started
2026-01-29T11:56:02.060946Z  INFO arx::units::circuit_unit: arx/src/units/circuit_unit.rs:141: Circuit unit started
2026-01-29T11:56:02.061021Z  INFO arx::units::computation_transaction_unit: arx/src/units/computation_transaction_unit.rs:124: Computation transaction unit started
2026-01-29T11:56:02.061102Z  INFO arx::units::execpool_unit: arx/src/units/execpool_unit.rs:65: Execpool unit started
2026-01-29T11:56:02.061231Z  INFO arx::program: arx/src/program.rs:227: Pub/sub client started
2026-01-29T11:56:02.061242Z  INFO arx::program: arx/src/program.rs:229: Connecting initial pub/sub
2026-01-29T11:56:02.062013Z  INFO arx::units::computation_unit: arx/src/units/computation_unit.rs:99: Inputs unit started
2026-01-29T11:56:02.062098Z  INFO arx::units::mempool_unit: arx/src/units/mempool_unit.rs:63: Mempool unit started
2026-01-29T11:56:02.068635Z  INFO arx::program: arx/src/program.rs:269: Fetching initial state for account: 9EDLm5KDKc1Pf8m587kdxPMvQBNETNahcCfHLNcQ1M8W
2026-01-29T11:56:02.071885Z  INFO arx::program: arx/src/program.rs:227: Pub/sub client started
2026-01-29T11:56:02.071926Z  INFO arx::program: arx/src/program.rs:229: Connecting initial pub/sub
2026-01-29T11:56:02.071990Z  INFO arx::units::node_transaction_unit: arx/src/units/node_transaction_unit.rs:65: Node transaction unit started
2026-01-29T11:56:02.071999Z  INFO arx::units::node_transaction_unit: arx/src/units/node_transaction_unit.rs:67: Activating node
2026-01-29T11:56:02.072511Z  INFO arx::units::online_phase_unit: arx/src/units/online_phase_unit.rs:139: Online phase unit started
2026-01-29T11:56:02.072616Z  INFO arx: arx/src/main.rs:122: Starting metrics server
2026-01-29T11:56:02.072634Z  INFO arx: arx/src/main.rs:127: Starting ARX coordinator
2026-01-29T11:56:02.072882Z  INFO arx::units::bls_unit: arx/src/units/bls_unit.rs:78: BLS unit started
2026-01-29T11:56:02.072969Z  INFO arx::metrics: arx/src/metrics.rs:312: Metrics server listening on http://0.0.0.0:9091/metrics
2026-01-29T11:56:02.072984Z  INFO arx::coordinator: arx/src/coordinator.rs:225: Coordinator started
2026-01-29T11:56:02.072700Z  INFO arx::units::state_unit: arx/src/units/state_unit.rs:112: State unit started
2026-01-29T11:56:02.074829Z  INFO arx::program: arx/src/program.rs:283: Subscribing to account: 9EDLm5KDKc1Pf8m587kdxPMvQBNETNahcCfHLNcQ1M8W
2026-01-29T11:56:02.075242Z DEBUG arx::units::execpool_unit: arx/src/units/execpool_unit.rs:102: Received execpool update with 0 computations
2026-01-29T11:56:02.075267Z DEBUG arx::units::execpool_unit: arx/src/units/execpool_unit.rs:132: Execpool contains the same computations, skipping update
2026-01-29T11:56:02.075648Z  INFO arx::program: arx/src/program.rs:269: Fetching initial state for account: 9rUSnh5VrMtRUrJrgAUwcyWvL9NYkscAsDFS5RjPW6Da
2026-01-29T11:56:02.088769Z DEBUG arx::units::node_transaction_unit: arx/src/units/node_transaction_unit.rs:136: Node is already active, skipping activation
2026-01-29T11:56:02.088822Z  INFO arx::units::node_transaction_unit: arx/src/units/node_transaction_unit.rs:70: Node activated
2026-01-29T11:56:02.088889Z  INFO arx::coordinator: arx/src/coordinator.rs:257: Node activated, coordinator running
2026-01-29T11:56:02.089261Z  INFO arx::program: arx/src/program.rs:283: Subscribing to account: 9rUSnh5VrMtRUrJrgAUwcyWvL9NYkscAsDFS5RjPW6Da
2026-01-29T11:56:02.089603Z DEBUG arx::units::mempool_unit: arx/src/units/mempool_unit.rs:99: Received mempool update for account
2026-01-29T11:56:02.089626Z DEBUG arx::units::mempool_unit: arx/src/units/mempool_unit.rs:129: Mempool contains the same computations, skipping update
2026-01-29T11:56:06.191143Z DEBUG arx::program: arx/src/program.rs:317: Received update for account: 9EDLm5KDKc1Pf8m587kdxPMvQBNETNahcCfHLNcQ1M8W
2026-01-29T11:56:06.191415Z DEBUG arx::program: arx/src/program.rs:317: Received update for account: 9rUSnh5VrMtRUrJrgAUwcyWvL9NYkscAsDFS5RjPW6Da
2026-01-29T11:56:06.268674Z DEBUG arx::units::execpool_unit: arx/src/units/execpool_unit.rs:102: Received execpool update with 1 computations
2026-01-29T11:56:06.268756Z DEBUG arx::coordinator: arx/src/coordinator.rs:534: Coordinator received execpool unit message: computations ids: [2340910442285671110]
2026-01-29T11:56:06.268779Z DEBUG arx::units::cache_unit: arx/src/units/cache_unit.rs:154: Processing queued computation: ArxComputationReference: 2340910442285671110
2026-01-29T11:56:06.268817Z DEBUG arx::units::state_unit: arx/src/units/state_unit.rs:258: Processing execpool update
2026-01-29T11:56:06.268845Z DEBUG arx::units::state_unit: arx/src/units/state_unit.rs:300: Prefetching and executing computation: ArxComputationReference: 2340910442285671110 with status (index: 4, slot: 935)
2026-01-29T11:56:06.268863Z DEBUG arx::coordinator: arx/src/coordinator.rs:658: Coordinator received state unit message: prefetch computation: ArxComputationReference: 2340910442285671110
2026-01-29T11:56:06.268873Z DEBUG arx::coordinator: arx/src/coordinator.rs:668: Coordinator received state unit message: execute computation: ArxComputationReference: 2340910442285671110 with status (index: 4, slot: 935)
2026-01-29T11:56:06.270029Z DEBUG arx::coordinator: arx/src/coordinator.rs:470: Coordinator prefetched computation ArxComputation 166871026314494132994155194339780991771 (cluster_offset: 0)
2026-01-29T11:56:06.270068Z DEBUG arx::coordinator: arx/src/coordinator.rs:486: Coordinator fetched computation ArxComputation 166871026314494132994155194339780991771 (cluster_offset: 0) inputs
2026-01-29T11:56:06.270080Z DEBUG arx::units::cache_unit: arx/src/units/cache_unit.rs:168: Processing fetched computation: ArxComputationReference: 2340910442285671110
2026-01-29T11:56:06.270103Z DEBUG arx::units::cache_unit: arx/src/units/cache_unit.rs:269: Processing fetched inputs: ArxComputation 166871026314494132994155194339780991771 (cluster_offset: 0)
2026-01-29T11:56:06.270160Z DEBUG arx::units::circuit_unit: arx/src/units/circuit_unit.rs:243: Processing computation definition: 9bspEcvtsGjP9quzBCSVH4H7vrQzVkUPwp3eoxLdKu8S
2026-01-29T11:56:06.270795Z DEBUG arx::units::circuit_unit: arx/src/units/circuit_unit.rs:452: Fetching offchain circuit data from: https://raw.githubusercontent.com/outsmartchad/zodiac-circuits/main/init_vault.arcis
2026-01-29T11:56:06.275997Z DEBUG arx::units::mempool_unit: arx/src/units/mempool_unit.rs:99: Received mempool update for account
2026-01-29T11:56:06.276032Z DEBUG arx::units::mempool_unit: arx/src/units/mempool_unit.rs:129: Mempool contains the same computations, skipping update
2026-01-29T11:56:06.348499Z DEBUG arx::coordinator: arx/src/coordinator.rs:380: Coordinator received circuit info: CircuitInfo 9bspEcvtsGjP9quzBCSVH4H7vrQzVkUPwp3eoxLdKu8S
2026-01-29T11:56:06.348547Z DEBUG arx::units::cache_unit: arx/src/units/cache_unit.rs:195: Processing fetched circuit: CircuitInfo 9bspEcvtsGjP9quzBCSVH4H7vrQzVkUPwp3eoxLdKu8S
2026-01-29T11:56:06.348585Z DEBUG arx::coordinator: arx/src/coordinator.rs:322: Coordinator received cache unit prefetched computation: ArxComputationReference: 2340910442285671110
2026-01-29T11:56:06.348622Z DEBUG arx::coordinator: arx/src/coordinator.rs:332: Coordinator received cache unit execute computation: ArxComputation 166871026314494132994155194339780991771 (cluster_offset: 0)
2026-01-29T11:56:06.348678Z DEBUG arx::units::online_phase_unit: arx/src/units/online_phase_unit.rs:183: Connecting to peers (ArxComputation 166871026314494132994155194339780991771 (cluster_offset: 0))
2026-01-29T11:56:06.348730Z DEBUG arx::units::state_unit: arx/src/units/state_unit.rs:323: Processing prefetched computation
2026-01-29T11:56:06.352494Z DEBUG arx::units::online_phase_unit: arx/src/units/online_phase_unit.rs:202: Connected to peers (ArxComputation 166871026314494132994155194339780991771 (cluster_offset: 0))
2026-01-29T11:56:06.356980Z DEBUG arx::units::online_phase_unit::preprocessing_bundler: arx/src/units/online_phase_unit/preprocessing_bundler.rs:104: TD registration connection attempt 1 failed with error Os { code: 111, kind: ConnectionRefused, message: "Connection refused" }, retrying in 100ms
2026-01-29T11:56:06.458494Z DEBUG arx::units::online_phase_unit::preprocessing_bundler: arx/src/units/online_phase_unit/preprocessing_bundler.rs:46: Protocol 147438283457911433340656051057242145556 registered successfully
2026-01-29T11:56:06.460084Z DEBUG arx::units::online_phase_unit: arx/src/units/online_phase_unit.rs:343: Created new preprocessing bundler for base_id 147438283457911433340656051057242145556, cache size: 1
2026-01-29T11:56:06.541642Z  INFO arx::units::online_phase_unit: arx/src/units/online_phase_unit.rs:436: Processing Cerberus computation (166871026314494132994155194339780991771)
2026-01-29T11:56:06.824281Z DEBUG arx::coordinator: arx/src/coordinator.rs:619: Coordinator received online unit output: ArxComputation 166871026314494132994155194339780991771 (cluster_offset: 0)
2026-01-29T11:56:06.824326Z DEBUG arx::units::bls_unit: arx/src/units/bls_unit.rs:96: BLS unit received signature request: ArxComputation 166871026314494132994155194339780991771 (cluster_offset: 0)
2026-01-29T11:56:06.824331Z DEBUG arx::units::state_unit: arx/src/units/state_unit.rs:140: Processing outputed computation
2026-01-29T11:56:06.824335Z DEBUG arx::units::bls_unit: arx/src/units/bls_unit.rs:163: Message to sign length: [123, 206, 169, 88, 18, 184, 154, 118, 62, 240, 99, 120, 123, 20, 51, 244, 78, 201, 240, 159, 22, 22, 75, 65, 117, 128, 32, 105, 117, 25, 162, 102, 248, 91, 13, 16, 52, 31, 217, 16, 181, 170, 197, 140, 239, 154, 199, 47, 175, 92, 240, 224, 185, 99, 48, 61, 213, 221, 31, 165, 132, 162, 172, 177, 28, 88, 200, 72, 239, 229, 249, 233, 22, 232, 39, 100, 52, 201, 246, 99, 224, 237, 115, 23, 247, 59, 76, 4, 228, 151, 119, 26, 221, 103, 175, 48, 19, 72, 123, 248, 69, 125, 6, 172, 153, 69, 194, 21, 80, 147, 28, 97, 167, 3, 0, 0, 0, 0, 0, 0, 4, 0]
2026-01-29T11:56:06.824640Z DEBUG arx::units::bls_unit: arx/src/units/bls_unit.rs:196: Not ready to aggregate signatures for computation_offset 2340910442285671110, our signature will be stored but not aggregated
2026-01-29T11:56:06.824880Z DEBUG arx::units::bls_unit: arx/src/units/bls_unit.rs:111: BLS unit accepted connection from 172.20.0.100:59364
2026-01-29T11:56:06.824915Z DEBUG arx::units::bls_unit: arx/src/units/bls_unit.rs:313: Pushed signature to peer 172.20.0.100:8002
2026-01-29T11:56:06.825027Z DEBUG arx::units::bls_unit: arx/src/units/bls_unit.rs:126: BLS unit received incoming signature for 2340910442285671110
2026-01-29T11:56:06.825042Z DEBUG arx::units::bls_unit: arx/src/units/bls_unit.rs:223: Stored signature for computation_offset 2340910442285671110 (2/2)
2026-01-29T11:56:06.825713Z DEBUG arx::units::bls_unit: arx/src/units/bls_unit.rs:130: BLS unit processed incoming signature for 2340910442285671110
2026-01-29T11:56:06.825730Z DEBUG arx::coordinator: arx/src/coordinator.rs:281: Coordinator received bls unit output: ArxComputation 166871026314494132994155194339780991771 (cluster_offset: 0)
2026-01-29T11:56:06.825773Z DEBUG arx::units::computation_transaction_unit: arx/src/units/computation_transaction_unit.rs:429: Processing callback for computation ArxComputation 166871026314494132994155194339780991771 (cluster_offset: 0)
2026-01-29T11:56:06.825775Z DEBUG arx::units::state_unit: arx/src/units/state_unit.rs:148: Processing signed computation
2026-01-29T11:56:06.832435Z DEBUG arx::units::computation_transaction_unit: arx/src/units/computation_transaction_unit.rs:409: Transaction simulation consumed 120338 compute units
2026-01-29T11:56:06.835828Z DEBUG arx::units::computation_transaction_unit: arx/src/units/computation_transaction_unit.rs:236: Fee calculation: base_fee=5000, compute_units=120338, priority_fee=0, total_fee=5000, fee_variance_buffer=1000, concurrent_callback_buffer=50000
2026-01-29T11:56:06.836217Z DEBUG arx::units::computation_transaction_unit: arx/src/units/computation_transaction_unit.rs:376: Fresh balance range: fresh_balance=999999975000, min=999999919000, max=999999971000, total_fee=5000, staleness_reduction=true
2026-01-29T11:56:06.992277Z DEBUG arx::program: arx/src/program.rs:317: Received update for account: 9EDLm5KDKc1Pf8m587kdxPMvQBNETNahcCfHLNcQ1M8W
2026-01-29T11:56:06.992407Z DEBUG arx::program: arx/src/program.rs:317: Received update for account: 9rUSnh5VrMtRUrJrgAUwcyWvL9NYkscAsDFS5RjPW6Da
2026-01-29T11:56:07.068661Z DEBUG arx::units::execpool_unit: arx/src/units/execpool_unit.rs:102: Received execpool update with 0 computations
2026-01-29T11:56:07.068743Z DEBUG arx::coordinator: arx/src/coordinator.rs:534: Coordinator received execpool unit message: computations ids: []
2026-01-29T11:56:07.068760Z DEBUG arx::units::state_unit: arx/src/units/state_unit.rs:258: Processing execpool update
2026-01-29T11:56:07.068773Z DEBUG arx::units::state_unit: arx/src/units/state_unit.rs:273: Computation executed: ArxComputationReference: 2340910442285671110
|-> prefetch    : +0ms
|-> prefetched  : +79ms
|-> execute     : +0ms
|-> output      : +555ms
|-> signed      : +1ms
|-> executed    : +242ms

2026-01-29T11:56:07.068846Z DEBUG arx::units::state_unit: arx/src/units/state_unit.rs:279: Removing computation from execpool: ArxComputationReference offset: 2340910442285671110
2026-01-29T11:56:07.068873Z DEBUG arx::coordinator: arx/src/coordinator.rs:688: Coordinator received state unit message: executed computation: ArxComputationReference: 2340910442285671110
2026-01-29T11:56:07.068886Z DEBUG arx::units::cache_unit: arx/src/units/cache_unit.rs:302: Processing executed computation: ArxComputationReference: 2340910442285671110
2026-01-29T11:56:07.068894Z DEBUG arx::units::cache_unit: arx/src/units/cache_unit.rs:306: Computation executed and removed from cache: ArxComputationReference: 2340910442285671110
2026-01-29T11:56:07.076275Z DEBUG arx::units::mempool_unit: arx/src/units/mempool_unit.rs:99: Received mempool update for account
2026-01-29T11:56:07.076318Z DEBUG arx::units::mempool_unit: arx/src/units/mempool_unit.rs:129: Mempool contains the same computations, skipping update
2026-01-29T11:56:07.339846Z DEBUG arx::units::computation_transaction_unit: arx/src/units/computation_transaction_unit.rs:792: Callback computation tx for mxe 32AfHsKshTPETofiAcECgNXeSLKztwzVH1qXju3dpA3K already sent
2026-01-29T11:56:07.339962Z DEBUG arx::coordinator: arx/src/coordinator.rs:426: Coordinator received computation transaction unit callback computation: ArxComputationReference: 2340910442285671110
2026-01-29T11:56:07.339982Z DEBUG arx::units::state_unit: arx/src/units/state_unit.rs:339: Processing executed computation
2026-01-29T11:56:07.340003Z DEBUG arx::units::cache_unit: arx/src/units/cache_unit.rs:302: Processing executed computation: ArxComputationReference: 2340910442285671110
2026-01-29T11:56:07.340013Z  WARN arx::units::cache_unit: arx/src/units/cache_unit.rs:313: Computation info not found in cache: ArxComputationReference: 2340910442285671110
2026-01-29T11:56:07.340773Z DEBUG arx::program: arx/src/program.rs:317: Received update for account: 9EDLm5KDKc1Pf8m587kdxPMvQBNETNahcCfHLNcQ1M8W
2026-01-29T11:56:07.343491Z DEBUG arx::program: arx/src/program.rs:317: Received update for account: 9rUSnh5VrMtRUrJrgAUwcyWvL9NYkscAsDFS5RjPW6Da
2026-01-29T11:56:07.369025Z DEBUG arx::units::execpool_unit: arx/src/units/execpool_unit.rs:102: Received execpool update with 1 computations
2026-01-29T11:56:07.369115Z DEBUG arx::coordinator: arx/src/coordinator.rs:534: Coordinator received execpool unit message: computations ids: [4163365956343930020]
2026-01-29T11:56:07.369149Z DEBUG arx::units::cache_unit: arx/src/units/cache_unit.rs:154: Processing queued computation: ArxComputationReference: 4163365956343930020
2026-01-29T11:56:07.369173Z DEBUG arx::units::state_unit: arx/src/units/state_unit.rs:258: Processing execpool update
2026-01-29T11:56:07.369197Z DEBUG arx::units::state_unit: arx/src/units/state_unit.rs:300: Prefetching and executing computation: ArxComputationReference: 4163365956343930020 with status (index: 5, slot: 938)
2026-01-29T11:56:07.369213Z DEBUG arx::coordinator: arx/src/coordinator.rs:658: Coordinator received state unit message: prefetch computation: ArxComputationReference: 4163365956343930020
2026-01-29T11:56:07.369222Z DEBUG arx::coordinator: arx/src/coordinator.rs:668: Coordinator received state unit message: execute computation: ArxComputationReference: 4163365956343930020 with status (index: 5, slot: 938)
2026-01-29T11:56:07.370209Z DEBUG arx::coordinator: arx/src/coordinator.rs:470: Coordinator prefetched computation ArxComputation 283446107517538619513991377116131557187 (cluster_offset: 0)
2026-01-29T11:56:07.370272Z DEBUG arx::coordinator: arx/src/coordinator.rs:486: Coordinator fetched computation ArxComputation 283446107517538619513991377116131557187 (cluster_offset: 0) inputs
2026-01-29T11:56:07.370284Z DEBUG arx::units::cache_unit: arx/src/units/cache_unit.rs:168: Processing fetched computation: ArxComputationReference: 4163365956343930020
2026-01-29T11:56:07.370304Z DEBUG arx::units::cache_unit: arx/src/units/cache_unit.rs:269: Processing fetched inputs: ArxComputation 283446107517538619513991377116131557187 (cluster_offset: 0)
2026-01-29T11:56:07.370358Z DEBUG arx::units::circuit_unit: arx/src/units/circuit_unit.rs:243: Processing computation definition: QsC9Bo6DX8AaLzFLsB91YeN5qZZcAYXXU3pMQ69ixjW
2026-01-29T11:56:07.370883Z DEBUG arx::units::circuit_unit: arx/src/units/circuit_unit.rs:452: Fetching offchain circuit data from: https://raw.githubusercontent.com/outsmartchad/zodiac-circuits/main/init_user_position.arcis
2026-01-29T11:56:07.376154Z DEBUG arx::units::mempool_unit: arx/src/units/mempool_unit.rs:99: Received mempool update for account
2026-01-29T11:56:07.376212Z DEBUG arx::units::mempool_unit: arx/src/units/mempool_unit.rs:129: Mempool contains the same computations, skipping update
2026-01-29T11:56:07.506601Z DEBUG arx::coordinator: arx/src/coordinator.rs:380: Coordinator received circuit info: CircuitInfo QsC9Bo6DX8AaLzFLsB91YeN5qZZcAYXXU3pMQ69ixjW
2026-01-29T11:56:07.506661Z DEBUG arx::units::cache_unit: arx/src/units/cache_unit.rs:195: Processing fetched circuit: CircuitInfo QsC9Bo6DX8AaLzFLsB91YeN5qZZcAYXXU3pMQ69ixjW
2026-01-29T11:56:07.506685Z DEBUG arx::coordinator: arx/src/coordinator.rs:322: Coordinator received cache unit prefetched computation: ArxComputationReference: 4163365956343930020
2026-01-29T11:56:07.506708Z DEBUG arx::coordinator: arx/src/coordinator.rs:332: Coordinator received cache unit execute computation: ArxComputation 283446107517538619513991377116131557187 (cluster_offset: 0)
2026-01-29T11:56:07.506725Z DEBUG arx::units::online_phase_unit: arx/src/units/online_phase_unit.rs:183: Connecting to peers (ArxComputation 283446107517538619513991377116131557187 (cluster_offset: 0))
2026-01-29T11:56:07.506745Z DEBUG arx::units::state_unit: arx/src/units/state_unit.rs:323: Processing prefetched computation
2026-01-29T11:56:07.506756Z DEBUG arx::units::online_phase_unit: arx/src/units/online_phase_unit.rs:202: Connected to peers (ArxComputation 283446107517538619513991377116131557187 (cluster_offset: 0))
2026-01-29T11:56:07.506783Z DEBUG arx::units::online_phase_unit: arx/src/units/online_phase_unit.rs:294: Reusing cached preprocessing bundler for base_id 147438283457911433340656051057242145556
2026-01-29T11:56:07.519860Z  INFO arx::units::online_phase_unit: arx/src/units/online_phase_unit.rs:436: Processing Cerberus computation (283446107517538619513991377116131557187)
2026-01-29T11:56:07.554209Z DEBUG arx::coordinator: arx/src/coordinator.rs:619: Coordinator received online unit output: ArxComputation 283446107517538619513991377116131557187 (cluster_offset: 0)
2026-01-29T11:56:07.554274Z DEBUG arx::units::bls_unit: arx/src/units/bls_unit.rs:96: BLS unit received signature request: ArxComputation 283446107517538619513991377116131557187 (cluster_offset: 0)
2026-01-29T11:56:07.554287Z DEBUG arx::units::bls_unit: arx/src/units/bls_unit.rs:163: Message to sign length: [144, 194, 71, 175, 66, 213, 168, 197, 103, 214, 103, 73, 252, 195, 183, 38, 2, 244, 236, 1, 124, 102, 14, 152, 181, 172, 31, 232, 59, 139, 120, 186, 80, 23, 118, 111, 223, 185, 21, 199, 27, 186, 73, 215, 192, 50, 183, 34, 19, 42, 53, 248, 48, 7, 69, 42, 213, 242, 190, 171, 39, 206, 223, 215, 217, 245, 70, 160, 33, 70, 159, 191, 139, 172, 89, 30, 206, 117, 129, 80, 170, 3, 0, 0, 0, 0, 0, 0, 5, 0]
2026-01-29T11:56:07.554395Z DEBUG arx::units::state_unit: arx/src/units/state_unit.rs:140: Processing outputed computation
2026-01-29T11:56:07.554615Z DEBUG arx::units::bls_unit: arx/src/units/bls_unit.rs:196: Not ready to aggregate signatures for computation_offset 4163365956343930020, our signature will be stored but not aggregated
2026-01-29T11:56:07.554826Z DEBUG arx::units::bls_unit: arx/src/units/bls_unit.rs:111: BLS unit accepted connection from 172.20.0.100:59372
2026-01-29T11:56:07.554875Z DEBUG arx::units::bls_unit: arx/src/units/bls_unit.rs:313: Pushed signature to peer 172.20.0.100:8002
2026-01-29T11:56:07.554970Z DEBUG arx::units::bls_unit: arx/src/units/bls_unit.rs:126: BLS unit received incoming signature for 4163365956343930020
2026-01-29T11:56:07.554985Z DEBUG arx::units::bls_unit: arx/src/units/bls_unit.rs:223: Stored signature for computation_offset 4163365956343930020 (2/2)
2026-01-29T11:56:07.555227Z DEBUG arx::units::bls_unit: arx/src/units/bls_unit.rs:130: BLS unit processed incoming signature for 4163365956343930020
2026-01-29T11:56:07.555238Z DEBUG arx::coordinator: arx/src/coordinator.rs:281: Coordinator received bls unit output: ArxComputation 283446107517538619513991377116131557187 (cluster_offset: 0)
2026-01-29T11:56:07.555288Z DEBUG arx::units::state_unit: arx/src/units/state_unit.rs:148: Processing signed computation
2026-01-29T11:56:07.555314Z DEBUG arx::units::computation_transaction_unit: arx/src/units/computation_transaction_unit.rs:429: Processing callback for computation ArxComputation 283446107517538619513991377116131557187 (cluster_offset: 0)
2026-01-29T11:56:07.561246Z DEBUG arx::units::computation_transaction_unit: arx/src/units/computation_transaction_unit.rs:409: Transaction simulation consumed 118086 compute units
2026-01-29T11:56:07.564589Z DEBUG arx::units::computation_transaction_unit: arx/src/units/computation_transaction_unit.rs:236: Fee calculation: base_fee=5000, compute_units=118086, priority_fee=0, total_fee=5000, fee_variance_buffer=1000, concurrent_callback_buffer=50000
2026-01-29T11:56:07.564929Z DEBUG arx::units::computation_transaction_unit: arx/src/units/computation_transaction_unit.rs:376: Fresh balance range: fresh_balance=999999970000, min=999999914000, max=999999966000, total_fee=5000, staleness_reduction=true
2026-01-29T11:56:07.794167Z DEBUG arx::program: arx/src/program.rs:317: Received update for account: 9rUSnh5VrMtRUrJrgAUwcyWvL9NYkscAsDFS5RjPW6Da
2026-01-29T11:56:07.794201Z DEBUG arx::program: arx/src/program.rs:317: Received update for account: 9EDLm5KDKc1Pf8m587kdxPMvQBNETNahcCfHLNcQ1M8W
2026-01-29T11:56:07.869380Z DEBUG arx::units::execpool_unit: arx/src/units/execpool_unit.rs:102: Received execpool update with 0 computations
2026-01-29T11:56:07.869447Z DEBUG arx::coordinator: arx/src/coordinator.rs:534: Coordinator received execpool unit message: computations ids: []
2026-01-29T11:56:07.869460Z DEBUG arx::units::state_unit: arx/src/units/state_unit.rs:258: Processing execpool update
2026-01-29T11:56:07.869470Z DEBUG arx::units::state_unit: arx/src/units/state_unit.rs:273: Computation executed: ArxComputationReference: 4163365956343930020
|-> prefetch    : +0ms
|-> prefetched  : +137ms
|-> execute     : +0ms
|-> output      : +185ms
|-> signed      : +0ms
|-> executed    : +314ms

2026-01-29T11:56:07.869504Z DEBUG arx::units::state_unit: arx/src/units/state_unit.rs:279: Removing computation from execpool: ArxComputationReference offset: 4163365956343930020
2026-01-29T11:56:07.869526Z DEBUG arx::coordinator: arx/src/coordinator.rs:688: Coordinator received state unit message: executed computation: ArxComputationReference: 4163365956343930020
2026-01-29T11:56:07.869536Z DEBUG arx::units::cache_unit: arx/src/units/cache_unit.rs:302: Processing executed computation: ArxComputationReference: 4163365956343930020
2026-01-29T11:56:07.869543Z DEBUG arx::units::cache_unit: arx/src/units/cache_unit.rs:306: Computation executed and removed from cache: ArxComputationReference: 4163365956343930020
2026-01-29T11:56:07.875855Z DEBUG arx::units::mempool_unit: arx/src/units/mempool_unit.rs:99: Received mempool update for account
2026-01-29T11:56:07.875899Z DEBUG arx::units::mempool_unit: arx/src/units/mempool_unit.rs:129: Mempool contains the same computations, skipping update
2026-01-29T11:56:08.068304Z DEBUG arx::units::computation_transaction_unit: arx/src/units/computation_transaction_unit.rs:792: Callback computation tx for mxe 32AfHsKshTPETofiAcECgNXeSLKztwzVH1qXju3dpA3K already sent
2026-01-29T11:56:08.068403Z DEBUG arx::coordinator: arx/src/coordinator.rs:426: Coordinator received computation transaction unit callback computation: ArxComputationReference: 4163365956343930020
2026-01-29T11:56:08.068419Z DEBUG arx::units::state_unit: arx/src/units/state_unit.rs:339: Processing executed computation
2026-01-29T11:56:08.068437Z DEBUG arx::units::cache_unit: arx/src/units/cache_unit.rs:302: Processing executed computation: ArxComputationReference: 4163365956343930020
2026-01-29T11:56:08.068444Z  WARN arx::units::cache_unit: arx/src/units/cache_unit.rs:313: Computation info not found in cache: ArxComputationReference: 4163365956343930020
2026-01-29T11:56:09.397611Z DEBUG arx::program: arx/src/program.rs:317: Received update for account: 9EDLm5KDKc1Pf8m587kdxPMvQBNETNahcCfHLNcQ1M8W
2026-01-29T11:56:09.397853Z DEBUG arx::program: arx/src/program.rs:317: Received update for account: 9rUSnh5VrMtRUrJrgAUwcyWvL9NYkscAsDFS5RjPW6Da
2026-01-29T11:56:09.469111Z DEBUG arx::units::execpool_unit: arx/src/units/execpool_unit.rs:102: Received execpool update with 1 computations
2026-01-29T11:56:09.469182Z DEBUG arx::coordinator: arx/src/coordinator.rs:534: Coordinator received execpool unit message: computations ids: [13617533240292900044]
2026-01-29T11:56:09.469211Z DEBUG arx::units::cache_unit: arx/src/units/cache_unit.rs:154: Processing queued computation: ArxComputationReference: 13617533240292900044
2026-01-29T11:56:09.469266Z DEBUG arx::units::state_unit: arx/src/units/state_unit.rs:258: Processing execpool update
2026-01-29T11:56:09.469329Z DEBUG arx::units::state_unit: arx/src/units/state_unit.rs:300: Prefetching and executing computation: ArxComputationReference: 13617533240292900044 with status (index: 6, slot: 943)
2026-01-29T11:56:09.469354Z DEBUG arx::coordinator: arx/src/coordinator.rs:658: Coordinator received state unit message: prefetch computation: ArxComputationReference: 13617533240292900044
2026-01-29T11:56:09.469366Z DEBUG arx::coordinator: arx/src/coordinator.rs:668: Coordinator received state unit message: execute computation: ArxComputationReference: 13617533240292900044 with status (index: 6, slot: 943)
2026-01-29T11:56:09.470502Z DEBUG arx::coordinator: arx/src/coordinator.rs:470: Coordinator prefetched computation ArxComputation 114545961611083753347458033617194537070 (cluster_offset: 0)
2026-01-29T11:56:09.470549Z DEBUG arx::units::cache_unit: arx/src/units/cache_unit.rs:168: Processing fetched computation: ArxComputationReference: 13617533240292900044
2026-01-29T11:56:09.470618Z DEBUG arx::units::circuit_unit: arx/src/units/circuit_unit.rs:243: Processing computation definition: 6D4MvtJRe6WvAvkE9VcGQ3u5Wwy7Q83an6uEFJmnXgV3
2026-01-29T11:56:09.473524Z DEBUG arx::units::circuit_unit: arx/src/units/circuit_unit.rs:452: Fetching offchain circuit data from: https://raw.githubusercontent.com/outsmartchad/zodiac-circuits/main/deposit.arcis
2026-01-29T11:56:09.474213Z DEBUG arx::coordinator: arx/src/coordinator.rs:486: Coordinator fetched computation ArxComputation 114545961611083753347458033617194537070 (cluster_offset: 0) inputs
2026-01-29T11:56:09.474241Z DEBUG arx::units::cache_unit: arx/src/units/cache_unit.rs:269: Processing fetched inputs: ArxComputation 114545961611083753347458033617194537070 (cluster_offset: 0)
2026-01-29T11:56:09.476400Z DEBUG arx::units::mempool_unit: arx/src/units/mempool_unit.rs:99: Received mempool update for account
2026-01-29T11:56:09.476426Z DEBUG arx::units::mempool_unit: arx/src/units/mempool_unit.rs:129: Mempool contains the same computations, skipping update
2026-01-29T11:56:09.660764Z DEBUG arx::coordinator: arx/src/coordinator.rs:380: Coordinator received circuit info: CircuitInfo 6D4MvtJRe6WvAvkE9VcGQ3u5Wwy7Q83an6uEFJmnXgV3
2026-01-29T11:56:09.660824Z DEBUG arx::units::cache_unit: arx/src/units/cache_unit.rs:195: Processing fetched circuit: CircuitInfo 6D4MvtJRe6WvAvkE9VcGQ3u5Wwy7Q83an6uEFJmnXgV3
2026-01-29T11:56:09.660849Z DEBUG arx::coordinator: arx/src/coordinator.rs:322: Coordinator received cache unit prefetched computation: ArxComputationReference: 13617533240292900044
2026-01-29T11:56:09.660857Z DEBUG arx::coordinator: arx/src/coordinator.rs:332: Coordinator received cache unit execute computation: ArxComputation 114545961611083753347458033617194537070 (cluster_offset: 0)
2026-01-29T11:56:09.660875Z DEBUG arx::units::online_phase_unit: arx/src/units/online_phase_unit.rs:183: Connecting to peers (ArxComputation 114545961611083753347458033617194537070 (cluster_offset: 0))
2026-01-29T11:56:09.660895Z DEBUG arx::units::state_unit: arx/src/units/state_unit.rs:323: Processing prefetched computation
2026-01-29T11:56:09.660915Z DEBUG arx::units::online_phase_unit: arx/src/units/online_phase_unit.rs:202: Connected to peers (ArxComputation 114545961611083753347458033617194537070 (cluster_offset: 0))
2026-01-29T11:56:09.660943Z DEBUG arx::units::online_phase_unit: arx/src/units/online_phase_unit.rs:294: Reusing cached preprocessing bundler for base_id 147438283457911433340656051057242145556
2026-01-29T11:56:09.860657Z  INFO arx::units::online_phase_unit: arx/src/units/online_phase_unit.rs:436: Processing Cerberus computation (114545961611083753347458033617194537070)
2026-01-29T11:56:10.157239Z DEBUG arx::coordinator: arx/src/coordinator.rs:619: Coordinator received online unit output: ArxComputation 114545961611083753347458033617194537070 (cluster_offset: 0)
2026-01-29T11:56:10.157287Z DEBUG arx::units::bls_unit: arx/src/units/bls_unit.rs:96: BLS unit received signature request: ArxComputation 114545961611083753347458033617194537070 (cluster_offset: 0)
2026-01-29T11:56:10.157293Z DEBUG arx::units::state_unit: arx/src/units/state_unit.rs:140: Processing outputed computation
2026-01-29T11:56:10.157297Z DEBUG arx::units::bls_unit: arx/src/units/bls_unit.rs:163: Message to sign length: [124, 206, 169, 88, 18, 184, 154, 118, 62, 240, 99, 120, 123, 20, 51, 244, 158, 88, 48, 247, 242, 238, 62, 40, 137, 59, 27, 159, 120, 178, 99, 96, 5, 149, 25, 126, 73, 84, 109, 221, 18, 59, 182, 162, 209, 138, 155, 80, 210, 233, 46, 148, 143, 74, 135, 227, 189, 104, 15, 97, 119, 149, 140, 91, 154, 171, 30, 224, 16, 175, 35, 48, 87, 102, 217, 175, 63, 95, 31, 57, 24, 88, 41, 55, 250, 212, 170, 219, 110, 170, 127, 207, 247, 159, 50, 31, 47, 127, 215, 127, 10, 138, 162, 64, 162, 70, 196, 137, 84, 209, 110, 127, 145, 194, 71, 175, 66, 213, 168, 197, 103, 214, 103, 73, 252, 195, 183, 38, 85, 249, 62, 77, 40, 67, 127, 95, 227, 83, 105, 63, 154, 7, 52, 226, 128, 211, 242, 254, 146, 185, 88, 145, 241, 124, 37, 158, 13, 104, 71, 83, 85, 92, 25, 177, 114, 204, 240, 44, 164, 3, 173, 96, 183, 0, 145, 0, 209, 70, 253, 59, 185, 163, 108, 90, 51, 103, 148, 79, 196, 36, 168, 29, 175, 3, 0, 0, 0, 0, 0, 0, 6, 0]
2026-01-29T11:56:10.157710Z DEBUG arx::units::bls_unit: arx/src/units/bls_unit.rs:196: Not ready to aggregate signatures for computation_offset 13617533240292900044, our signature will be stored but not aggregated
2026-01-29T11:56:10.157970Z DEBUG arx::units::bls_unit: arx/src/units/bls_unit.rs:313: Pushed signature to peer 172.20.0.100:8002
2026-01-29T11:56:10.158069Z DEBUG arx::units::bls_unit: arx/src/units/bls_unit.rs:111: BLS unit accepted connection from 172.20.0.100:36162
2026-01-29T11:56:10.158140Z DEBUG arx::units::bls_unit: arx/src/units/bls_unit.rs:126: BLS unit received incoming signature for 13617533240292900044
2026-01-29T11:56:10.158154Z DEBUG arx::units::bls_unit: arx/src/units/bls_unit.rs:223: Stored signature for computation_offset 13617533240292900044 (2/2)
2026-01-29T11:56:10.158525Z DEBUG arx::units::bls_unit: arx/src/units/bls_unit.rs:130: BLS unit processed incoming signature for 13617533240292900044
2026-01-29T11:56:10.158544Z DEBUG arx::coordinator: arx/src/coordinator.rs:281: Coordinator received bls unit output: ArxComputation 114545961611083753347458033617194537070 (cluster_offset: 0)
2026-01-29T11:56:10.158578Z DEBUG arx::units::computation_transaction_unit: arx/src/units/computation_transaction_unit.rs:429: Processing callback for computation ArxComputation 114545961611083753347458033617194537070 (cluster_offset: 0)
2026-01-29T11:56:10.158583Z DEBUG arx::units::state_unit: arx/src/units/state_unit.rs:148: Processing signed computation
2026-01-29T11:56:10.167560Z DEBUG arx::units::computation_transaction_unit: arx/src/units/computation_transaction_unit.rs:409: Transaction simulation consumed 147819 compute units
2026-01-29T11:56:10.167916Z DEBUG arx::units::computation_transaction_unit: arx/src/units/computation_transaction_unit.rs:236: Fee calculation: base_fee=5000, compute_units=147819, priority_fee=0, total_fee=5000, fee_variance_buffer=1000, concurrent_callback_buffer=50000
2026-01-29T11:56:10.168134Z DEBUG arx::units::computation_transaction_unit: arx/src/units/computation_transaction_unit.rs:376: Fresh balance range: fresh_balance=999999965000, min=999999909000, max=999999961000, total_fee=5000, staleness_reduction=true
2026-01-29T11:56:10.201470Z DEBUG arx::program: arx/src/program.rs:317: Received update for account: 9EDLm5KDKc1Pf8m587kdxPMvQBNETNahcCfHLNcQ1M8W
2026-01-29T11:56:10.201828Z DEBUG arx::program: arx/src/program.rs:317: Received update for account: 9rUSnh5VrMtRUrJrgAUwcyWvL9NYkscAsDFS5RjPW6Da
2026-01-29T11:56:10.269087Z DEBUG arx::units::execpool_unit: arx/src/units/execpool_unit.rs:102: Received execpool update with 0 computations
2026-01-29T11:56:10.269152Z DEBUG arx::coordinator: arx/src/coordinator.rs:534: Coordinator received execpool unit message: computations ids: []
2026-01-29T11:56:10.269170Z DEBUG arx::units::state_unit: arx/src/units/state_unit.rs:258: Processing execpool update
2026-01-29T11:56:10.269181Z DEBUG arx::units::state_unit: arx/src/units/state_unit.rs:273: Computation executed: ArxComputationReference: 13617533240292900044
|-> prefetch    : +0ms
|-> prefetched  : +191ms
|-> execute     : +0ms
|-> output      : +687ms
|-> signed      : +1ms
|-> executed    : +110ms

2026-01-29T11:56:10.269202Z DEBUG arx::units::state_unit: arx/src/units/state_unit.rs:279: Removing computation from execpool: ArxComputationReference offset: 13617533240292900044
2026-01-29T11:56:10.269227Z DEBUG arx::coordinator: arx/src/coordinator.rs:688: Coordinator received state unit message: executed computation: ArxComputationReference: 13617533240292900044
2026-01-29T11:56:10.269237Z DEBUG arx::units::cache_unit: arx/src/units/cache_unit.rs:302: Processing executed computation: ArxComputationReference: 13617533240292900044
2026-01-29T11:56:10.269243Z DEBUG arx::units::cache_unit: arx/src/units/cache_unit.rs:306: Computation executed and removed from cache: ArxComputationReference: 13617533240292900044
2026-01-29T11:56:10.276438Z DEBUG arx::units::mempool_unit: arx/src/units/mempool_unit.rs:99: Received mempool update for account
2026-01-29T11:56:10.276484Z DEBUG arx::units::mempool_unit: arx/src/units/mempool_unit.rs:129: Mempool contains the same computations, skipping update
2026-01-29T11:56:10.605836Z DEBUG arx::program: arx/src/program.rs:317: Received update for account: 9EDLm5KDKc1Pf8m587kdxPMvQBNETNahcCfHLNcQ1M8W
2026-01-29T11:56:10.605983Z DEBUG arx::program: arx/src/program.rs:317: Received update for account: 9rUSnh5VrMtRUrJrgAUwcyWvL9NYkscAsDFS5RjPW6Da
2026-01-29T11:56:10.669231Z DEBUG arx::units::execpool_unit: arx/src/units/execpool_unit.rs:102: Received execpool update with 1 computations
2026-01-29T11:56:10.669297Z DEBUG arx::coordinator: arx/src/coordinator.rs:534: Coordinator received execpool unit message: computations ids: [3614141705077431112]
2026-01-29T11:56:10.669327Z DEBUG arx::units::cache_unit: arx/src/units/cache_unit.rs:154: Processing queued computation: ArxComputationReference: 3614141705077431112
2026-01-29T11:56:10.669364Z DEBUG arx::units::state_unit: arx/src/units/state_unit.rs:258: Processing execpool update
2026-01-29T11:56:10.669392Z DEBUG arx::units::state_unit: arx/src/units/state_unit.rs:300: Prefetching and executing computation: ArxComputationReference: 3614141705077431112 with status (index: 7, slot: 946)
2026-01-29T11:56:10.669408Z DEBUG arx::coordinator: arx/src/coordinator.rs:658: Coordinator received state unit message: prefetch computation: ArxComputationReference: 3614141705077431112
2026-01-29T11:56:10.669416Z DEBUG arx::coordinator: arx/src/coordinator.rs:668: Coordinator received state unit message: execute computation: ArxComputationReference: 3614141705077431112 with status (index: 7, slot: 946)
2026-01-29T11:56:10.670462Z DEBUG arx::coordinator: arx/src/coordinator.rs:470: Coordinator prefetched computation ArxComputation 23025039936854354445428626803343392325 (cluster_offset: 0)
2026-01-29T11:56:10.670540Z DEBUG arx::units::cache_unit: arx/src/units/cache_unit.rs:168: Processing fetched computation: ArxComputationReference: 3614141705077431112
2026-01-29T11:56:10.670610Z DEBUG arx::units::circuit_unit: arx/src/units/circuit_unit.rs:243: Processing computation definition: FyZ5JcU7dzjeoPKWrBCZzSa3eBgbNtAXgV12Y4uqMDnD
2026-01-29T11:56:10.671787Z DEBUG arx::coordinator: arx/src/coordinator.rs:486: Coordinator fetched computation ArxComputation 23025039936854354445428626803343392325 (cluster_offset: 0) inputs
2026-01-29T11:56:10.671835Z DEBUG arx::units::cache_unit: arx/src/units/cache_unit.rs:269: Processing fetched inputs: ArxComputation 23025039936854354445428626803343392325 (cluster_offset: 0)
2026-01-29T11:56:10.672375Z DEBUG arx::units::circuit_unit: arx/src/units/circuit_unit.rs:452: Fetching offchain circuit data from: https://raw.githubusercontent.com/outsmartchad/zodiac-circuits/main/reveal_pending_deposits.arcis
2026-01-29T11:56:10.673305Z DEBUG arx::units::computation_transaction_unit: arx/src/units/computation_transaction_unit.rs:784: Sent callback computation tx for mxe 32AfHsKshTPETofiAcECgNXeSLKztwzVH1qXju3dpA3K with sig 2aQ7iZLv6nyu8ZaDqENmZekTo9yjrsgtzw4d9oyxawnMFcbkws1sGi1Jg9WhzqZqhoa1y7FkWsv947c8j19optCn
2026-01-29T11:56:10.673393Z DEBUG arx::coordinator: arx/src/coordinator.rs:426: Coordinator received computation transaction unit callback computation: ArxComputationReference: 13617533240292900044
2026-01-29T11:56:10.673407Z DEBUG arx::units::state_unit: arx/src/units/state_unit.rs:339: Processing executed computation
2026-01-29T11:56:10.673425Z DEBUG arx::units::cache_unit: arx/src/units/cache_unit.rs:302: Processing executed computation: ArxComputationReference: 13617533240292900044
2026-01-29T11:56:10.673431Z  WARN arx::units::cache_unit: arx/src/units/cache_unit.rs:313: Computation info not found in cache: ArxComputationReference: 13617533240292900044
2026-01-29T11:56:10.675609Z DEBUG arx::units::mempool_unit: arx/src/units/mempool_unit.rs:99: Received mempool update for account
2026-01-29T11:56:10.675643Z DEBUG arx::units::mempool_unit: arx/src/units/mempool_unit.rs:129: Mempool contains the same computations, skipping update
2026-01-29T11:56:10.794792Z DEBUG arx::coordinator: arx/src/coordinator.rs:380: Coordinator received circuit info: CircuitInfo FyZ5JcU7dzjeoPKWrBCZzSa3eBgbNtAXgV12Y4uqMDnD
2026-01-29T11:56:10.794871Z DEBUG arx::units::cache_unit: arx/src/units/cache_unit.rs:195: Processing fetched circuit: CircuitInfo FyZ5JcU7dzjeoPKWrBCZzSa3eBgbNtAXgV12Y4uqMDnD
2026-01-29T11:56:10.794893Z DEBUG arx::coordinator: arx/src/coordinator.rs:322: Coordinator received cache unit prefetched computation: ArxComputationReference: 3614141705077431112
2026-01-29T11:56:10.794930Z DEBUG arx::coordinator: arx/src/coordinator.rs:332: Coordinator received cache unit execute computation: ArxComputation 23025039936854354445428626803343392325 (cluster_offset: 0)
2026-01-29T11:56:10.794950Z DEBUG arx::units::online_phase_unit: arx/src/units/online_phase_unit.rs:183: Connecting to peers (ArxComputation 23025039936854354445428626803343392325 (cluster_offset: 0))
2026-01-29T11:56:10.794960Z DEBUG arx::units::state_unit: arx/src/units/state_unit.rs:323: Processing prefetched computation
2026-01-29T11:56:10.794987Z DEBUG arx::units::online_phase_unit: arx/src/units/online_phase_unit.rs:202: Connected to peers (ArxComputation 23025039936854354445428626803343392325 (cluster_offset: 0))
2026-01-29T11:56:10.795025Z DEBUG arx::units::online_phase_unit: arx/src/units/online_phase_unit.rs:294: Reusing cached preprocessing bundler for base_id 147438283457911433340656051057242145556
2026-01-29T11:56:10.815194Z  INFO arx::units::online_phase_unit: arx/src/units/online_phase_unit.rs:436: Processing Cerberus computation (23025039936854354445428626803343392325)
2026-01-29T11:56:10.852240Z DEBUG arx::units::bls_unit: arx/src/units/bls_unit.rs:111: BLS unit accepted connection from 172.20.0.100:36168
2026-01-29T11:56:10.852436Z DEBUG arx::units::bls_unit: arx/src/units/bls_unit.rs:126: BLS unit received incoming signature for 3614141705077431112
2026-01-29T11:56:10.852490Z DEBUG arx::units::bls_unit: arx/src/units/bls_unit.rs:223: Stored signature for computation_offset 3614141705077431112 (1/2)
2026-01-29T11:56:10.852503Z DEBUG arx::units::bls_unit: arx/src/units/bls_unit.rs:233: Not ready to aggregate signatures for computation_offset 3614141705077431112, received signature will be stored but not aggregated
2026-01-29T11:56:10.852511Z DEBUG arx::units::bls_unit: arx/src/units/bls_unit.rs:130: BLS unit processed incoming signature for 3614141705077431112
2026-01-29T11:56:10.852930Z DEBUG arx::coordinator: arx/src/coordinator.rs:619: Coordinator received online unit output: ArxComputation 23025039936854354445428626803343392325 (cluster_offset: 0)
2026-01-29T11:56:10.852958Z DEBUG arx::units::bls_unit: arx/src/units/bls_unit.rs:96: BLS unit received signature request: ArxComputation 23025039936854354445428626803343392325 (cluster_offset: 0)
2026-01-29T11:56:10.852967Z DEBUG arx::units::bls_unit: arx/src/units/bls_unit.rs:163: Message to sign length: [0, 202, 154, 59, 0, 0, 0, 0, 178, 3, 0, 0, 0, 0, 0, 0, 7, 0]
2026-01-29T11:56:10.852994Z DEBUG arx::units::state_unit: arx/src/units/state_unit.rs:140: Processing outputed computation
2026-01-29T11:56:10.853444Z DEBUG arx::units::bls_unit: arx/src/units/bls_unit.rs:313: Pushed signature to peer 172.20.0.100:8002
2026-01-29T11:56:10.853484Z DEBUG arx::coordinator: arx/src/coordinator.rs:281: Coordinator received bls unit output: ArxComputation 23025039936854354445428626803343392325 (cluster_offset: 0)
2026-01-29T11:56:10.853497Z DEBUG arx::units::state_unit: arx/src/units/state_unit.rs:148: Processing signed computation
2026-01-29T11:56:10.853534Z DEBUG arx::units::computation_transaction_unit: arx/src/units/computation_transaction_unit.rs:429: Processing callback for computation ArxComputation 23025039936854354445428626803343392325 (cluster_offset: 0)
2026-01-29T11:56:10.858676Z DEBUG arx::units::computation_transaction_unit: arx/src/units/computation_transaction_unit.rs:409: Transaction simulation consumed 120176 compute units
2026-01-29T11:56:10.861985Z DEBUG arx::units::computation_transaction_unit: arx/src/units/computation_transaction_unit.rs:236: Fee calculation: base_fee=5000, compute_units=120176, priority_fee=0, total_fee=5000, fee_variance_buffer=1000, concurrent_callback_buffer=50000
2026-01-29T11:56:10.862839Z DEBUG arx::units::computation_transaction_unit: arx/src/units/computation_transaction_unit.rs:376: Fresh balance range: fresh_balance=999999960000, min=999999904000, max=999999956000, total_fee=5000, staleness_reduction=true
2026-01-29T11:56:11.102812Z DEBUG arx::program: arx/src/program.rs:317: Received update for account: 9EDLm5KDKc1Pf8m587kdxPMvQBNETNahcCfHLNcQ1M8W
2026-01-29T11:56:11.102975Z DEBUG arx::program: arx/src/program.rs:317: Received update for account: 9rUSnh5VrMtRUrJrgAUwcyWvL9NYkscAsDFS5RjPW6Da
2026-01-29T11:56:11.169239Z DEBUG arx::units::execpool_unit: arx/src/units/execpool_unit.rs:102: Received execpool update with 0 computations
2026-01-29T11:56:11.169295Z DEBUG arx::coordinator: arx/src/coordinator.rs:534: Coordinator received execpool unit message: computations ids: []
2026-01-29T11:56:11.169309Z DEBUG arx::units::state_unit: arx/src/units/state_unit.rs:258: Processing execpool update
2026-01-29T11:56:11.169319Z DEBUG arx::units::state_unit: arx/src/units/state_unit.rs:273: Computation executed: ArxComputationReference: 3614141705077431112
|-> prefetch    : +0ms
|-> prefetched  : +125ms
|-> execute     : +0ms
|-> output      : +183ms
|-> signed      : +0ms
|-> executed    : +315ms

2026-01-29T11:56:11.169338Z DEBUG arx::units::state_unit: arx/src/units/state_unit.rs:279: Removing computation from execpool: ArxComputationReference offset: 3614141705077431112
2026-01-29T11:56:11.169362Z DEBUG arx::coordinator: arx/src/coordinator.rs:688: Coordinator received state unit message: executed computation: ArxComputationReference: 3614141705077431112
2026-01-29T11:56:11.169417Z DEBUG arx::units::cache_unit: arx/src/units/cache_unit.rs:302: Processing executed computation: ArxComputationReference: 3614141705077431112
2026-01-29T11:56:11.169425Z DEBUG arx::units::cache_unit: arx/src/units/cache_unit.rs:306: Computation executed and removed from cache: ArxComputationReference: 3614141705077431112
2026-01-29T11:56:11.176671Z DEBUG arx::units::mempool_unit: arx/src/units/mempool_unit.rs:99: Received mempool update for account
2026-01-29T11:56:11.176740Z DEBUG arx::units::mempool_unit: arx/src/units/mempool_unit.rs:129: Mempool contains the same computations, skipping update
2026-01-29T11:56:11.366171Z DEBUG arx::units::computation_transaction_unit: arx/src/units/computation_transaction_unit.rs:784: Sent callback computation tx for mxe 32AfHsKshTPETofiAcECgNXeSLKztwzVH1qXju3dpA3K with sig 2EQZuq9HLR8uRDh3aCyrWaCicvjsrwu4Q1UuME7w13DELDjcArcCkzmDY7cUgN1dMHSUQLc1frjWJANShuFnLoqo
2026-01-29T11:56:11.366247Z DEBUG arx::coordinator: arx/src/coordinator.rs:426: Coordinator received computation transaction unit callback computation: ArxComputationReference: 3614141705077431112
2026-01-29T11:56:11.366262Z DEBUG arx::units::state_unit: arx/src/units/state_unit.rs:339: Processing executed computation
2026-01-29T11:56:11.366274Z DEBUG arx::units::cache_unit: arx/src/units/cache_unit.rs:302: Processing executed computation: ArxComputationReference: 3614141705077431112
2026-01-29T11:56:11.366280Z  WARN arx::units::cache_unit: arx/src/units/cache_unit.rs:313: Computation info not found in cache: ArxComputationReference: 3614141705077431112
