2026-01-29T11:39:34.586048Z  INFO arx::metrics: arx/src/metrics.rs:524: Node metrics initialized: version=0.6.5, cluster=0, node=1
2026-01-29T11:39:34.686411Z DEBUG arx::units::online_phase_unit::key_material: arx/src/units/online_phase_unit/key_material.rs:165: Loading key material from path /usr/arx-node/private-shares and /usr/arx-node/public-inputs
2026-01-29T11:39:34.699050Z DEBUG arx::units::online_phase_unit::key_material: arx/src/units/online_phase_unit/key_material.rs:179: Loaded key material for MXE: FMMVCEygM2ewq4y4fmE5UDuyfhuoz4bXmEDDeg9iFPpL
2026-01-29T11:39:34.699125Z  INFO arx: arx/src/main.rs:122: Starting metrics server
2026-01-29T11:39:34.699135Z  INFO arx: arx/src/main.rs:127: Starting ARX coordinator
2026-01-29T11:39:34.699597Z  INFO arx::units::cache_unit: arx/src/units/cache_unit.rs:91: Cache unit started
2026-01-29T11:39:34.700159Z  INFO arx::units::circuit_unit: arx/src/units/circuit_unit.rs:141: Circuit unit started
2026-01-29T11:39:34.700197Z  INFO arx::units::computation_transaction_unit: arx/src/units/computation_transaction_unit.rs:124: Computation transaction unit started
2026-01-29T11:39:34.700222Z  INFO arx::units::execpool_unit: arx/src/units/execpool_unit.rs:65: Execpool unit started
2026-01-29T11:39:34.700319Z  INFO arx::program: arx/src/program.rs:227: Pub/sub client started
2026-01-29T11:39:34.700327Z  INFO arx::program: arx/src/program.rs:229: Connecting initial pub/sub
2026-01-29T11:39:34.700421Z  INFO arx::units::computation_unit: arx/src/units/computation_unit.rs:99: Inputs unit started
2026-01-29T11:39:34.700476Z  INFO arx::units::mempool_unit: arx/src/units/mempool_unit.rs:63: Mempool unit started
2026-01-29T11:39:34.701068Z  INFO arx::units::node_transaction_unit: arx/src/units/node_transaction_unit.rs:65: Node transaction unit started
2026-01-29T11:39:34.701109Z  INFO arx::units::node_transaction_unit: arx/src/units/node_transaction_unit.rs:67: Activating node
2026-01-29T11:39:34.702132Z  INFO arx::program: arx/src/program.rs:227: Pub/sub client started
2026-01-29T11:39:34.702161Z  INFO arx::program: arx/src/program.rs:229: Connecting initial pub/sub
2026-01-29T11:39:34.702228Z  INFO arx::units::online_phase_unit: arx/src/units/online_phase_unit.rs:139: Online phase unit started
2026-01-29T11:39:34.706191Z  INFO arx::metrics: arx/src/metrics.rs:312: Metrics server listening on http://0.0.0.0:9091/metrics
2026-01-29T11:39:34.706849Z  INFO arx::units::bls_unit: arx/src/units/bls_unit.rs:78: BLS unit started
2026-01-29T11:39:34.706872Z  INFO arx::units::state_unit: arx/src/units/state_unit.rs:112: State unit started
2026-01-29T11:39:34.706239Z  INFO arx::coordinator: arx/src/coordinator.rs:225: Coordinator started
2026-01-29T11:39:34.715294Z  INFO arx::program: arx/src/program.rs:269: Fetching initial state for account: 9EDLm5KDKc1Pf8m587kdxPMvQBNETNahcCfHLNcQ1M8W
2026-01-29T11:39:34.717086Z  INFO arx::program: arx/src/program.rs:269: Fetching initial state for account: 9rUSnh5VrMtRUrJrgAUwcyWvL9NYkscAsDFS5RjPW6Da
2026-01-29T11:39:34.735451Z  INFO arx::program: arx/src/program.rs:283: Subscribing to account: 9rUSnh5VrMtRUrJrgAUwcyWvL9NYkscAsDFS5RjPW6Da
2026-01-29T11:39:34.735634Z DEBUG arx::units::mempool_unit: arx/src/units/mempool_unit.rs:99: Received mempool update for account
2026-01-29T11:39:34.735656Z DEBUG arx::units::mempool_unit: arx/src/units/mempool_unit.rs:129: Mempool contains the same computations, skipping update
2026-01-29T11:39:34.735737Z  INFO arx::program: arx/src/program.rs:283: Subscribing to account: 9EDLm5KDKc1Pf8m587kdxPMvQBNETNahcCfHLNcQ1M8W
2026-01-29T11:39:34.735813Z DEBUG arx::units::execpool_unit: arx/src/units/execpool_unit.rs:102: Received execpool update with 1 computations
2026-01-29T11:39:35.237529Z  INFO arx::units::node_transaction_unit: arx/src/units/node_transaction_unit.rs:70: Node activated
2026-01-29T11:39:35.237583Z  INFO arx::coordinator: arx/src/coordinator.rs:257: Node activated, coordinator running
2026-01-29T11:39:35.237638Z DEBUG arx::coordinator: arx/src/coordinator.rs:534: Coordinator received execpool unit message: computations ids: [3945565959796867233]
2026-01-29T11:39:35.237666Z DEBUG arx::units::cache_unit: arx/src/units/cache_unit.rs:154: Processing queued computation: ArxComputationReference: 3945565959796867233
2026-01-29T11:39:35.237700Z DEBUG arx::units::state_unit: arx/src/units/state_unit.rs:258: Processing execpool update
2026-01-29T11:39:35.237776Z DEBUG arx::units::state_unit: arx/src/units/state_unit.rs:300: Prefetching and executing computation: ArxComputationReference: 3945565959796867233 with status (index: 0, slot: 202)
2026-01-29T11:39:35.237816Z DEBUG arx::coordinator: arx/src/coordinator.rs:658: Coordinator received state unit message: prefetch computation: ArxComputationReference: 3945565959796867233
2026-01-29T11:39:35.237828Z DEBUG arx::coordinator: arx/src/coordinator.rs:668: Coordinator received state unit message: execute computation: ArxComputationReference: 3945565959796867233 with status (index: 0, slot: 202)
2026-01-29T11:39:35.238684Z DEBUG arx::coordinator: arx/src/coordinator.rs:470: Coordinator prefetched computation ArxComputation 219773512127343467667780173765741629423 (cluster_offset: 0)
2026-01-29T11:39:35.238744Z DEBUG arx::coordinator: arx/src/coordinator.rs:486: Coordinator fetched computation ArxComputation 219773512127343467667780173765741629423 (cluster_offset: 0) inputs
2026-01-29T11:39:35.238754Z DEBUG arx::units::cache_unit: arx/src/units/cache_unit.rs:168: Processing fetched computation: ArxComputationReference: 3945565959796867233
2026-01-29T11:39:35.238779Z DEBUG arx::units::cache_unit: arx/src/units/cache_unit.rs:269: Processing fetched inputs: ArxComputation 219773512127343467667780173765741629423 (cluster_offset: 0)
2026-01-29T11:39:35.238836Z DEBUG arx::units::circuit_unit: arx/src/units/circuit_unit.rs:243: Processing computation definition: 58qwppwie7P1tWGMCdW2QKnV71DFeCx24NNn2UKixxKi
2026-01-29T11:39:35.239488Z DEBUG arx::units::circuit_unit: arx/src/units/circuit_unit.rs:411: Fetching local circuit data from: /usr/arx-node/circuits/mxe_keygen/circuit.arcis
2026-01-29T11:39:35.556223Z DEBUG arx::coordinator: arx/src/coordinator.rs:380: Coordinator received circuit info: CircuitInfo 58qwppwie7P1tWGMCdW2QKnV71DFeCx24NNn2UKixxKi
2026-01-29T11:39:35.556287Z DEBUG arx::units::cache_unit: arx/src/units/cache_unit.rs:195: Processing fetched circuit: CircuitInfo 58qwppwie7P1tWGMCdW2QKnV71DFeCx24NNn2UKixxKi
2026-01-29T11:39:35.556307Z DEBUG arx::coordinator: arx/src/coordinator.rs:322: Coordinator received cache unit prefetched computation: ArxComputationReference: 3945565959796867233
2026-01-29T11:39:35.556314Z DEBUG arx::coordinator: arx/src/coordinator.rs:332: Coordinator received cache unit execute computation: ArxComputation 219773512127343467667780173765741629423 (cluster_offset: 0)
2026-01-29T11:39:35.556329Z DEBUG arx::units::online_phase_unit: arx/src/units/online_phase_unit.rs:183: Connecting to peers (ArxComputation 219773512127343467667780173765741629423 (cluster_offset: 0))
2026-01-29T11:39:35.557743Z DEBUG arx::units::state_unit: arx/src/units/state_unit.rs:323: Processing prefetched computation
2026-01-29T11:39:35.601507Z DEBUG arx::units::online_phase_unit: arx/src/units/online_phase_unit.rs:202: Connected to peers (ArxComputation 219773512127343467667780173765741629423 (cluster_offset: 0))
2026-01-29T11:39:35.607968Z DEBUG arx::units::online_phase_unit::preprocessing_bundler: arx/src/units/online_phase_unit/preprocessing_bundler.rs:104: TD registration connection attempt 1 failed with error Os { code: 111, kind: ConnectionRefused, message: "Connection refused" }, retrying in 100ms
2026-01-29T11:39:35.709853Z DEBUG arx::units::online_phase_unit::preprocessing_bundler: arx/src/units/online_phase_unit/preprocessing_bundler.rs:46: Protocol 1027358176124621335342130171003060376 registered successfully
2026-01-29T11:39:35.711127Z DEBUG arx::units::online_phase_unit: arx/src/units/online_phase_unit.rs:343: Created new preprocessing bundler for base_id 1027358176124621335342130171003060376, cache size: 1
2026-01-29T11:39:36.225929Z  INFO arx::units::online_phase_unit: arx/src/units/online_phase_unit.rs:436: Processing Cerberus computation (219773512127343467667780173765741629423)
2026-01-29T11:39:37.932173Z DEBUG arx::coordinator: arx/src/coordinator.rs:619: Coordinator received online unit output: ArxComputation 219773512127343467667780173765741629423 (cluster_offset: 0)
2026-01-29T11:39:37.932222Z DEBUG arx::units::online_phase_unit: arx/src/units/online_phase_unit.rs:159: Setting MXE key material for BtQwsU4iWZboBHfBDMUq6URaR2cSiEjHke3CY15Cg5yJ
2026-01-29T11:39:37.932778Z DEBUG arx::units::bls_unit: arx/src/units/bls_unit.rs:96: BLS unit received signature request: ArxComputation 219773512127343467667780173765741629423 (cluster_offset: 0)
2026-01-29T11:39:37.932796Z DEBUG arx::units::state_unit: arx/src/units/state_unit.rs:140: Processing outputed computation
2026-01-29T11:39:37.932804Z DEBUG arx::units::bls_unit: arx/src/units/bls_unit.rs:163: Message to sign length: [188, 99, 163, 35, 67, 90, 119, 16, 118, 99, 121, 190, 234, 202, 213, 111, 214, 42, 155, 198, 167, 228, 3, 175, 48, 40, 124, 135, 158, 151, 181, 0, 0, 18, 123, 33, 243, 1, 219, 180, 20, 163, 21, 140, 63, 236, 249, 128, 37, 253, 14, 234, 154, 138, 165, 176, 229, 110, 203, 219, 247, 132, 107, 175, 194, 94, 14, 241, 147, 145, 171, 80, 66, 96, 169, 254, 199, 53, 146, 146, 160, 78, 183, 54, 100, 180, 147, 89, 153, 220, 136, 64, 170, 195, 6, 124, 156, 37, 218, 61, 154, 102, 151, 230, 178, 123, 195, 116, 17, 122, 215, 0, 204, 36, 63, 73, 151, 15, 71, 154, 151, 86, 250, 66, 26, 85, 230, 93, 87, 78, 198, 238, 64, 23, 16, 12, 51, 142, 56, 0, 12, 173, 187, 255, 214, 99, 175, 44, 25, 154, 209, 59, 202, 15, 58, 149, 197, 246, 152, 9, 0, 0, 0, 0, 0, 0, 0, 0, 0, 0]
2026-01-29T11:39:37.934464Z DEBUG arx::units::bls_unit: arx/src/units/bls_unit.rs:196: Not ready to aggregate signatures for computation_offset 3945565959796867233, our signature will be stored but not aggregated
2026-01-29T11:39:37.934663Z DEBUG arx::units::bls_unit: arx/src/units/bls_unit.rs:111: BLS unit accepted connection from 172.20.0.100:60478
2026-01-29T11:39:37.934777Z DEBUG arx::units::bls_unit: arx/src/units/bls_unit.rs:313: Pushed signature to peer 172.20.0.100:8002
2026-01-29T11:39:37.934864Z DEBUG arx::units::bls_unit: arx/src/units/bls_unit.rs:126: BLS unit received incoming signature for 3945565959796867233
2026-01-29T11:39:37.934876Z DEBUG arx::units::bls_unit: arx/src/units/bls_unit.rs:223: Stored signature for computation_offset 3945565959796867233 (2/2)
2026-01-29T11:39:37.935390Z DEBUG arx::units::bls_unit: arx/src/units/bls_unit.rs:130: BLS unit processed incoming signature for 3945565959796867233
2026-01-29T11:39:37.935412Z DEBUG arx::coordinator: arx/src/coordinator.rs:281: Coordinator received bls unit output: ArxComputation 219773512127343467667780173765741629423 (cluster_offset: 0)
2026-01-29T11:39:37.935452Z DEBUG arx::units::state_unit: arx/src/units/state_unit.rs:148: Processing signed computation
2026-01-29T11:39:37.935732Z DEBUG arx::units::computation_transaction_unit: arx/src/units/computation_transaction_unit.rs:429: Processing callback for computation ArxComputation 219773512127343467667780173765741629423 (cluster_offset: 0)
2026-01-29T11:39:37.946053Z DEBUG arx::units::computation_transaction_unit::keygen: arx/src/units/computation_transaction_unit/keygen.rs:86: ElGamal pubkey validity proof verification passed
2026-01-29T11:39:38.452979Z DEBUG arx::units::computation_transaction_unit::keygen: arx/src/units/computation_transaction_unit/keygen.rs:119: Sent set_mxe_keys tx for mxe BtQwsU4iWZboBHfBDMUq6URaR2cSiEjHke3CY15Cg5yJ with sig 3xzHhwVfdxp4ceyMnHurLA9p4BaM8RQD3KpgYtDkSYzRG3oqgjzYraYoAu6bAbMWPAMJSK6f4c1rE8kC75J4kGs9
2026-01-29T11:39:38.731779Z DEBUG arx::program: arx/src/program.rs:317: Received update for account: 9rUSnh5VrMtRUrJrgAUwcyWvL9NYkscAsDFS5RjPW6Da
2026-01-29T11:39:38.731845Z DEBUG arx::program: arx/src/program.rs:317: Received update for account: 9EDLm5KDKc1Pf8m587kdxPMvQBNETNahcCfHLNcQ1M8W
2026-01-29T11:39:38.809083Z DEBUG arx::units::execpool_unit: arx/src/units/execpool_unit.rs:102: Received execpool update with 0 computations
2026-01-29T11:39:38.809129Z DEBUG arx::coordinator: arx/src/coordinator.rs:534: Coordinator received execpool unit message: computations ids: []
2026-01-29T11:39:38.809157Z DEBUG arx::units::state_unit: arx/src/units/state_unit.rs:258: Processing execpool update
2026-01-29T11:39:38.809168Z DEBUG arx::units::state_unit: arx/src/units/state_unit.rs:273: Computation executed: ArxComputationReference: 3945565959796867233
|-> prefetch    : +0ms
|-> prefetched  : +319ms
|-> execute     : +0ms
|-> output      : +2695ms
|-> signed      : +2ms
|-> executed    : +873ms

2026-01-29T11:39:38.809235Z DEBUG arx::units::state_unit: arx/src/units/state_unit.rs:279: Removing computation from execpool: ArxComputationReference offset: 3945565959796867233
2026-01-29T11:39:38.809256Z DEBUG arx::coordinator: arx/src/coordinator.rs:688: Coordinator received state unit message: executed computation: ArxComputationReference: 3945565959796867233
2026-01-29T11:39:38.809266Z DEBUG arx::units::cache_unit: arx/src/units/cache_unit.rs:302: Processing executed computation: ArxComputationReference: 3945565959796867233
2026-01-29T11:39:38.809272Z DEBUG arx::units::cache_unit: arx/src/units/cache_unit.rs:306: Computation executed and removed from cache: ArxComputationReference: 3945565959796867233
2026-01-29T11:39:38.818203Z DEBUG arx::units::mempool_unit: arx/src/units/mempool_unit.rs:99: Received mempool update for account
2026-01-29T11:39:38.818246Z DEBUG arx::units::mempool_unit: arx/src/units/mempool_unit.rs:129: Mempool contains the same computations, skipping update
2026-01-29T11:39:38.958003Z DEBUG arx::units::computation_transaction_unit: arx/src/units/computation_transaction_unit.rs:792: Callback computation tx for mxe BtQwsU4iWZboBHfBDMUq6URaR2cSiEjHke3CY15Cg5yJ already sent
2026-01-29T11:39:38.958223Z DEBUG arx::coordinator: arx/src/coordinator.rs:426: Coordinator received computation transaction unit callback computation: ArxComputationReference: 3945565959796867233
2026-01-29T11:39:38.958333Z DEBUG arx::units::state_unit: arx/src/units/state_unit.rs:339: Processing executed computation
2026-01-29T11:39:38.958434Z DEBUG arx::units::cache_unit: arx/src/units/cache_unit.rs:302: Processing executed computation: ArxComputationReference: 3945565959796867233
2026-01-29T11:39:38.958523Z  WARN arx::units::cache_unit: arx/src/units/cache_unit.rs:313: Computation info not found in cache: ArxComputationReference: 3945565959796867233
2026-01-29T11:39:42.351164Z DEBUG arx::program: arx/src/program.rs:317: Received update for account: 9rUSnh5VrMtRUrJrgAUwcyWvL9NYkscAsDFS5RjPW6Da
2026-01-29T11:39:42.351253Z DEBUG arx::program: arx/src/program.rs:317: Received update for account: 9EDLm5KDKc1Pf8m587kdxPMvQBNETNahcCfHLNcQ1M8W
2026-01-29T11:39:42.409497Z DEBUG arx::units::execpool_unit: arx/src/units/execpool_unit.rs:102: Received execpool update with 1 computations
2026-01-29T11:39:42.409559Z DEBUG arx::coordinator: arx/src/coordinator.rs:534: Coordinator received execpool unit message: computations ids: [16905757173276073563]
2026-01-29T11:39:42.409583Z DEBUG arx::units::cache_unit: arx/src/units/cache_unit.rs:154: Processing queued computation: ArxComputationReference: 16905757173276073563
2026-01-29T11:39:42.409623Z DEBUG arx::units::state_unit: arx/src/units/state_unit.rs:258: Processing execpool update
2026-01-29T11:39:42.409654Z DEBUG arx::units::state_unit: arx/src/units/state_unit.rs:300: Prefetching and executing computation: ArxComputationReference: 16905757173276073563 with status (index: 0, slot: 220)
2026-01-29T11:39:42.409670Z DEBUG arx::coordinator: arx/src/coordinator.rs:658: Coordinator received state unit message: prefetch computation: ArxComputationReference: 16905757173276073563
2026-01-29T11:39:42.409678Z DEBUG arx::coordinator: arx/src/coordinator.rs:668: Coordinator received state unit message: execute computation: ArxComputationReference: 16905757173276073563 with status (index: 0, slot: 220)
2026-01-29T11:39:42.411512Z DEBUG arx::coordinator: arx/src/coordinator.rs:470: Coordinator prefetched computation ArxComputation 22821181853573261252603925994774165779 (cluster_offset: 0)
2026-01-29T11:39:42.411568Z DEBUG arx::coordinator: arx/src/coordinator.rs:486: Coordinator fetched computation ArxComputation 22821181853573261252603925994774165779 (cluster_offset: 0) inputs
2026-01-29T11:39:42.411577Z DEBUG arx::units::cache_unit: arx/src/units/cache_unit.rs:168: Processing fetched computation: ArxComputationReference: 16905757173276073563
2026-01-29T11:39:42.411595Z DEBUG arx::units::cache_unit: arx/src/units/cache_unit.rs:269: Processing fetched inputs: ArxComputation 22821181853573261252603925994774165779 (cluster_offset: 0)
2026-01-29T11:39:42.411716Z DEBUG arx::units::circuit_unit: arx/src/units/circuit_unit.rs:243: Processing computation definition: J1BZkKQJKwu5rmbH7VYq7brQeKXQVU3bRRG4D2WydHc1
2026-01-29T11:39:42.412280Z DEBUG arx::units::circuit_unit: arx/src/units/circuit_unit.rs:452: Fetching offchain circuit data from: https://raw.githubusercontent.com/outsmartchad/zodiac-circuits/main/init_vault.arcis
2026-01-29T11:39:42.416943Z DEBUG arx::units::mempool_unit: arx/src/units/mempool_unit.rs:99: Received mempool update for account
2026-01-29T11:39:42.416974Z DEBUG arx::units::mempool_unit: arx/src/units/mempool_unit.rs:129: Mempool contains the same computations, skipping update
2026-01-29T11:39:42.562735Z DEBUG arx::coordinator: arx/src/coordinator.rs:380: Coordinator received circuit info: CircuitInfo J1BZkKQJKwu5rmbH7VYq7brQeKXQVU3bRRG4D2WydHc1
2026-01-29T11:39:42.562791Z DEBUG arx::units::cache_unit: arx/src/units/cache_unit.rs:195: Processing fetched circuit: CircuitInfo J1BZkKQJKwu5rmbH7VYq7brQeKXQVU3bRRG4D2WydHc1
2026-01-29T11:39:42.562810Z DEBUG arx::coordinator: arx/src/coordinator.rs:322: Coordinator received cache unit prefetched computation: ArxComputationReference: 16905757173276073563
2026-01-29T11:39:42.562818Z DEBUG arx::coordinator: arx/src/coordinator.rs:332: Coordinator received cache unit execute computation: ArxComputation 22821181853573261252603925994774165779 (cluster_offset: 0)
2026-01-29T11:39:42.562835Z DEBUG arx::units::online_phase_unit: arx/src/units/online_phase_unit.rs:183: Connecting to peers (ArxComputation 22821181853573261252603925994774165779 (cluster_offset: 0))
2026-01-29T11:39:42.562864Z DEBUG arx::units::online_phase_unit: arx/src/units/online_phase_unit.rs:202: Connected to peers (ArxComputation 22821181853573261252603925994774165779 (cluster_offset: 0))
2026-01-29T11:39:42.562864Z DEBUG arx::units::state_unit: arx/src/units/state_unit.rs:323: Processing prefetched computation
2026-01-29T11:39:42.562900Z DEBUG arx::units::online_phase_unit: arx/src/units/online_phase_unit.rs:294: Reusing cached preprocessing bundler for base_id 1027358176124621335342130171003060376
2026-01-29T11:39:42.585661Z  INFO arx::units::online_phase_unit: arx/src/units/online_phase_unit.rs:436: Processing Cerberus computation (22821181853573261252603925994774165779)
2026-01-29T11:39:42.632019Z DEBUG arx::coordinator: arx/src/coordinator.rs:619: Coordinator received online unit output: ArxComputation 22821181853573261252603925994774165779 (cluster_offset: 0)
2026-01-29T11:39:42.632080Z DEBUG arx::units::bls_unit: arx/src/units/bls_unit.rs:96: BLS unit received signature request: ArxComputation 22821181853573261252603925994774165779 (cluster_offset: 0)
2026-01-29T11:39:42.632095Z DEBUG arx::units::state_unit: arx/src/units/state_unit.rs:140: Processing outputed computation
2026-01-29T11:39:42.632092Z DEBUG arx::units::bls_unit: arx/src/units/bls_unit.rs:163: Message to sign length: [151, 6, 99, 148, 131, 98, 136, 94, 197, 216, 164, 179, 41, 163, 33, 2, 194, 8, 106, 10, 240, 196, 148, 19, 91, 90, 249, 139, 186, 44, 130, 180, 162, 221, 221, 118, 129, 199, 132, 123, 0, 61, 130, 251, 113, 29, 210, 91, 101, 139, 206, 160, 157, 200, 67, 82, 61, 84, 241, 160, 210, 110, 20, 0, 61, 241, 5, 112, 240, 15, 101, 113, 218, 41, 140, 94, 17, 202, 110, 96, 58, 165, 142, 91, 246, 174, 13, 10, 48, 64, 33, 54, 3, 216, 30, 177, 38, 255, 114, 181, 195, 128, 97, 27, 147, 141, 66, 95, 89, 249, 90, 21, 220, 0, 0, 0, 0, 0, 0, 0, 0, 0]
2026-01-29T11:39:42.632498Z DEBUG arx::units::bls_unit: arx/src/units/bls_unit.rs:196: Not ready to aggregate signatures for computation_offset 16905757173276073563, our signature will be stored but not aggregated
2026-01-29T11:39:42.632582Z DEBUG arx::units::bls_unit: arx/src/units/bls_unit.rs:111: BLS unit accepted connection from 172.20.0.100:48586
2026-01-29T11:39:42.632670Z DEBUG arx::units::bls_unit: arx/src/units/bls_unit.rs:126: BLS unit received incoming signature for 16905757173276073563
2026-01-29T11:39:42.632720Z DEBUG arx::units::bls_unit: arx/src/units/bls_unit.rs:223: Stored signature for computation_offset 16905757173276073563 (2/2)
2026-01-29T11:39:42.632906Z DEBUG arx::units::bls_unit: arx/src/units/bls_unit.rs:313: Pushed signature to peer 172.20.0.100:8002
2026-01-29T11:39:42.633000Z DEBUG arx::units::bls_unit: arx/src/units/bls_unit.rs:130: BLS unit processed incoming signature for 16905757173276073563
2026-01-29T11:39:42.633022Z DEBUG arx::coordinator: arx/src/coordinator.rs:281: Coordinator received bls unit output: ArxComputation 22821181853573261252603925994774165779 (cluster_offset: 0)
2026-01-29T11:39:42.633074Z DEBUG arx::units::state_unit: arx/src/units/state_unit.rs:148: Processing signed computation
2026-01-29T11:39:42.633115Z DEBUG arx::units::computation_transaction_unit: arx/src/units/computation_transaction_unit.rs:429: Processing callback for computation ArxComputation 22821181853573261252603925994774165779 (cluster_offset: 0)
2026-01-29T11:39:42.645797Z DEBUG arx::units::computation_transaction_unit: arx/src/units/computation_transaction_unit.rs:409: Transaction simulation consumed 133892 compute units
2026-01-29T11:39:42.649108Z DEBUG arx::units::computation_transaction_unit: arx/src/units/computation_transaction_unit.rs:236: Fee calculation: base_fee=5000, compute_units=133892, priority_fee=0, total_fee=5000, fee_variance_buffer=1000, concurrent_callback_buffer=50000
2026-01-29T11:39:42.649420Z DEBUG arx::units::computation_transaction_unit: arx/src/units/computation_transaction_unit.rs:376: Fresh balance range: fresh_balance=999999995000, min=999999939000, max=999999991000, total_fee=5000, staleness_reduction=true
2026-01-29T11:39:42.838172Z DEBUG arx::program: arx/src/program.rs:317: Received update for account: 9rUSnh5VrMtRUrJrgAUwcyWvL9NYkscAsDFS5RjPW6Da
2026-01-29T11:39:42.838242Z DEBUG arx::program: arx/src/program.rs:317: Received update for account: 9EDLm5KDKc1Pf8m587kdxPMvQBNETNahcCfHLNcQ1M8W
2026-01-29T11:39:42.909464Z DEBUG arx::units::execpool_unit: arx/src/units/execpool_unit.rs:102: Received execpool update with 0 computations
2026-01-29T11:39:42.909529Z DEBUG arx::coordinator: arx/src/coordinator.rs:534: Coordinator received execpool unit message: computations ids: []
2026-01-29T11:39:42.909545Z DEBUG arx::units::state_unit: arx/src/units/state_unit.rs:258: Processing execpool update
2026-01-29T11:39:42.909558Z DEBUG arx::units::state_unit: arx/src/units/state_unit.rs:273: Computation executed: ArxComputationReference: 16905757173276073563
|-> prefetch    : +0ms
|-> prefetched  : +153ms
|-> execute     : +0ms
|-> output      : +222ms
|-> signed      : +0ms
|-> executed    : +276ms

2026-01-29T11:39:42.909581Z DEBUG arx::units::state_unit: arx/src/units/state_unit.rs:279: Removing computation from execpool: ArxComputationReference offset: 16905757173276073563
2026-01-29T11:39:42.909611Z DEBUG arx::coordinator: arx/src/coordinator.rs:688: Coordinator received state unit message: executed computation: ArxComputationReference: 16905757173276073563
2026-01-29T11:39:42.909622Z DEBUG arx::units::cache_unit: arx/src/units/cache_unit.rs:302: Processing executed computation: ArxComputationReference: 16905757173276073563
2026-01-29T11:39:42.909629Z DEBUG arx::units::cache_unit: arx/src/units/cache_unit.rs:306: Computation executed and removed from cache: ArxComputationReference: 16905757173276073563
2026-01-29T11:39:42.916835Z DEBUG arx::units::mempool_unit: arx/src/units/mempool_unit.rs:99: Received mempool update for account
2026-01-29T11:39:42.916886Z DEBUG arx::units::mempool_unit: arx/src/units/mempool_unit.rs:129: Mempool contains the same computations, skipping update
2026-01-29T11:39:43.154193Z DEBUG arx::units::computation_transaction_unit: arx/src/units/computation_transaction_unit.rs:792: Callback computation tx for mxe BtQwsU4iWZboBHfBDMUq6URaR2cSiEjHke3CY15Cg5yJ already sent
2026-01-29T11:39:43.154591Z DEBUG arx::coordinator: arx/src/coordinator.rs:426: Coordinator received computation transaction unit callback computation: ArxComputationReference: 16905757173276073563
2026-01-29T11:39:43.154613Z DEBUG arx::units::state_unit: arx/src/units/state_unit.rs:339: Processing executed computation
2026-01-29T11:39:43.154626Z DEBUG arx::units::cache_unit: arx/src/units/cache_unit.rs:302: Processing executed computation: ArxComputationReference: 16905757173276073563
2026-01-29T11:39:43.154633Z  WARN arx::units::cache_unit: arx/src/units/cache_unit.rs:313: Computation info not found in cache: ArxComputationReference: 16905757173276073563
2026-01-29T11:39:43.238290Z DEBUG arx::program: arx/src/program.rs:317: Received update for account: 9rUSnh5VrMtRUrJrgAUwcyWvL9NYkscAsDFS5RjPW6Da
2026-01-29T11:39:43.238347Z DEBUG arx::program: arx/src/program.rs:317: Received update for account: 9EDLm5KDKc1Pf8m587kdxPMvQBNETNahcCfHLNcQ1M8W
2026-01-29T11:39:43.308640Z DEBUG arx::units::execpool_unit: arx/src/units/execpool_unit.rs:102: Received execpool update with 1 computations
2026-01-29T11:39:43.308680Z DEBUG arx::coordinator: arx/src/coordinator.rs:534: Coordinator received execpool unit message: computations ids: [2552169637576217231]
2026-01-29T11:39:43.308712Z DEBUG arx::units::cache_unit: arx/src/units/cache_unit.rs:154: Processing queued computation: ArxComputationReference: 2552169637576217231
2026-01-29T11:39:43.308745Z DEBUG arx::units::state_unit: arx/src/units/state_unit.rs:258: Processing execpool update
2026-01-29T11:39:43.308766Z DEBUG arx::units::state_unit: arx/src/units/state_unit.rs:300: Prefetching and executing computation: ArxComputationReference: 2552169637576217231 with status (index: 1, slot: 222)
2026-01-29T11:39:43.308780Z DEBUG arx::coordinator: arx/src/coordinator.rs:658: Coordinator received state unit message: prefetch computation: ArxComputationReference: 2552169637576217231
2026-01-29T11:39:43.308787Z DEBUG arx::coordinator: arx/src/coordinator.rs:668: Coordinator received state unit message: execute computation: ArxComputationReference: 2552169637576217231 with status (index: 1, slot: 222)
2026-01-29T11:39:43.309467Z DEBUG arx::coordinator: arx/src/coordinator.rs:470: Coordinator prefetched computation ArxComputation 74008742055942460741509327132025720322 (cluster_offset: 0)
2026-01-29T11:39:43.309537Z DEBUG arx::coordinator: arx/src/coordinator.rs:486: Coordinator fetched computation ArxComputation 74008742055942460741509327132025720322 (cluster_offset: 0) inputs
2026-01-29T11:39:43.309552Z DEBUG arx::units::cache_unit: arx/src/units/cache_unit.rs:168: Processing fetched computation: ArxComputationReference: 2552169637576217231
2026-01-29T11:39:43.309582Z DEBUG arx::units::cache_unit: arx/src/units/cache_unit.rs:269: Processing fetched inputs: ArxComputation 74008742055942460741509327132025720322 (cluster_offset: 0)
2026-01-29T11:39:43.309594Z DEBUG arx::units::circuit_unit: arx/src/units/circuit_unit.rs:243: Processing computation definition: 75KqtgX1gZPxpMJ3JsVwbBhtgx2pQk22wyjT38pwQ3V
2026-01-29T11:39:43.310142Z DEBUG arx::units::circuit_unit: arx/src/units/circuit_unit.rs:452: Fetching offchain circuit data from: https://raw.githubusercontent.com/outsmartchad/zodiac-circuits/main/init_user_position.arcis
2026-01-29T11:39:43.317430Z DEBUG arx::units::mempool_unit: arx/src/units/mempool_unit.rs:99: Received mempool update for account
2026-01-29T11:39:43.317478Z DEBUG arx::units::mempool_unit: arx/src/units/mempool_unit.rs:129: Mempool contains the same computations, skipping update
2026-01-29T11:39:43.437885Z DEBUG arx::coordinator: arx/src/coordinator.rs:380: Coordinator received circuit info: CircuitInfo 75KqtgX1gZPxpMJ3JsVwbBhtgx2pQk22wyjT38pwQ3V
2026-01-29T11:39:43.437926Z DEBUG arx::units::cache_unit: arx/src/units/cache_unit.rs:195: Processing fetched circuit: CircuitInfo 75KqtgX1gZPxpMJ3JsVwbBhtgx2pQk22wyjT38pwQ3V
2026-01-29T11:39:43.437964Z DEBUG arx::coordinator: arx/src/coordinator.rs:322: Coordinator received cache unit prefetched computation: ArxComputationReference: 2552169637576217231
2026-01-29T11:39:43.437974Z DEBUG arx::coordinator: arx/src/coordinator.rs:332: Coordinator received cache unit execute computation: ArxComputation 74008742055942460741509327132025720322 (cluster_offset: 0)
2026-01-29T11:39:43.437989Z DEBUG arx::units::online_phase_unit: arx/src/units/online_phase_unit.rs:183: Connecting to peers (ArxComputation 74008742055942460741509327132025720322 (cluster_offset: 0))
2026-01-29T11:39:43.438011Z DEBUG arx::units::online_phase_unit: arx/src/units/online_phase_unit.rs:202: Connected to peers (ArxComputation 74008742055942460741509327132025720322 (cluster_offset: 0))
2026-01-29T11:39:43.438026Z DEBUG arx::units::online_phase_unit: arx/src/units/online_phase_unit.rs:294: Reusing cached preprocessing bundler for base_id 1027358176124621335342130171003060376
2026-01-29T11:39:43.438039Z DEBUG arx::units::state_unit: arx/src/units/state_unit.rs:323: Processing prefetched computation
2026-01-29T11:39:43.449628Z  INFO arx::units::online_phase_unit: arx/src/units/online_phase_unit.rs:436: Processing Cerberus computation (74008742055942460741509327132025720322)
2026-01-29T11:39:43.513377Z DEBUG arx::coordinator: arx/src/coordinator.rs:619: Coordinator received online unit output: ArxComputation 74008742055942460741509327132025720322 (cluster_offset: 0)
2026-01-29T11:39:43.513416Z DEBUG arx::units::bls_unit: arx/src/units/bls_unit.rs:96: BLS unit received signature request: ArxComputation 74008742055942460741509327132025720322 (cluster_offset: 0)
2026-01-29T11:39:43.513420Z DEBUG arx::units::state_unit: arx/src/units/state_unit.rs:140: Processing outputed computation
2026-01-29T11:39:43.513428Z DEBUG arx::units::bls_unit: arx/src/units/bls_unit.rs:163: Message to sign length: [190, 20, 78, 52, 125, 170, 241, 8, 78, 15, 232, 207, 165, 171, 229, 149, 87, 23, 194, 145, 69, 212, 59, 73, 104, 215, 110, 109, 88, 85, 137, 131, 153, 122, 236, 77, 245, 4, 192, 172, 41, 56, 142, 208, 248, 204, 57, 12, 12, 36, 220, 23, 244, 249, 197, 70, 133, 109, 133, 157, 73, 114, 95, 17, 75, 165, 90, 231, 111, 252, 73, 9, 149, 172, 36, 110, 207, 96, 57, 37, 222, 0, 0, 0, 0, 0, 0, 0, 1, 0]
2026-01-29T11:39:43.513871Z DEBUG arx::units::bls_unit: arx/src/units/bls_unit.rs:196: Not ready to aggregate signatures for computation_offset 2552169637576217231, our signature will be stored but not aggregated
2026-01-29T11:39:43.514107Z DEBUG arx::units::bls_unit: arx/src/units/bls_unit.rs:313: Pushed signature to peer 172.20.0.100:8002
2026-01-29T11:39:43.514393Z DEBUG arx::units::bls_unit: arx/src/units/bls_unit.rs:111: BLS unit accepted connection from 172.20.0.100:48588
2026-01-29T11:39:43.514528Z DEBUG arx::units::bls_unit: arx/src/units/bls_unit.rs:126: BLS unit received incoming signature for 2552169637576217231
2026-01-29T11:39:43.514542Z DEBUG arx::units::bls_unit: arx/src/units/bls_unit.rs:223: Stored signature for computation_offset 2552169637576217231 (2/2)
2026-01-29T11:39:43.514804Z DEBUG arx::units::bls_unit: arx/src/units/bls_unit.rs:130: BLS unit processed incoming signature for 2552169637576217231
2026-01-29T11:39:43.514821Z DEBUG arx::coordinator: arx/src/coordinator.rs:281: Coordinator received bls unit output: ArxComputation 74008742055942460741509327132025720322 (cluster_offset: 0)
2026-01-29T11:39:43.514855Z DEBUG arx::units::state_unit: arx/src/units/state_unit.rs:148: Processing signed computation
2026-01-29T11:39:43.514938Z DEBUG arx::units::computation_transaction_unit: arx/src/units/computation_transaction_unit.rs:429: Processing callback for computation ArxComputation 74008742055942460741509327132025720322 (cluster_offset: 0)
2026-01-29T11:39:43.523187Z DEBUG arx::units::computation_transaction_unit: arx/src/units/computation_transaction_unit.rs:409: Transaction simulation consumed 141055 compute units
2026-01-29T11:39:43.523458Z DEBUG arx::units::computation_transaction_unit: arx/src/units/computation_transaction_unit.rs:236: Fee calculation: base_fee=5000, compute_units=141055, priority_fee=0, total_fee=5000, fee_variance_buffer=1000, concurrent_callback_buffer=50000
2026-01-29T11:39:43.523706Z DEBUG arx::units::computation_transaction_unit: arx/src/units/computation_transaction_unit.rs:376: Fresh balance range: fresh_balance=999999990000, min=999999934000, max=999999986000, total_fee=5000, staleness_reduction=true
2026-01-29T11:39:43.572400Z DEBUG arx::program: arx/src/program.rs:317: Received update for account: 9EDLm5KDKc1Pf8m587kdxPMvQBNETNahcCfHLNcQ1M8W
2026-01-29T11:39:43.572505Z DEBUG arx::program: arx/src/program.rs:317: Received update for account: 9rUSnh5VrMtRUrJrgAUwcyWvL9NYkscAsDFS5RjPW6Da
2026-01-29T11:39:43.608654Z DEBUG arx::units::execpool_unit: arx/src/units/execpool_unit.rs:102: Received execpool update with 0 computations
2026-01-29T11:39:43.608719Z DEBUG arx::coordinator: arx/src/coordinator.rs:534: Coordinator received execpool unit message: computations ids: []
2026-01-29T11:39:43.608737Z DEBUG arx::units::state_unit: arx/src/units/state_unit.rs:258: Processing execpool update
2026-01-29T11:39:43.608747Z DEBUG arx::units::state_unit: arx/src/units/state_unit.rs:273: Computation executed: ArxComputationReference: 2552169637576217231
|-> prefetch    : +0ms
|-> prefetched  : +129ms
|-> execute     : +0ms
|-> output      : +204ms
|-> signed      : +1ms
|-> executed    : +93ms

2026-01-29T11:39:43.608769Z DEBUG arx::units::state_unit: arx/src/units/state_unit.rs:279: Removing computation from execpool: ArxComputationReference offset: 2552169637576217231
2026-01-29T11:39:43.608793Z DEBUG arx::coordinator: arx/src/coordinator.rs:688: Coordinator received state unit message: executed computation: ArxComputationReference: 2552169637576217231
2026-01-29T11:39:43.608806Z DEBUG arx::units::cache_unit: arx/src/units/cache_unit.rs:302: Processing executed computation: ArxComputationReference: 2552169637576217231
2026-01-29T11:39:43.608814Z DEBUG arx::units::cache_unit: arx/src/units/cache_unit.rs:306: Computation executed and removed from cache: ArxComputationReference: 2552169637576217231
2026-01-29T11:39:43.619463Z DEBUG arx::units::mempool_unit: arx/src/units/mempool_unit.rs:99: Received mempool update for account
2026-01-29T11:39:43.619501Z DEBUG arx::units::mempool_unit: arx/src/units/mempool_unit.rs:129: Mempool contains the same computations, skipping update
2026-01-29T11:39:44.027449Z DEBUG arx::units::computation_transaction_unit: arx/src/units/computation_transaction_unit.rs:784: Sent callback computation tx for mxe BtQwsU4iWZboBHfBDMUq6URaR2cSiEjHke3CY15Cg5yJ with sig 3R3HY5W3jL3hVzjEpoT7VbHNfA7CyBSLPGXttrjPVneNz6DzSvuhjkDhpgYLR54xm4yTcE298U5GTrtme4frSFTu
2026-01-29T11:39:44.027563Z DEBUG arx::coordinator: arx/src/coordinator.rs:426: Coordinator received computation transaction unit callback computation: ArxComputationReference: 2552169637576217231
2026-01-29T11:39:44.027584Z DEBUG arx::units::state_unit: arx/src/units/state_unit.rs:339: Processing executed computation
2026-01-29T11:39:44.027599Z DEBUG arx::units::cache_unit: arx/src/units/cache_unit.rs:302: Processing executed computation: ArxComputationReference: 2552169637576217231
2026-01-29T11:39:44.027607Z  WARN arx::units::cache_unit: arx/src/units/cache_unit.rs:313: Computation info not found in cache: ArxComputationReference: 2552169637576217231
2026-01-29T11:39:45.194794Z DEBUG arx::program: arx/src/program.rs:317: Received update for account: 9rUSnh5VrMtRUrJrgAUwcyWvL9NYkscAsDFS5RjPW6Da
2026-01-29T11:39:45.194851Z DEBUG arx::program: arx/src/program.rs:317: Received update for account: 9EDLm5KDKc1Pf8m587kdxPMvQBNETNahcCfHLNcQ1M8W
2026-01-29T11:39:45.208998Z DEBUG arx::units::execpool_unit: arx/src/units/execpool_unit.rs:102: Received execpool update with 1 computations
2026-01-29T11:39:45.209039Z DEBUG arx::coordinator: arx/src/coordinator.rs:534: Coordinator received execpool unit message: computations ids: [13435955590700800454]
2026-01-29T11:39:45.209062Z DEBUG arx::units::cache_unit: arx/src/units/cache_unit.rs:154: Processing queued computation: ArxComputationReference: 13435955590700800454
2026-01-29T11:39:45.209095Z DEBUG arx::units::state_unit: arx/src/units/state_unit.rs:258: Processing execpool update
2026-01-29T11:39:45.209102Z DEBUG arx::units::state_unit: arx/src/units/state_unit.rs:300: Prefetching and executing computation: ArxComputationReference: 13435955590700800454 with status (index: 2, slot: 227)
2026-01-29T11:39:45.209114Z DEBUG arx::coordinator: arx/src/coordinator.rs:658: Coordinator received state unit message: prefetch computation: ArxComputationReference: 13435955590700800454
2026-01-29T11:39:45.209120Z DEBUG arx::coordinator: arx/src/coordinator.rs:668: Coordinator received state unit message: execute computation: ArxComputationReference: 13435955590700800454 with status (index: 2, slot: 227)
2026-01-29T11:39:45.209780Z DEBUG arx::coordinator: arx/src/coordinator.rs:470: Coordinator prefetched computation ArxComputation 277493026908949349969337486162153244229 (cluster_offset: 0)
2026-01-29T11:39:45.209865Z DEBUG arx::units::cache_unit: arx/src/units/cache_unit.rs:168: Processing fetched computation: ArxComputationReference: 13435955590700800454
2026-01-29T11:39:45.210009Z DEBUG arx::units::circuit_unit: arx/src/units/circuit_unit.rs:243: Processing computation definition: HgbgmuLEwckgNXMmDLBQSky36cVRWwmQmtqGrjtbFG5s
2026-01-29T11:39:45.210555Z DEBUG arx::units::circuit_unit: arx/src/units/circuit_unit.rs:452: Fetching offchain circuit data from: https://raw.githubusercontent.com/outsmartchad/zodiac-circuits/main/deposit.arcis
2026-01-29T11:39:45.211417Z DEBUG arx::coordinator: arx/src/coordinator.rs:486: Coordinator fetched computation ArxComputation 277493026908949349969337486162153244229 (cluster_offset: 0) inputs
2026-01-29T11:39:45.211456Z DEBUG arx::units::cache_unit: arx/src/units/cache_unit.rs:269: Processing fetched inputs: ArxComputation 277493026908949349969337486162153244229 (cluster_offset: 0)
2026-01-29T11:39:45.217605Z DEBUG arx::units::mempool_unit: arx/src/units/mempool_unit.rs:99: Received mempool update for account
2026-01-29T11:39:45.217650Z DEBUG arx::units::mempool_unit: arx/src/units/mempool_unit.rs:129: Mempool contains the same computations, skipping update
2026-01-29T11:39:45.375346Z DEBUG arx::coordinator: arx/src/coordinator.rs:380: Coordinator received circuit info: CircuitInfo HgbgmuLEwckgNXMmDLBQSky36cVRWwmQmtqGrjtbFG5s
2026-01-29T11:39:45.375399Z DEBUG arx::units::cache_unit: arx/src/units/cache_unit.rs:195: Processing fetched circuit: CircuitInfo HgbgmuLEwckgNXMmDLBQSky36cVRWwmQmtqGrjtbFG5s
2026-01-29T11:39:45.375424Z DEBUG arx::coordinator: arx/src/coordinator.rs:322: Coordinator received cache unit prefetched computation: ArxComputationReference: 13435955590700800454
2026-01-29T11:39:45.375432Z DEBUG arx::coordinator: arx/src/coordinator.rs:332: Coordinator received cache unit execute computation: ArxComputation 277493026908949349969337486162153244229 (cluster_offset: 0)
2026-01-29T11:39:45.375451Z DEBUG arx::units::online_phase_unit: arx/src/units/online_phase_unit.rs:183: Connecting to peers (ArxComputation 277493026908949349969337486162153244229 (cluster_offset: 0))
2026-01-29T11:39:45.375481Z DEBUG arx::units::online_phase_unit: arx/src/units/online_phase_unit.rs:202: Connected to peers (ArxComputation 277493026908949349969337486162153244229 (cluster_offset: 0))
2026-01-29T11:39:45.375477Z DEBUG arx::units::state_unit: arx/src/units/state_unit.rs:323: Processing prefetched computation
2026-01-29T11:39:45.375499Z DEBUG arx::units::online_phase_unit: arx/src/units/online_phase_unit.rs:294: Reusing cached preprocessing bundler for base_id 1027358176124621335342130171003060376
2026-01-29T11:39:45.655523Z  INFO arx::units::online_phase_unit: arx/src/units/online_phase_unit.rs:436: Processing Cerberus computation (277493026908949349969337486162153244229)
2026-01-29T11:39:45.901313Z DEBUG arx::units::bls_unit: arx/src/units/bls_unit.rs:111: BLS unit accepted connection from 172.20.0.100:48590
2026-01-29T11:39:45.901322Z DEBUG arx::coordinator: arx/src/coordinator.rs:619: Coordinator received online unit output: ArxComputation 277493026908949349969337486162153244229 (cluster_offset: 0)
2026-01-29T11:39:45.901369Z DEBUG arx::units::state_unit: arx/src/units/state_unit.rs:140: Processing outputed computation
2026-01-29T11:39:45.901373Z DEBUG arx::units::bls_unit: arx/src/units/bls_unit.rs:96: BLS unit received signature request: ArxComputation 277493026908949349969337486162153244229 (cluster_offset: 0)
2026-01-29T11:39:45.901387Z DEBUG arx::units::bls_unit: arx/src/units/bls_unit.rs:163: Message to sign length: [152, 6, 99, 148, 131, 98, 136, 94, 197, 216, 164, 179, 41, 163, 33, 2, 139, 117, 137, 232, 108, 11, 114, 132, 108, 111, 87, 175, 60, 56, 216, 62, 228, 3, 137, 1, 9, 29, 44, 143, 31, 19, 27, 79, 116, 156, 43, 93, 92, 255, 33, 160, 51, 163, 18, 134, 62, 135, 198, 155, 209, 93, 54, 20, 179, 76, 133, 128, 205, 88, 197, 171, 6, 125, 151, 135, 75, 109, 40, 51, 199, 90, 16, 173, 146, 213, 61, 153, 41, 80, 52, 125, 232, 130, 253, 75, 216, 210, 100, 106, 133, 33, 127, 16, 91, 148, 145, 200, 210, 23, 211, 117, 191, 20, 78, 52, 125, 170, 241, 8, 78, 15, 232, 207, 165, 171, 229, 149, 35, 110, 152, 118, 51, 180, 0, 58, 130, 1, 4, 17, 17, 148, 198, 231, 28, 177, 60, 188, 8, 12, 203, 45, 185, 121, 189, 119, 245, 239, 98, 90, 45, 130, 37, 246, 145, 229, 241, 71, 123, 83, 86, 253, 18, 52, 123, 180, 207, 124, 237, 95, 145, 251, 172, 211, 180, 69, 89, 30, 25, 184, 156, 10, 227, 0, 0, 0, 0, 0, 0, 0, 2, 0]
2026-01-29T11:39:45.901773Z DEBUG arx::units::bls_unit: arx/src/units/bls_unit.rs:196: Not ready to aggregate signatures for computation_offset 13435955590700800454, our signature will be stored but not aggregated
2026-01-29T11:39:45.901789Z DEBUG arx::units::bls_unit: arx/src/units/bls_unit.rs:126: BLS unit received incoming signature for 13435955590700800454
2026-01-29T11:39:45.901798Z DEBUG arx::units::bls_unit: arx/src/units/bls_unit.rs:223: Stored signature for computation_offset 13435955590700800454 (2/2)
2026-01-29T11:39:45.902096Z DEBUG arx::units::bls_unit: arx/src/units/bls_unit.rs:130: BLS unit processed incoming signature for 13435955590700800454
2026-01-29T11:39:45.902116Z DEBUG arx::coordinator: arx/src/coordinator.rs:281: Coordinator received bls unit output: ArxComputation 277493026908949349969337486162153244229 (cluster_offset: 0)
2026-01-29T11:39:45.902139Z DEBUG arx::units::computation_transaction_unit: arx/src/units/computation_transaction_unit.rs:429: Processing callback for computation ArxComputation 277493026908949349969337486162153244229 (cluster_offset: 0)
2026-01-29T11:39:45.902157Z DEBUG arx::units::state_unit: arx/src/units/state_unit.rs:148: Processing signed computation
2026-01-29T11:39:45.902298Z DEBUG arx::units::bls_unit: arx/src/units/bls_unit.rs:313: Pushed signature to peer 172.20.0.100:8002
2026-01-29T11:39:45.907272Z DEBUG arx::units::computation_transaction_unit: arx/src/units/computation_transaction_unit.rs:409: Transaction simulation consumed 125977 compute units
2026-01-29T11:39:45.910731Z DEBUG arx::units::computation_transaction_unit: arx/src/units/computation_transaction_unit.rs:236: Fee calculation: base_fee=5000, compute_units=125977, priority_fee=0, total_fee=5000, fee_variance_buffer=1000, concurrent_callback_buffer=50000
2026-01-29T11:39:45.910965Z DEBUG arx::units::computation_transaction_unit: arx/src/units/computation_transaction_unit.rs:376: Fresh balance range: fresh_balance=999999985000, min=999999929000, max=999999981000, total_fee=5000, staleness_reduction=true
2026-01-29T11:39:46.021389Z DEBUG arx::program: arx/src/program.rs:317: Received update for account: 9rUSnh5VrMtRUrJrgAUwcyWvL9NYkscAsDFS5RjPW6Da
2026-01-29T11:39:46.021465Z DEBUG arx::program: arx/src/program.rs:317: Received update for account: 9EDLm5KDKc1Pf8m587kdxPMvQBNETNahcCfHLNcQ1M8W
2026-01-29T11:39:46.108709Z DEBUG arx::units::execpool_unit: arx/src/units/execpool_unit.rs:102: Received execpool update with 0 computations
2026-01-29T11:39:46.108743Z DEBUG arx::coordinator: arx/src/coordinator.rs:534: Coordinator received execpool unit message: computations ids: []
2026-01-29T11:39:46.108765Z DEBUG arx::units::state_unit: arx/src/units/state_unit.rs:258: Processing execpool update
2026-01-29T11:39:46.108774Z DEBUG arx::units::state_unit: arx/src/units/state_unit.rs:273: Computation executed: ArxComputationReference: 13435955590700800454
|-> prefetch    : +0ms
|-> prefetched  : +166ms
|-> execute     : +0ms
|-> output      : +692ms
|-> signed      : +0ms
|-> executed    : +206ms

2026-01-29T11:39:46.108790Z DEBUG arx::units::state_unit: arx/src/units/state_unit.rs:279: Removing computation from execpool: ArxComputationReference offset: 13435955590700800454
2026-01-29T11:39:46.108807Z DEBUG arx::coordinator: arx/src/coordinator.rs:688: Coordinator received state unit message: executed computation: ArxComputationReference: 13435955590700800454
2026-01-29T11:39:46.108815Z DEBUG arx::units::cache_unit: arx/src/units/cache_unit.rs:302: Processing executed computation: ArxComputationReference: 13435955590700800454
2026-01-29T11:39:46.108821Z DEBUG arx::units::cache_unit: arx/src/units/cache_unit.rs:306: Computation executed and removed from cache: ArxComputationReference: 13435955590700800454
2026-01-29T11:39:46.117044Z DEBUG arx::units::mempool_unit: arx/src/units/mempool_unit.rs:99: Received mempool update for account
2026-01-29T11:39:46.117086Z DEBUG arx::units::mempool_unit: arx/src/units/mempool_unit.rs:129: Mempool contains the same computations, skipping update
2026-01-29T11:39:46.413815Z DEBUG arx::units::computation_transaction_unit: arx/src/units/computation_transaction_unit.rs:792: Callback computation tx for mxe BtQwsU4iWZboBHfBDMUq6URaR2cSiEjHke3CY15Cg5yJ already sent
2026-01-29T11:39:46.413890Z DEBUG arx::coordinator: arx/src/coordinator.rs:426: Coordinator received computation transaction unit callback computation: ArxComputationReference: 13435955590700800454
2026-01-29T11:39:46.413905Z DEBUG arx::units::state_unit: arx/src/units/state_unit.rs:339: Processing executed computation
2026-01-29T11:39:46.413916Z DEBUG arx::units::cache_unit: arx/src/units/cache_unit.rs:302: Processing executed computation: ArxComputationReference: 13435955590700800454
2026-01-29T11:39:46.413938Z  WARN arx::units::cache_unit: arx/src/units/cache_unit.rs:313: Computation info not found in cache: ArxComputationReference: 13435955590700800454
2026-01-29T11:39:46.426478Z DEBUG arx::program: arx/src/program.rs:317: Received update for account: 9rUSnh5VrMtRUrJrgAUwcyWvL9NYkscAsDFS5RjPW6Da
2026-01-29T11:39:46.426535Z DEBUG arx::program: arx/src/program.rs:317: Received update for account: 9EDLm5KDKc1Pf8m587kdxPMvQBNETNahcCfHLNcQ1M8W
2026-01-29T11:39:46.508779Z DEBUG arx::units::execpool_unit: arx/src/units/execpool_unit.rs:102: Received execpool update with 1 computations
2026-01-29T11:39:46.508818Z DEBUG arx::coordinator: arx/src/coordinator.rs:534: Coordinator received execpool unit message: computations ids: [9803861020220939614]
2026-01-29T11:39:46.508849Z DEBUG arx::units::cache_unit: arx/src/units/cache_unit.rs:154: Processing queued computation: ArxComputationReference: 9803861020220939614
2026-01-29T11:39:46.508873Z DEBUG arx::units::state_unit: arx/src/units/state_unit.rs:258: Processing execpool update
2026-01-29T11:39:46.508882Z DEBUG arx::units::state_unit: arx/src/units/state_unit.rs:300: Prefetching and executing computation: ArxComputationReference: 9803861020220939614 with status (index: 3, slot: 230)
2026-01-29T11:39:46.508892Z DEBUG arx::coordinator: arx/src/coordinator.rs:658: Coordinator received state unit message: prefetch computation: ArxComputationReference: 9803861020220939614
2026-01-29T11:39:46.508898Z DEBUG arx::coordinator: arx/src/coordinator.rs:668: Coordinator received state unit message: execute computation: ArxComputationReference: 9803861020220939614 with status (index: 3, slot: 230)
2026-01-29T11:39:46.509955Z DEBUG arx::coordinator: arx/src/coordinator.rs:470: Coordinator prefetched computation ArxComputation 255827035718071757448351924366068462705 (cluster_offset: 0)
2026-01-29T11:39:46.510000Z DEBUG arx::units::cache_unit: arx/src/units/cache_unit.rs:168: Processing fetched computation: ArxComputationReference: 9803861020220939614
2026-01-29T11:39:46.510119Z DEBUG arx::units::circuit_unit: arx/src/units/circuit_unit.rs:243: Processing computation definition: 5VySwknPjoCTq2SRKNSi6i1QfdT8JFm4VQyqzr2Wyttj
2026-01-29T11:39:46.510319Z DEBUG arx::coordinator: arx/src/coordinator.rs:486: Coordinator fetched computation ArxComputation 255827035718071757448351924366068462705 (cluster_offset: 0) inputs
2026-01-29T11:39:46.510354Z DEBUG arx::units::cache_unit: arx/src/units/cache_unit.rs:269: Processing fetched inputs: ArxComputation 255827035718071757448351924366068462705 (cluster_offset: 0)
2026-01-29T11:39:46.510723Z DEBUG arx::units::circuit_unit: arx/src/units/circuit_unit.rs:452: Fetching offchain circuit data from: https://raw.githubusercontent.com/outsmartchad/zodiac-circuits/main/reveal_pending_deposits.arcis
2026-01-29T11:39:46.516973Z DEBUG arx::units::mempool_unit: arx/src/units/mempool_unit.rs:99: Received mempool update for account
2026-01-29T11:39:46.516997Z DEBUG arx::units::mempool_unit: arx/src/units/mempool_unit.rs:129: Mempool contains the same computations, skipping update
2026-01-29T11:39:46.630582Z DEBUG arx::coordinator: arx/src/coordinator.rs:380: Coordinator received circuit info: CircuitInfo 5VySwknPjoCTq2SRKNSi6i1QfdT8JFm4VQyqzr2Wyttj
2026-01-29T11:39:46.630625Z DEBUG arx::units::cache_unit: arx/src/units/cache_unit.rs:195: Processing fetched circuit: CircuitInfo 5VySwknPjoCTq2SRKNSi6i1QfdT8JFm4VQyqzr2Wyttj
2026-01-29T11:39:46.630639Z DEBUG arx::coordinator: arx/src/coordinator.rs:322: Coordinator received cache unit prefetched computation: ArxComputationReference: 9803861020220939614
2026-01-29T11:39:46.630651Z DEBUG arx::coordinator: arx/src/coordinator.rs:332: Coordinator received cache unit execute computation: ArxComputation 255827035718071757448351924366068462705 (cluster_offset: 0)
2026-01-29T11:39:46.630666Z DEBUG arx::units::state_unit: arx/src/units/state_unit.rs:323: Processing prefetched computation
2026-01-29T11:39:46.630679Z DEBUG arx::units::online_phase_unit: arx/src/units/online_phase_unit.rs:183: Connecting to peers (ArxComputation 255827035718071757448351924366068462705 (cluster_offset: 0))
2026-01-29T11:39:46.630735Z DEBUG arx::units::online_phase_unit: arx/src/units/online_phase_unit.rs:202: Connected to peers (ArxComputation 255827035718071757448351924366068462705 (cluster_offset: 0))
2026-01-29T11:39:46.630756Z DEBUG arx::units::online_phase_unit: arx/src/units/online_phase_unit.rs:294: Reusing cached preprocessing bundler for base_id 1027358176124621335342130171003060376
2026-01-29T11:39:46.647558Z  INFO arx::units::online_phase_unit: arx/src/units/online_phase_unit.rs:436: Processing Cerberus computation (255827035718071757448351924366068462705)
2026-01-29T11:39:46.709173Z DEBUG arx::coordinator: arx/src/coordinator.rs:619: Coordinator received online unit output: ArxComputation 255827035718071757448351924366068462705 (cluster_offset: 0)
2026-01-29T11:39:46.709237Z DEBUG arx::units::bls_unit: arx/src/units/bls_unit.rs:96: BLS unit received signature request: ArxComputation 255827035718071757448351924366068462705 (cluster_offset: 0)
2026-01-29T11:39:46.709250Z DEBUG arx::units::bls_unit: arx/src/units/bls_unit.rs:163: Message to sign length: [0, 202, 154, 59, 0, 0, 0, 0, 230, 0, 0, 0, 0, 0, 0, 0, 3, 0]
2026-01-29T11:39:46.709261Z DEBUG arx::units::state_unit: arx/src/units/state_unit.rs:140: Processing outputed computation
2026-01-29T11:39:46.709566Z DEBUG arx::units::bls_unit: arx/src/units/bls_unit.rs:196: Not ready to aggregate signatures for computation_offset 9803861020220939614, our signature will be stored but not aggregated
2026-01-29T11:39:46.709837Z DEBUG arx::units::bls_unit: arx/src/units/bls_unit.rs:111: BLS unit accepted connection from 172.20.0.100:48598
2026-01-29T11:39:46.709928Z DEBUG arx::units::bls_unit: arx/src/units/bls_unit.rs:313: Pushed signature to peer 172.20.0.100:8002
2026-01-29T11:39:46.709963Z DEBUG arx::units::bls_unit: arx/src/units/bls_unit.rs:126: BLS unit received incoming signature for 9803861020220939614
2026-01-29T11:39:46.709990Z DEBUG arx::units::bls_unit: arx/src/units/bls_unit.rs:223: Stored signature for computation_offset 9803861020220939614 (2/2)
2026-01-29T11:39:46.710308Z DEBUG arx::units::bls_unit: arx/src/units/bls_unit.rs:130: BLS unit processed incoming signature for 9803861020220939614
2026-01-29T11:39:46.710326Z DEBUG arx::coordinator: arx/src/coordinator.rs:281: Coordinator received bls unit output: ArxComputation 255827035718071757448351924366068462705 (cluster_offset: 0)
2026-01-29T11:39:46.710346Z DEBUG arx::units::state_unit: arx/src/units/state_unit.rs:148: Processing signed computation
2026-01-29T11:39:46.710393Z DEBUG arx::units::computation_transaction_unit: arx/src/units/computation_transaction_unit.rs:429: Processing callback for computation ArxComputation 255827035718071757448351924366068462705 (cluster_offset: 0)
2026-01-29T11:39:46.715748Z DEBUG arx::units::computation_transaction_unit: arx/src/units/computation_transaction_unit.rs:409: Transaction simulation consumed 116993 compute units
2026-01-29T11:39:46.720002Z DEBUG arx::units::computation_transaction_unit: arx/src/units/computation_transaction_unit.rs:236: Fee calculation: base_fee=5000, compute_units=116993, priority_fee=0, total_fee=5000, fee_variance_buffer=1000, concurrent_callback_buffer=50000
2026-01-29T11:39:46.720271Z DEBUG arx::units::computation_transaction_unit: arx/src/units/computation_transaction_unit.rs:376: Fresh balance range: fresh_balance=999999980000, min=999999924000, max=999999976000, total_fee=5000, staleness_reduction=true
2026-01-29T11:39:46.843197Z DEBUG arx::program: arx/src/program.rs:317: Received update for account: 9rUSnh5VrMtRUrJrgAUwcyWvL9NYkscAsDFS5RjPW6Da
2026-01-29T11:39:46.843309Z DEBUG arx::program: arx/src/program.rs:317: Received update for account: 9EDLm5KDKc1Pf8m587kdxPMvQBNETNahcCfHLNcQ1M8W
2026-01-29T11:39:46.909540Z DEBUG arx::units::execpool_unit: arx/src/units/execpool_unit.rs:102: Received execpool update with 0 computations
2026-01-29T11:39:46.909577Z DEBUG arx::coordinator: arx/src/coordinator.rs:534: Coordinator received execpool unit message: computations ids: []
2026-01-29T11:39:46.909589Z DEBUG arx::units::state_unit: arx/src/units/state_unit.rs:258: Processing execpool update
2026-01-29T11:39:46.909597Z DEBUG arx::units::state_unit: arx/src/units/state_unit.rs:273: Computation executed: ArxComputationReference: 9803861020220939614
|-> prefetch    : +0ms
|-> prefetched  : +121ms
|-> execute     : +0ms
|-> output      : +200ms
|-> signed      : +1ms
|-> executed    : +199ms

2026-01-29T11:39:46.909614Z DEBUG arx::units::state_unit: arx/src/units/state_unit.rs:279: Removing computation from execpool: ArxComputationReference offset: 9803861020220939614
2026-01-29T11:39:46.909628Z DEBUG arx::coordinator: arx/src/coordinator.rs:688: Coordinator received state unit message: executed computation: ArxComputationReference: 9803861020220939614
2026-01-29T11:39:46.909637Z DEBUG arx::units::cache_unit: arx/src/units/cache_unit.rs:302: Processing executed computation: ArxComputationReference: 9803861020220939614
2026-01-29T11:39:46.909643Z DEBUG arx::units::cache_unit: arx/src/units/cache_unit.rs:306: Computation executed and removed from cache: ArxComputationReference: 9803861020220939614
2026-01-29T11:39:46.916806Z DEBUG arx::units::mempool_unit: arx/src/units/mempool_unit.rs:99: Received mempool update for account
2026-01-29T11:39:46.916837Z DEBUG arx::units::mempool_unit: arx/src/units/mempool_unit.rs:129: Mempool contains the same computations, skipping update
2026-01-29T11:39:47.222579Z DEBUG arx::units::computation_transaction_unit: arx/src/units/computation_transaction_unit.rs:792: Callback computation tx for mxe BtQwsU4iWZboBHfBDMUq6URaR2cSiEjHke3CY15Cg5yJ already sent
2026-01-29T11:39:47.222668Z DEBUG arx::coordinator: arx/src/coordinator.rs:426: Coordinator received computation transaction unit callback computation: ArxComputationReference: 9803861020220939614
2026-01-29T11:39:47.222704Z DEBUG arx::units::state_unit: arx/src/units/state_unit.rs:339: Processing executed computation
2026-01-29T11:39:47.222757Z DEBUG arx::units::cache_unit: arx/src/units/cache_unit.rs:302: Processing executed computation: ArxComputationReference: 9803861020220939614
2026-01-29T11:39:47.222812Z  WARN arx::units::cache_unit: arx/src/units/cache_unit.rs:313: Computation info not found in cache: ArxComputationReference: 9803861020220939614
