2026-01-29T10:32:38.605385Z  INFO arx::metrics: arx/src/metrics.rs:524: Node metrics initialized: version=0.6.5, cluster=0, node=1
2026-01-29T10:32:38.682831Z DEBUG arx::units::online_phase_unit::key_material: arx/src/units/online_phase_unit/key_material.rs:165: Loading key material from path /usr/arx-node/private-shares and /usr/arx-node/public-inputs
2026-01-29T10:32:38.692067Z DEBUG arx::units::online_phase_unit::key_material: arx/src/units/online_phase_unit/key_material.rs:179: Loaded key material for MXE: FMMVCEygM2ewq4y4fmE5UDuyfhuoz4bXmEDDeg9iFPpL
2026-01-29T10:32:38.692301Z  INFO arx::units::cache_unit: arx/src/units/cache_unit.rs:91: Cache unit started
2026-01-29T10:32:38.692577Z  INFO arx: arx/src/main.rs:122: Starting metrics server
2026-01-29T10:32:38.692591Z  INFO arx: arx/src/main.rs:127: Starting ARX coordinator
2026-01-29T10:32:38.692659Z  INFO arx::units::circuit_unit: arx/src/units/circuit_unit.rs:141: Circuit unit started
2026-01-29T10:32:38.693351Z  INFO arx::units::execpool_unit: arx/src/units/execpool_unit.rs:65: Execpool unit started
2026-01-29T10:32:38.693357Z  INFO arx::units::computation_transaction_unit: arx/src/units/computation_transaction_unit.rs:124: Computation transaction unit started
2026-01-29T10:32:38.693408Z  INFO arx::units::state_unit: arx/src/units/state_unit.rs:112: State unit started
2026-01-29T10:32:38.693427Z  INFO arx::units::bls_unit: arx/src/units/bls_unit.rs:78: BLS unit started
2026-01-29T10:32:38.693505Z  INFO arx::coordinator: arx/src/coordinator.rs:225: Coordinator started
2026-01-29T10:32:38.693548Z  INFO arx::metrics: arx/src/metrics.rs:312: Metrics server listening on http://0.0.0.0:9091/metrics
2026-01-29T10:32:38.693520Z  INFO arx::units::computation_unit: arx/src/units/computation_unit.rs:99: Inputs unit started
2026-01-29T10:32:38.693129Z  INFO arx::units::mempool_unit: arx/src/units/mempool_unit.rs:63: Mempool unit started
2026-01-29T10:32:38.703241Z  INFO arx::program: arx/src/program.rs:227: Pub/sub client started
2026-01-29T10:32:38.703257Z  INFO arx::program: arx/src/program.rs:229: Connecting initial pub/sub
2026-01-29T10:32:38.693662Z  INFO arx::units::online_phase_unit: arx/src/units/online_phase_unit.rs:139: Online phase unit started
2026-01-29T10:32:38.703983Z  INFO arx::program: arx/src/program.rs:227: Pub/sub client started
2026-01-29T10:32:38.703995Z  INFO arx::program: arx/src/program.rs:229: Connecting initial pub/sub
2026-01-29T10:32:38.693582Z  INFO arx::units::node_transaction_unit: arx/src/units/node_transaction_unit.rs:65: Node transaction unit started
2026-01-29T10:32:38.704330Z  INFO arx::units::node_transaction_unit: arx/src/units/node_transaction_unit.rs:67: Activating node
2026-01-29T10:32:38.709056Z DEBUG arx::units::node_transaction_unit: arx/src/units/node_transaction_unit.rs:136: Node is already active, skipping activation
2026-01-29T10:32:38.709092Z  INFO arx::units::node_transaction_unit: arx/src/units/node_transaction_unit.rs:70: Node activated
2026-01-29T10:32:38.709112Z  INFO arx::coordinator: arx/src/coordinator.rs:257: Node activated, coordinator running
2026-01-29T10:32:38.718019Z  INFO arx::program: arx/src/program.rs:269: Fetching initial state for account: 9rUSnh5VrMtRUrJrgAUwcyWvL9NYkscAsDFS5RjPW6Da
2026-01-29T10:32:38.718054Z  INFO arx::program: arx/src/program.rs:269: Fetching initial state for account: 9EDLm5KDKc1Pf8m587kdxPMvQBNETNahcCfHLNcQ1M8W
2026-01-29T10:32:38.721531Z  INFO arx::program: arx/src/program.rs:283: Subscribing to account: 9EDLm5KDKc1Pf8m587kdxPMvQBNETNahcCfHLNcQ1M8W
2026-01-29T10:32:38.722051Z DEBUG arx::units::execpool_unit: arx/src/units/execpool_unit.rs:102: Received execpool update with 0 computations
2026-01-29T10:32:38.722088Z DEBUG arx::units::execpool_unit: arx/src/units/execpool_unit.rs:132: Execpool contains the same computations, skipping update
2026-01-29T10:32:38.722390Z  INFO arx::program: arx/src/program.rs:283: Subscribing to account: 9rUSnh5VrMtRUrJrgAUwcyWvL9NYkscAsDFS5RjPW6Da
2026-01-29T10:32:38.722450Z DEBUG arx::units::mempool_unit: arx/src/units/mempool_unit.rs:99: Received mempool update for account
2026-01-29T10:32:38.722483Z DEBUG arx::units::mempool_unit: arx/src/units/mempool_unit.rs:129: Mempool contains the same computations, skipping update
2026-01-29T10:46:29.657407Z  WARN arx::program: arx/src/program.rs:323: Pub/sub connection closed or error occurred, reconnecting...
2026-01-29T10:46:29.660702Z  INFO arx::program: arx/src/program.rs:328: Reconnecting pub/sub client
2026-01-29T10:46:29.666243Z  WARN arx::program: arx/src/program.rs:323: Pub/sub connection closed or error occurred, reconnecting...
2026-01-29T10:46:29.666292Z  INFO arx::program: arx/src/program.rs:328: Reconnecting pub/sub client
2026-01-29T10:46:29.677365Z  WARN arx::program: arx/src/program.rs:372: Attempt 1/5: error while calling async
{
    PubsubClient::new(wss_url).await.map_err(|e|
    ArxError::Solana(format!("Failed to create new pub/sub: {}", e)))
}: Solana network error: Failed to create new pub/sub: unable to connect to server
2026-01-29T10:46:29.681543Z  WARN arx::program: arx/src/program.rs:372: Attempt 1/5: error while calling async
{
    PubsubClient::new(wss_url).await.map_err(|e|
    ArxError::Solana(format!("Failed to create new pub/sub: {}", e)))
}: Solana network error: Failed to create new pub/sub: unable to connect to server
