2026-01-29T09:45:38.995129Z  INFO arx::metrics: arx/src/metrics.rs:524: Node metrics initialized: version=0.6.5, cluster=0, node=0
2026-01-29T09:45:39.075235Z DEBUG arx::units::online_phase_unit::key_material: arx/src/units/online_phase_unit/key_material.rs:165: Loading key material from path /usr/arx-node/private-shares and /usr/arx-node/public-inputs
2026-01-29T09:45:39.081113Z DEBUG arx::units::online_phase_unit::key_material: arx/src/units/online_phase_unit/key_material.rs:179: Loaded key material for MXE: FMMVCEygM2ewq4y4fmE5UDuyfhuoz4bXmEDDeg9iFPpL
2026-01-29T09:45:39.081239Z  INFO arx::units::cache_unit: arx/src/units/cache_unit.rs:91: Cache unit started
2026-01-29T09:45:39.081859Z  INFO arx: arx/src/main.rs:122: Starting metrics server
2026-01-29T09:45:39.081919Z  INFO arx: arx/src/main.rs:127: Starting ARX coordinator
2026-01-29T09:45:39.082054Z  INFO arx::units::circuit_unit: arx/src/units/circuit_unit.rs:141: Circuit unit started
2026-01-29T09:45:39.082249Z  INFO arx::units::bls_unit: arx/src/units/bls_unit.rs:78: BLS unit started
2026-01-29T09:45:39.082279Z  INFO arx::coordinator: arx/src/coordinator.rs:225: Coordinator started
2026-01-29T09:45:39.082261Z  INFO arx::units::state_unit: arx/src/units/state_unit.rs:112: State unit started
2026-01-29T09:45:39.082404Z  INFO arx::units::mempool_unit: arx/src/units/mempool_unit.rs:63: Mempool unit started
2026-01-29T09:45:39.082534Z  INFO arx::units::execpool_unit: arx/src/units/execpool_unit.rs:65: Execpool unit started
2026-01-29T09:45:39.083058Z  INFO arx::units::computation_unit: arx/src/units/computation_unit.rs:99: Inputs unit started
2026-01-29T09:45:39.083301Z  INFO arx::units::computation_transaction_unit: arx/src/units/computation_transaction_unit.rs:124: Computation transaction unit started
2026-01-29T09:45:39.083437Z  INFO arx::program: arx/src/program.rs:227: Pub/sub client started
2026-01-29T09:45:39.083454Z  INFO arx::program: arx/src/program.rs:229: Connecting initial pub/sub
2026-01-29T09:45:39.082764Z  INFO arx::units::node_transaction_unit: arx/src/units/node_transaction_unit.rs:65: Node transaction unit started
2026-01-29T09:45:39.082744Z  INFO arx::units::online_phase_unit: arx/src/units/online_phase_unit.rs:139: Online phase unit started
2026-01-29T09:45:39.083856Z  INFO arx::units::node_transaction_unit: arx/src/units/node_transaction_unit.rs:67: Activating node
2026-01-29T09:45:39.084853Z  INFO arx::program: arx/src/program.rs:227: Pub/sub client started
2026-01-29T09:45:39.084876Z  INFO arx::program: arx/src/program.rs:229: Connecting initial pub/sub
2026-01-29T09:45:39.087719Z  INFO arx::program: arx/src/program.rs:269: Fetching initial state for account: 9EDLm5KDKc1Pf8m587kdxPMvQBNETNahcCfHLNcQ1M8W
2026-01-29T09:45:39.088792Z  INFO arx::metrics: arx/src/metrics.rs:312: Metrics server listening on http://0.0.0.0:9091/metrics
2026-01-29T09:45:39.088879Z  INFO arx::program: arx/src/program.rs:269: Fetching initial state for account: 9rUSnh5VrMtRUrJrgAUwcyWvL9NYkscAsDFS5RjPW6Da
2026-01-29T09:45:39.090561Z  INFO arx::program: arx/src/program.rs:283: Subscribing to account: 9EDLm5KDKc1Pf8m587kdxPMvQBNETNahcCfHLNcQ1M8W
2026-01-29T09:45:39.090743Z DEBUG arx::units::execpool_unit: arx/src/units/execpool_unit.rs:102: Received execpool update with 1 computations
2026-01-29T09:45:39.108435Z  INFO arx::program: arx/src/program.rs:283: Subscribing to account: 9rUSnh5VrMtRUrJrgAUwcyWvL9NYkscAsDFS5RjPW6Da
2026-01-29T09:45:39.109113Z DEBUG arx::units::mempool_unit: arx/src/units/mempool_unit.rs:99: Received mempool update for account
2026-01-29T09:45:39.109142Z DEBUG arx::units::mempool_unit: arx/src/units/mempool_unit.rs:129: Mempool contains the same computations, skipping update
2026-01-29T09:45:39.611213Z  INFO arx::units::node_transaction_unit: arx/src/units/node_transaction_unit.rs:70: Node activated
2026-01-29T09:45:39.611296Z  INFO arx::coordinator: arx/src/coordinator.rs:257: Node activated, coordinator running
2026-01-29T09:45:39.611342Z DEBUG arx::coordinator: arx/src/coordinator.rs:534: Coordinator received execpool unit message: computations ids: [729066887121812181]
2026-01-29T09:45:39.611379Z DEBUG arx::units::cache_unit: arx/src/units/cache_unit.rs:154: Processing queued computation: ArxComputationReference: 729066887121812181
2026-01-29T09:45:39.611410Z DEBUG arx::units::state_unit: arx/src/units/state_unit.rs:258: Processing execpool update
2026-01-29T09:45:39.611421Z DEBUG arx::units::state_unit: arx/src/units/state_unit.rs:300: Prefetching and executing computation: ArxComputationReference: 729066887121812181 with status (index: 0, slot: 202)
2026-01-29T09:45:39.611433Z DEBUG arx::coordinator: arx/src/coordinator.rs:658: Coordinator received state unit message: prefetch computation: ArxComputationReference: 729066887121812181
2026-01-29T09:45:39.611441Z DEBUG arx::coordinator: arx/src/coordinator.rs:668: Coordinator received state unit message: execute computation: ArxComputationReference: 729066887121812181 with status (index: 0, slot: 202)
2026-01-29T09:45:39.612136Z DEBUG arx::coordinator: arx/src/coordinator.rs:470: Coordinator prefetched computation ArxComputation 124145311068161743775826452637807394875 (cluster_offset: 0)
2026-01-29T09:45:39.612195Z DEBUG arx::coordinator: arx/src/coordinator.rs:486: Coordinator fetched computation ArxComputation 124145311068161743775826452637807394875 (cluster_offset: 0) inputs
2026-01-29T09:45:39.612205Z DEBUG arx::units::cache_unit: arx/src/units/cache_unit.rs:168: Processing fetched computation: ArxComputationReference: 729066887121812181
2026-01-29T09:45:39.612280Z DEBUG arx::units::cache_unit: arx/src/units/cache_unit.rs:269: Processing fetched inputs: ArxComputation 124145311068161743775826452637807394875 (cluster_offset: 0)
2026-01-29T09:45:39.612345Z DEBUG arx::units::circuit_unit: arx/src/units/circuit_unit.rs:243: Processing computation definition: 42VrBPnZ38hJX86a3fKHynkqyGgMKtjnr8UdFToYGXgS
2026-01-29T09:45:39.612796Z DEBUG arx::units::circuit_unit: arx/src/units/circuit_unit.rs:411: Fetching local circuit data from: /usr/arx-node/circuits/mxe_keygen/circuit.arcis
2026-01-29T09:45:39.843503Z DEBUG arx::coordinator: arx/src/coordinator.rs:380: Coordinator received circuit info: CircuitInfo 42VrBPnZ38hJX86a3fKHynkqyGgMKtjnr8UdFToYGXgS
2026-01-29T09:45:39.843567Z DEBUG arx::units::cache_unit: arx/src/units/cache_unit.rs:195: Processing fetched circuit: CircuitInfo 42VrBPnZ38hJX86a3fKHynkqyGgMKtjnr8UdFToYGXgS
2026-01-29T09:45:39.843595Z DEBUG arx::coordinator: arx/src/coordinator.rs:322: Coordinator received cache unit prefetched computation: ArxComputationReference: 729066887121812181
2026-01-29T09:45:39.843603Z DEBUG arx::coordinator: arx/src/coordinator.rs:332: Coordinator received cache unit execute computation: ArxComputation 124145311068161743775826452637807394875 (cluster_offset: 0)
2026-01-29T09:45:39.843632Z DEBUG arx::units::online_phase_unit: arx/src/units/online_phase_unit.rs:183: Connecting to peers (ArxComputation 124145311068161743775826452637807394875 (cluster_offset: 0))
2026-01-29T09:45:39.843645Z DEBUG arx::units::state_unit: arx/src/units/state_unit.rs:323: Processing prefetched computation
2026-01-29T09:45:39.846557Z DEBUG arx::units::online_phase_unit: arx/src/units/online_phase_unit.rs:202: Connected to peers (ArxComputation 124145311068161743775826452637807394875 (cluster_offset: 0))
2026-01-29T09:45:39.846589Z  WARN arx::units::online_phase_unit: arx/src/units/online_phase_unit.rs:210: Running MXE keygen computation but key material already exist for MXE FMMVCEygM2ewq4y4fmE5UDuyfhuoz4bXmEDDeg9iFPpL (ArxComputation 124145311068161743775826452637807394875 (cluster_offset: 0))
2026-01-29T09:45:39.849219Z DEBUG arx::units::online_phase_unit::preprocessing_bundler: arx/src/units/online_phase_unit/preprocessing_bundler.rs:104: TD registration connection attempt 1 failed with error Os { code: 111, kind: ConnectionRefused, message: "Connection refused" }, retrying in 100ms
2026-01-29T09:45:39.950552Z DEBUG arx::units::online_phase_unit::preprocessing_bundler: arx/src/units/online_phase_unit/preprocessing_bundler.rs:46: Protocol 248016683086310656528149261543419493072 registered successfully
2026-01-29T09:45:39.950966Z DEBUG arx::units::online_phase_unit: arx/src/units/online_phase_unit.rs:343: Created new preprocessing bundler for base_id 248016683086310656528149261543419493072, cache size: 1
2026-01-29T09:45:40.797668Z  INFO arx::units::online_phase_unit: arx/src/units/online_phase_unit.rs:436: Processing Cerberus computation (124145311068161743775826452637807394875)
2026-01-29T09:45:41.819483Z DEBUG arx::units::bls_unit: arx/src/units/bls_unit.rs:111: BLS unit accepted connection from 172.20.0.101:44306
2026-01-29T09:45:41.819589Z DEBUG arx::units::bls_unit: arx/src/units/bls_unit.rs:126: BLS unit received incoming signature for 729066887121812181
2026-01-29T09:45:41.819601Z DEBUG arx::units::bls_unit: arx/src/units/bls_unit.rs:223: Stored signature for computation_offset 729066887121812181 (1/2)
2026-01-29T09:45:41.819608Z DEBUG arx::units::bls_unit: arx/src/units/bls_unit.rs:233: Not ready to aggregate signatures for computation_offset 729066887121812181, received signature will be stored but not aggregated
2026-01-29T09:45:41.819613Z DEBUG arx::units::bls_unit: arx/src/units/bls_unit.rs:130: BLS unit processed incoming signature for 729066887121812181
2026-01-29T09:45:41.822219Z DEBUG arx::coordinator: arx/src/coordinator.rs:619: Coordinator received online unit output: ArxComputation 124145311068161743775826452637807394875 (cluster_offset: 0)
2026-01-29T09:45:41.822246Z DEBUG arx::units::bls_unit: arx/src/units/bls_unit.rs:96: BLS unit received signature request: ArxComputation 124145311068161743775826452637807394875 (cluster_offset: 0)
2026-01-29T09:45:41.822256Z DEBUG arx::units::bls_unit: arx/src/units/bls_unit.rs:163: Message to sign length: [29, 9, 251, 207, 211, 129, 49, 99, 118, 50, 201, 215, 185, 254, 76, 252, 74, 235, 161, 238, 139, 133, 43, 200, 77, 9, 118, 206, 129, 109, 182, 16, 18, 255, 71, 86, 3, 12, 83, 254, 147, 227, 204, 58, 138, 224, 99, 252, 211, 44, 225, 249, 239, 247, 4, 232, 46, 63, 98, 106, 33, 9, 181, 248, 96, 252, 252, 216, 134, 2, 100, 0, 238, 231, 18, 36, 231, 71, 61, 152, 55, 10, 133, 157, 3, 62, 192, 238, 3, 44, 227, 56, 6, 176, 204, 7, 98, 246, 225, 230, 83, 129, 240, 103, 144, 22, 233, 33, 241, 227, 163, 78, 11, 27, 217, 189, 37, 96, 96, 48, 184, 173, 56, 35, 39, 97, 112, 29, 107, 112, 87, 20, 67, 154, 15, 79, 250, 175, 213, 171, 92, 183, 223, 145, 98, 50, 190, 230, 78, 167, 140, 255, 100, 101, 157, 14, 166, 90, 99, 8, 0, 0, 0, 0, 0, 0, 0, 0, 0, 0]
2026-01-29T09:45:41.822288Z DEBUG arx::units::online_phase_unit: arx/src/units/online_phase_unit.rs:159: Setting MXE key material for FMMVCEygM2ewq4y4fmE5UDuyfhuoz4bXmEDDeg9iFPpL
2026-01-29T09:45:41.822307Z DEBUG arx::units::state_unit: arx/src/units/state_unit.rs:140: Processing outputed computation
2026-01-29T09:45:41.822404Z  WARN arx::units::online_phase_unit: arx/src/units/online_phase_unit.rs:161: Existing MXE key material for FMMVCEygM2ewq4y4fmE5UDuyfhuoz4bXmEDDeg9iFPpL were overwritten
2026-01-29T09:45:41.822811Z DEBUG arx::coordinator: arx/src/coordinator.rs:281: Coordinator received bls unit output: ArxComputation 124145311068161743775826452637807394875 (cluster_offset: 0)
2026-01-29T09:45:41.822850Z DEBUG arx::units::state_unit: arx/src/units/state_unit.rs:148: Processing signed computation
2026-01-29T09:45:41.822895Z DEBUG arx::units::computation_transaction_unit: arx/src/units/computation_transaction_unit.rs:429: Processing callback for computation ArxComputation 124145311068161743775826452637807394875 (cluster_offset: 0)
2026-01-29T09:45:41.823014Z DEBUG arx::units::bls_unit: arx/src/units/bls_unit.rs:313: Pushed signature to peer 172.20.0.101:8002
2026-01-29T09:45:41.823913Z DEBUG arx::units::computation_transaction_unit::keygen: arx/src/units/computation_transaction_unit/keygen.rs:86: ElGamal pubkey validity proof verification passed
2026-01-29T09:45:42.327619Z DEBUG arx::units::computation_transaction_unit::keygen: arx/src/units/computation_transaction_unit/keygen.rs:119: Sent set_mxe_keys tx for mxe FMMVCEygM2ewq4y4fmE5UDuyfhuoz4bXmEDDeg9iFPpL with sig Ecx9f6vma5PZufATqNt1XSy78Lvp44Qme8UD9YEEgSeJd8sBeEm11WyTov6y3DJWPHApCosFhmAs7QqSwdzg1kc
2026-01-29T09:45:42.524527Z DEBUG arx::program: arx/src/program.rs:317: Received update for account: 9EDLm5KDKc1Pf8m587kdxPMvQBNETNahcCfHLNcQ1M8W
2026-01-29T09:45:42.527395Z DEBUG arx::program: arx/src/program.rs:317: Received update for account: 9rUSnh5VrMtRUrJrgAUwcyWvL9NYkscAsDFS5RjPW6Da
2026-01-29T09:45:42.587649Z DEBUG arx::units::execpool_unit: arx/src/units/execpool_unit.rs:102: Received execpool update with 0 computations
2026-01-29T09:45:42.587715Z DEBUG arx::coordinator: arx/src/coordinator.rs:534: Coordinator received execpool unit message: computations ids: []
2026-01-29T09:45:42.587729Z DEBUG arx::units::state_unit: arx/src/units/state_unit.rs:258: Processing execpool update
2026-01-29T09:45:42.587740Z DEBUG arx::units::state_unit: arx/src/units/state_unit.rs:273: Computation executed: ArxComputationReference: 729066887121812181
|-> prefetch    : +0ms
|-> prefetched  : +232ms
|-> execute     : +0ms
|-> output      : +2210ms
|-> signed      : +0ms
|-> executed    : +764ms

2026-01-29T09:45:42.587818Z DEBUG arx::units::state_unit: arx/src/units/state_unit.rs:279: Removing computation from execpool: ArxComputationReference offset: 729066887121812181
2026-01-29T09:45:42.587838Z DEBUG arx::coordinator: arx/src/coordinator.rs:688: Coordinator received state unit message: executed computation: ArxComputationReference: 729066887121812181
2026-01-29T09:45:42.587849Z DEBUG arx::units::cache_unit: arx/src/units/cache_unit.rs:302: Processing executed computation: ArxComputationReference: 729066887121812181
2026-01-29T09:45:42.587856Z DEBUG arx::units::cache_unit: arx/src/units/cache_unit.rs:306: Computation executed and removed from cache: ArxComputationReference: 729066887121812181
2026-01-29T09:45:42.589049Z DEBUG arx::units::mempool_unit: arx/src/units/mempool_unit.rs:99: Received mempool update for account
2026-01-29T09:45:42.589076Z DEBUG arx::units::mempool_unit: arx/src/units/mempool_unit.rs:129: Mempool contains the same computations, skipping update
2026-01-29T09:45:42.830461Z DEBUG arx::units::computation_transaction_unit: arx/src/units/computation_transaction_unit.rs:792: Callback computation tx for mxe FMMVCEygM2ewq4y4fmE5UDuyfhuoz4bXmEDDeg9iFPpL already sent
2026-01-29T09:45:42.830568Z DEBUG arx::coordinator: arx/src/coordinator.rs:426: Coordinator received computation transaction unit callback computation: ArxComputationReference: 729066887121812181
2026-01-29T09:45:42.830584Z DEBUG arx::units::state_unit: arx/src/units/state_unit.rs:339: Processing executed computation
2026-01-29T09:45:42.830586Z DEBUG arx::units::cache_unit: arx/src/units/cache_unit.rs:302: Processing executed computation: ArxComputationReference: 729066887121812181
2026-01-29T09:45:42.830608Z  WARN arx::units::cache_unit: arx/src/units/cache_unit.rs:313: Computation info not found in cache: ArxComputationReference: 729066887121812181
2026-01-29T09:45:45.772367Z DEBUG arx::program: arx/src/program.rs:317: Received update for account: 9EDLm5KDKc1Pf8m587kdxPMvQBNETNahcCfHLNcQ1M8W
2026-01-29T09:45:45.772472Z DEBUG arx::program: arx/src/program.rs:317: Received update for account: 9rUSnh5VrMtRUrJrgAUwcyWvL9NYkscAsDFS5RjPW6Da
2026-01-29T09:45:45.787641Z DEBUG arx::units::execpool_unit: arx/src/units/execpool_unit.rs:102: Received execpool update with 1 computations
2026-01-29T09:45:45.787716Z DEBUG arx::coordinator: arx/src/coordinator.rs:534: Coordinator received execpool unit message: computations ids: [7101387144819530793]
2026-01-29T09:45:45.787744Z DEBUG arx::units::cache_unit: arx/src/units/cache_unit.rs:154: Processing queued computation: ArxComputationReference: 7101387144819530793
2026-01-29T09:45:45.787769Z DEBUG arx::units::state_unit: arx/src/units/state_unit.rs:258: Processing execpool update
2026-01-29T09:45:45.787779Z DEBUG arx::units::state_unit: arx/src/units/state_unit.rs:300: Prefetching and executing computation: ArxComputationReference: 7101387144819530793 with status (index: 0, slot: 218)
2026-01-29T09:45:45.787789Z DEBUG arx::coordinator: arx/src/coordinator.rs:658: Coordinator received state unit message: prefetch computation: ArxComputationReference: 7101387144819530793
2026-01-29T09:45:45.787811Z DEBUG arx::coordinator: arx/src/coordinator.rs:668: Coordinator received state unit message: execute computation: ArxComputationReference: 7101387144819530793 with status (index: 0, slot: 218)
2026-01-29T09:45:45.788724Z DEBUG arx::units::mempool_unit: arx/src/units/mempool_unit.rs:99: Received mempool update for account
2026-01-29T09:45:45.788773Z DEBUG arx::units::mempool_unit: arx/src/units/mempool_unit.rs:129: Mempool contains the same computations, skipping update
2026-01-29T09:45:45.788935Z DEBUG arx::coordinator: arx/src/coordinator.rs:470: Coordinator prefetched computation ArxComputation 161359034584578515534375203259392006290 (cluster_offset: 0)
2026-01-29T09:45:45.789031Z DEBUG arx::coordinator: arx/src/coordinator.rs:486: Coordinator fetched computation ArxComputation 161359034584578515534375203259392006290 (cluster_offset: 0) inputs
2026-01-29T09:45:45.789043Z DEBUG arx::units::cache_unit: arx/src/units/cache_unit.rs:168: Processing fetched computation: ArxComputationReference: 7101387144819530793
2026-01-29T09:45:45.789108Z DEBUG arx::units::cache_unit: arx/src/units/cache_unit.rs:269: Processing fetched inputs: ArxComputation 161359034584578515534375203259392006290 (cluster_offset: 0)
2026-01-29T09:45:45.789104Z DEBUG arx::units::circuit_unit: arx/src/units/circuit_unit.rs:243: Processing computation definition: EJX8W6xXyJVW3Cgs2C3mZabYaLqKkfW1FVMZeJvjyezp
2026-01-29T09:45:45.790424Z DEBUG arx::units::circuit_unit: arx/src/units/circuit_unit.rs:452: Fetching offchain circuit data from: https://files.catbox.moe/aetojl.arcis
2026-01-29T09:45:46.358025Z ERROR arx::units::circuit_unit: arx/src/units/circuit_unit.rs:169: Failed to process computation definition EJX8W6xXyJVW3Cgs2C3mZabYaLqKkfW1FVMZeJvjyezp: Off-chain circuit fetch failed for source https://files.catbox.moe/aetojl.arcis: error sending request for url (https://files.catbox.moe/aetojl.arcis): connection closed before message completed
2026-01-29T09:45:46.358092Z DEBUG arx::coordinator: arx/src/coordinator.rs:390: Coordinator received circuit unit error for computation definition EJX8W6xXyJVW3Cgs2C3mZabYaLqKkfW1FVMZeJvjyezp (Off-chain circuit fetch failed for source https://files.catbox.moe/aetojl.arcis: error sending request for url (https://files.catbox.moe/aetojl.arcis): connection closed before message completed)
2026-01-29T09:45:46.358119Z DEBUG arx::units::cache_unit: arx/src/units/cache_unit.rs:234: Processing failed circuit fetch: EJX8W6xXyJVW3Cgs2C3mZabYaLqKkfW1FVMZeJvjyezp
2026-01-29T09:45:46.358131Z DEBUG arx::coordinator: arx/src/coordinator.rs:342: Coordinator received cache unit circuit error for computation: ArxComputation 161359034584578515534375203259392006290 (cluster_offset: 0)
2026-01-29T09:45:46.358143Z DEBUG arx::units::bls_unit: arx/src/units/bls_unit.rs:96: BLS unit received signature request: ArxComputation 161359034584578515534375203259392006290 (cluster_offset: 0)
2026-01-29T09:45:46.358151Z DEBUG arx::units::bls_unit: arx/src/units/bls_unit.rs:163: Message to sign length: [218, 0, 0, 0, 0, 0, 0, 0, 0, 0]
2026-01-29T09:45:46.358427Z DEBUG arx::units::bls_unit: arx/src/units/bls_unit.rs:196: Not ready to aggregate signatures for computation_offset 7101387144819530793, our signature will be stored but not aggregated
2026-01-29T09:45:46.358735Z DEBUG arx::units::bls_unit: arx/src/units/bls_unit.rs:313: Pushed signature to peer 172.20.0.101:8002
2026-01-29T09:45:46.358866Z DEBUG arx::units::bls_unit: arx/src/units/bls_unit.rs:111: BLS unit accepted connection from 172.20.0.101:44314
2026-01-29T09:45:46.358958Z DEBUG arx::units::bls_unit: arx/src/units/bls_unit.rs:126: BLS unit received incoming signature for 7101387144819530793
2026-01-29T09:45:46.358970Z DEBUG arx::units::bls_unit: arx/src/units/bls_unit.rs:223: Stored signature for computation_offset 7101387144819530793 (2/2)
2026-01-29T09:45:46.359214Z DEBUG arx::units::bls_unit: arx/src/units/bls_unit.rs:130: BLS unit processed incoming signature for 7101387144819530793
2026-01-29T09:45:46.359235Z DEBUG arx::coordinator: arx/src/coordinator.rs:281: Coordinator received bls unit output: ArxComputation 161359034584578515534375203259392006290 (cluster_offset: 0)
2026-01-29T09:45:46.359294Z DEBUG arx::units::state_unit: arx/src/units/state_unit.rs:148: Processing signed computation
2026-01-29T09:45:46.361928Z DEBUG arx::units::computation_transaction_unit: arx/src/units/computation_transaction_unit.rs:429: Processing callback for computation ArxComputation 161359034584578515534375203259392006290 (cluster_offset: 0)
2026-01-29T09:45:46.367844Z DEBUG arx::units::computation_transaction_unit: arx/src/units/computation_transaction_unit.rs:409: Transaction simulation consumed 59829 compute units
2026-01-29T09:45:46.368158Z DEBUG arx::units::computation_transaction_unit: arx/src/units/computation_transaction_unit.rs:236: Fee calculation: base_fee=5000, compute_units=59829, priority_fee=0, total_fee=5000, fee_variance_buffer=1000, concurrent_callback_buffer=50000
2026-01-29T09:45:46.368408Z DEBUG arx::units::computation_transaction_unit: arx/src/units/computation_transaction_unit.rs:376: Fresh balance range: fresh_balance=999999995000, min=999999939000, max=999999991000, total_fee=5000, staleness_reduction=true
2026-01-29T09:45:46.871718Z ERROR arx::units::computation_transaction_unit: arx/src/units/computation_transaction_unit.rs:803: Failed to send callback computation tx for mxe FMMVCEygM2ewq4y4fmE5UDuyfhuoz4bXmEDDeg9iFPpL error Error { request: None, kind: TransactionError(InstructionError(1, Custom(6000))) }
2026-01-29T09:45:46.871753Z  WARN arx::units::computation_transaction_unit: arx/src/units/computation_transaction_unit.rs:488: Attempt 1/5: error while calling post_callback_onchain(rpc, &tx, mxe): Solana network error: Failed to send callback computation tx for mxe FMMVCEygM2ewq4y4fmE5UDuyfhuoz4bXmEDDeg9iFPpL error Error { request: None, kind: TransactionError(InstructionError(1, Custom(6000))) }
2026-01-29T09:45:48.874123Z ERROR arx::units::computation_transaction_unit: arx/src/units/computation_transaction_unit.rs:803: Failed to send callback computation tx for mxe FMMVCEygM2ewq4y4fmE5UDuyfhuoz4bXmEDDeg9iFPpL error Error { request: None, kind: TransactionError(InstructionError(1, Custom(6000))) }
2026-01-29T09:45:48.874207Z  WARN arx::units::computation_transaction_unit: arx/src/units/computation_transaction_unit.rs:488: Attempt 2/5: error while calling post_callback_onchain(rpc, &tx, mxe): Solana network error: Failed to send callback computation tx for mxe FMMVCEygM2ewq4y4fmE5UDuyfhuoz4bXmEDDeg9iFPpL error Error { request: None, kind: TransactionError(InstructionError(1, Custom(6000))) }
2026-01-29T09:45:52.876342Z ERROR arx::units::computation_transaction_unit: arx/src/units/computation_transaction_unit.rs:803: Failed to send callback computation tx for mxe FMMVCEygM2ewq4y4fmE5UDuyfhuoz4bXmEDDeg9iFPpL error Error { request: None, kind: TransactionError(InstructionError(1, Custom(6000))) }
2026-01-29T09:45:52.876413Z  WARN arx::units::computation_transaction_unit: arx/src/units/computation_transaction_unit.rs:488: Attempt 3/5: error while calling post_callback_onchain(rpc, &tx, mxe): Solana network error: Failed to send callback computation tx for mxe FMMVCEygM2ewq4y4fmE5UDuyfhuoz4bXmEDDeg9iFPpL error Error { request: None, kind: TransactionError(InstructionError(1, Custom(6000))) }
2026-01-29T09:46:00.879200Z ERROR arx::units::computation_transaction_unit: arx/src/units/computation_transaction_unit.rs:803: Failed to send callback computation tx for mxe FMMVCEygM2ewq4y4fmE5UDuyfhuoz4bXmEDDeg9iFPpL error Error { request: None, kind: TransactionError(InstructionError(1, Custom(6000))) }
2026-01-29T09:46:00.879243Z  WARN arx::units::computation_transaction_unit: arx/src/units/computation_transaction_unit.rs:488: Attempt 4/5: error while calling post_callback_onchain(rpc, &tx, mxe): Solana network error: Failed to send callback computation tx for mxe FMMVCEygM2ewq4y4fmE5UDuyfhuoz4bXmEDDeg9iFPpL error Error { request: None, kind: TransactionError(InstructionError(1, Custom(6000))) }
2026-01-29T09:46:16.880750Z ERROR arx::units::computation_transaction_unit: arx/src/units/computation_transaction_unit.rs:803: Failed to send callback computation tx for mxe FMMVCEygM2ewq4y4fmE5UDuyfhuoz4bXmEDDeg9iFPpL error Error { request: None, kind: TransactionError(InstructionError(1, Custom(6000))) }
2026-01-29T09:46:16.880821Z  WARN arx::units::computation_transaction_unit: arx/src/units/computation_transaction_unit.rs:488: Attempt 5/5: error while calling post_callback_onchain(rpc, &tx, mxe): Solana network error: Failed to send callback computation tx for mxe FMMVCEygM2ewq4y4fmE5UDuyfhuoz4bXmEDDeg9iFPpL error Error { request: None, kind: TransactionError(InstructionError(1, Custom(6000))) }
2026-01-29T09:46:16.880845Z  WARN arx::units::computation_transaction_unit: arx/src/units/computation_transaction_unit.rs:500: Failed to send callback computation tx after retries for mxe FMMVCEygM2ewq4y4fmE5UDuyfhuoz4bXmEDDeg9iFPpL: Solana("Attempt 5/5: Solana network error: Failed to send callback computation tx for mxe FMMVCEygM2ewq4y4fmE5UDuyfhuoz4bXmEDDeg9iFPpL error Error { request: None, kind: TransactionError(InstructionError(1, Custom(6000))) }")
2026-01-29T09:46:16.880861Z  WARN arx::units::computation_transaction_unit: arx/src/units/computation_transaction_unit.rs:519: Regular callback failed, sending error claim txs for mxe FMMVCEygM2ewq4y4fmE5UDuyfhuoz4bXmEDDeg9iFPpL
2026-01-29T09:46:17.178343Z DEBUG arx::program: arx/src/program.rs:317: Received update for account: 9EDLm5KDKc1Pf8m587kdxPMvQBNETNahcCfHLNcQ1M8W
2026-01-29T09:46:17.178494Z DEBUG arx::program: arx/src/program.rs:317: Received update for account: 9rUSnh5VrMtRUrJrgAUwcyWvL9NYkscAsDFS5RjPW6Da
2026-01-29T09:46:17.187635Z DEBUG arx::units::execpool_unit: arx/src/units/execpool_unit.rs:102: Received execpool update with 0 computations
2026-01-29T09:46:17.187679Z DEBUG arx::coordinator: arx/src/coordinator.rs:534: Coordinator received execpool unit message: computations ids: []
2026-01-29T09:46:17.187703Z DEBUG arx::units::state_unit: arx/src/units/state_unit.rs:258: Processing execpool update
2026-01-29T09:46:17.187715Z DEBUG arx::units::state_unit: arx/src/units/state_unit.rs:273: Computation executed: ArxComputationReference: 7101387144819530793
|-> prefetch    : +0ms
|-> execute     : +0ms
|-> signed      : +571ms
|-> executed    : +30828ms

2026-01-29T09:46:17.187729Z DEBUG arx::units::state_unit: arx/src/units/state_unit.rs:279: Removing computation from execpool: ArxComputationReference offset: 7101387144819530793
2026-01-29T09:46:17.187748Z DEBUG arx::coordinator: arx/src/coordinator.rs:688: Coordinator received state unit message: executed computation: ArxComputationReference: 7101387144819530793
2026-01-29T09:46:17.187759Z DEBUG arx::units::cache_unit: arx/src/units/cache_unit.rs:302: Processing executed computation: ArxComputationReference: 7101387144819530793
2026-01-29T09:46:17.187768Z  WARN arx::units::cache_unit: arx/src/units/cache_unit.rs:310: Computation was not yet executed: ArxComputationReference: 7101387144819530793
2026-01-29T09:46:17.189000Z DEBUG arx::units::mempool_unit: arx/src/units/mempool_unit.rs:99: Received mempool update for account
2026-01-29T09:46:17.189040Z DEBUG arx::units::mempool_unit: arx/src/units/mempool_unit.rs:129: Mempool contains the same computations, skipping update
2026-01-29T09:46:17.383272Z ERROR arx::units::computation_transaction_unit: arx/src/units/computation_transaction_unit.rs:803: Failed to send callback computation tx for mxe FMMVCEygM2ewq4y4fmE5UDuyfhuoz4bXmEDDeg9iFPpL error Error { request: None, kind: TransactionError(InstructionError(0, Custom(0))) }
2026-01-29T09:46:17.383370Z  WARN arx::units::computation_transaction_unit: arx/src/units/computation_transaction_unit.rs:547: Attempt 1/5: error while calling post_callback_onchain(rpc, &tx, mxe): Solana network error: Failed to send callback computation tx for mxe FMMVCEygM2ewq4y4fmE5UDuyfhuoz4bXmEDDeg9iFPpL error Error { request: None, kind: TransactionError(InstructionError(0, Custom(0))) }
2026-01-29T09:46:19.384968Z ERROR arx::units::computation_transaction_unit: arx/src/units/computation_transaction_unit.rs:803: Failed to send callback computation tx for mxe FMMVCEygM2ewq4y4fmE5UDuyfhuoz4bXmEDDeg9iFPpL error Error { request: None, kind: TransactionError(InstructionError(0, Custom(0))) }
2026-01-29T09:46:19.385045Z  WARN arx::units::computation_transaction_unit: arx/src/units/computation_transaction_unit.rs:547: Attempt 2/5: error while calling post_callback_onchain(rpc, &tx, mxe): Solana network error: Failed to send callback computation tx for mxe FMMVCEygM2ewq4y4fmE5UDuyfhuoz4bXmEDDeg9iFPpL error Error { request: None, kind: TransactionError(InstructionError(0, Custom(0))) }
2026-01-29T09:46:23.387708Z ERROR arx::units::computation_transaction_unit: arx/src/units/computation_transaction_unit.rs:803: Failed to send callback computation tx for mxe FMMVCEygM2ewq4y4fmE5UDuyfhuoz4bXmEDDeg9iFPpL error Error { request: None, kind: TransactionError(InstructionError(0, Custom(0))) }
2026-01-29T09:46:23.387784Z  WARN arx::units::computation_transaction_unit: arx/src/units/computation_transaction_unit.rs:547: Attempt 3/5: error while calling post_callback_onchain(rpc, &tx, mxe): Solana network error: Failed to send callback computation tx for mxe FMMVCEygM2ewq4y4fmE5UDuyfhuoz4bXmEDDeg9iFPpL error Error { request: None, kind: TransactionError(InstructionError(0, Custom(0))) }
2026-01-29T09:46:31.389984Z ERROR arx::units::computation_transaction_unit: arx/src/units/computation_transaction_unit.rs:803: Failed to send callback computation tx for mxe FMMVCEygM2ewq4y4fmE5UDuyfhuoz4bXmEDDeg9iFPpL error Error { request: None, kind: TransactionError(InstructionError(0, Custom(0))) }
2026-01-29T09:46:31.390049Z  WARN arx::units::computation_transaction_unit: arx/src/units/computation_transaction_unit.rs:547: Attempt 4/5: error while calling post_callback_onchain(rpc, &tx, mxe): Solana network error: Failed to send callback computation tx for mxe FMMVCEygM2ewq4y4fmE5UDuyfhuoz4bXmEDDeg9iFPpL error Error { request: None, kind: TransactionError(InstructionError(0, Custom(0))) }
2026-01-29T09:46:47.392257Z ERROR arx::units::computation_transaction_unit: arx/src/units/computation_transaction_unit.rs:803: Failed to send callback computation tx for mxe FMMVCEygM2ewq4y4fmE5UDuyfhuoz4bXmEDDeg9iFPpL error Error { request: None, kind: TransactionError(InstructionError(0, Custom(0))) }
2026-01-29T09:46:47.392331Z  WARN arx::units::computation_transaction_unit: arx/src/units/computation_transaction_unit.rs:547: Attempt 5/5: error while calling post_callback_onchain(rpc, &tx, mxe): Solana network error: Failed to send callback computation tx for mxe FMMVCEygM2ewq4y4fmE5UDuyfhuoz4bXmEDDeg9iFPpL error Error { request: None, kind: TransactionError(InstructionError(0, Custom(0))) }
2026-01-29T09:46:47.392347Z ERROR arx::units::computation_transaction_unit: arx/src/units/computation_transaction_unit.rs:554: Failed to send error claim tx for mxe FMMVCEygM2ewq4y4fmE5UDuyfhuoz4bXmEDDeg9iFPpL: Solana("Attempt 5/5: Solana network error: Failed to send callback computation tx for mxe FMMVCEygM2ewq4y4fmE5UDuyfhuoz4bXmEDDeg9iFPpL error Error { request: None, kind: TransactionError(InstructionError(0, Custom(0))) }")
2026-01-29T09:46:47.392359Z  WARN arx::units::computation_transaction_unit: arx/src/units/computation_transaction_unit.rs:165: Failed to process message Solana network error: Attempt 5/5: Solana network error: Failed to send callback computation tx for mxe FMMVCEygM2ewq4y4fmE5UDuyfhuoz4bXmEDDeg9iFPpL error Error { request: None, kind: TransactionError(InstructionError(0, Custom(0))) }
2026-01-29T09:46:47.392364Z ERROR arx::units::computation_transaction_unit: arx/src/units/computation_transaction_unit.rs:166: Failing to process callback can lead to stale MXE
2026-01-29T10:01:37.307054Z  WARN arx::program: arx/src/program.rs:323: Pub/sub connection closed or error occurred, reconnecting...
2026-01-29T10:01:37.311835Z  INFO arx::program: arx/src/program.rs:328: Reconnecting pub/sub client
2026-01-29T10:01:37.321469Z  WARN arx::program: arx/src/program.rs:323: Pub/sub connection closed or error occurred, reconnecting...
2026-01-29T10:01:37.321758Z  INFO arx::program: arx/src/program.rs:328: Reconnecting pub/sub client
2026-01-29T10:01:37.329300Z  INFO arx::program: arx/src/program.rs:338: Re-fetching initial state for account: 9rUSnh5VrMtRUrJrgAUwcyWvL9NYkscAsDFS5RjPW6Da
2026-01-29T10:01:37.329953Z  INFO arx::program: arx/src/program.rs:338: Re-fetching initial state for account: 9EDLm5KDKc1Pf8m587kdxPMvQBNETNahcCfHLNcQ1M8W
2026-01-29T10:01:37.348145Z  INFO arx::program: arx/src/program.rs:351: Re-subscribing to account: 9EDLm5KDKc1Pf8m587kdxPMvQBNETNahcCfHLNcQ1M8W
2026-01-29T10:01:37.349151Z DEBUG arx::units::execpool_unit: arx/src/units/execpool_unit.rs:102: Received execpool update with 0 computations
2026-01-29T10:01:37.349783Z DEBUG arx::units::execpool_unit: arx/src/units/execpool_unit.rs:132: Execpool contains the same computations, skipping update
2026-01-29T10:01:37.350384Z  INFO arx::program: arx/src/program.rs:351: Re-subscribing to account: 9rUSnh5VrMtRUrJrgAUwcyWvL9NYkscAsDFS5RjPW6Da
2026-01-29T10:01:37.350989Z DEBUG arx::units::mempool_unit: arx/src/units/mempool_unit.rs:99: Received mempool update for account
2026-01-29T10:01:37.351016Z DEBUG arx::units::mempool_unit: arx/src/units/mempool_unit.rs:129: Mempool contains the same computations, skipping update
2026-01-29T10:02:25.765818Z DEBUG arx::program: arx/src/program.rs:317: Received update for account: 9EDLm5KDKc1Pf8m587kdxPMvQBNETNahcCfHLNcQ1M8W
2026-01-29T10:02:25.769406Z DEBUG arx::program: arx/src/program.rs:317: Received update for account: 9rUSnh5VrMtRUrJrgAUwcyWvL9NYkscAsDFS5RjPW6Da
2026-01-29T10:02:25.788244Z DEBUG arx::units::execpool_unit: arx/src/units/execpool_unit.rs:102: Received execpool update with 1 computations
2026-01-29T10:02:25.789314Z DEBUG arx::coordinator: arx/src/coordinator.rs:534: Coordinator received execpool unit message: computations ids: [13253007857152124663]
2026-01-29T10:02:25.790741Z DEBUG arx::units::mempool_unit: arx/src/units/mempool_unit.rs:99: Received mempool update for account
2026-01-29T10:02:25.790771Z DEBUG arx::units::mempool_unit: arx/src/units/mempool_unit.rs:129: Mempool contains the same computations, skipping update
2026-01-29T10:02:25.791103Z DEBUG arx::units::cache_unit: arx/src/units/cache_unit.rs:154: Processing queued computation: ArxComputationReference: 13253007857152124663
2026-01-29T10:02:25.791271Z DEBUG arx::units::state_unit: arx/src/units/state_unit.rs:258: Processing execpool update
2026-01-29T10:02:25.791657Z DEBUG arx::units::state_unit: arx/src/units/state_unit.rs:300: Prefetching and executing computation: ArxComputationReference: 13253007857152124663 with status (index: 1, slot: 2671)
2026-01-29T10:02:25.792363Z DEBUG arx::coordinator: arx/src/coordinator.rs:658: Coordinator received state unit message: prefetch computation: ArxComputationReference: 13253007857152124663
2026-01-29T10:02:25.792562Z DEBUG arx::coordinator: arx/src/coordinator.rs:668: Coordinator received state unit message: execute computation: ArxComputationReference: 13253007857152124663 with status (index: 1, slot: 2671)
2026-01-29T10:02:25.796683Z DEBUG arx::coordinator: arx/src/coordinator.rs:470: Coordinator prefetched computation ArxComputation 26325077479481322420803523456623772208 (cluster_offset: 0)
2026-01-29T10:02:25.796992Z DEBUG arx::units::cache_unit: arx/src/units/cache_unit.rs:168: Processing fetched computation: ArxComputationReference: 13253007857152124663
2026-01-29T10:02:25.797620Z DEBUG arx::coordinator: arx/src/coordinator.rs:486: Coordinator fetched computation ArxComputation 26325077479481322420803523456623772208 (cluster_offset: 0) inputs
2026-01-29T10:02:25.797877Z DEBUG arx::units::cache_unit: arx/src/units/cache_unit.rs:269: Processing fetched inputs: ArxComputation 26325077479481322420803523456623772208 (cluster_offset: 0)
2026-01-29T10:02:25.801264Z DEBUG arx::units::circuit_unit: arx/src/units/circuit_unit.rs:243: Processing computation definition: AtDdpxywFm79JA9eQ91ZqKamqVuz1n6xDJFJyNEEfKme
2026-01-29T10:02:25.835570Z DEBUG arx::units::circuit_unit: arx/src/units/circuit_unit.rs:452: Fetching offchain circuit data from: https://files.catbox.moe/efmtvn.arcis
2026-01-29T10:02:26.837575Z  WARN arx::program: arx/src/program.rs:323: Pub/sub connection closed or error occurred, reconnecting...
2026-01-29T10:02:26.837825Z  INFO arx::program: arx/src/program.rs:328: Reconnecting pub/sub client
2026-01-29T10:02:26.838200Z  WARN arx::program: arx/src/program.rs:323: Pub/sub connection closed or error occurred, reconnecting...
2026-01-29T10:02:26.838282Z  INFO arx::program: arx/src/program.rs:328: Reconnecting pub/sub client
2026-01-29T10:02:26.906563Z  WARN arx::program: arx/src/program.rs:372: Attempt 1/5: error while calling async
{
    PubsubClient::new(wss_url).await.map_err(|e|
    ArxError::Solana(format!("Failed to create new pub/sub: {}", e)))
}: Solana network error: Failed to create new pub/sub: unable to connect to server
2026-01-29T10:02:26.906726Z  WARN arx::program: arx/src/program.rs:372: Attempt 1/5: error while calling async
{
    PubsubClient::new(wss_url).await.map_err(|e|
    ArxError::Solana(format!("Failed to create new pub/sub: {}", e)))
}: Solana network error: Failed to create new pub/sub: unable to connect to server
2026-01-29T10:02:28.909224Z  WARN arx::program: arx/src/program.rs:372: Attempt 2/5: error while calling async
{
    PubsubClient::new(wss_url).await.map_err(|e|
    ArxError::Solana(format!("Failed to create new pub/sub: {}", e)))
}: Solana network error: Failed to create new pub/sub: unable to connect to server
2026-01-29T10:02:28.910616Z  WARN arx::program: arx/src/program.rs:372: Attempt 2/5: error while calling async
{
    PubsubClient::new(wss_url).await.map_err(|e|
    ArxError::Solana(format!("Failed to create new pub/sub: {}", e)))
}: Solana network error: Failed to create new pub/sub: unable to connect to server
2026-01-29T10:02:32.910813Z  WARN arx::program: arx/src/program.rs:372: Attempt 3/5: error while calling async
{
    PubsubClient::new(wss_url).await.map_err(|e|
    ArxError::Solana(format!("Failed to create new pub/sub: {}", e)))
}: Solana network error: Failed to create new pub/sub: unable to connect to server
2026-01-29T10:02:32.912733Z  WARN arx::program: arx/src/program.rs:372: Attempt 3/5: error while calling async
{
    PubsubClient::new(wss_url).await.map_err(|e|
    ArxError::Solana(format!("Failed to create new pub/sub: {}", e)))
}: Solana network error: Failed to create new pub/sub: unable to connect to server
2026-01-29T10:02:40.913131Z  WARN arx::program: arx/src/program.rs:372: Attempt 4/5: error while calling async
{
    PubsubClient::new(wss_url).await.map_err(|e|
    ArxError::Solana(format!("Failed to create new pub/sub: {}", e)))
}: Solana network error: Failed to create new pub/sub: unable to connect to server
2026-01-29T10:02:40.914751Z  WARN arx::program: arx/src/program.rs:372: Attempt 4/5: error while calling async
{
    PubsubClient::new(wss_url).await.map_err(|e|
    ArxError::Solana(format!("Failed to create new pub/sub: {}", e)))
}: Solana network error: Failed to create new pub/sub: unable to connect to server
2026-01-29T10:02:56.914725Z  WARN arx::program: arx/src/program.rs:372: Attempt 5/5: error while calling async
{
    PubsubClient::new(wss_url).await.map_err(|e|
    ArxError::Solana(format!("Failed to create new pub/sub: {}", e)))
}: Solana network error: Failed to create new pub/sub: unable to connect to server
2026-01-29T10:02:56.914796Z ERROR arx::program: arx/src/program.rs:332: Failed to reconnect pub/sub client: Solana network error: Attempt 5/5: Solana network error: Failed to create new pub/sub: unable to connect to server, shutting down pub/sub
2026-01-29T10:02:56.914806Z  INFO arx::program: arx/src/program.rs:367: Pub/sub client stopped
2026-01-29T10:02:56.915749Z  INFO arx::units::execpool_unit: arx/src/units/execpool_unit.rs:95: Account channel closed, shutting down
2026-01-29T10:02:56.915781Z  INFO arx::units::execpool_unit: arx/src/units/execpool_unit.rs:121: Execpool unit stopped
2026-01-29T10:02:56.916532Z ERROR arx::coordinator: arx/src/coordinator.rs:528: Execpool unit coordinator task received None message, shutting down
2026-01-29T10:02:56.917005Z  INFO arx::coordinator: arx/src/coordinator.rs:458: Computation unit coordinator task received cancellation signal
2026-01-29T10:02:56.917015Z  INFO arx::coordinator: arx/src/coordinator.rs:414: Computation transaction unit coordinator task received cancellation signal
2026-01-29T10:02:56.917040Z  INFO arx::coordinator: arx/src/coordinator.rs:566: Mempool unit coordinator task received cancellation signal
2026-01-29T10:02:56.917064Z  INFO arx::coordinator: arx/src/coordinator.rs:368: Circuit unit coordinator task received cancellation signal
2026-01-29T10:02:56.917077Z  INFO arx::units::mempool_unit: arx/src/units/mempool_unit.rs:89: Coordinator channel closed, shutting down
2026-01-29T10:02:56.917088Z  INFO arx::units::mempool_unit: arx/src/units/mempool_unit.rs:119: Mempool unit stopped
2026-01-29T10:02:56.917264Z  INFO arx::units::computation_transaction_unit: arx/src/units/computation_transaction_unit.rs:130: Coordinator channel closed, shutting down
2026-01-29T10:02:56.917282Z  INFO arx::units::computation_transaction_unit: arx/src/units/computation_transaction_unit.rs:178: Computations transaction unit stopped
2026-01-29T10:02:56.917280Z  INFO arx::coordinator: arx/src/coordinator.rs:609: Online phase unit coordinator task received cancellation signal
2026-01-29T10:02:56.917321Z  INFO arx::units::circuit_unit: arx/src/units/circuit_unit.rs:147: Coordinator channel closed, shutting down
2026-01-29T10:02:56.917337Z  INFO arx::units::circuit_unit: arx/src/units/circuit_unit.rs:232: Circuit unit stopped
2026-01-29T10:02:56.917480Z  INFO arx::coordinator: arx/src/coordinator.rs:271: BLS unit coordinator task received cancellation signal
2026-01-29T10:02:56.917555Z  INFO arx::coordinator: arx/src/coordinator.rs:707: Coordinator cancellation token triggered, shutting down
2026-01-29T10:02:56.918037Z  INFO arx::units::bls_unit: arx/src/units/bls_unit.rs:84: Coordinator channel closed, shutting down BLS unit
2026-01-29T10:02:56.918114Z  INFO arx::units::online_phase_unit: arx/src/units/online_phase_unit.rs:147: Coordinator channel closed, shutting down
2026-01-29T10:02:56.918186Z  INFO arx::coordinator: arx/src/coordinator.rs:310: Cache unit coordinator task received cancellation signal
2026-01-29T10:02:56.918133Z  INFO arx::units::online_phase_unit: arx/src/units/online_phase_unit.rs:402: Waiting for computations to finish...
2026-01-29T10:02:56.918382Z  INFO arx::units::state_unit: arx/src/units/state_unit.rs:125: State unit channel closed, shutting down
2026-01-29T10:02:56.918400Z  INFO arx::units::state_unit: arx/src/units/state_unit.rs:168: State unit stopped
2026-01-29T10:02:56.918546Z  INFO arx::units::node_transaction_unit: arx/src/units/node_transaction_unit.rs:91: Coordinator channel closed, shutting down
2026-01-29T10:02:56.918559Z  INFO arx::units::node_transaction_unit: arx/src/units/node_transaction_unit.rs:108: Deactivating node
2026-01-29T10:02:56.918723Z  INFO arx::units::cache_unit: arx/src/units/cache_unit.rs:97: Coordinator channel closed, shutting down
2026-01-29T10:02:56.918746Z  INFO arx::units::cache_unit: arx/src/units/cache_unit.rs:144: Cache unit stopped
2026-01-29T10:02:56.918644Z  INFO arx::units::computation_unit: arx/src/units/computation_unit.rs:108: Coordinator channel closed, shutting down
2026-01-29T10:02:56.918842Z  INFO arx::units::computation_unit: arx/src/units/computation_unit.rs:208: Computation unit stopped
2026-01-29T10:02:56.919876Z  INFO arx::coordinator: arx/src/coordinator.rs:646: State unit coordinator task received cancellation signal
2026-01-29T10:02:56.920197Z DEBUG arx::units::online_phase_unit: arx/src/units/online_phase_unit.rs:420: Unregistered bundler 248016683086310656528149261543419493072 during shutdown
2026-01-29T10:02:56.920016Z  INFO arx: arx/src/main.rs:136: Shutdown channel closed, initiating shutdown
2026-01-29T10:02:56.920232Z  INFO arx::units::online_phase_unit: arx/src/units/online_phase_unit.rs:425: Online phase unit stopped
2026-01-29T10:02:56.920248Z  INFO arx: arx/src/main.rs:142: ARX shutting down, waiting for units to complete
2026-01-29T10:02:56.924860Z  WARN arx::program: arx/src/program.rs:158: Attempt 1/5: error while calling async
{
    self.account(account).await.map_err(|e|
    {
        ArxError::Solana(format!("Failed to fetch account {}: {}", account,
        e))
    })
}: Solana network error: Failed to fetch account A1N143n3x4iF7wfvqiqFXtbQxnyNaHBySnPcaYmi9Xak: AccountNotFound: pubkey=A1N143n3x4iF7wfvqiqFXtbQxnyNaHBySnPcaYmi9Xak: error sending request for url (http://host.docker.internal:8899/)
2026-01-29T10:02:56.932264Z  WARN arx::program: arx/src/program.rs:372: Attempt 5/5: error while calling async
{
    PubsubClient::new(wss_url).await.map_err(|e|
    ArxError::Solana(format!("Failed to create new pub/sub: {}", e)))
}: Solana network error: Failed to create new pub/sub: unable to connect to server
2026-01-29T10:02:56.932327Z ERROR arx::program: arx/src/program.rs:332: Failed to reconnect pub/sub client: Solana network error: Attempt 5/5: Solana network error: Failed to create new pub/sub: unable to connect to server, shutting down pub/sub
2026-01-29T10:02:56.932338Z  INFO arx::program: arx/src/program.rs:367: Pub/sub client stopped
2026-01-29T10:02:58.931291Z  WARN arx::program: arx/src/program.rs:158: Attempt 2/5: error while calling async
{
    self.account(account).await.map_err(|e|
    {
        ArxError::Solana(format!("Failed to fetch account {}: {}", account,
        e))
    })
}: Solana network error: Failed to fetch account A1N143n3x4iF7wfvqiqFXtbQxnyNaHBySnPcaYmi9Xak: AccountNotFound: pubkey=A1N143n3x4iF7wfvqiqFXtbQxnyNaHBySnPcaYmi9Xak: error sending request for url (http://host.docker.internal:8899/)
2026-01-29T10:03:02.932941Z  WARN arx::program: arx/src/program.rs:158: Attempt 3/5: error while calling async
{
    self.account(account).await.map_err(|e|
    {
        ArxError::Solana(format!("Failed to fetch account {}: {}", account,
        e))
    })
}: Solana network error: Failed to fetch account A1N143n3x4iF7wfvqiqFXtbQxnyNaHBySnPcaYmi9Xak: AccountNotFound: pubkey=A1N143n3x4iF7wfvqiqFXtbQxnyNaHBySnPcaYmi9Xak: error sending request for url (http://host.docker.internal:8899/)
2026-01-29T10:03:10.934760Z  WARN arx::program: arx/src/program.rs:158: Attempt 4/5: error while calling async
{
    self.account(account).await.map_err(|e|
    {
        ArxError::Solana(format!("Failed to fetch account {}: {}", account,
        e))
    })
}: Solana network error: Failed to fetch account A1N143n3x4iF7wfvqiqFXtbQxnyNaHBySnPcaYmi9Xak: AccountNotFound: pubkey=A1N143n3x4iF7wfvqiqFXtbQxnyNaHBySnPcaYmi9Xak: error sending request for url (http://host.docker.internal:8899/)
2026-01-29T10:03:26.937755Z DEBUG arx::units::node_transaction_unit: arx/src/units/node_transaction_unit.rs:157: Node is already inactive, skipping deactivation
2026-01-29T10:03:26.937971Z  INFO arx::units::node_transaction_unit: arx/src/units/node_transaction_unit.rs:111: Node deactivated
2026-01-29T10:03:26.937982Z  INFO arx::units::node_transaction_unit: arx/src/units/node_transaction_unit.rs:119: Node transaction unit stopped
