2026-01-30T06:40:54.545255Z  INFO arx::metrics: arx/src/metrics.rs:524: Node metrics initialized: version=0.6.5, cluster=0, node=0
2026-01-30T06:40:54.622134Z DEBUG arx::units::online_phase_unit::key_material: arx/src/units/online_phase_unit/key_material.rs:165: Loading key material from path /usr/arx-node/private-shares and /usr/arx-node/public-inputs
2026-01-30T06:40:54.624660Z ERROR arx::units::online_phase_unit: arx/src/units/online_phase_unit.rs:115: Failed to load MXE key material: Other("Failed to read directory /usr/arx-node/private-shares: No such file or directory (os error 2)")
2026-01-30T06:40:54.625129Z  INFO arx::units::cache_unit: arx/src/units/cache_unit.rs:91: Cache unit started
2026-01-30T06:40:54.625642Z  INFO arx::units::circuit_unit: arx/src/units/circuit_unit.rs:141: Circuit unit started
2026-01-30T06:40:54.625666Z  INFO arx: arx/src/main.rs:122: Starting metrics server
2026-01-30T06:40:54.625721Z  INFO arx: arx/src/main.rs:127: Starting ARX coordinator
2026-01-30T06:40:54.625956Z  INFO arx::units::execpool_unit: arx/src/units/execpool_unit.rs:65: Execpool unit started
2026-01-30T06:40:54.626051Z  INFO arx::units::computation_unit: arx/src/units/computation_unit.rs:99: Inputs unit started
2026-01-30T06:40:54.626089Z  INFO arx::units::state_unit: arx/src/units/state_unit.rs:112: State unit started
2026-01-30T06:40:54.626076Z  INFO arx::units::mempool_unit: arx/src/units/mempool_unit.rs:63: Mempool unit started
2026-01-30T06:40:54.626115Z  INFO arx::units::bls_unit: arx/src/units/bls_unit.rs:78: BLS unit started
2026-01-30T06:40:54.626265Z  INFO arx::units::node_transaction_unit: arx/src/units/node_transaction_unit.rs:65: Node transaction unit started
2026-01-30T06:40:54.626998Z  INFO arx::metrics: arx/src/metrics.rs:312: Metrics server listening on http://0.0.0.0:9091/metrics
2026-01-30T06:40:54.626967Z  INFO arx::units::computation_transaction_unit: arx/src/units/computation_transaction_unit.rs:124: Computation transaction unit started
2026-01-30T06:40:54.627026Z  INFO arx::units::node_transaction_unit: arx/src/units/node_transaction_unit.rs:67: Activating node
2026-01-30T06:40:54.627271Z  INFO arx::program: arx/src/program.rs:227: Pub/sub client started
2026-01-30T06:40:54.627287Z  INFO arx::program: arx/src/program.rs:229: Connecting initial pub/sub
2026-01-30T06:40:54.627500Z  INFO arx::program: arx/src/program.rs:227: Pub/sub client started
2026-01-30T06:40:54.627512Z  INFO arx::program: arx/src/program.rs:229: Connecting initial pub/sub
2026-01-30T06:40:54.626763Z  INFO arx::coordinator: arx/src/coordinator.rs:225: Coordinator started
2026-01-30T06:40:54.626319Z  INFO arx::units::online_phase_unit: arx/src/units/online_phase_unit.rs:139: Online phase unit started
2026-01-30T06:40:54.632619Z  INFO arx::program: arx/src/program.rs:269: Fetching initial state for account: 9rUSnh5VrMtRUrJrgAUwcyWvL9NYkscAsDFS5RjPW6Da
2026-01-30T06:40:54.634598Z DEBUG arx::units::node_transaction_unit: arx/src/units/node_transaction_unit.rs:136: Node is already active, skipping activation
2026-01-30T06:40:54.634620Z  INFO arx::units::node_transaction_unit: arx/src/units/node_transaction_unit.rs:70: Node activated
2026-01-30T06:40:54.634643Z  INFO arx::coordinator: arx/src/coordinator.rs:257: Node activated, coordinator running
2026-01-30T06:40:54.635073Z  INFO arx::program: arx/src/program.rs:269: Fetching initial state for account: 9EDLm5KDKc1Pf8m587kdxPMvQBNETNahcCfHLNcQ1M8W
2026-01-30T06:40:54.637623Z  INFO arx::program: arx/src/program.rs:283: Subscribing to account: 9EDLm5KDKc1Pf8m587kdxPMvQBNETNahcCfHLNcQ1M8W
2026-01-30T06:40:54.637830Z DEBUG arx::units::execpool_unit: arx/src/units/execpool_unit.rs:102: Received execpool update with 0 computations
2026-01-30T06:40:54.637857Z DEBUG arx::units::execpool_unit: arx/src/units/execpool_unit.rs:132: Execpool contains the same computations, skipping update
2026-01-30T06:40:54.638032Z  INFO arx::program: arx/src/program.rs:283: Subscribing to account: 9rUSnh5VrMtRUrJrgAUwcyWvL9NYkscAsDFS5RjPW6Da
2026-01-30T06:40:54.638211Z DEBUG arx::units::mempool_unit: arx/src/units/mempool_unit.rs:99: Received mempool update for account
2026-01-30T06:40:54.638256Z DEBUG arx::units::mempool_unit: arx/src/units/mempool_unit.rs:129: Mempool contains the same computations, skipping update
2026-01-30T06:55:12.700800Z  WARN arx::program: arx/src/program.rs:323: Pub/sub connection closed or error occurred, reconnecting...
2026-01-30T06:55:12.703438Z  INFO arx::program: arx/src/program.rs:328: Reconnecting pub/sub client
2026-01-30T06:55:12.709073Z  WARN arx::program: arx/src/program.rs:323: Pub/sub connection closed or error occurred, reconnecting...
2026-01-30T06:55:12.709326Z  INFO arx::program: arx/src/program.rs:328: Reconnecting pub/sub client
2026-01-30T06:55:12.714118Z  WARN arx::program: arx/src/program.rs:372: Attempt 1/5: error while calling async
{
    PubsubClient::new(wss_url).await.map_err(|e|
    ArxError::Solana(format!("Failed to create new pub/sub: {}", e)))
}: Solana network error: Failed to create new pub/sub: unable to connect to server
2026-01-30T06:55:12.715819Z  WARN arx::program: arx/src/program.rs:372: Attempt 1/5: error while calling async
{
    PubsubClient::new(wss_url).await.map_err(|e|
    ArxError::Solana(format!("Failed to create new pub/sub: {}", e)))
}: Solana network error: Failed to create new pub/sub: unable to connect to server
2026-01-30T06:55:14.717712Z  WARN arx::program: arx/src/program.rs:372: Attempt 2/5: error while calling async
{
    PubsubClient::new(wss_url).await.map_err(|e|
    ArxError::Solana(format!("Failed to create new pub/sub: {}", e)))
}: Solana network error: Failed to create new pub/sub: unable to connect to server
2026-01-30T06:55:14.717745Z  WARN arx::program: arx/src/program.rs:372: Attempt 2/5: error while calling async
{
    PubsubClient::new(wss_url).await.map_err(|e|
    ArxError::Solana(format!("Failed to create new pub/sub: {}", e)))
}: Solana network error: Failed to create new pub/sub: unable to connect to server
2026-01-30T06:55:18.719875Z  WARN arx::program: arx/src/program.rs:372: Attempt 3/5: error while calling async
{
    PubsubClient::new(wss_url).await.map_err(|e|
    ArxError::Solana(format!("Failed to create new pub/sub: {}", e)))
}: Solana network error: Failed to create new pub/sub: unable to connect to server
2026-01-30T06:55:18.719989Z  WARN arx::program: arx/src/program.rs:372: Attempt 3/5: error while calling async
{
    PubsubClient::new(wss_url).await.map_err(|e|
    ArxError::Solana(format!("Failed to create new pub/sub: {}", e)))
}: Solana network error: Failed to create new pub/sub: unable to connect to server
2026-01-30T06:55:26.722723Z  WARN arx::program: arx/src/program.rs:372: Attempt 4/5: error while calling async
{
    PubsubClient::new(wss_url).await.map_err(|e|
    ArxError::Solana(format!("Failed to create new pub/sub: {}", e)))
}: Solana network error: Failed to create new pub/sub: unable to connect to server
2026-01-30T06:55:26.722748Z  WARN arx::program: arx/src/program.rs:372: Attempt 4/5: error while calling async
{
    PubsubClient::new(wss_url).await.map_err(|e|
    ArxError::Solana(format!("Failed to create new pub/sub: {}", e)))
}: Solana network error: Failed to create new pub/sub: unable to connect to server
2026-01-30T06:55:42.725503Z  WARN arx::program: arx/src/program.rs:372: Attempt 5/5: error while calling async
{
    PubsubClient::new(wss_url).await.map_err(|e|
    ArxError::Solana(format!("Failed to create new pub/sub: {}", e)))
}: Solana network error: Failed to create new pub/sub: unable to connect to server
2026-01-30T06:55:42.725533Z  WARN arx::program: arx/src/program.rs:372: Attempt 5/5: error while calling async
{
    PubsubClient::new(wss_url).await.map_err(|e|
    ArxError::Solana(format!("Failed to create new pub/sub: {}", e)))
}: Solana network error: Failed to create new pub/sub: unable to connect to server
2026-01-30T06:55:42.726892Z ERROR arx::program: arx/src/program.rs:332: Failed to reconnect pub/sub client: Solana network error: Attempt 5/5: Solana network error: Failed to create new pub/sub: unable to connect to server, shutting down pub/sub
2026-01-30T06:55:42.726894Z ERROR arx::program: arx/src/program.rs:332: Failed to reconnect pub/sub client: Solana network error: Attempt 5/5: Solana network error: Failed to create new pub/sub: unable to connect to server, shutting down pub/sub
2026-01-30T06:55:42.726921Z  INFO arx::program: arx/src/program.rs:367: Pub/sub client stopped
2026-01-30T06:55:42.726950Z  INFO arx::program: arx/src/program.rs:367: Pub/sub client stopped
2026-01-30T06:55:42.727805Z  INFO arx::units::mempool_unit: arx/src/units/mempool_unit.rs:93: Account channel closed, shutting down
2026-01-30T06:55:42.727830Z  INFO arx::units::execpool_unit: arx/src/units/execpool_unit.rs:95: Account channel closed, shutting down
2026-01-30T06:55:42.727849Z  INFO arx::units::mempool_unit: arx/src/units/mempool_unit.rs:119: Mempool unit stopped
2026-01-30T06:55:42.727865Z  INFO arx::units::execpool_unit: arx/src/units/execpool_unit.rs:121: Execpool unit stopped
2026-01-30T06:55:42.729177Z ERROR arx::coordinator: arx/src/coordinator.rs:571: Mempool unit coordinator task received None message, shutting down
2026-01-30T06:55:42.729449Z  INFO arx::coordinator: arx/src/coordinator.rs:609: Online phase unit coordinator task received cancellation signal
2026-01-30T06:55:42.729452Z  INFO arx::coordinator: arx/src/coordinator.rs:310: Cache unit coordinator task received cancellation signal
2026-01-30T06:55:42.729731Z  INFO arx::units::cache_unit: arx/src/units/cache_unit.rs:97: Coordinator channel closed, shutting down
2026-01-30T06:55:42.729770Z  INFO arx::units::cache_unit: arx/src/units/cache_unit.rs:144: Cache unit stopped
2026-01-30T06:55:42.730032Z  INFO arx::coordinator: arx/src/coordinator.rs:271: BLS unit coordinator task received cancellation signal
2026-01-30T06:55:42.730071Z  INFO arx::coordinator: arx/src/coordinator.rs:707: Coordinator cancellation token triggered, shutting down
2026-01-30T06:55:42.730082Z  INFO arx::units::bls_unit: arx/src/units/bls_unit.rs:84: Coordinator channel closed, shutting down BLS unit
2026-01-30T06:55:42.730278Z  INFO arx::coordinator: arx/src/coordinator.rs:523: Execpool unit coordinator task received cancellation signal
2026-01-30T06:55:42.730315Z  INFO arx::units::online_phase_unit: arx/src/units/online_phase_unit.rs:147: Coordinator channel closed, shutting down
2026-01-30T06:55:42.730325Z  INFO arx::units::online_phase_unit: arx/src/units/online_phase_unit.rs:402: Waiting for computations to finish...
2026-01-30T06:55:42.730332Z  INFO arx::units::online_phase_unit: arx/src/units/online_phase_unit.rs:425: Online phase unit stopped
2026-01-30T06:55:42.730468Z  INFO arx::coordinator: arx/src/coordinator.rs:646: State unit coordinator task received cancellation signal
2026-01-30T06:55:42.731066Z  INFO arx::units::node_transaction_unit: arx/src/units/node_transaction_unit.rs:91: Coordinator channel closed, shutting down
2026-01-30T06:55:42.731092Z  INFO arx::units::node_transaction_unit: arx/src/units/node_transaction_unit.rs:108: Deactivating node
2026-01-30T06:55:42.731276Z  INFO arx::units::computation_transaction_unit: arx/src/units/computation_transaction_unit.rs:139: Computation transaction unit channel closed, shutting down
2026-01-30T06:55:42.731304Z  INFO arx::units::computation_transaction_unit: arx/src/units/computation_transaction_unit.rs:178: Computations transaction unit stopped
2026-01-30T06:55:42.731355Z  INFO arx::coordinator: arx/src/coordinator.rs:458: Computation unit coordinator task received cancellation signal
2026-01-30T06:55:42.731038Z  INFO arx::coordinator: arx/src/coordinator.rs:368: Circuit unit coordinator task received cancellation signal
2026-01-30T06:55:42.731538Z  INFO arx::units::computation_unit: arx/src/units/computation_unit.rs:155: Computation unit channel closed, shutting down
2026-01-30T06:55:42.731809Z  INFO arx::units::computation_unit: arx/src/units/computation_unit.rs:208: Computation unit stopped
2026-01-30T06:55:42.731804Z  INFO arx::coordinator: arx/src/coordinator.rs:414: Computation transaction unit coordinator task received cancellation signal
2026-01-30T06:55:42.731989Z  INFO arx::units::circuit_unit: arx/src/units/circuit_unit.rs:147: Coordinator channel closed, shutting down
2026-01-30T06:55:42.732079Z  INFO arx::units::circuit_unit: arx/src/units/circuit_unit.rs:232: Circuit unit stopped
2026-01-30T06:55:42.731982Z  INFO arx::units::state_unit: arx/src/units/state_unit.rs:118: Coordinator channel closed, shutting down
2026-01-30T06:55:42.732365Z  INFO arx::units::state_unit: arx/src/units/state_unit.rs:168: State unit stopped
2026-01-30T06:55:42.733076Z  INFO arx: arx/src/main.rs:136: Shutdown channel closed, initiating shutdown
2026-01-30T06:55:42.733111Z  INFO arx: arx/src/main.rs:142: ARX shutting down, waiting for units to complete
2026-01-30T06:55:42.733675Z  WARN arx::program: arx/src/program.rs:158: Attempt 1/5: error while calling async
{
    self.account(account).await.map_err(|e|
    {
        ArxError::Solana(format!("Failed to fetch account {}: {}", account,
        e))
    })
}: Solana network error: Failed to fetch account A1N143n3x4iF7wfvqiqFXtbQxnyNaHBySnPcaYmi9Xak: AccountNotFound: pubkey=A1N143n3x4iF7wfvqiqFXtbQxnyNaHBySnPcaYmi9Xak: error sending request for url (http://host.docker.internal:8899/)
2026-01-30T06:55:44.738510Z  WARN arx::program: arx/src/program.rs:158: Attempt 2/5: error while calling async
{
    self.account(account).await.map_err(|e|
    {
        ArxError::Solana(format!("Failed to fetch account {}: {}", account,
        e))
    })
}: Solana network error: Failed to fetch account A1N143n3x4iF7wfvqiqFXtbQxnyNaHBySnPcaYmi9Xak: AccountNotFound: pubkey=A1N143n3x4iF7wfvqiqFXtbQxnyNaHBySnPcaYmi9Xak: error sending request for url (http://host.docker.internal:8899/)
2026-01-30T06:55:48.740800Z  WARN arx::program: arx/src/program.rs:158: Attempt 3/5: error while calling async
{
    self.account(account).await.map_err(|e|
    {
        ArxError::Solana(format!("Failed to fetch account {}: {}", account,
        e))
    })
}: Solana network error: Failed to fetch account A1N143n3x4iF7wfvqiqFXtbQxnyNaHBySnPcaYmi9Xak: AccountNotFound: pubkey=A1N143n3x4iF7wfvqiqFXtbQxnyNaHBySnPcaYmi9Xak: error sending request for url (http://host.docker.internal:8899/)
2026-01-30T06:55:56.743084Z  WARN arx::program: arx/src/program.rs:158: Attempt 4/5: error while calling async
{
    self.account(account).await.map_err(|e|
    {
        ArxError::Solana(format!("Failed to fetch account {}: {}", account,
        e))
    })
}: Solana network error: Failed to fetch account A1N143n3x4iF7wfvqiqFXtbQxnyNaHBySnPcaYmi9Xak: AccountNotFound: pubkey=A1N143n3x4iF7wfvqiqFXtbQxnyNaHBySnPcaYmi9Xak: error sending request for url (http://host.docker.internal:8899/)
2026-01-30T06:56:12.749115Z  WARN arx::program: arx/src/program.rs:158: Attempt 5/5: error while calling async
{
    self.account(account).await.map_err(|e|
    {
        ArxError::Solana(format!("Failed to fetch account {}: {}", account,
        e))
    })
}: Solana network error: Failed to fetch account A1N143n3x4iF7wfvqiqFXtbQxnyNaHBySnPcaYmi9Xak: AccountNotFound: pubkey=A1N143n3x4iF7wfvqiqFXtbQxnyNaHBySnPcaYmi9Xak: error sending request for url (http://host.docker.internal:8899/)
2026-01-30T06:56:12.749184Z  WARN arx::units::node_transaction_unit: arx/src/units/node_transaction_unit.rs:109: Attempt 1/5: error while calling self.deactivate_node(): Solana network error: Attempt 5/5: Solana network error: Failed to fetch account A1N143n3x4iF7wfvqiqFXtbQxnyNaHBySnPcaYmi9Xak: AccountNotFound: pubkey=A1N143n3x4iF7wfvqiqFXtbQxnyNaHBySnPcaYmi9Xak: error sending request for url (http://host.docker.internal:8899/)
2026-01-30T06:56:14.751915Z  WARN arx::program: arx/src/program.rs:158: Attempt 1/5: error while calling async
{
    self.account(account).await.map_err(|e|
    {
        ArxError::Solana(format!("Failed to fetch account {}: {}", account,
        e))
    })
}: Solana network error: Failed to fetch account A1N143n3x4iF7wfvqiqFXtbQxnyNaHBySnPcaYmi9Xak: AccountNotFound: pubkey=A1N143n3x4iF7wfvqiqFXtbQxnyNaHBySnPcaYmi9Xak: error sending request for url (http://host.docker.internal:8899/)
2026-01-30T06:56:16.754912Z  WARN arx::program: arx/src/program.rs:158: Attempt 2/5: error while calling async
{
    self.account(account).await.map_err(|e|
    {
        ArxError::Solana(format!("Failed to fetch account {}: {}", account,
        e))
    })
}: Solana network error: Failed to fetch account A1N143n3x4iF7wfvqiqFXtbQxnyNaHBySnPcaYmi9Xak: AccountNotFound: pubkey=A1N143n3x4iF7wfvqiqFXtbQxnyNaHBySnPcaYmi9Xak: error sending request for url (http://host.docker.internal:8899/)
2026-01-30T06:56:20.758104Z  WARN arx::program: arx/src/program.rs:158: Attempt 3/5: error while calling async
{
    self.account(account).await.map_err(|e|
    {
        ArxError::Solana(format!("Failed to fetch account {}: {}", account,
        e))
    })
}: Solana network error: Failed to fetch account A1N143n3x4iF7wfvqiqFXtbQxnyNaHBySnPcaYmi9Xak: AccountNotFound: pubkey=A1N143n3x4iF7wfvqiqFXtbQxnyNaHBySnPcaYmi9Xak: error sending request for url (http://host.docker.internal:8899/)
2026-01-30T06:56:28.760517Z  WARN arx::program: arx/src/program.rs:158: Attempt 4/5: error while calling async
{
    self.account(account).await.map_err(|e|
    {
        ArxError::Solana(format!("Failed to fetch account {}: {}", account,
        e))
    })
}: Solana network error: Failed to fetch account A1N143n3x4iF7wfvqiqFXtbQxnyNaHBySnPcaYmi9Xak: AccountNotFound: pubkey=A1N143n3x4iF7wfvqiqFXtbQxnyNaHBySnPcaYmi9Xak: error sending request for url (http://host.docker.internal:8899/)
2026-01-30T06:56:44.778495Z DEBUG arx::units::node_transaction_unit: arx/src/units/node_transaction_unit.rs:157: Node is already inactive, skipping deactivation
2026-01-30T06:56:44.778831Z  INFO arx::units::node_transaction_unit: arx/src/units/node_transaction_unit.rs:111: Node deactivated
2026-01-30T06:56:44.778845Z  INFO arx::units::node_transaction_unit: arx/src/units/node_transaction_unit.rs:119: Node transaction unit stopped
