2026-01-29T11:23:16.959517Z  INFO arx::metrics: arx/src/metrics.rs:524: Node metrics initialized: version=0.6.5, cluster=0, node=0
2026-01-29T11:23:17.040308Z DEBUG arx::units::online_phase_unit::key_material: arx/src/units/online_phase_unit/key_material.rs:165: Loading key material from path /usr/arx-node/private-shares and /usr/arx-node/public-inputs
2026-01-29T11:23:17.046444Z DEBUG arx::units::online_phase_unit::key_material: arx/src/units/online_phase_unit/key_material.rs:179: Loaded key material for MXE: FMMVCEygM2ewq4y4fmE5UDuyfhuoz4bXmEDDeg9iFPpL
2026-01-29T11:23:17.046571Z  INFO arx::units::cache_unit: arx/src/units/cache_unit.rs:91: Cache unit started
2026-01-29T11:23:17.047109Z  INFO arx: arx/src/main.rs:122: Starting metrics server
2026-01-29T11:23:17.047127Z  INFO arx: arx/src/main.rs:127: Starting ARX coordinator
2026-01-29T11:23:17.047171Z  INFO arx::units::circuit_unit: arx/src/units/circuit_unit.rs:141: Circuit unit started
2026-01-29T11:23:17.047366Z  INFO arx::units::state_unit: arx/src/units/state_unit.rs:112: State unit started
2026-01-29T11:23:17.047458Z  INFO arx::coordinator: arx/src/coordinator.rs:225: Coordinator started
2026-01-29T11:23:17.047461Z  INFO arx::units::execpool_unit: arx/src/units/execpool_unit.rs:65: Execpool unit started
2026-01-29T11:23:17.047455Z  INFO arx::units::computation_unit: arx/src/units/computation_unit.rs:99: Inputs unit started
2026-01-29T11:23:17.047547Z  INFO arx::units::mempool_unit: arx/src/units/mempool_unit.rs:63: Mempool unit started
2026-01-29T11:23:17.047378Z  INFO arx::units::bls_unit: arx/src/units/bls_unit.rs:78: BLS unit started
2026-01-29T11:23:17.048433Z  INFO arx::units::computation_transaction_unit: arx/src/units/computation_transaction_unit.rs:124: Computation transaction unit started
2026-01-29T11:23:17.048472Z  INFO arx::metrics: arx/src/metrics.rs:312: Metrics server listening on http://0.0.0.0:9091/metrics
2026-01-29T11:23:17.048670Z  INFO arx::program: arx/src/program.rs:227: Pub/sub client started
2026-01-29T11:23:17.048682Z  INFO arx::program: arx/src/program.rs:229: Connecting initial pub/sub
2026-01-29T11:23:17.048776Z  INFO arx::program: arx/src/program.rs:227: Pub/sub client started
2026-01-29T11:23:17.048802Z  INFO arx::program: arx/src/program.rs:229: Connecting initial pub/sub
2026-01-29T11:23:17.047651Z  INFO arx::units::node_transaction_unit: arx/src/units/node_transaction_unit.rs:65: Node transaction unit started
2026-01-29T11:23:17.050428Z  INFO arx::units::node_transaction_unit: arx/src/units/node_transaction_unit.rs:67: Activating node
2026-01-29T11:23:17.047655Z  INFO arx::units::online_phase_unit: arx/src/units/online_phase_unit.rs:139: Online phase unit started
2026-01-29T11:23:17.052887Z  INFO arx::program: arx/src/program.rs:269: Fetching initial state for account: 9EDLm5KDKc1Pf8m587kdxPMvQBNETNahcCfHLNcQ1M8W
2026-01-29T11:23:17.053407Z  INFO arx::program: arx/src/program.rs:269: Fetching initial state for account: 9rUSnh5VrMtRUrJrgAUwcyWvL9NYkscAsDFS5RjPW6Da
2026-01-29T11:23:17.054289Z  INFO arx::program: arx/src/program.rs:283: Subscribing to account: 9EDLm5KDKc1Pf8m587kdxPMvQBNETNahcCfHLNcQ1M8W
2026-01-29T11:23:17.054608Z DEBUG arx::units::execpool_unit: arx/src/units/execpool_unit.rs:102: Received execpool update with 1 computations
2026-01-29T11:23:17.077125Z  INFO arx::program: arx/src/program.rs:283: Subscribing to account: 9rUSnh5VrMtRUrJrgAUwcyWvL9NYkscAsDFS5RjPW6Da
2026-01-29T11:23:17.077418Z DEBUG arx::units::mempool_unit: arx/src/units/mempool_unit.rs:99: Received mempool update for account
2026-01-29T11:23:17.077440Z DEBUG arx::units::mempool_unit: arx/src/units/mempool_unit.rs:129: Mempool contains the same computations, skipping update
2026-01-29T11:23:17.579041Z  INFO arx::units::node_transaction_unit: arx/src/units/node_transaction_unit.rs:70: Node activated
2026-01-29T11:23:17.579108Z  INFO arx::coordinator: arx/src/coordinator.rs:257: Node activated, coordinator running
2026-01-29T11:23:17.579171Z DEBUG arx::coordinator: arx/src/coordinator.rs:534: Coordinator received execpool unit message: computations ids: [729066887121812181]
2026-01-29T11:23:17.579200Z DEBUG arx::units::cache_unit: arx/src/units/cache_unit.rs:154: Processing queued computation: ArxComputationReference: 729066887121812181
2026-01-29T11:23:17.579215Z DEBUG arx::units::state_unit: arx/src/units/state_unit.rs:258: Processing execpool update
2026-01-29T11:23:17.579274Z DEBUG arx::units::state_unit: arx/src/units/state_unit.rs:300: Prefetching and executing computation: ArxComputationReference: 729066887121812181 with status (index: 0, slot: 201)
2026-01-29T11:23:17.579298Z DEBUG arx::coordinator: arx/src/coordinator.rs:658: Coordinator received state unit message: prefetch computation: ArxComputationReference: 729066887121812181
2026-01-29T11:23:17.579310Z DEBUG arx::coordinator: arx/src/coordinator.rs:668: Coordinator received state unit message: execute computation: ArxComputationReference: 729066887121812181 with status (index: 0, slot: 201)
2026-01-29T11:23:17.579993Z DEBUG arx::coordinator: arx/src/coordinator.rs:470: Coordinator prefetched computation ArxComputation 124145311068161743775826452637807394875 (cluster_offset: 0)
2026-01-29T11:23:17.580039Z DEBUG arx::coordinator: arx/src/coordinator.rs:486: Coordinator fetched computation ArxComputation 124145311068161743775826452637807394875 (cluster_offset: 0) inputs
2026-01-29T11:23:17.580048Z DEBUG arx::units::cache_unit: arx/src/units/cache_unit.rs:168: Processing fetched computation: ArxComputationReference: 729066887121812181
2026-01-29T11:23:17.580128Z DEBUG arx::units::cache_unit: arx/src/units/cache_unit.rs:269: Processing fetched inputs: ArxComputation 124145311068161743775826452637807394875 (cluster_offset: 0)
2026-01-29T11:23:17.580149Z DEBUG arx::units::circuit_unit: arx/src/units/circuit_unit.rs:243: Processing computation definition: 42VrBPnZ38hJX86a3fKHynkqyGgMKtjnr8UdFToYGXgS
2026-01-29T11:23:17.580645Z DEBUG arx::units::circuit_unit: arx/src/units/circuit_unit.rs:411: Fetching local circuit data from: /usr/arx-node/circuits/mxe_keygen/circuit.arcis
2026-01-29T11:23:17.881988Z DEBUG arx::coordinator: arx/src/coordinator.rs:380: Coordinator received circuit info: CircuitInfo 42VrBPnZ38hJX86a3fKHynkqyGgMKtjnr8UdFToYGXgS
2026-01-29T11:23:17.882204Z DEBUG arx::units::cache_unit: arx/src/units/cache_unit.rs:195: Processing fetched circuit: CircuitInfo 42VrBPnZ38hJX86a3fKHynkqyGgMKtjnr8UdFToYGXgS
2026-01-29T11:23:17.882239Z DEBUG arx::coordinator: arx/src/coordinator.rs:322: Coordinator received cache unit prefetched computation: ArxComputationReference: 729066887121812181
2026-01-29T11:23:17.882249Z DEBUG arx::coordinator: arx/src/coordinator.rs:332: Coordinator received cache unit execute computation: ArxComputation 124145311068161743775826452637807394875 (cluster_offset: 0)
2026-01-29T11:23:17.882264Z DEBUG arx::units::online_phase_unit: arx/src/units/online_phase_unit.rs:183: Connecting to peers (ArxComputation 124145311068161743775826452637807394875 (cluster_offset: 0))
2026-01-29T11:23:17.882304Z DEBUG arx::units::state_unit: arx/src/units/state_unit.rs:323: Processing prefetched computation
2026-01-29T11:23:17.885972Z DEBUG arx::units::online_phase_unit: arx/src/units/online_phase_unit.rs:202: Connected to peers (ArxComputation 124145311068161743775826452637807394875 (cluster_offset: 0))
2026-01-29T11:23:17.886146Z  WARN arx::units::online_phase_unit: arx/src/units/online_phase_unit.rs:210: Running MXE keygen computation but key material already exist for MXE FMMVCEygM2ewq4y4fmE5UDuyfhuoz4bXmEDDeg9iFPpL (ArxComputation 124145311068161743775826452637807394875 (cluster_offset: 0))
2026-01-29T11:23:18.023161Z DEBUG arx::units::online_phase_unit::preprocessing_bundler: arx/src/units/online_phase_unit/preprocessing_bundler.rs:104: TD registration connection attempt 1 failed with error Os { code: 111, kind: ConnectionRefused, message: "Connection refused" }, retrying in 100ms
2026-01-29T11:23:18.124882Z DEBUG arx::units::online_phase_unit::preprocessing_bundler: arx/src/units/online_phase_unit/preprocessing_bundler.rs:46: Protocol 248016683086310656528149261543419493072 registered successfully
2026-01-29T11:23:18.125812Z DEBUG arx::units::online_phase_unit: arx/src/units/online_phase_unit.rs:343: Created new preprocessing bundler for base_id 248016683086310656528149261543419493072, cache size: 1
2026-01-29T11:23:18.776849Z  INFO arx::units::online_phase_unit: arx/src/units/online_phase_unit.rs:436: Processing Cerberus computation (124145311068161743775826452637807394875)
2026-01-29T11:23:20.251828Z DEBUG arx::units::bls_unit: arx/src/units/bls_unit.rs:111: BLS unit accepted connection from 172.20.0.101:35306
2026-01-29T11:23:20.252239Z DEBUG arx::units::bls_unit: arx/src/units/bls_unit.rs:126: BLS unit received incoming signature for 729066887121812181
2026-01-29T11:23:20.252266Z DEBUG arx::units::bls_unit: arx/src/units/bls_unit.rs:223: Stored signature for computation_offset 729066887121812181 (1/2)
2026-01-29T11:23:20.252273Z DEBUG arx::units::bls_unit: arx/src/units/bls_unit.rs:233: Not ready to aggregate signatures for computation_offset 729066887121812181, received signature will be stored but not aggregated
2026-01-29T11:23:20.252279Z DEBUG arx::units::bls_unit: arx/src/units/bls_unit.rs:130: BLS unit processed incoming signature for 729066887121812181
2026-01-29T11:23:20.253344Z DEBUG arx::coordinator: arx/src/coordinator.rs:619: Coordinator received online unit output: ArxComputation 124145311068161743775826452637807394875 (cluster_offset: 0)
2026-01-29T11:23:20.253359Z DEBUG arx::units::online_phase_unit: arx/src/units/online_phase_unit.rs:159: Setting MXE key material for FMMVCEygM2ewq4y4fmE5UDuyfhuoz4bXmEDDeg9iFPpL
2026-01-29T11:23:20.253371Z DEBUG arx::units::bls_unit: arx/src/units/bls_unit.rs:96: BLS unit received signature request: ArxComputation 124145311068161743775826452637807394875 (cluster_offset: 0)
2026-01-29T11:23:20.253379Z DEBUG arx::units::state_unit: arx/src/units/state_unit.rs:140: Processing outputed computation
2026-01-29T11:23:20.253394Z DEBUG arx::units::bls_unit: arx/src/units/bls_unit.rs:163: Message to sign length: [29, 9, 251, 207, 211, 129, 49, 99, 118, 50, 201, 215, 185, 254, 76, 252, 74, 235, 161, 238, 139, 133, 43, 200, 77, 9, 118, 206, 129, 109, 182, 16, 18, 255, 71, 86, 3, 12, 83, 254, 147, 227, 204, 58, 138, 224, 99, 252, 211, 44, 225, 249, 239, 247, 4, 232, 46, 63, 98, 106, 33, 9, 181, 248, 96, 252, 252, 216, 134, 2, 100, 0, 238, 231, 18, 36, 231, 71, 61, 152, 55, 10, 133, 157, 3, 62, 192, 238, 3, 44, 227, 56, 6, 176, 204, 7, 98, 246, 225, 230, 83, 129, 240, 103, 144, 22, 233, 33, 241, 227, 163, 78, 11, 27, 217, 189, 37, 96, 96, 48, 184, 173, 56, 35, 39, 97, 112, 29, 107, 112, 87, 20, 67, 154, 15, 79, 250, 175, 213, 171, 92, 183, 223, 145, 98, 50, 190, 230, 78, 167, 140, 255, 100, 101, 157, 14, 166, 90, 99, 8, 0, 0, 0, 0, 0, 0, 0, 0, 0, 0]
2026-01-29T11:23:20.253472Z  WARN arx::units::online_phase_unit: arx/src/units/online_phase_unit.rs:161: Existing MXE key material for FMMVCEygM2ewq4y4fmE5UDuyfhuoz4bXmEDDeg9iFPpL were overwritten
2026-01-29T11:23:20.253960Z DEBUG arx::coordinator: arx/src/coordinator.rs:281: Coordinator received bls unit output: ArxComputation 124145311068161743775826452637807394875 (cluster_offset: 0)
2026-01-29T11:23:20.253983Z DEBUG arx::units::state_unit: arx/src/units/state_unit.rs:148: Processing signed computation
2026-01-29T11:23:20.254030Z DEBUG arx::units::computation_transaction_unit: arx/src/units/computation_transaction_unit.rs:429: Processing callback for computation ArxComputation 124145311068161743775826452637807394875 (cluster_offset: 0)
2026-01-29T11:23:20.254113Z DEBUG arx::units::bls_unit: arx/src/units/bls_unit.rs:313: Pushed signature to peer 172.20.0.101:8002
2026-01-29T11:23:20.255246Z DEBUG arx::units::computation_transaction_unit::keygen: arx/src/units/computation_transaction_unit/keygen.rs:86: ElGamal pubkey validity proof verification passed
2026-01-29T11:23:20.759484Z DEBUG arx::units::computation_transaction_unit::keygen: arx/src/units/computation_transaction_unit/keygen.rs:119: Sent set_mxe_keys tx for mxe FMMVCEygM2ewq4y4fmE5UDuyfhuoz4bXmEDDeg9iFPpL with sig 4shnS57mBzXh5rA8aG1e6mbdToqzyi6wJUUA2KiDfarKW3rAHQ1FV2fy4zhQena74bmTdSB3Xm11SEAPCj3ZEqJY
2026-01-29T11:23:21.134015Z DEBUG arx::program: arx/src/program.rs:317: Received update for account: 9EDLm5KDKc1Pf8m587kdxPMvQBNETNahcCfHLNcQ1M8W
2026-01-29T11:23:21.134509Z DEBUG arx::program: arx/src/program.rs:317: Received update for account: 9rUSnh5VrMtRUrJrgAUwcyWvL9NYkscAsDFS5RjPW6Da
2026-01-29T11:23:21.152733Z DEBUG arx::units::execpool_unit: arx/src/units/execpool_unit.rs:102: Received execpool update with 0 computations
2026-01-29T11:23:21.152792Z DEBUG arx::coordinator: arx/src/coordinator.rs:534: Coordinator received execpool unit message: computations ids: []
2026-01-29T11:23:21.152805Z DEBUG arx::units::state_unit: arx/src/units/state_unit.rs:258: Processing execpool update
2026-01-29T11:23:21.152815Z DEBUG arx::units::state_unit: arx/src/units/state_unit.rs:273: Computation executed: ArxComputationReference: 729066887121812181
|-> prefetch    : +0ms
|-> prefetched  : +303ms
|-> execute     : +0ms
|-> output      : +2674ms
|-> signed      : +0ms
|-> executed    : +898ms

2026-01-29T11:23:21.152891Z DEBUG arx::units::state_unit: arx/src/units/state_unit.rs:279: Removing computation from execpool: ArxComputationReference offset: 729066887121812181
2026-01-29T11:23:21.152942Z DEBUG arx::coordinator: arx/src/coordinator.rs:688: Coordinator received state unit message: executed computation: ArxComputationReference: 729066887121812181
2026-01-29T11:23:21.152959Z DEBUG arx::units::cache_unit: arx/src/units/cache_unit.rs:302: Processing executed computation: ArxComputationReference: 729066887121812181
2026-01-29T11:23:21.152968Z DEBUG arx::units::cache_unit: arx/src/units/cache_unit.rs:306: Computation executed and removed from cache: ArxComputationReference: 729066887121812181
2026-01-29T11:23:21.154202Z DEBUG arx::units::mempool_unit: arx/src/units/mempool_unit.rs:99: Received mempool update for account
2026-01-29T11:23:21.154237Z DEBUG arx::units::mempool_unit: arx/src/units/mempool_unit.rs:129: Mempool contains the same computations, skipping update
2026-01-29T11:23:21.264338Z DEBUG arx::units::computation_transaction_unit: arx/src/units/computation_transaction_unit.rs:792: Callback computation tx for mxe FMMVCEygM2ewq4y4fmE5UDuyfhuoz4bXmEDDeg9iFPpL already sent
2026-01-29T11:23:21.264474Z DEBUG arx::coordinator: arx/src/coordinator.rs:426: Coordinator received computation transaction unit callback computation: ArxComputationReference: 729066887121812181
2026-01-29T11:23:21.264493Z DEBUG arx::units::state_unit: arx/src/units/state_unit.rs:339: Processing executed computation
2026-01-29T11:23:21.264506Z DEBUG arx::units::cache_unit: arx/src/units/cache_unit.rs:302: Processing executed computation: ArxComputationReference: 729066887121812181
2026-01-29T11:23:21.264514Z  WARN arx::units::cache_unit: arx/src/units/cache_unit.rs:313: Computation info not found in cache: ArxComputationReference: 729066887121812181
2026-01-29T11:23:24.509312Z DEBUG arx::program: arx/src/program.rs:317: Received update for account: 9rUSnh5VrMtRUrJrgAUwcyWvL9NYkscAsDFS5RjPW6Da
2026-01-29T11:23:24.509403Z DEBUG arx::program: arx/src/program.rs:317: Received update for account: 9EDLm5KDKc1Pf8m587kdxPMvQBNETNahcCfHLNcQ1M8W
2026-01-29T11:23:24.552650Z DEBUG arx::units::execpool_unit: arx/src/units/execpool_unit.rs:102: Received execpool update with 1 computations
2026-01-29T11:23:24.552712Z DEBUG arx::coordinator: arx/src/coordinator.rs:534: Coordinator received execpool unit message: computations ids: [16222332859988120161]
2026-01-29T11:23:24.552740Z DEBUG arx::units::cache_unit: arx/src/units/cache_unit.rs:154: Processing queued computation: ArxComputationReference: 16222332859988120161
2026-01-29T11:23:24.552775Z DEBUG arx::units::state_unit: arx/src/units/state_unit.rs:258: Processing execpool update
2026-01-29T11:23:24.552800Z DEBUG arx::units::state_unit: arx/src/units/state_unit.rs:300: Prefetching and executing computation: ArxComputationReference: 16222332859988120161 with status (index: 0, slot: 219)
2026-01-29T11:23:24.552815Z DEBUG arx::coordinator: arx/src/coordinator.rs:658: Coordinator received state unit message: prefetch computation: ArxComputationReference: 16222332859988120161
2026-01-29T11:23:24.552843Z DEBUG arx::coordinator: arx/src/coordinator.rs:668: Coordinator received state unit message: execute computation: ArxComputationReference: 16222332859988120161 with status (index: 0, slot: 219)
2026-01-29T11:23:24.553949Z DEBUG arx::units::mempool_unit: arx/src/units/mempool_unit.rs:99: Received mempool update for account
2026-01-29T11:23:24.553970Z DEBUG arx::units::mempool_unit: arx/src/units/mempool_unit.rs:129: Mempool contains the same computations, skipping update
2026-01-29T11:23:24.554126Z DEBUG arx::coordinator: arx/src/coordinator.rs:470: Coordinator prefetched computation ArxComputation 89144930245730475696100525076644328105 (cluster_offset: 0)
2026-01-29T11:23:24.554188Z DEBUG arx::coordinator: arx/src/coordinator.rs:486: Coordinator fetched computation ArxComputation 89144930245730475696100525076644328105 (cluster_offset: 0) inputs
2026-01-29T11:23:24.554196Z DEBUG arx::units::cache_unit: arx/src/units/cache_unit.rs:168: Processing fetched computation: ArxComputationReference: 16222332859988120161
2026-01-29T11:23:24.554243Z DEBUG arx::units::cache_unit: arx/src/units/cache_unit.rs:269: Processing fetched inputs: ArxComputation 89144930245730475696100525076644328105 (cluster_offset: 0)
2026-01-29T11:23:24.554270Z DEBUG arx::units::circuit_unit: arx/src/units/circuit_unit.rs:243: Processing computation definition: EJX8W6xXyJVW3Cgs2C3mZabYaLqKkfW1FVMZeJvjyezp
2026-01-29T11:23:24.554668Z DEBUG arx::units::circuit_unit: arx/src/units/circuit_unit.rs:452: Fetching offchain circuit data from: https://raw.githubusercontent.com/outsmartchad/zodiac-circuits/main/init_vault.arcis
2026-01-29T11:23:24.709652Z DEBUG arx::coordinator: arx/src/coordinator.rs:380: Coordinator received circuit info: CircuitInfo EJX8W6xXyJVW3Cgs2C3mZabYaLqKkfW1FVMZeJvjyezp
2026-01-29T11:23:24.709712Z DEBUG arx::units::cache_unit: arx/src/units/cache_unit.rs:195: Processing fetched circuit: CircuitInfo EJX8W6xXyJVW3Cgs2C3mZabYaLqKkfW1FVMZeJvjyezp
2026-01-29T11:23:24.709731Z DEBUG arx::coordinator: arx/src/coordinator.rs:322: Coordinator received cache unit prefetched computation: ArxComputationReference: 16222332859988120161
2026-01-29T11:23:24.709738Z DEBUG arx::coordinator: arx/src/coordinator.rs:332: Coordinator received cache unit execute computation: ArxComputation 89144930245730475696100525076644328105 (cluster_offset: 0)
2026-01-29T11:23:24.709749Z DEBUG arx::units::online_phase_unit: arx/src/units/online_phase_unit.rs:183: Connecting to peers (ArxComputation 89144930245730475696100525076644328105 (cluster_offset: 0))
2026-01-29T11:23:24.709771Z DEBUG arx::units::online_phase_unit: arx/src/units/online_phase_unit.rs:202: Connected to peers (ArxComputation 89144930245730475696100525076644328105 (cluster_offset: 0))
2026-01-29T11:23:24.709786Z DEBUG arx::units::online_phase_unit: arx/src/units/online_phase_unit.rs:294: Reusing cached preprocessing bundler for base_id 248016683086310656528149261543419493072
2026-01-29T11:23:24.709800Z DEBUG arx::units::state_unit: arx/src/units/state_unit.rs:323: Processing prefetched computation
2026-01-29T11:23:24.726387Z  INFO arx::units::online_phase_unit: arx/src/units/online_phase_unit.rs:436: Processing Cerberus computation (89144930245730475696100525076644328105)
2026-01-29T11:23:24.764885Z DEBUG arx::coordinator: arx/src/coordinator.rs:619: Coordinator received online unit output: ArxComputation 89144930245730475696100525076644328105 (cluster_offset: 0)
2026-01-29T11:23:24.764952Z DEBUG arx::units::bls_unit: arx/src/units/bls_unit.rs:96: BLS unit received signature request: ArxComputation 89144930245730475696100525076644328105 (cluster_offset: 0)
2026-01-29T11:23:24.764958Z DEBUG arx::units::state_unit: arx/src/units/state_unit.rs:140: Processing outputed computation
2026-01-29T11:23:24.764964Z DEBUG arx::units::bls_unit: arx/src/units/bls_unit.rs:163: Message to sign length: [121, 157, 122, 158, 5, 88, 246, 143, 84, 71, 206, 252, 84, 57, 49, 177, 178, 230, 160, 146, 233, 38, 166, 34, 49, 69, 147, 25, 14, 166, 205, 210, 27, 246, 157, 246, 204, 97, 71, 202, 155, 41, 17, 9, 0, 87, 96, 1, 148, 92, 16, 51, 244, 100, 105, 230, 72, 49, 95, 198, 241, 172, 150, 148, 238, 171, 73, 84, 61, 197, 97, 212, 213, 78, 38, 12, 214, 8, 113, 16, 228, 244, 11, 188, 15, 150, 115, 147, 169, 247, 192, 50, 87, 39, 135, 62, 145, 50, 130, 158, 62, 42, 94, 216, 27, 249, 12, 174, 122, 169, 61, 97, 219, 0, 0, 0, 0, 0, 0, 0, 0, 0]
2026-01-29T11:23:24.765302Z DEBUG arx::units::bls_unit: arx/src/units/bls_unit.rs:196: Not ready to aggregate signatures for computation_offset 16222332859988120161, our signature will be stored but not aggregated
2026-01-29T11:23:24.765472Z DEBUG arx::units::bls_unit: arx/src/units/bls_unit.rs:111: BLS unit accepted connection from 172.20.0.101:35320
2026-01-29T11:23:24.765510Z DEBUG arx::units::bls_unit: arx/src/units/bls_unit.rs:313: Pushed signature to peer 172.20.0.101:8002
2026-01-29T11:23:24.766019Z DEBUG arx::units::bls_unit: arx/src/units/bls_unit.rs:126: BLS unit received incoming signature for 16222332859988120161
2026-01-29T11:23:24.766041Z DEBUG arx::units::bls_unit: arx/src/units/bls_unit.rs:223: Stored signature for computation_offset 16222332859988120161 (2/2)
2026-01-29T11:23:24.766476Z DEBUG arx::units::bls_unit: arx/src/units/bls_unit.rs:130: BLS unit processed incoming signature for 16222332859988120161
2026-01-29T11:23:24.766498Z DEBUG arx::coordinator: arx/src/coordinator.rs:281: Coordinator received bls unit output: ArxComputation 89144930245730475696100525076644328105 (cluster_offset: 0)
2026-01-29T11:23:24.766527Z DEBUG arx::units::computation_transaction_unit: arx/src/units/computation_transaction_unit.rs:429: Processing callback for computation ArxComputation 89144930245730475696100525076644328105 (cluster_offset: 0)
2026-01-29T11:23:24.766531Z DEBUG arx::units::state_unit: arx/src/units/state_unit.rs:148: Processing signed computation
2026-01-29T11:23:24.781454Z DEBUG arx::units::computation_transaction_unit: arx/src/units/computation_transaction_unit.rs:409: Transaction simulation consumed 131414 compute units
2026-01-29T11:23:24.781756Z DEBUG arx::units::computation_transaction_unit: arx/src/units/computation_transaction_unit.rs:236: Fee calculation: base_fee=5000, compute_units=131414, priority_fee=0, total_fee=5000, fee_variance_buffer=1000, concurrent_callback_buffer=50000
2026-01-29T11:23:24.782025Z DEBUG arx::units::computation_transaction_unit: arx/src/units/computation_transaction_unit.rs:376: Fresh balance range: fresh_balance=999999995000, min=999999939000, max=999999991000, total_fee=5000, staleness_reduction=true
2026-01-29T11:23:24.915080Z DEBUG arx::program: arx/src/program.rs:317: Received update for account: 9EDLm5KDKc1Pf8m587kdxPMvQBNETNahcCfHLNcQ1M8W
2026-01-29T11:23:24.915485Z DEBUG arx::program: arx/src/program.rs:317: Received update for account: 9rUSnh5VrMtRUrJrgAUwcyWvL9NYkscAsDFS5RjPW6Da
2026-01-29T11:23:24.952631Z DEBUG arx::units::execpool_unit: arx/src/units/execpool_unit.rs:102: Received execpool update with 0 computations
2026-01-29T11:23:24.952680Z DEBUG arx::coordinator: arx/src/coordinator.rs:534: Coordinator received execpool unit message: computations ids: []
2026-01-29T11:23:24.952707Z DEBUG arx::units::state_unit: arx/src/units/state_unit.rs:258: Processing execpool update
2026-01-29T11:23:24.952722Z DEBUG arx::units::state_unit: arx/src/units/state_unit.rs:273: Computation executed: ArxComputationReference: 16222332859988120161
|-> prefetch    : +0ms
|-> prefetched  : +156ms
|-> execute     : +0ms
|-> output      : +212ms
|-> signed      : +1ms
|-> executed    : +186ms

2026-01-29T11:23:24.952741Z DEBUG arx::units::state_unit: arx/src/units/state_unit.rs:279: Removing computation from execpool: ArxComputationReference offset: 16222332859988120161
2026-01-29T11:23:24.952761Z DEBUG arx::coordinator: arx/src/coordinator.rs:688: Coordinator received state unit message: executed computation: ArxComputationReference: 16222332859988120161
2026-01-29T11:23:24.952770Z DEBUG arx::units::cache_unit: arx/src/units/cache_unit.rs:302: Processing executed computation: ArxComputationReference: 16222332859988120161
2026-01-29T11:23:24.952795Z DEBUG arx::units::cache_unit: arx/src/units/cache_unit.rs:306: Computation executed and removed from cache: ArxComputationReference: 16222332859988120161
2026-01-29T11:23:24.954090Z DEBUG arx::units::mempool_unit: arx/src/units/mempool_unit.rs:99: Received mempool update for account
2026-01-29T11:23:24.954114Z DEBUG arx::units::mempool_unit: arx/src/units/mempool_unit.rs:129: Mempool contains the same computations, skipping update
2026-01-29T11:23:25.290345Z DEBUG arx::units::computation_transaction_unit: arx/src/units/computation_transaction_unit.rs:784: Sent callback computation tx for mxe FMMVCEygM2ewq4y4fmE5UDuyfhuoz4bXmEDDeg9iFPpL with sig 2eQXe2k3RvagB5n4NFpjBbSA6oVMVXzZqC3DdA56BgAQU5F7CUcXCyZWxqDBYDH2X6NxtoLRJY5k63SGZGLsjRnY
2026-01-29T11:23:25.290456Z DEBUG arx::coordinator: arx/src/coordinator.rs:426: Coordinator received computation transaction unit callback computation: ArxComputationReference: 16222332859988120161
2026-01-29T11:23:25.290471Z DEBUG arx::units::state_unit: arx/src/units/state_unit.rs:339: Processing executed computation
2026-01-29T11:23:25.290482Z DEBUG arx::units::cache_unit: arx/src/units/cache_unit.rs:302: Processing executed computation: ArxComputationReference: 16222332859988120161
2026-01-29T11:23:25.290489Z  WARN arx::units::cache_unit: arx/src/units/cache_unit.rs:313: Computation info not found in cache: ArxComputationReference: 16222332859988120161
2026-01-29T11:23:25.357530Z DEBUG arx::program: arx/src/program.rs:317: Received update for account: 9EDLm5KDKc1Pf8m587kdxPMvQBNETNahcCfHLNcQ1M8W
2026-01-29T11:23:25.360797Z DEBUG arx::program: arx/src/program.rs:317: Received update for account: 9rUSnh5VrMtRUrJrgAUwcyWvL9NYkscAsDFS5RjPW6Da
2026-01-29T11:23:25.453115Z DEBUG arx::units::execpool_unit: arx/src/units/execpool_unit.rs:102: Received execpool update with 1 computations
2026-01-29T11:23:25.453175Z DEBUG arx::coordinator: arx/src/coordinator.rs:534: Coordinator received execpool unit message: computations ids: [10178930939108012776]
2026-01-29T11:23:25.453209Z DEBUG arx::units::cache_unit: arx/src/units/cache_unit.rs:154: Processing queued computation: ArxComputationReference: 10178930939108012776
2026-01-29T11:23:25.453255Z DEBUG arx::units::state_unit: arx/src/units/state_unit.rs:258: Processing execpool update
2026-01-29T11:23:25.453311Z DEBUG arx::units::state_unit: arx/src/units/state_unit.rs:300: Prefetching and executing computation: ArxComputationReference: 10178930939108012776 with status (index: 1, slot: 221)
2026-01-29T11:23:25.453332Z DEBUG arx::coordinator: arx/src/coordinator.rs:658: Coordinator received state unit message: prefetch computation: ArxComputationReference: 10178930939108012776
2026-01-29T11:23:25.453340Z DEBUG arx::coordinator: arx/src/coordinator.rs:668: Coordinator received state unit message: execute computation: ArxComputationReference: 10178930939108012776 with status (index: 1, slot: 221)
2026-01-29T11:23:25.453427Z DEBUG arx::units::mempool_unit: arx/src/units/mempool_unit.rs:99: Received mempool update for account
2026-01-29T11:23:25.453441Z DEBUG arx::units::mempool_unit: arx/src/units/mempool_unit.rs:129: Mempool contains the same computations, skipping update
2026-01-29T11:23:25.454555Z DEBUG arx::coordinator: arx/src/coordinator.rs:470: Coordinator prefetched computation ArxComputation 329501517862854553914177601641679132542 (cluster_offset: 0)
2026-01-29T11:23:25.454597Z DEBUG arx::coordinator: arx/src/coordinator.rs:486: Coordinator fetched computation ArxComputation 329501517862854553914177601641679132542 (cluster_offset: 0) inputs
2026-01-29T11:23:25.454608Z DEBUG arx::units::cache_unit: arx/src/units/cache_unit.rs:168: Processing fetched computation: ArxComputationReference: 10178930939108012776
2026-01-29T11:23:25.454625Z DEBUG arx::units::cache_unit: arx/src/units/cache_unit.rs:269: Processing fetched inputs: ArxComputation 329501517862854553914177601641679132542 (cluster_offset: 0)
2026-01-29T11:23:25.454724Z DEBUG arx::units::circuit_unit: arx/src/units/circuit_unit.rs:243: Processing computation definition: AtDdpxywFm79JA9eQ91ZqKamqVuz1n6xDJFJyNEEfKme
2026-01-29T11:23:25.456064Z DEBUG arx::units::circuit_unit: arx/src/units/circuit_unit.rs:452: Fetching offchain circuit data from: https://raw.githubusercontent.com/outsmartchad/zodiac-circuits/main/init_user_position.arcis
2026-01-29T11:23:25.490761Z DEBUG arx::coordinator: arx/src/coordinator.rs:380: Coordinator received circuit info: CircuitInfo AtDdpxywFm79JA9eQ91ZqKamqVuz1n6xDJFJyNEEfKme
2026-01-29T11:23:25.490815Z DEBUG arx::units::cache_unit: arx/src/units/cache_unit.rs:195: Processing fetched circuit: CircuitInfo AtDdpxywFm79JA9eQ91ZqKamqVuz1n6xDJFJyNEEfKme
2026-01-29T11:23:25.490836Z DEBUG arx::coordinator: arx/src/coordinator.rs:322: Coordinator received cache unit prefetched computation: ArxComputationReference: 10178930939108012776
2026-01-29T11:23:25.490844Z DEBUG arx::coordinator: arx/src/coordinator.rs:332: Coordinator received cache unit execute computation: ArxComputation 329501517862854553914177601641679132542 (cluster_offset: 0)
2026-01-29T11:23:25.490861Z DEBUG arx::units::online_phase_unit: arx/src/units/online_phase_unit.rs:183: Connecting to peers (ArxComputation 329501517862854553914177601641679132542 (cluster_offset: 0))
2026-01-29T11:23:25.490892Z DEBUG arx::units::online_phase_unit: arx/src/units/online_phase_unit.rs:202: Connected to peers (ArxComputation 329501517862854553914177601641679132542 (cluster_offset: 0))
2026-01-29T11:23:25.490889Z DEBUG arx::units::state_unit: arx/src/units/state_unit.rs:323: Processing prefetched computation
2026-01-29T11:23:25.490908Z DEBUG arx::units::online_phase_unit: arx/src/units/online_phase_unit.rs:294: Reusing cached preprocessing bundler for base_id 248016683086310656528149261543419493072
2026-01-29T11:23:25.514465Z  INFO arx::units::online_phase_unit: arx/src/units/online_phase_unit.rs:436: Processing Cerberus computation (329501517862854553914177601641679132542)
2026-01-29T11:23:25.603146Z DEBUG arx::coordinator: arx/src/coordinator.rs:619: Coordinator received online unit output: ArxComputation 329501517862854553914177601641679132542 (cluster_offset: 0)
2026-01-29T11:23:25.603185Z DEBUG arx::units::bls_unit: arx/src/units/bls_unit.rs:96: BLS unit received signature request: ArxComputation 329501517862854553914177601641679132542 (cluster_offset: 0)
2026-01-29T11:23:25.603197Z DEBUG arx::units::bls_unit: arx/src/units/bls_unit.rs:163: Message to sign length: [131, 234, 31, 96, 242, 109, 158, 92, 242, 67, 80, 151, 207, 42, 50, 122, 223, 129, 23, 200, 143, 99, 68, 103, 24, 244, 66, 57, 11, 98, 15, 102, 221, 101, 23, 46, 172, 239, 177, 253, 43, 62, 211, 245, 235, 195, 111, 5, 197, 244, 76, 40, 148, 75, 223, 91, 211, 143, 29, 86, 211, 205, 131, 87, 89, 223, 242, 141, 242, 227, 48, 177, 151, 223, 26, 227, 171, 154, 255, 58, 221, 0, 0, 0, 0, 0, 0, 0, 1, 0]
2026-01-29T11:23:25.603215Z DEBUG arx::units::state_unit: arx/src/units/state_unit.rs:140: Processing outputed computation
2026-01-29T11:23:25.603674Z DEBUG arx::units::bls_unit: arx/src/units/bls_unit.rs:196: Not ready to aggregate signatures for computation_offset 10178930939108012776, our signature will be stored but not aggregated
2026-01-29T11:23:25.603749Z DEBUG arx::units::bls_unit: arx/src/units/bls_unit.rs:111: BLS unit accepted connection from 172.20.0.101:35322
2026-01-29T11:23:25.603867Z DEBUG arx::units::bls_unit: arx/src/units/bls_unit.rs:126: BLS unit received incoming signature for 10178930939108012776
2026-01-29T11:23:25.603889Z DEBUG arx::units::bls_unit: arx/src/units/bls_unit.rs:223: Stored signature for computation_offset 10178930939108012776 (2/2)
2026-01-29T11:23:25.604142Z DEBUG arx::units::bls_unit: arx/src/units/bls_unit.rs:313: Pushed signature to peer 172.20.0.101:8002
2026-01-29T11:23:25.604195Z DEBUG arx::units::bls_unit: arx/src/units/bls_unit.rs:130: BLS unit processed incoming signature for 10178930939108012776
2026-01-29T11:23:25.604213Z DEBUG arx::coordinator: arx/src/coordinator.rs:281: Coordinator received bls unit output: ArxComputation 329501517862854553914177601641679132542 (cluster_offset: 0)
2026-01-29T11:23:25.604269Z DEBUG arx::units::state_unit: arx/src/units/state_unit.rs:148: Processing signed computation
2026-01-29T11:23:25.604287Z DEBUG arx::units::computation_transaction_unit: arx/src/units/computation_transaction_unit.rs:429: Processing callback for computation ArxComputation 329501517862854553914177601641679132542 (cluster_offset: 0)
2026-01-29T11:23:25.609323Z DEBUG arx::units::computation_transaction_unit: arx/src/units/computation_transaction_unit.rs:409: Transaction simulation consumed 116000 compute units
2026-01-29T11:23:25.610246Z DEBUG arx::units::computation_transaction_unit: arx/src/units/computation_transaction_unit.rs:236: Fee calculation: base_fee=5000, compute_units=116000, priority_fee=0, total_fee=5000, fee_variance_buffer=1000, concurrent_callback_buffer=50000
2026-01-29T11:23:25.610507Z DEBUG arx::units::computation_transaction_unit: arx/src/units/computation_transaction_unit.rs:376: Fresh balance range: fresh_balance=999999990000, min=999999934000, max=999999986000, total_fee=5000, staleness_reduction=true
2026-01-29T11:23:25.730923Z DEBUG arx::program: arx/src/program.rs:317: Received update for account: 9EDLm5KDKc1Pf8m587kdxPMvQBNETNahcCfHLNcQ1M8W
2026-01-29T11:23:25.731130Z DEBUG arx::program: arx/src/program.rs:317: Received update for account: 9rUSnh5VrMtRUrJrgAUwcyWvL9NYkscAsDFS5RjPW6Da
2026-01-29T11:23:25.752376Z DEBUG arx::units::execpool_unit: arx/src/units/execpool_unit.rs:102: Received execpool update with 0 computations
2026-01-29T11:23:25.752445Z DEBUG arx::coordinator: arx/src/coordinator.rs:534: Coordinator received execpool unit message: computations ids: []
2026-01-29T11:23:25.752462Z DEBUG arx::units::state_unit: arx/src/units/state_unit.rs:258: Processing execpool update
2026-01-29T11:23:25.752472Z DEBUG arx::units::state_unit: arx/src/units/state_unit.rs:273: Computation executed: ArxComputationReference: 10178930939108012776
|-> prefetch    : +0ms
|-> prefetched  : +37ms
|-> execute     : +0ms
|-> output      : +149ms
|-> signed      : +1ms
|-> executed    : +148ms

2026-01-29T11:23:25.752494Z DEBUG arx::units::state_unit: arx/src/units/state_unit.rs:279: Removing computation from execpool: ArxComputationReference offset: 10178930939108012776
2026-01-29T11:23:25.752531Z DEBUG arx::coordinator: arx/src/coordinator.rs:688: Coordinator received state unit message: executed computation: ArxComputationReference: 10178930939108012776
2026-01-29T11:23:25.752543Z DEBUG arx::units::cache_unit: arx/src/units/cache_unit.rs:302: Processing executed computation: ArxComputationReference: 10178930939108012776
2026-01-29T11:23:25.752550Z DEBUG arx::units::cache_unit: arx/src/units/cache_unit.rs:306: Computation executed and removed from cache: ArxComputationReference: 10178930939108012776
2026-01-29T11:23:25.753683Z DEBUG arx::units::mempool_unit: arx/src/units/mempool_unit.rs:99: Received mempool update for account
2026-01-29T11:23:25.753722Z DEBUG arx::units::mempool_unit: arx/src/units/mempool_unit.rs:129: Mempool contains the same computations, skipping update
2026-01-29T11:23:26.117737Z DEBUG arx::units::computation_transaction_unit: arx/src/units/computation_transaction_unit.rs:792: Callback computation tx for mxe FMMVCEygM2ewq4y4fmE5UDuyfhuoz4bXmEDDeg9iFPpL already sent
2026-01-29T11:23:26.117835Z DEBUG arx::coordinator: arx/src/coordinator.rs:426: Coordinator received computation transaction unit callback computation: ArxComputationReference: 10178930939108012776
2026-01-29T11:23:26.117853Z DEBUG arx::units::state_unit: arx/src/units/state_unit.rs:339: Processing executed computation
2026-01-29T11:23:26.117869Z DEBUG arx::units::cache_unit: arx/src/units/cache_unit.rs:302: Processing executed computation: ArxComputationReference: 10178930939108012776
2026-01-29T11:23:26.117875Z  WARN arx::units::cache_unit: arx/src/units/cache_unit.rs:313: Computation info not found in cache: ArxComputationReference: 10178930939108012776
2026-01-29T11:23:27.359969Z DEBUG arx::program: arx/src/program.rs:317: Received update for account: 9EDLm5KDKc1Pf8m587kdxPMvQBNETNahcCfHLNcQ1M8W
2026-01-29T11:23:27.360090Z DEBUG arx::program: arx/src/program.rs:317: Received update for account: 9rUSnh5VrMtRUrJrgAUwcyWvL9NYkscAsDFS5RjPW6Da
2026-01-29T11:23:27.452328Z DEBUG arx::units::execpool_unit: arx/src/units/execpool_unit.rs:102: Received execpool update with 1 computations
2026-01-29T11:23:27.452380Z DEBUG arx::coordinator: arx/src/coordinator.rs:534: Coordinator received execpool unit message: computations ids: [5712486720906429028]
2026-01-29T11:23:27.452403Z DEBUG arx::units::cache_unit: arx/src/units/cache_unit.rs:154: Processing queued computation: ArxComputationReference: 5712486720906429028
2026-01-29T11:23:27.452426Z DEBUG arx::units::state_unit: arx/src/units/state_unit.rs:258: Processing execpool update
2026-01-29T11:23:27.452447Z DEBUG arx::units::state_unit: arx/src/units/state_unit.rs:300: Prefetching and executing computation: ArxComputationReference: 5712486720906429028 with status (index: 2, slot: 226)
2026-01-29T11:23:27.452462Z DEBUG arx::coordinator: arx/src/coordinator.rs:658: Coordinator received state unit message: prefetch computation: ArxComputationReference: 5712486720906429028
2026-01-29T11:23:27.452469Z DEBUG arx::coordinator: arx/src/coordinator.rs:668: Coordinator received state unit message: execute computation: ArxComputationReference: 5712486720906429028 with status (index: 2, slot: 226)
2026-01-29T11:23:27.453286Z DEBUG arx::coordinator: arx/src/coordinator.rs:470: Coordinator prefetched computation ArxComputation 117839528722815846543008195010857867809 (cluster_offset: 0)
2026-01-29T11:23:27.453361Z DEBUG arx::units::cache_unit: arx/src/units/cache_unit.rs:168: Processing fetched computation: ArxComputationReference: 5712486720906429028
2026-01-29T11:23:27.453451Z DEBUG arx::units::circuit_unit: arx/src/units/circuit_unit.rs:243: Processing computation definition: 8SHqgCFcFEP8nuHtFsvMieS98sNRNr3qPUDpJLXjL4Xu
2026-01-29T11:23:27.453580Z DEBUG arx::units::mempool_unit: arx/src/units/mempool_unit.rs:99: Received mempool update for account
2026-01-29T11:23:27.453610Z DEBUG arx::units::mempool_unit: arx/src/units/mempool_unit.rs:129: Mempool contains the same computations, skipping update
2026-01-29T11:23:27.453893Z DEBUG arx::units::circuit_unit: arx/src/units/circuit_unit.rs:452: Fetching offchain circuit data from: https://raw.githubusercontent.com/outsmartchad/zodiac-circuits/main/deposit.arcis
2026-01-29T11:23:27.454737Z DEBUG arx::coordinator: arx/src/coordinator.rs:486: Coordinator fetched computation ArxComputation 117839528722815846543008195010857867809 (cluster_offset: 0) inputs
2026-01-29T11:23:27.454758Z DEBUG arx::units::cache_unit: arx/src/units/cache_unit.rs:269: Processing fetched inputs: ArxComputation 117839528722815846543008195010857867809 (cluster_offset: 0)
2026-01-29T11:23:27.517673Z DEBUG arx::coordinator: arx/src/coordinator.rs:380: Coordinator received circuit info: CircuitInfo 8SHqgCFcFEP8nuHtFsvMieS98sNRNr3qPUDpJLXjL4Xu
2026-01-29T11:23:27.517740Z DEBUG arx::units::cache_unit: arx/src/units/cache_unit.rs:195: Processing fetched circuit: CircuitInfo 8SHqgCFcFEP8nuHtFsvMieS98sNRNr3qPUDpJLXjL4Xu
2026-01-29T11:23:27.517759Z DEBUG arx::coordinator: arx/src/coordinator.rs:322: Coordinator received cache unit prefetched computation: ArxComputationReference: 5712486720906429028
2026-01-29T11:23:27.517766Z DEBUG arx::coordinator: arx/src/coordinator.rs:332: Coordinator received cache unit execute computation: ArxComputation 117839528722815846543008195010857867809 (cluster_offset: 0)
2026-01-29T11:23:27.517783Z DEBUG arx::units::online_phase_unit: arx/src/units/online_phase_unit.rs:183: Connecting to peers (ArxComputation 117839528722815846543008195010857867809 (cluster_offset: 0))
2026-01-29T11:23:27.517791Z DEBUG arx::units::state_unit: arx/src/units/state_unit.rs:323: Processing prefetched computation
2026-01-29T11:23:27.517815Z DEBUG arx::units::online_phase_unit: arx/src/units/online_phase_unit.rs:202: Connected to peers (ArxComputation 117839528722815846543008195010857867809 (cluster_offset: 0))
2026-01-29T11:23:27.517834Z DEBUG arx::units::online_phase_unit: arx/src/units/online_phase_unit.rs:294: Reusing cached preprocessing bundler for base_id 248016683086310656528149261543419493072
2026-01-29T11:23:27.656709Z  INFO arx::units::online_phase_unit: arx/src/units/online_phase_unit.rs:436: Processing Cerberus computation (117839528722815846543008195010857867809)
2026-01-29T11:23:27.872714Z DEBUG arx::units::bls_unit: arx/src/units/bls_unit.rs:111: BLS unit accepted connection from 172.20.0.101:35338
2026-01-29T11:23:27.872725Z DEBUG arx::coordinator: arx/src/coordinator.rs:619: Coordinator received online unit output: ArxComputation 117839528722815846543008195010857867809 (cluster_offset: 0)
2026-01-29T11:23:27.872755Z DEBUG arx::units::state_unit: arx/src/units/state_unit.rs:140: Processing outputed computation
2026-01-29T11:23:27.872759Z DEBUG arx::units::bls_unit: arx/src/units/bls_unit.rs:96: BLS unit received signature request: ArxComputation 117839528722815846543008195010857867809 (cluster_offset: 0)
2026-01-29T11:23:27.872769Z DEBUG arx::units::bls_unit: arx/src/units/bls_unit.rs:163: Message to sign length: [122, 157, 122, 158, 5, 88, 246, 143, 84, 71, 206, 252, 84, 57, 49, 177, 200, 53, 118, 113, 219, 38, 244, 121, 104, 153, 186, 107, 243, 124, 77, 21, 197, 245, 246, 213, 255, 110, 22, 198, 18, 217, 181, 186, 0, 124, 41, 53, 137, 121, 63, 36, 125, 198, 47, 33, 244, 160, 153, 197, 21, 119, 112, 45, 245, 95, 6, 14, 45, 52, 31, 253, 159, 227, 42, 192, 128, 240, 174, 21, 129, 129, 169, 174, 203, 28, 53, 54, 109, 174, 197, 116, 65, 161, 19, 33, 111, 117, 120, 175, 24, 153, 110, 53, 206, 166, 133, 102, 250, 199, 169, 57, 132, 234, 31, 96, 242, 109, 158, 92, 242, 67, 80, 151, 207, 42, 50, 122, 254, 87, 60, 216, 81, 27, 37, 9, 174, 17, 104, 225, 155, 247, 221, 191, 239, 26, 70, 250, 82, 145, 83, 164, 116, 59, 170, 124, 72, 231, 86, 50, 4, 55, 17, 142, 118, 2, 187, 78, 171, 204, 65, 243, 87, 254, 246, 89, 26, 198, 100, 235, 15, 48, 221, 254, 103, 60, 20, 155, 211, 64, 211, 63, 226, 0, 0, 0, 0, 0, 0, 0, 2, 0]
2026-01-29T11:23:27.873055Z DEBUG arx::units::bls_unit: arx/src/units/bls_unit.rs:196: Not ready to aggregate signatures for computation_offset 5712486720906429028, our signature will be stored but not aggregated
2026-01-29T11:23:27.873066Z DEBUG arx::units::bls_unit: arx/src/units/bls_unit.rs:126: BLS unit received incoming signature for 5712486720906429028
2026-01-29T11:23:27.873072Z DEBUG arx::units::bls_unit: arx/src/units/bls_unit.rs:223: Stored signature for computation_offset 5712486720906429028 (2/2)
2026-01-29T11:23:27.873326Z DEBUG arx::units::bls_unit: arx/src/units/bls_unit.rs:130: BLS unit processed incoming signature for 5712486720906429028
2026-01-29T11:23:27.873343Z DEBUG arx::coordinator: arx/src/coordinator.rs:281: Coordinator received bls unit output: ArxComputation 117839528722815846543008195010857867809 (cluster_offset: 0)
2026-01-29T11:23:27.873364Z DEBUG arx::units::computation_transaction_unit: arx/src/units/computation_transaction_unit.rs:429: Processing callback for computation ArxComputation 117839528722815846543008195010857867809 (cluster_offset: 0)
2026-01-29T11:23:27.873391Z DEBUG arx::units::state_unit: arx/src/units/state_unit.rs:148: Processing signed computation
2026-01-29T11:23:27.873554Z DEBUG arx::units::bls_unit: arx/src/units/bls_unit.rs:313: Pushed signature to peer 172.20.0.101:8002
2026-01-29T11:23:27.880682Z DEBUG arx::units::computation_transaction_unit: arx/src/units/computation_transaction_unit.rs:409: Transaction simulation consumed 127373 compute units
2026-01-29T11:23:27.884942Z DEBUG arx::units::computation_transaction_unit: arx/src/units/computation_transaction_unit.rs:236: Fee calculation: base_fee=5000, compute_units=127373, priority_fee=0, total_fee=5000, fee_variance_buffer=1000, concurrent_callback_buffer=50000
2026-01-29T11:23:27.885324Z DEBUG arx::units::computation_transaction_unit: arx/src/units/computation_transaction_unit.rs:376: Fresh balance range: fresh_balance=999999985000, min=999999929000, max=999999981000, total_fee=5000, staleness_reduction=true
2026-01-29T11:23:28.261413Z DEBUG arx::program: arx/src/program.rs:317: Received update for account: 9EDLm5KDKc1Pf8m587kdxPMvQBNETNahcCfHLNcQ1M8W
2026-01-29T11:23:28.261530Z DEBUG arx::program: arx/src/program.rs:317: Received update for account: 9rUSnh5VrMtRUrJrgAUwcyWvL9NYkscAsDFS5RjPW6Da
2026-01-29T11:23:28.352781Z DEBUG arx::units::execpool_unit: arx/src/units/execpool_unit.rs:102: Received execpool update with 0 computations
2026-01-29T11:23:28.352841Z DEBUG arx::coordinator: arx/src/coordinator.rs:534: Coordinator received execpool unit message: computations ids: []
2026-01-29T11:23:28.352856Z DEBUG arx::units::state_unit: arx/src/units/state_unit.rs:258: Processing execpool update
2026-01-29T11:23:28.352867Z DEBUG arx::units::state_unit: arx/src/units/state_unit.rs:273: Computation executed: ArxComputationReference: 5712486720906429028
|-> prefetch    : +0ms
|-> prefetched  : +65ms
|-> execute     : +0ms
|-> output      : +420ms
|-> signed      : +0ms
|-> executed    : +479ms

2026-01-29T11:23:28.352889Z DEBUG arx::units::state_unit: arx/src/units/state_unit.rs:279: Removing computation from execpool: ArxComputationReference offset: 5712486720906429028
2026-01-29T11:23:28.352926Z DEBUG arx::coordinator: arx/src/coordinator.rs:688: Coordinator received state unit message: executed computation: ArxComputationReference: 5712486720906429028
2026-01-29T11:23:28.352939Z DEBUG arx::units::cache_unit: arx/src/units/cache_unit.rs:302: Processing executed computation: ArxComputationReference: 5712486720906429028
2026-01-29T11:23:28.352947Z DEBUG arx::units::cache_unit: arx/src/units/cache_unit.rs:306: Computation executed and removed from cache: ArxComputationReference: 5712486720906429028
2026-01-29T11:23:28.354136Z DEBUG arx::units::mempool_unit: arx/src/units/mempool_unit.rs:99: Received mempool update for account
2026-01-29T11:23:28.354183Z DEBUG arx::units::mempool_unit: arx/src/units/mempool_unit.rs:129: Mempool contains the same computations, skipping update
2026-01-29T11:23:28.389007Z DEBUG arx::units::computation_transaction_unit: arx/src/units/computation_transaction_unit.rs:792: Callback computation tx for mxe FMMVCEygM2ewq4y4fmE5UDuyfhuoz4bXmEDDeg9iFPpL already sent
2026-01-29T11:23:28.389076Z DEBUG arx::coordinator: arx/src/coordinator.rs:426: Coordinator received computation transaction unit callback computation: ArxComputationReference: 5712486720906429028
2026-01-29T11:23:28.389090Z DEBUG arx::units::state_unit: arx/src/units/state_unit.rs:339: Processing executed computation
2026-01-29T11:23:28.389102Z DEBUG arx::units::cache_unit: arx/src/units/cache_unit.rs:302: Processing executed computation: ArxComputationReference: 5712486720906429028
2026-01-29T11:23:28.389107Z  WARN arx::units::cache_unit: arx/src/units/cache_unit.rs:313: Computation info not found in cache: ArxComputationReference: 5712486720906429028
2026-01-29T11:23:28.600741Z DEBUG arx::program: arx/src/program.rs:317: Received update for account: 9EDLm5KDKc1Pf8m587kdxPMvQBNETNahcCfHLNcQ1M8W
2026-01-29T11:23:28.600842Z DEBUG arx::program: arx/src/program.rs:317: Received update for account: 9rUSnh5VrMtRUrJrgAUwcyWvL9NYkscAsDFS5RjPW6Da
2026-01-29T11:23:28.653088Z DEBUG arx::units::execpool_unit: arx/src/units/execpool_unit.rs:102: Received execpool update with 1 computations
2026-01-29T11:23:28.653145Z DEBUG arx::coordinator: arx/src/coordinator.rs:534: Coordinator received execpool unit message: computations ids: [2597340309145498710]
2026-01-29T11:23:28.653171Z DEBUG arx::units::cache_unit: arx/src/units/cache_unit.rs:154: Processing queued computation: ArxComputationReference: 2597340309145498710
2026-01-29T11:23:28.653194Z DEBUG arx::units::state_unit: arx/src/units/state_unit.rs:258: Processing execpool update
2026-01-29T11:23:28.653218Z DEBUG arx::units::state_unit: arx/src/units/state_unit.rs:300: Prefetching and executing computation: ArxComputationReference: 2597340309145498710 with status (index: 3, slot: 229)
2026-01-29T11:23:28.653231Z DEBUG arx::coordinator: arx/src/coordinator.rs:658: Coordinator received state unit message: prefetch computation: ArxComputationReference: 2597340309145498710
2026-01-29T11:23:28.653253Z DEBUG arx::coordinator: arx/src/coordinator.rs:668: Coordinator received state unit message: execute computation: ArxComputationReference: 2597340309145498710 with status (index: 3, slot: 229)
2026-01-29T11:23:28.653262Z DEBUG arx::units::mempool_unit: arx/src/units/mempool_unit.rs:99: Received mempool update for account
2026-01-29T11:23:28.653273Z DEBUG arx::units::mempool_unit: arx/src/units/mempool_unit.rs:129: Mempool contains the same computations, skipping update
2026-01-29T11:23:28.654050Z DEBUG arx::coordinator: arx/src/coordinator.rs:470: Coordinator prefetched computation ArxComputation 134964271653216985400732782331064207359 (cluster_offset: 0)
2026-01-29T11:23:28.654084Z DEBUG arx::units::cache_unit: arx/src/units/cache_unit.rs:168: Processing fetched computation: ArxComputationReference: 2597340309145498710
2026-01-29T11:23:28.654163Z DEBUG arx::units::circuit_unit: arx/src/units/circuit_unit.rs:243: Processing computation definition: FBv7CfhRZNc88Apht6Wbk13wkCd6oHy6pptjq89bsGuM
2026-01-29T11:23:28.654379Z DEBUG arx::coordinator: arx/src/coordinator.rs:486: Coordinator fetched computation ArxComputation 134964271653216985400732782331064207359 (cluster_offset: 0) inputs
2026-01-29T11:23:28.654396Z DEBUG arx::units::cache_unit: arx/src/units/cache_unit.rs:269: Processing fetched inputs: ArxComputation 134964271653216985400732782331064207359 (cluster_offset: 0)
2026-01-29T11:23:28.654600Z DEBUG arx::units::circuit_unit: arx/src/units/circuit_unit.rs:452: Fetching offchain circuit data from: https://raw.githubusercontent.com/outsmartchad/zodiac-circuits/main/reveal_pending_deposits.arcis
2026-01-29T11:23:28.773288Z DEBUG arx::coordinator: arx/src/coordinator.rs:380: Coordinator received circuit info: CircuitInfo FBv7CfhRZNc88Apht6Wbk13wkCd6oHy6pptjq89bsGuM
2026-01-29T11:23:28.773316Z DEBUG arx::units::cache_unit: arx/src/units/cache_unit.rs:195: Processing fetched circuit: CircuitInfo FBv7CfhRZNc88Apht6Wbk13wkCd6oHy6pptjq89bsGuM
2026-01-29T11:23:28.773342Z DEBUG arx::coordinator: arx/src/coordinator.rs:322: Coordinator received cache unit prefetched computation: ArxComputationReference: 2597340309145498710
2026-01-29T11:23:28.773350Z DEBUG arx::coordinator: arx/src/coordinator.rs:332: Coordinator received cache unit execute computation: ArxComputation 134964271653216985400732782331064207359 (cluster_offset: 0)
2026-01-29T11:23:28.773361Z DEBUG arx::units::online_phase_unit: arx/src/units/online_phase_unit.rs:183: Connecting to peers (ArxComputation 134964271653216985400732782331064207359 (cluster_offset: 0))
2026-01-29T11:23:28.773385Z DEBUG arx::units::online_phase_unit: arx/src/units/online_phase_unit.rs:202: Connected to peers (ArxComputation 134964271653216985400732782331064207359 (cluster_offset: 0))
2026-01-29T11:23:28.773402Z DEBUG arx::units::online_phase_unit: arx/src/units/online_phase_unit.rs:294: Reusing cached preprocessing bundler for base_id 248016683086310656528149261543419493072
2026-01-29T11:23:28.773415Z DEBUG arx::units::state_unit: arx/src/units/state_unit.rs:323: Processing prefetched computation
2026-01-29T11:23:28.790731Z  INFO arx::units::online_phase_unit: arx/src/units/online_phase_unit.rs:436: Processing Cerberus computation (134964271653216985400732782331064207359)
2026-01-29T11:23:28.832973Z DEBUG arx::coordinator: arx/src/coordinator.rs:619: Coordinator received online unit output: ArxComputation 134964271653216985400732782331064207359 (cluster_offset: 0)
2026-01-29T11:23:28.833030Z DEBUG arx::units::bls_unit: arx/src/units/bls_unit.rs:96: BLS unit received signature request: ArxComputation 134964271653216985400732782331064207359 (cluster_offset: 0)
2026-01-29T11:23:28.833042Z DEBUG arx::units::bls_unit: arx/src/units/bls_unit.rs:163: Message to sign length: [0, 202, 154, 59, 0, 0, 0, 0, 229, 0, 0, 0, 0, 0, 0, 0, 3, 0]
2026-01-29T11:23:28.833401Z DEBUG arx::units::bls_unit: arx/src/units/bls_unit.rs:196: Not ready to aggregate signatures for computation_offset 2597340309145498710, our signature will be stored but not aggregated
2026-01-29T11:23:28.833528Z DEBUG arx::units::state_unit: arx/src/units/state_unit.rs:140: Processing outputed computation
2026-01-29T11:23:28.833807Z DEBUG arx::units::bls_unit: arx/src/units/bls_unit.rs:313: Pushed signature to peer 172.20.0.101:8002
2026-01-29T11:23:28.833818Z DEBUG arx::units::bls_unit: arx/src/units/bls_unit.rs:111: BLS unit accepted connection from 172.20.0.101:48992
2026-01-29T11:23:28.834122Z DEBUG arx::units::bls_unit: arx/src/units/bls_unit.rs:126: BLS unit received incoming signature for 2597340309145498710
2026-01-29T11:23:28.834136Z DEBUG arx::units::bls_unit: arx/src/units/bls_unit.rs:223: Stored signature for computation_offset 2597340309145498710 (2/2)
2026-01-29T11:23:28.834372Z DEBUG arx::units::bls_unit: arx/src/units/bls_unit.rs:130: BLS unit processed incoming signature for 2597340309145498710
2026-01-29T11:23:28.834387Z DEBUG arx::coordinator: arx/src/coordinator.rs:281: Coordinator received bls unit output: ArxComputation 134964271653216985400732782331064207359 (cluster_offset: 0)
2026-01-29T11:23:28.834413Z DEBUG arx::units::state_unit: arx/src/units/state_unit.rs:148: Processing signed computation
2026-01-29T11:23:28.834424Z DEBUG arx::units::computation_transaction_unit: arx/src/units/computation_transaction_unit.rs:429: Processing callback for computation ArxComputation 134964271653216985400732782331064207359 (cluster_offset: 0)
2026-01-29T11:23:28.842568Z DEBUG arx::units::computation_transaction_unit: arx/src/units/computation_transaction_unit.rs:409: Transaction simulation consumed 118493 compute units
2026-01-29T11:23:28.842901Z DEBUG arx::units::computation_transaction_unit: arx/src/units/computation_transaction_unit.rs:236: Fee calculation: base_fee=5000, compute_units=118493, priority_fee=0, total_fee=5000, fee_variance_buffer=1000, concurrent_callback_buffer=50000
2026-01-29T11:23:28.843273Z DEBUG arx::units::computation_transaction_unit: arx/src/units/computation_transaction_unit.rs:376: Fresh balance range: fresh_balance=999999980000, min=999999924000, max=999999976000, total_fee=5000, staleness_reduction=true
2026-01-29T11:23:29.008352Z DEBUG arx::program: arx/src/program.rs:317: Received update for account: 9EDLm5KDKc1Pf8m587kdxPMvQBNETNahcCfHLNcQ1M8W
2026-01-29T11:23:29.008640Z DEBUG arx::program: arx/src/program.rs:317: Received update for account: 9rUSnh5VrMtRUrJrgAUwcyWvL9NYkscAsDFS5RjPW6Da
2026-01-29T11:23:29.052774Z DEBUG arx::units::execpool_unit: arx/src/units/execpool_unit.rs:102: Received execpool update with 0 computations
2026-01-29T11:23:29.052816Z DEBUG arx::coordinator: arx/src/coordinator.rs:534: Coordinator received execpool unit message: computations ids: []
2026-01-29T11:23:29.052829Z DEBUG arx::units::state_unit: arx/src/units/state_unit.rs:258: Processing execpool update
2026-01-29T11:23:29.052838Z DEBUG arx::units::state_unit: arx/src/units/state_unit.rs:273: Computation executed: ArxComputationReference: 2597340309145498710
|-> prefetch    : +0ms
|-> prefetched  : +120ms
|-> execute     : +0ms
|-> output      : +180ms
|-> signed      : +0ms
|-> executed    : +218ms

2026-01-29T11:23:29.052856Z DEBUG arx::units::state_unit: arx/src/units/state_unit.rs:279: Removing computation from execpool: ArxComputationReference offset: 2597340309145498710
2026-01-29T11:23:29.052876Z DEBUG arx::coordinator: arx/src/coordinator.rs:688: Coordinator received state unit message: executed computation: ArxComputationReference: 2597340309145498710
2026-01-29T11:23:29.052889Z DEBUG arx::units::cache_unit: arx/src/units/cache_unit.rs:302: Processing executed computation: ArxComputationReference: 2597340309145498710
2026-01-29T11:23:29.052898Z DEBUG arx::units::cache_unit: arx/src/units/cache_unit.rs:306: Computation executed and removed from cache: ArxComputationReference: 2597340309145498710
2026-01-29T11:23:29.054053Z DEBUG arx::units::mempool_unit: arx/src/units/mempool_unit.rs:99: Received mempool update for account
2026-01-29T11:23:29.054081Z DEBUG arx::units::mempool_unit: arx/src/units/mempool_unit.rs:129: Mempool contains the same computations, skipping update
2026-01-29T11:23:29.347898Z DEBUG arx::units::computation_transaction_unit: arx/src/units/computation_transaction_unit.rs:784: Sent callback computation tx for mxe FMMVCEygM2ewq4y4fmE5UDuyfhuoz4bXmEDDeg9iFPpL with sig 2v3ESynSmAgA7jeMPA6kQUiGgPgBHZ5JK6Ep2aJLRXWjJ37wGBo81jvCuMTpbJcWwBvu7EitcHFmNAVgV2H7iEF5
2026-01-29T11:23:29.348199Z DEBUG arx::coordinator: arx/src/coordinator.rs:426: Coordinator received computation transaction unit callback computation: ArxComputationReference: 2597340309145498710
2026-01-29T11:23:29.348218Z DEBUG arx::units::state_unit: arx/src/units/state_unit.rs:339: Processing executed computation
2026-01-29T11:23:29.348230Z DEBUG arx::units::cache_unit: arx/src/units/cache_unit.rs:302: Processing executed computation: ArxComputationReference: 2597340309145498710
2026-01-29T11:23:29.348236Z  WARN arx::units::cache_unit: arx/src/units/cache_unit.rs:313: Computation info not found in cache: ArxComputationReference: 2597340309145498710
