2026-01-30T06:40:54.545256Z  INFO arx::metrics: arx/src/metrics.rs:524: Node metrics initialized: version=0.6.5, cluster=0, node=1
2026-01-30T06:40:54.622490Z DEBUG arx::units::online_phase_unit::key_material: arx/src/units/online_phase_unit/key_material.rs:165: Loading key material from path /usr/arx-node/private-shares and /usr/arx-node/public-inputs
2026-01-30T06:40:54.624643Z ERROR arx::units::online_phase_unit: arx/src/units/online_phase_unit.rs:115: Failed to load MXE key material: Other("Failed to read directory /usr/arx-node/private-shares: No such file or directory (os error 2)")
2026-01-30T06:40:54.625130Z  INFO arx::units::cache_unit: arx/src/units/cache_unit.rs:91: Cache unit started
2026-01-30T06:40:54.625636Z  INFO arx: arx/src/main.rs:122: Starting metrics server
2026-01-30T06:40:54.625633Z  INFO arx::units::circuit_unit: arx/src/units/circuit_unit.rs:141: Circuit unit started
2026-01-30T06:40:54.625660Z  INFO arx: arx/src/main.rs:127: Starting ARX coordinator
2026-01-30T06:40:54.625949Z  INFO arx::units::execpool_unit: arx/src/units/execpool_unit.rs:65: Execpool unit started
2026-01-30T06:40:54.626107Z  INFO arx::units::mempool_unit: arx/src/units/mempool_unit.rs:63: Mempool unit started
2026-01-30T06:40:54.626120Z  INFO arx::units::bls_unit: arx/src/units/bls_unit.rs:78: BLS unit started
2026-01-30T06:40:54.627130Z  INFO arx::coordinator: arx/src/coordinator.rs:225: Coordinator started
2026-01-30T06:40:54.627148Z  INFO arx::units::computation_unit: arx/src/units/computation_unit.rs:99: Inputs unit started
2026-01-30T06:40:54.627410Z  INFO arx::program: arx/src/program.rs:227: Pub/sub client started
2026-01-30T06:40:54.627433Z  INFO arx::program: arx/src/program.rs:229: Connecting initial pub/sub
2026-01-30T06:40:54.627710Z  INFO arx::program: arx/src/program.rs:227: Pub/sub client started
2026-01-30T06:40:54.627733Z  INFO arx::program: arx/src/program.rs:229: Connecting initial pub/sub
2026-01-30T06:40:54.629358Z  INFO arx::units::computation_transaction_unit: arx/src/units/computation_transaction_unit.rs:124: Computation transaction unit started
2026-01-30T06:40:54.629388Z  INFO arx::metrics: arx/src/metrics.rs:312: Metrics server listening on http://0.0.0.0:9091/metrics
2026-01-30T06:40:54.626163Z  INFO arx::units::state_unit: arx/src/units/state_unit.rs:112: State unit started
2026-01-30T06:40:54.627275Z  INFO arx::units::node_transaction_unit: arx/src/units/node_transaction_unit.rs:65: Node transaction unit started
2026-01-30T06:40:54.630135Z  INFO arx::units::node_transaction_unit: arx/src/units/node_transaction_unit.rs:67: Activating node
2026-01-30T06:40:54.629469Z  INFO arx::units::online_phase_unit: arx/src/units/online_phase_unit.rs:139: Online phase unit started
2026-01-30T06:40:54.634291Z  INFO arx::program: arx/src/program.rs:269: Fetching initial state for account: 9EDLm5KDKc1Pf8m587kdxPMvQBNETNahcCfHLNcQ1M8W
2026-01-30T06:40:54.634592Z DEBUG arx::units::node_transaction_unit: arx/src/units/node_transaction_unit.rs:136: Node is already active, skipping activation
2026-01-30T06:40:54.634619Z  INFO arx::units::node_transaction_unit: arx/src/units/node_transaction_unit.rs:70: Node activated
2026-01-30T06:40:54.634636Z  INFO arx::coordinator: arx/src/coordinator.rs:257: Node activated, coordinator running
2026-01-30T06:40:54.635302Z  INFO arx::program: arx/src/program.rs:269: Fetching initial state for account: 9rUSnh5VrMtRUrJrgAUwcyWvL9NYkscAsDFS5RjPW6Da
2026-01-30T06:40:54.636213Z  INFO arx::program: arx/src/program.rs:283: Subscribing to account: 9EDLm5KDKc1Pf8m587kdxPMvQBNETNahcCfHLNcQ1M8W
2026-01-30T06:40:54.636372Z DEBUG arx::units::execpool_unit: arx/src/units/execpool_unit.rs:102: Received execpool update with 0 computations
2026-01-30T06:40:54.636485Z DEBUG arx::units::execpool_unit: arx/src/units/execpool_unit.rs:132: Execpool contains the same computations, skipping update
2026-01-30T06:40:54.638480Z  INFO arx::program: arx/src/program.rs:283: Subscribing to account: 9rUSnh5VrMtRUrJrgAUwcyWvL9NYkscAsDFS5RjPW6Da
2026-01-30T06:40:54.638681Z DEBUG arx::units::mempool_unit: arx/src/units/mempool_unit.rs:99: Received mempool update for account
2026-01-30T06:40:54.638911Z DEBUG arx::units::mempool_unit: arx/src/units/mempool_unit.rs:129: Mempool contains the same computations, skipping update
2026-01-30T06:55:12.700800Z  WARN arx::program: arx/src/program.rs:323: Pub/sub connection closed or error occurred, reconnecting...
2026-01-30T06:55:12.703134Z  INFO arx::program: arx/src/program.rs:328: Reconnecting pub/sub client
2026-01-30T06:55:12.705287Z  WARN arx::program: arx/src/program.rs:323: Pub/sub connection closed or error occurred, reconnecting...
2026-01-30T06:55:12.705318Z  INFO arx::program: arx/src/program.rs:328: Reconnecting pub/sub client
2026-01-30T06:55:12.713942Z  WARN arx::program: arx/src/program.rs:372: Attempt 1/5: error while calling async
{
    PubsubClient::new(wss_url).await.map_err(|e|
    ArxError::Solana(format!("Failed to create new pub/sub: {}", e)))
}: Solana network error: Failed to create new pub/sub: unable to connect to server
2026-01-30T06:55:12.713940Z  WARN arx::program: arx/src/program.rs:372: Attempt 1/5: error while calling async
{
    PubsubClient::new(wss_url).await.map_err(|e|
    ArxError::Solana(format!("Failed to create new pub/sub: {}", e)))
}: Solana network error: Failed to create new pub/sub: unable to connect to server
2026-01-30T06:55:14.717943Z  WARN arx::program: arx/src/program.rs:372: Attempt 2/5: error while calling async
{
    PubsubClient::new(wss_url).await.map_err(|e|
    ArxError::Solana(format!("Failed to create new pub/sub: {}", e)))
}: Solana network error: Failed to create new pub/sub: unable to connect to server
2026-01-30T06:55:14.718167Z  WARN arx::program: arx/src/program.rs:372: Attempt 2/5: error while calling async
{
    PubsubClient::new(wss_url).await.map_err(|e|
    ArxError::Solana(format!("Failed to create new pub/sub: {}", e)))
}: Solana network error: Failed to create new pub/sub: unable to connect to server
2026-01-30T06:55:18.720069Z  WARN arx::program: arx/src/program.rs:372: Attempt 3/5: error while calling async
{
    PubsubClient::new(wss_url).await.map_err(|e|
    ArxError::Solana(format!("Failed to create new pub/sub: {}", e)))
}: Solana network error: Failed to create new pub/sub: unable to connect to server
2026-01-30T06:55:18.720507Z  WARN arx::program: arx/src/program.rs:372: Attempt 3/5: error while calling async
{
    PubsubClient::new(wss_url).await.map_err(|e|
    ArxError::Solana(format!("Failed to create new pub/sub: {}", e)))
}: Solana network error: Failed to create new pub/sub: unable to connect to server
2026-01-30T06:55:26.721875Z  WARN arx::program: arx/src/program.rs:372: Attempt 4/5: error while calling async
{
    PubsubClient::new(wss_url).await.map_err(|e|
    ArxError::Solana(format!("Failed to create new pub/sub: {}", e)))
}: Solana network error: Failed to create new pub/sub: unable to connect to server
2026-01-30T06:55:26.722164Z  WARN arx::program: arx/src/program.rs:372: Attempt 4/5: error while calling async
{
    PubsubClient::new(wss_url).await.map_err(|e|
    ArxError::Solana(format!("Failed to create new pub/sub: {}", e)))
}: Solana network error: Failed to create new pub/sub: unable to connect to server
2026-01-30T06:55:42.723832Z  WARN arx::program: arx/src/program.rs:372: Attempt 5/5: error while calling async
{
    PubsubClient::new(wss_url).await.map_err(|e|
    ArxError::Solana(format!("Failed to create new pub/sub: {}", e)))
}: Solana network error: Failed to create new pub/sub: unable to connect to server
2026-01-30T06:55:42.723849Z  WARN arx::program: arx/src/program.rs:372: Attempt 5/5: error while calling async
{
    PubsubClient::new(wss_url).await.map_err(|e|
    ArxError::Solana(format!("Failed to create new pub/sub: {}", e)))
}: Solana network error: Failed to create new pub/sub: unable to connect to server
2026-01-30T06:55:42.724325Z ERROR arx::program: arx/src/program.rs:332: Failed to reconnect pub/sub client: Solana network error: Attempt 5/5: Solana network error: Failed to create new pub/sub: unable to connect to server, shutting down pub/sub
2026-01-30T06:55:42.724329Z ERROR arx::program: arx/src/program.rs:332: Failed to reconnect pub/sub client: Solana network error: Attempt 5/5: Solana network error: Failed to create new pub/sub: unable to connect to server, shutting down pub/sub
2026-01-30T06:55:42.724347Z  INFO arx::program: arx/src/program.rs:367: Pub/sub client stopped
2026-01-30T06:55:42.724376Z  INFO arx::program: arx/src/program.rs:367: Pub/sub client stopped
2026-01-30T06:55:42.725523Z  INFO arx::units::execpool_unit: arx/src/units/execpool_unit.rs:95: Account channel closed, shutting down
2026-01-30T06:55:42.725559Z  INFO arx::units::execpool_unit: arx/src/units/execpool_unit.rs:121: Execpool unit stopped
2026-01-30T06:55:42.725589Z  INFO arx::units::mempool_unit: arx/src/units/mempool_unit.rs:93: Account channel closed, shutting down
2026-01-30T06:55:42.725612Z  INFO arx::units::mempool_unit: arx/src/units/mempool_unit.rs:119: Mempool unit stopped
2026-01-30T06:55:42.727068Z ERROR arx::coordinator: arx/src/coordinator.rs:571: Mempool unit coordinator task received None message, shutting down
2026-01-30T06:55:42.727075Z ERROR arx::coordinator: arx/src/coordinator.rs:528: Execpool unit coordinator task received None message, shutting down
2026-01-30T06:55:42.727122Z  INFO arx::coordinator: arx/src/coordinator.rs:646: State unit coordinator task received cancellation signal
2026-01-30T06:55:42.727176Z  INFO arx::coordinator: arx/src/coordinator.rs:310: Cache unit coordinator task received cancellation signal
2026-01-30T06:55:42.727197Z  INFO arx::coordinator: arx/src/coordinator.rs:458: Computation unit coordinator task received cancellation signal
2026-01-30T06:55:42.727395Z  INFO arx::units::cache_unit: arx/src/units/cache_unit.rs:97: Coordinator channel closed, shutting down
2026-01-30T06:55:42.727416Z  INFO arx::units::cache_unit: arx/src/units/cache_unit.rs:144: Cache unit stopped
2026-01-30T06:55:42.727422Z  INFO arx::coordinator: arx/src/coordinator.rs:414: Computation transaction unit coordinator task received cancellation signal
2026-01-30T06:55:42.727457Z  INFO arx::units::computation_transaction_unit: arx/src/units/computation_transaction_unit.rs:130: Coordinator channel closed, shutting down
2026-01-30T06:55:42.727466Z  INFO arx::units::computation_transaction_unit: arx/src/units/computation_transaction_unit.rs:178: Computations transaction unit stopped
2026-01-30T06:55:42.727474Z  INFO arx::units::computation_unit: arx/src/units/computation_unit.rs:108: Coordinator channel closed, shutting down
2026-01-30T06:55:42.727485Z  INFO arx::units::computation_unit: arx/src/units/computation_unit.rs:208: Computation unit stopped
2026-01-30T06:55:42.727724Z  INFO arx::coordinator: arx/src/coordinator.rs:609: Online phase unit coordinator task received cancellation signal
2026-01-30T06:55:42.727781Z  INFO arx::coordinator: arx/src/coordinator.rs:707: Coordinator cancellation token triggered, shutting down
2026-01-30T06:55:42.727960Z  INFO arx::units::state_unit: arx/src/units/state_unit.rs:118: Coordinator channel closed, shutting down
2026-01-30T06:55:42.727976Z  INFO arx::units::state_unit: arx/src/units/state_unit.rs:168: State unit stopped
2026-01-30T06:55:42.728224Z  INFO arx::units::node_transaction_unit: arx/src/units/node_transaction_unit.rs:91: Coordinator channel closed, shutting down
2026-01-30T06:55:42.728243Z  INFO arx::units::node_transaction_unit: arx/src/units/node_transaction_unit.rs:108: Deactivating node
2026-01-30T06:55:42.728381Z  INFO arx::units::bls_unit: arx/src/units/bls_unit.rs:91: BLS unit channel closed, shutting down
2026-01-30T06:55:42.728450Z  INFO arx::units::online_phase_unit: arx/src/units/online_phase_unit.rs:147: Coordinator channel closed, shutting down
2026-01-30T06:55:42.728463Z  INFO arx::units::online_phase_unit: arx/src/units/online_phase_unit.rs:402: Waiting for computations to finish...
2026-01-30T06:55:42.728473Z  INFO arx::units::online_phase_unit: arx/src/units/online_phase_unit.rs:425: Online phase unit stopped
2026-01-30T06:55:42.728209Z  INFO arx::coordinator: arx/src/coordinator.rs:368: Circuit unit coordinator task received cancellation signal
2026-01-30T06:55:42.728470Z  INFO arx::coordinator: arx/src/coordinator.rs:271: BLS unit coordinator task received cancellation signal
2026-01-30T06:55:42.728801Z  INFO arx::units::circuit_unit: arx/src/units/circuit_unit.rs:147: Coordinator channel closed, shutting down
2026-01-30T06:55:42.728818Z  INFO arx::units::circuit_unit: arx/src/units/circuit_unit.rs:232: Circuit unit stopped
2026-01-30T06:55:42.729510Z  INFO arx: arx/src/main.rs:136: Shutdown channel closed, initiating shutdown
2026-01-30T06:55:42.729844Z  INFO arx: arx/src/main.rs:142: ARX shutting down, waiting for units to complete
2026-01-30T06:55:42.733516Z  WARN arx::program: arx/src/program.rs:158: Attempt 1/5: error while calling async
{
    self.account(account).await.map_err(|e|
    {
        ArxError::Solana(format!("Failed to fetch account {}: {}", account,
        e))
    })
}: Solana network error: Failed to fetch account 6vNwQe3fiU1u4JxTM2XkvPou9uH7EZNrskLZJrRYM8WJ: AccountNotFound: pubkey=6vNwQe3fiU1u4JxTM2XkvPou9uH7EZNrskLZJrRYM8WJ: error sending request for url (http://host.docker.internal:8899/)
2026-01-30T06:55:44.735867Z  WARN arx::program: arx/src/program.rs:158: Attempt 2/5: error while calling async
{
    self.account(account).await.map_err(|e|
    {
        ArxError::Solana(format!("Failed to fetch account {}: {}", account,
        e))
    })
}: Solana network error: Failed to fetch account 6vNwQe3fiU1u4JxTM2XkvPou9uH7EZNrskLZJrRYM8WJ: AccountNotFound: pubkey=6vNwQe3fiU1u4JxTM2XkvPou9uH7EZNrskLZJrRYM8WJ: error sending request for url (http://host.docker.internal:8899/)
2026-01-30T06:55:48.738795Z  WARN arx::program: arx/src/program.rs:158: Attempt 3/5: error while calling async
{
    self.account(account).await.map_err(|e|
    {
        ArxError::Solana(format!("Failed to fetch account {}: {}", account,
        e))
    })
}: Solana network error: Failed to fetch account 6vNwQe3fiU1u4JxTM2XkvPou9uH7EZNrskLZJrRYM8WJ: AccountNotFound: pubkey=6vNwQe3fiU1u4JxTM2XkvPou9uH7EZNrskLZJrRYM8WJ: error sending request for url (http://host.docker.internal:8899/)
2026-01-30T06:55:56.740674Z  WARN arx::program: arx/src/program.rs:158: Attempt 4/5: error while calling async
{
    self.account(account).await.map_err(|e|
    {
        ArxError::Solana(format!("Failed to fetch account {}: {}", account,
        e))
    })
}: Solana network error: Failed to fetch account 6vNwQe3fiU1u4JxTM2XkvPou9uH7EZNrskLZJrRYM8WJ: AccountNotFound: pubkey=6vNwQe3fiU1u4JxTM2XkvPou9uH7EZNrskLZJrRYM8WJ: error sending request for url (http://host.docker.internal:8899/)
2026-01-30T06:56:12.743740Z  WARN arx::program: arx/src/program.rs:158: Attempt 5/5: error while calling async
{
    self.account(account).await.map_err(|e|
    {
        ArxError::Solana(format!("Failed to fetch account {}: {}", account,
        e))
    })
}: Solana network error: Failed to fetch account 6vNwQe3fiU1u4JxTM2XkvPou9uH7EZNrskLZJrRYM8WJ: AccountNotFound: pubkey=6vNwQe3fiU1u4JxTM2XkvPou9uH7EZNrskLZJrRYM8WJ: error sending request for url (http://host.docker.internal:8899/)
2026-01-30T06:56:12.743814Z  WARN arx::units::node_transaction_unit: arx/src/units/node_transaction_unit.rs:109: Attempt 1/5: error while calling self.deactivate_node(): Solana network error: Attempt 5/5: Solana network error: Failed to fetch account 6vNwQe3fiU1u4JxTM2XkvPou9uH7EZNrskLZJrRYM8WJ: AccountNotFound: pubkey=6vNwQe3fiU1u4JxTM2XkvPou9uH7EZNrskLZJrRYM8WJ: error sending request for url (http://host.docker.internal:8899/)
2026-01-30T06:56:14.745795Z  WARN arx::program: arx/src/program.rs:158: Attempt 1/5: error while calling async
{
    self.account(account).await.map_err(|e|
    {
        ArxError::Solana(format!("Failed to fetch account {}: {}", account,
        e))
    })
}: Solana network error: Failed to fetch account 6vNwQe3fiU1u4JxTM2XkvPou9uH7EZNrskLZJrRYM8WJ: AccountNotFound: pubkey=6vNwQe3fiU1u4JxTM2XkvPou9uH7EZNrskLZJrRYM8WJ: error sending request for url (http://host.docker.internal:8899/)
2026-01-30T06:56:16.748379Z  WARN arx::program: arx/src/program.rs:158: Attempt 2/5: error while calling async
{
    self.account(account).await.map_err(|e|
    {
        ArxError::Solana(format!("Failed to fetch account {}: {}", account,
        e))
    })
}: Solana network error: Failed to fetch account 6vNwQe3fiU1u4JxTM2XkvPou9uH7EZNrskLZJrRYM8WJ: AccountNotFound: pubkey=6vNwQe3fiU1u4JxTM2XkvPou9uH7EZNrskLZJrRYM8WJ: error sending request for url (http://host.docker.internal:8899/)
2026-01-30T06:56:20.750393Z  WARN arx::program: arx/src/program.rs:158: Attempt 3/5: error while calling async
{
    self.account(account).await.map_err(|e|
    {
        ArxError::Solana(format!("Failed to fetch account {}: {}", account,
        e))
    })
}: Solana network error: Failed to fetch account 6vNwQe3fiU1u4JxTM2XkvPou9uH7EZNrskLZJrRYM8WJ: AccountNotFound: pubkey=6vNwQe3fiU1u4JxTM2XkvPou9uH7EZNrskLZJrRYM8WJ: error sending request for url (http://host.docker.internal:8899/)
2026-01-30T06:56:28.752213Z  WARN arx::program: arx/src/program.rs:158: Attempt 4/5: error while calling async
{
    self.account(account).await.map_err(|e|
    {
        ArxError::Solana(format!("Failed to fetch account {}: {}", account,
        e))
    })
}: Solana network error: Failed to fetch account 6vNwQe3fiU1u4JxTM2XkvPou9uH7EZNrskLZJrRYM8WJ: AccountNotFound: pubkey=6vNwQe3fiU1u4JxTM2XkvPou9uH7EZNrskLZJrRYM8WJ: error sending request for url (http://host.docker.internal:8899/)
2026-01-30T06:56:44.756730Z DEBUG arx::units::node_transaction_unit: arx/src/units/node_transaction_unit.rs:157: Node is already inactive, skipping deactivation
2026-01-30T06:56:44.756805Z  INFO arx::units::node_transaction_unit: arx/src/units/node_transaction_unit.rs:111: Node deactivated
2026-01-30T06:56:44.756813Z  INFO arx::units::node_transaction_unit: arx/src/units/node_transaction_unit.rs:119: Node transaction unit stopped
