2026-01-29T10:48:56.472556Z  INFO arx::metrics: arx/src/metrics.rs:524: Node metrics initialized: version=0.6.5, cluster=0, node=1
2026-01-29T10:48:56.555069Z DEBUG arx::units::online_phase_unit::key_material: arx/src/units/online_phase_unit/key_material.rs:165: Loading key material from path /usr/arx-node/private-shares and /usr/arx-node/public-inputs
2026-01-29T10:48:56.562092Z DEBUG arx::units::online_phase_unit::key_material: arx/src/units/online_phase_unit/key_material.rs:179: Loaded key material for MXE: FMMVCEygM2ewq4y4fmE5UDuyfhuoz4bXmEDDeg9iFPpL
2026-01-29T10:48:56.562336Z  INFO arx::units::cache_unit: arx/src/units/cache_unit.rs:91: Cache unit started
2026-01-29T10:48:56.562768Z  INFO arx::units::circuit_unit: arx/src/units/circuit_unit.rs:141: Circuit unit started
2026-01-29T10:48:56.562903Z  INFO arx: arx/src/main.rs:122: Starting metrics server
2026-01-29T10:48:56.562925Z  INFO arx: arx/src/main.rs:127: Starting ARX coordinator
2026-01-29T10:48:56.563125Z  INFO arx::units::bls_unit: arx/src/units/bls_unit.rs:78: BLS unit started
2026-01-29T10:48:56.563237Z  INFO arx::units::execpool_unit: arx/src/units/execpool_unit.rs:65: Execpool unit started
2026-01-29T10:48:56.563469Z  INFO arx::units::computation_transaction_unit: arx/src/units/computation_transaction_unit.rs:124: Computation transaction unit started
2026-01-29T10:48:56.563511Z  INFO arx::coordinator: arx/src/coordinator.rs:225: Coordinator started
2026-01-29T10:48:56.563487Z  INFO arx::units::computation_unit: arx/src/units/computation_unit.rs:99: Inputs unit started
2026-01-29T10:48:56.563599Z  INFO arx::units::mempool_unit: arx/src/units/mempool_unit.rs:63: Mempool unit started
2026-01-29T10:48:56.565992Z  INFO arx::metrics: arx/src/metrics.rs:312: Metrics server listening on http://0.0.0.0:9091/metrics
2026-01-29T10:48:56.566107Z  INFO arx::program: arx/src/program.rs:227: Pub/sub client started
2026-01-29T10:48:56.566119Z  INFO arx::program: arx/src/program.rs:229: Connecting initial pub/sub
2026-01-29T10:48:56.564835Z  INFO arx::units::node_transaction_unit: arx/src/units/node_transaction_unit.rs:65: Node transaction unit started
2026-01-29T10:48:56.566246Z  INFO arx::units::node_transaction_unit: arx/src/units/node_transaction_unit.rs:67: Activating node
2026-01-29T10:48:56.566455Z  INFO arx::program: arx/src/program.rs:227: Pub/sub client started
2026-01-29T10:48:56.566472Z  INFO arx::program: arx/src/program.rs:229: Connecting initial pub/sub
2026-01-29T10:48:56.563590Z  INFO arx::units::online_phase_unit: arx/src/units/online_phase_unit.rs:139: Online phase unit started
2026-01-29T10:48:56.568567Z  INFO arx::program: arx/src/program.rs:269: Fetching initial state for account: 9rUSnh5VrMtRUrJrgAUwcyWvL9NYkscAsDFS5RjPW6Da
2026-01-29T10:48:56.565843Z  INFO arx::units::state_unit: arx/src/units/state_unit.rs:112: State unit started
2026-01-29T10:48:56.627332Z  INFO arx::program: arx/src/program.rs:269: Fetching initial state for account: 9EDLm5KDKc1Pf8m587kdxPMvQBNETNahcCfHLNcQ1M8W
2026-01-29T10:48:56.646308Z  INFO arx::program: arx/src/program.rs:283: Subscribing to account: 9rUSnh5VrMtRUrJrgAUwcyWvL9NYkscAsDFS5RjPW6Da
2026-01-29T10:48:56.646385Z DEBUG arx::units::mempool_unit: arx/src/units/mempool_unit.rs:99: Received mempool update for account
2026-01-29T10:48:56.646396Z DEBUG arx::units::mempool_unit: arx/src/units/mempool_unit.rs:129: Mempool contains the same computations, skipping update
2026-01-29T10:48:56.647290Z  INFO arx::program: arx/src/program.rs:283: Subscribing to account: 9EDLm5KDKc1Pf8m587kdxPMvQBNETNahcCfHLNcQ1M8W
2026-01-29T10:48:56.647352Z DEBUG arx::units::execpool_unit: arx/src/units/execpool_unit.rs:102: Received execpool update with 1 computations
2026-01-29T10:48:57.150216Z  INFO arx::units::node_transaction_unit: arx/src/units/node_transaction_unit.rs:70: Node activated
2026-01-29T10:48:57.150254Z  INFO arx::coordinator: arx/src/coordinator.rs:257: Node activated, coordinator running
2026-01-29T10:48:57.150303Z DEBUG arx::coordinator: arx/src/coordinator.rs:534: Coordinator received execpool unit message: computations ids: [729066887121812181]
2026-01-29T10:48:57.150343Z DEBUG arx::units::cache_unit: arx/src/units/cache_unit.rs:154: Processing queued computation: ArxComputationReference: 729066887121812181
2026-01-29T10:48:57.150362Z DEBUG arx::units::state_unit: arx/src/units/state_unit.rs:258: Processing execpool update
2026-01-29T10:48:57.150404Z DEBUG arx::units::state_unit: arx/src/units/state_unit.rs:300: Prefetching and executing computation: ArxComputationReference: 729066887121812181 with status (index: 0, slot: 203)
2026-01-29T10:48:57.150422Z DEBUG arx::coordinator: arx/src/coordinator.rs:658: Coordinator received state unit message: prefetch computation: ArxComputationReference: 729066887121812181
2026-01-29T10:48:57.150429Z DEBUG arx::coordinator: arx/src/coordinator.rs:668: Coordinator received state unit message: execute computation: ArxComputationReference: 729066887121812181 with status (index: 0, slot: 203)
2026-01-29T10:48:57.151236Z DEBUG arx::coordinator: arx/src/coordinator.rs:470: Coordinator prefetched computation ArxComputation 124145311068161743775826452637807394875 (cluster_offset: 0)
2026-01-29T10:48:57.151309Z DEBUG arx::coordinator: arx/src/coordinator.rs:486: Coordinator fetched computation ArxComputation 124145311068161743775826452637807394875 (cluster_offset: 0) inputs
2026-01-29T10:48:57.151322Z DEBUG arx::units::cache_unit: arx/src/units/cache_unit.rs:168: Processing fetched computation: ArxComputationReference: 729066887121812181
2026-01-29T10:48:57.151358Z DEBUG arx::units::cache_unit: arx/src/units/cache_unit.rs:269: Processing fetched inputs: ArxComputation 124145311068161743775826452637807394875 (cluster_offset: 0)
2026-01-29T10:48:57.151499Z DEBUG arx::units::circuit_unit: arx/src/units/circuit_unit.rs:243: Processing computation definition: 42VrBPnZ38hJX86a3fKHynkqyGgMKtjnr8UdFToYGXgS
2026-01-29T10:48:57.151974Z DEBUG arx::units::circuit_unit: arx/src/units/circuit_unit.rs:411: Fetching local circuit data from: /usr/arx-node/circuits/mxe_keygen/circuit.arcis
2026-01-29T10:48:57.420308Z DEBUG arx::coordinator: arx/src/coordinator.rs:380: Coordinator received circuit info: CircuitInfo 42VrBPnZ38hJX86a3fKHynkqyGgMKtjnr8UdFToYGXgS
2026-01-29T10:48:57.420385Z DEBUG arx::units::cache_unit: arx/src/units/cache_unit.rs:195: Processing fetched circuit: CircuitInfo 42VrBPnZ38hJX86a3fKHynkqyGgMKtjnr8UdFToYGXgS
2026-01-29T10:48:57.420417Z DEBUG arx::coordinator: arx/src/coordinator.rs:322: Coordinator received cache unit prefetched computation: ArxComputationReference: 729066887121812181
2026-01-29T10:48:57.420425Z DEBUG arx::coordinator: arx/src/coordinator.rs:332: Coordinator received cache unit execute computation: ArxComputation 124145311068161743775826452637807394875 (cluster_offset: 0)
2026-01-29T10:48:57.420450Z DEBUG arx::units::online_phase_unit: arx/src/units/online_phase_unit.rs:183: Connecting to peers (ArxComputation 124145311068161743775826452637807394875 (cluster_offset: 0))
2026-01-29T10:48:57.420524Z DEBUG arx::units::state_unit: arx/src/units/state_unit.rs:323: Processing prefetched computation
2026-01-29T10:48:57.440972Z DEBUG arx::units::online_phase_unit: arx/src/units/online_phase_unit.rs:202: Connected to peers (ArxComputation 124145311068161743775826452637807394875 (cluster_offset: 0))
2026-01-29T10:48:57.440998Z  WARN arx::units::online_phase_unit: arx/src/units/online_phase_unit.rs:210: Running MXE keygen computation but key material already exist for MXE FMMVCEygM2ewq4y4fmE5UDuyfhuoz4bXmEDDeg9iFPpL (ArxComputation 124145311068161743775826452637807394875 (cluster_offset: 0))
2026-01-29T10:48:57.445837Z DEBUG arx::units::online_phase_unit::preprocessing_bundler: arx/src/units/online_phase_unit/preprocessing_bundler.rs:46: Protocol 248016683086310656528149261543419493072 registered successfully
2026-01-29T10:48:57.447779Z DEBUG arx::units::online_phase_unit: arx/src/units/online_phase_unit.rs:343: Created new preprocessing bundler for base_id 248016683086310656528149261543419493072, cache size: 1
2026-01-29T10:48:57.970504Z  INFO arx::units::online_phase_unit: arx/src/units/online_phase_unit.rs:436: Processing Cerberus computation (124145311068161743775826452637807394875)
2026-01-29T10:48:59.823416Z DEBUG arx::coordinator: arx/src/coordinator.rs:619: Coordinator received online unit output: ArxComputation 124145311068161743775826452637807394875 (cluster_offset: 0)
2026-01-29T10:48:59.823464Z DEBUG arx::units::bls_unit: arx/src/units/bls_unit.rs:96: BLS unit received signature request: ArxComputation 124145311068161743775826452637807394875 (cluster_offset: 0)
2026-01-29T10:48:59.823473Z DEBUG arx::units::bls_unit: arx/src/units/bls_unit.rs:163: Message to sign length: [29, 9, 251, 207, 211, 129, 49, 99, 118, 50, 201, 215, 185, 254, 76, 252, 74, 235, 161, 238, 139, 133, 43, 200, 77, 9, 118, 206, 129, 109, 182, 16, 18, 255, 71, 86, 3, 12, 83, 254, 147, 227, 204, 58, 138, 224, 99, 252, 211, 44, 225, 249, 239, 247, 4, 232, 46, 63, 98, 106, 33, 9, 181, 248, 96, 252, 252, 216, 134, 2, 100, 0, 238, 231, 18, 36, 231, 71, 61, 152, 55, 10, 133, 157, 3, 62, 192, 238, 3, 44, 227, 56, 6, 176, 204, 7, 98, 246, 225, 230, 83, 129, 240, 103, 144, 22, 233, 33, 241, 227, 163, 78, 11, 27, 217, 189, 37, 96, 96, 48, 184, 173, 56, 35, 39, 97, 112, 29, 107, 112, 87, 20, 67, 154, 15, 79, 250, 175, 213, 171, 92, 183, 223, 145, 98, 50, 190, 230, 78, 167, 140, 255, 100, 101, 157, 14, 166, 90, 99, 8, 0, 0, 0, 0, 0, 0, 0, 0, 0, 0]
2026-01-29T10:48:59.823803Z DEBUG arx::units::bls_unit: arx/src/units/bls_unit.rs:196: Not ready to aggregate signatures for computation_offset 729066887121812181, our signature will be stored but not aggregated
2026-01-29T10:48:59.823951Z DEBUG arx::units::online_phase_unit: arx/src/units/online_phase_unit.rs:159: Setting MXE key material for FMMVCEygM2ewq4y4fmE5UDuyfhuoz4bXmEDDeg9iFPpL
2026-01-29T10:48:59.824045Z  WARN arx::units::online_phase_unit: arx/src/units/online_phase_unit.rs:161: Existing MXE key material for FMMVCEygM2ewq4y4fmE5UDuyfhuoz4bXmEDDeg9iFPpL were overwritten
2026-01-29T10:48:59.824122Z DEBUG arx::units::state_unit: arx/src/units/state_unit.rs:140: Processing outputed computation
2026-01-29T10:48:59.824201Z DEBUG arx::units::bls_unit: arx/src/units/bls_unit.rs:313: Pushed signature to peer 172.20.0.100:8002
2026-01-29T10:48:59.826781Z DEBUG arx::units::bls_unit: arx/src/units/bls_unit.rs:111: BLS unit accepted connection from 172.20.0.100:36912
2026-01-29T10:48:59.826858Z DEBUG arx::units::bls_unit: arx/src/units/bls_unit.rs:126: BLS unit received incoming signature for 729066887121812181
2026-01-29T10:48:59.826868Z DEBUG arx::units::bls_unit: arx/src/units/bls_unit.rs:223: Stored signature for computation_offset 729066887121812181 (2/2)
2026-01-29T10:48:59.827122Z DEBUG arx::units::bls_unit: arx/src/units/bls_unit.rs:130: BLS unit processed incoming signature for 729066887121812181
2026-01-29T10:48:59.827138Z DEBUG arx::coordinator: arx/src/coordinator.rs:281: Coordinator received bls unit output: ArxComputation 124145311068161743775826452637807394875 (cluster_offset: 0)
2026-01-29T10:48:59.827155Z DEBUG arx::units::state_unit: arx/src/units/state_unit.rs:148: Processing signed computation
2026-01-29T10:48:59.827208Z DEBUG arx::units::computation_transaction_unit: arx/src/units/computation_transaction_unit.rs:429: Processing callback for computation ArxComputation 124145311068161743775826452637807394875 (cluster_offset: 0)
2026-01-29T10:48:59.828048Z DEBUG arx::units::computation_transaction_unit::keygen: arx/src/units/computation_transaction_unit/keygen.rs:86: ElGamal pubkey validity proof verification passed
2026-01-29T10:49:00.331553Z DEBUG arx::units::computation_transaction_unit::keygen: arx/src/units/computation_transaction_unit/keygen.rs:119: Sent set_mxe_keys tx for mxe FMMVCEygM2ewq4y4fmE5UDuyfhuoz4bXmEDDeg9iFPpL with sig LEWKM1khKryQf456w53Vbg1Ud7ZqGnnhqjayPVFTLG9HJ9zTbUMLmuY2VcmyKkH7Sc6yzCCVs3yMn5hiQQwiL9g
2026-01-29T10:49:00.821078Z DEBUG arx::program: arx/src/program.rs:317: Received update for account: 9EDLm5KDKc1Pf8m587kdxPMvQBNETNahcCfHLNcQ1M8W
2026-01-29T10:49:00.821228Z DEBUG arx::program: arx/src/program.rs:317: Received update for account: 9rUSnh5VrMtRUrJrgAUwcyWvL9NYkscAsDFS5RjPW6Da
2026-01-29T10:49:00.827451Z DEBUG arx::units::execpool_unit: arx/src/units/execpool_unit.rs:102: Received execpool update with 0 computations
2026-01-29T10:49:00.827488Z DEBUG arx::coordinator: arx/src/coordinator.rs:534: Coordinator received execpool unit message: computations ids: []
2026-01-29T10:49:00.827505Z DEBUG arx::units::state_unit: arx/src/units/state_unit.rs:258: Processing execpool update
2026-01-29T10:49:00.827514Z DEBUG arx::units::state_unit: arx/src/units/state_unit.rs:273: Computation executed: ArxComputationReference: 729066887121812181
|-> prefetch    : +0ms
|-> prefetched  : +270ms
|-> execute     : +0ms
|-> output      : +2673ms
|-> signed      : +3ms
|-> executed    : +1000ms

2026-01-29T10:49:00.827581Z DEBUG arx::units::state_unit: arx/src/units/state_unit.rs:279: Removing computation from execpool: ArxComputationReference offset: 729066887121812181
2026-01-29T10:49:00.827600Z DEBUG arx::coordinator: arx/src/coordinator.rs:688: Coordinator received state unit message: executed computation: ArxComputationReference: 729066887121812181
2026-01-29T10:49:00.827610Z DEBUG arx::units::cache_unit: arx/src/units/cache_unit.rs:302: Processing executed computation: ArxComputationReference: 729066887121812181
2026-01-29T10:49:00.827616Z DEBUG arx::units::cache_unit: arx/src/units/cache_unit.rs:306: Computation executed and removed from cache: ArxComputationReference: 729066887121812181
2026-01-29T10:49:00.836824Z DEBUG arx::units::computation_transaction_unit: arx/src/units/computation_transaction_unit.rs:784: Sent callback computation tx for mxe FMMVCEygM2ewq4y4fmE5UDuyfhuoz4bXmEDDeg9iFPpL with sig 5V8N71eomP5a5dvPNMtfPwyY4uuZrNUJ6KJs7vSHm56hp3m6MkckY3U4879JboXJ8S373W1B9E1zhJQg3V3Ct8co
2026-01-29T10:49:00.836941Z DEBUG arx::coordinator: arx/src/coordinator.rs:426: Coordinator received computation transaction unit callback computation: ArxComputationReference: 729066887121812181
2026-01-29T10:49:00.836958Z DEBUG arx::units::state_unit: arx/src/units/state_unit.rs:339: Processing executed computation
2026-01-29T10:49:00.836969Z DEBUG arx::units::cache_unit: arx/src/units/cache_unit.rs:302: Processing executed computation: ArxComputationReference: 729066887121812181
2026-01-29T10:49:00.836988Z  WARN arx::units::cache_unit: arx/src/units/cache_unit.rs:313: Computation info not found in cache: ArxComputationReference: 729066887121812181
2026-01-29T10:49:00.870533Z DEBUG arx::units::mempool_unit: arx/src/units/mempool_unit.rs:99: Received mempool update for account
2026-01-29T10:49:00.870593Z DEBUG arx::units::mempool_unit: arx/src/units/mempool_unit.rs:129: Mempool contains the same computations, skipping update
2026-01-29T10:49:04.046888Z DEBUG arx::program: arx/src/program.rs:317: Received update for account: 9rUSnh5VrMtRUrJrgAUwcyWvL9NYkscAsDFS5RjPW6Da
2026-01-29T10:49:04.046979Z DEBUG arx::program: arx/src/program.rs:317: Received update for account: 9EDLm5KDKc1Pf8m587kdxPMvQBNETNahcCfHLNcQ1M8W
2026-01-29T10:49:04.070225Z DEBUG arx::units::mempool_unit: arx/src/units/mempool_unit.rs:99: Received mempool update for account
2026-01-29T10:49:04.070276Z DEBUG arx::units::mempool_unit: arx/src/units/mempool_unit.rs:129: Mempool contains the same computations, skipping update
2026-01-29T10:49:04.127509Z DEBUG arx::units::execpool_unit: arx/src/units/execpool_unit.rs:102: Received execpool update with 1 computations
2026-01-29T10:49:04.127557Z DEBUG arx::coordinator: arx/src/coordinator.rs:534: Coordinator received execpool unit message: computations ids: [14768919908456970299]
2026-01-29T10:49:04.127582Z DEBUG arx::units::cache_unit: arx/src/units/cache_unit.rs:154: Processing queued computation: ArxComputationReference: 14768919908456970299
2026-01-29T10:49:04.127606Z DEBUG arx::units::state_unit: arx/src/units/state_unit.rs:258: Processing execpool update
2026-01-29T10:49:04.127614Z DEBUG arx::units::state_unit: arx/src/units/state_unit.rs:300: Prefetching and executing computation: ArxComputationReference: 14768919908456970299 with status (index: 0, slot: 220)
2026-01-29T10:49:04.127624Z DEBUG arx::coordinator: arx/src/coordinator.rs:658: Coordinator received state unit message: prefetch computation: ArxComputationReference: 14768919908456970299
2026-01-29T10:49:04.127644Z DEBUG arx::coordinator: arx/src/coordinator.rs:668: Coordinator received state unit message: execute computation: ArxComputationReference: 14768919908456970299 with status (index: 0, slot: 220)
2026-01-29T10:49:04.128428Z DEBUG arx::coordinator: arx/src/coordinator.rs:470: Coordinator prefetched computation ArxComputation 302854130393091525767782258987628683516 (cluster_offset: 0)
2026-01-29T10:49:04.128502Z DEBUG arx::coordinator: arx/src/coordinator.rs:486: Coordinator fetched computation ArxComputation 302854130393091525767782258987628683516 (cluster_offset: 0) inputs
2026-01-29T10:49:04.128513Z DEBUG arx::units::cache_unit: arx/src/units/cache_unit.rs:168: Processing fetched computation: ArxComputationReference: 14768919908456970299
2026-01-29T10:49:04.128561Z DEBUG arx::units::cache_unit: arx/src/units/cache_unit.rs:269: Processing fetched inputs: ArxComputation 302854130393091525767782258987628683516 (cluster_offset: 0)
2026-01-29T10:49:04.128629Z DEBUG arx::units::circuit_unit: arx/src/units/circuit_unit.rs:243: Processing computation definition: EJX8W6xXyJVW3Cgs2C3mZabYaLqKkfW1FVMZeJvjyezp
2026-01-29T10:49:04.129590Z DEBUG arx::units::circuit_unit: arx/src/units/circuit_unit.rs:452: Fetching offchain circuit data from: http://172.20.0.2:8080/init_vault.arcis
2026-01-29T10:49:09.239785Z DEBUG arx::units::bls_unit: arx/src/units/bls_unit.rs:111: BLS unit accepted connection from 172.20.0.100:45216
2026-01-29T10:49:09.239920Z DEBUG arx::units::bls_unit: arx/src/units/bls_unit.rs:126: BLS unit received incoming signature for 14768919908456970299
2026-01-29T10:49:09.239935Z DEBUG arx::units::bls_unit: arx/src/units/bls_unit.rs:223: Stored signature for computation_offset 14768919908456970299 (1/2)
2026-01-29T10:49:09.239944Z DEBUG arx::units::bls_unit: arx/src/units/bls_unit.rs:233: Not ready to aggregate signatures for computation_offset 14768919908456970299, received signature will be stored but not aggregated
2026-01-29T10:49:09.239949Z DEBUG arx::units::bls_unit: arx/src/units/bls_unit.rs:130: BLS unit processed incoming signature for 14768919908456970299
2026-01-29T10:49:09.248017Z ERROR arx::units::circuit_unit: arx/src/units/circuit_unit.rs:169: Failed to process computation definition EJX8W6xXyJVW3Cgs2C3mZabYaLqKkfW1FVMZeJvjyezp: Off-chain circuit fetch failed for source http://172.20.0.2:8080/init_vault.arcis: error sending request for url (http://172.20.0.2:8080/init_vault.arcis): error trying to connect: tcp connect error: No route to host (os error 113)
2026-01-29T10:49:09.248063Z DEBUG arx::coordinator: arx/src/coordinator.rs:390: Coordinator received circuit unit error for computation definition EJX8W6xXyJVW3Cgs2C3mZabYaLqKkfW1FVMZeJvjyezp (Off-chain circuit fetch failed for source http://172.20.0.2:8080/init_vault.arcis: error sending request for url (http://172.20.0.2:8080/init_vault.arcis): error trying to connect: tcp connect error: No route to host (os error 113))
2026-01-29T10:49:09.248076Z DEBUG arx::units::cache_unit: arx/src/units/cache_unit.rs:234: Processing failed circuit fetch: EJX8W6xXyJVW3Cgs2C3mZabYaLqKkfW1FVMZeJvjyezp
2026-01-29T10:49:09.248099Z DEBUG arx::coordinator: arx/src/coordinator.rs:342: Coordinator received cache unit circuit error for computation: ArxComputation 302854130393091525767782258987628683516 (cluster_offset: 0)
2026-01-29T10:49:09.248111Z DEBUG arx::units::bls_unit: arx/src/units/bls_unit.rs:96: BLS unit received signature request: ArxComputation 302854130393091525767782258987628683516 (cluster_offset: 0)
2026-01-29T10:49:09.248118Z DEBUG arx::units::bls_unit: arx/src/units/bls_unit.rs:163: Message to sign length: [220, 0, 0, 0, 0, 0, 0, 0, 0, 0]
2026-01-29T10:49:09.248766Z DEBUG arx::coordinator: arx/src/coordinator.rs:281: Coordinator received bls unit output: ArxComputation 302854130393091525767782258987628683516 (cluster_offset: 0)
2026-01-29T10:49:09.248983Z DEBUG arx::units::state_unit: arx/src/units/state_unit.rs:148: Processing signed computation
2026-01-29T10:49:09.249020Z DEBUG arx::units::computation_transaction_unit: arx/src/units/computation_transaction_unit.rs:429: Processing callback for computation ArxComputation 302854130393091525767782258987628683516 (cluster_offset: 0)
2026-01-29T10:49:09.249248Z DEBUG arx::units::bls_unit: arx/src/units/bls_unit.rs:313: Pushed signature to peer 172.20.0.100:8002
2026-01-29T10:49:09.256123Z DEBUG arx::units::computation_transaction_unit: arx/src/units/computation_transaction_unit.rs:409: Transaction simulation consumed 59940 compute units
2026-01-29T10:49:09.256745Z DEBUG arx::units::computation_transaction_unit: arx/src/units/computation_transaction_unit.rs:236: Fee calculation: base_fee=5000, compute_units=59940, priority_fee=0, total_fee=5000, fee_variance_buffer=1000, concurrent_callback_buffer=50000
2026-01-29T10:49:09.257211Z DEBUG arx::units::computation_transaction_unit: arx/src/units/computation_transaction_unit.rs:376: Fresh balance range: fresh_balance=999999995000, min=999999939000, max=999999991000, total_fee=5000, staleness_reduction=true
2026-01-29T10:49:09.759965Z ERROR arx::units::computation_transaction_unit: arx/src/units/computation_transaction_unit.rs:803: Failed to send callback computation tx for mxe FMMVCEygM2ewq4y4fmE5UDuyfhuoz4bXmEDDeg9iFPpL error Error { request: None, kind: TransactionError(InstructionError(1, Custom(6000))) }
2026-01-29T10:49:09.760022Z  WARN arx::units::computation_transaction_unit: arx/src/units/computation_transaction_unit.rs:488: Attempt 1/5: error while calling post_callback_onchain(rpc, &tx, mxe): Solana network error: Failed to send callback computation tx for mxe FMMVCEygM2ewq4y4fmE5UDuyfhuoz4bXmEDDeg9iFPpL error Error { request: None, kind: TransactionError(InstructionError(1, Custom(6000))) }
2026-01-29T10:49:11.762502Z ERROR arx::units::computation_transaction_unit: arx/src/units/computation_transaction_unit.rs:803: Failed to send callback computation tx for mxe FMMVCEygM2ewq4y4fmE5UDuyfhuoz4bXmEDDeg9iFPpL error Error { request: None, kind: TransactionError(InstructionError(1, Custom(6000))) }
2026-01-29T10:49:11.762554Z  WARN arx::units::computation_transaction_unit: arx/src/units/computation_transaction_unit.rs:488: Attempt 2/5: error while calling post_callback_onchain(rpc, &tx, mxe): Solana network error: Failed to send callback computation tx for mxe FMMVCEygM2ewq4y4fmE5UDuyfhuoz4bXmEDDeg9iFPpL error Error { request: None, kind: TransactionError(InstructionError(1, Custom(6000))) }
2026-01-29T10:49:15.764626Z ERROR arx::units::computation_transaction_unit: arx/src/units/computation_transaction_unit.rs:803: Failed to send callback computation tx for mxe FMMVCEygM2ewq4y4fmE5UDuyfhuoz4bXmEDDeg9iFPpL error Error { request: None, kind: TransactionError(InstructionError(1, Custom(6000))) }
2026-01-29T10:49:15.764730Z  WARN arx::units::computation_transaction_unit: arx/src/units/computation_transaction_unit.rs:488: Attempt 3/5: error while calling post_callback_onchain(rpc, &tx, mxe): Solana network error: Failed to send callback computation tx for mxe FMMVCEygM2ewq4y4fmE5UDuyfhuoz4bXmEDDeg9iFPpL error Error { request: None, kind: TransactionError(InstructionError(1, Custom(6000))) }
2026-01-29T10:49:23.767935Z ERROR arx::units::computation_transaction_unit: arx/src/units/computation_transaction_unit.rs:803: Failed to send callback computation tx for mxe FMMVCEygM2ewq4y4fmE5UDuyfhuoz4bXmEDDeg9iFPpL error Error { request: None, kind: TransactionError(InstructionError(1, Custom(6000))) }
2026-01-29T10:49:23.767997Z  WARN arx::units::computation_transaction_unit: arx/src/units/computation_transaction_unit.rs:488: Attempt 4/5: error while calling post_callback_onchain(rpc, &tx, mxe): Solana network error: Failed to send callback computation tx for mxe FMMVCEygM2ewq4y4fmE5UDuyfhuoz4bXmEDDeg9iFPpL error Error { request: None, kind: TransactionError(InstructionError(1, Custom(6000))) }
2026-01-29T10:49:39.770273Z ERROR arx::units::computation_transaction_unit: arx/src/units/computation_transaction_unit.rs:803: Failed to send callback computation tx for mxe FMMVCEygM2ewq4y4fmE5UDuyfhuoz4bXmEDDeg9iFPpL error Error { request: None, kind: TransactionError(InstructionError(1, Custom(6000))) }
2026-01-29T10:49:39.770359Z  WARN arx::units::computation_transaction_unit: arx/src/units/computation_transaction_unit.rs:488: Attempt 5/5: error while calling post_callback_onchain(rpc, &tx, mxe): Solana network error: Failed to send callback computation tx for mxe FMMVCEygM2ewq4y4fmE5UDuyfhuoz4bXmEDDeg9iFPpL error Error { request: None, kind: TransactionError(InstructionError(1, Custom(6000))) }
2026-01-29T10:49:39.770388Z  WARN arx::units::computation_transaction_unit: arx/src/units/computation_transaction_unit.rs:500: Failed to send callback computation tx after retries for mxe FMMVCEygM2ewq4y4fmE5UDuyfhuoz4bXmEDDeg9iFPpL: Solana("Attempt 5/5: Solana network error: Failed to send callback computation tx for mxe FMMVCEygM2ewq4y4fmE5UDuyfhuoz4bXmEDDeg9iFPpL error Error { request: None, kind: TransactionError(InstructionError(1, Custom(6000))) }")
2026-01-29T10:49:39.770404Z  WARN arx::units::computation_transaction_unit: arx/src/units/computation_transaction_unit.rs:519: Regular callback failed, sending error claim txs for mxe FMMVCEygM2ewq4y4fmE5UDuyfhuoz4bXmEDDeg9iFPpL
2026-01-29T10:49:40.090493Z DEBUG arx::program: arx/src/program.rs:317: Received update for account: 9rUSnh5VrMtRUrJrgAUwcyWvL9NYkscAsDFS5RjPW6Da
2026-01-29T10:49:40.090552Z DEBUG arx::program: arx/src/program.rs:317: Received update for account: 9EDLm5KDKc1Pf8m587kdxPMvQBNETNahcCfHLNcQ1M8W
2026-01-29T10:49:40.127766Z DEBUG arx::units::execpool_unit: arx/src/units/execpool_unit.rs:102: Received execpool update with 0 computations
2026-01-29T10:49:40.127805Z DEBUG arx::coordinator: arx/src/coordinator.rs:534: Coordinator received execpool unit message: computations ids: []
2026-01-29T10:49:40.127817Z DEBUG arx::units::state_unit: arx/src/units/state_unit.rs:258: Processing execpool update
2026-01-29T10:49:40.127825Z DEBUG arx::units::state_unit: arx/src/units/state_unit.rs:273: Computation executed: ArxComputationReference: 14768919908456970299
|-> prefetch    : +0ms
|-> execute     : +0ms
|-> signed      : +5121ms
|-> executed    : +30878ms

2026-01-29T10:49:40.127838Z DEBUG arx::units::state_unit: arx/src/units/state_unit.rs:279: Removing computation from execpool: ArxComputationReference offset: 14768919908456970299
2026-01-29T10:49:40.127858Z DEBUG arx::coordinator: arx/src/coordinator.rs:688: Coordinator received state unit message: executed computation: ArxComputationReference: 14768919908456970299
2026-01-29T10:49:40.127870Z DEBUG arx::units::cache_unit: arx/src/units/cache_unit.rs:302: Processing executed computation: ArxComputationReference: 14768919908456970299
2026-01-29T10:49:40.127879Z  WARN arx::units::cache_unit: arx/src/units/cache_unit.rs:310: Computation was not yet executed: ArxComputationReference: 14768919908456970299
2026-01-29T10:49:40.168056Z DEBUG arx::units::mempool_unit: arx/src/units/mempool_unit.rs:99: Received mempool update for account
2026-01-29T10:49:40.168096Z DEBUG arx::units::mempool_unit: arx/src/units/mempool_unit.rs:129: Mempool contains the same computations, skipping update
2026-01-29T10:49:40.274871Z ERROR arx::units::computation_transaction_unit: arx/src/units/computation_transaction_unit.rs:803: Failed to send callback computation tx for mxe FMMVCEygM2ewq4y4fmE5UDuyfhuoz4bXmEDDeg9iFPpL error Error { request: None, kind: TransactionError(InstructionError(0, Custom(0))) }
2026-01-29T10:49:40.274940Z  WARN arx::units::computation_transaction_unit: arx/src/units/computation_transaction_unit.rs:547: Attempt 1/5: error while calling post_callback_onchain(rpc, &tx, mxe): Solana network error: Failed to send callback computation tx for mxe FMMVCEygM2ewq4y4fmE5UDuyfhuoz4bXmEDDeg9iFPpL error Error { request: None, kind: TransactionError(InstructionError(0, Custom(0))) }
2026-01-29T10:49:42.277349Z ERROR arx::units::computation_transaction_unit: arx/src/units/computation_transaction_unit.rs:803: Failed to send callback computation tx for mxe FMMVCEygM2ewq4y4fmE5UDuyfhuoz4bXmEDDeg9iFPpL error Error { request: None, kind: TransactionError(InstructionError(0, Custom(0))) }
2026-01-29T10:49:42.277414Z  WARN arx::units::computation_transaction_unit: arx/src/units/computation_transaction_unit.rs:547: Attempt 2/5: error while calling post_callback_onchain(rpc, &tx, mxe): Solana network error: Failed to send callback computation tx for mxe FMMVCEygM2ewq4y4fmE5UDuyfhuoz4bXmEDDeg9iFPpL error Error { request: None, kind: TransactionError(InstructionError(0, Custom(0))) }
2026-01-29T10:49:46.279009Z ERROR arx::units::computation_transaction_unit: arx/src/units/computation_transaction_unit.rs:803: Failed to send callback computation tx for mxe FMMVCEygM2ewq4y4fmE5UDuyfhuoz4bXmEDDeg9iFPpL error Error { request: None, kind: TransactionError(InstructionError(0, Custom(0))) }
2026-01-29T10:49:46.279069Z  WARN arx::units::computation_transaction_unit: arx/src/units/computation_transaction_unit.rs:547: Attempt 3/5: error while calling post_callback_onchain(rpc, &tx, mxe): Solana network error: Failed to send callback computation tx for mxe FMMVCEygM2ewq4y4fmE5UDuyfhuoz4bXmEDDeg9iFPpL error Error { request: None, kind: TransactionError(InstructionError(0, Custom(0))) }
2026-01-29T10:49:54.281614Z ERROR arx::units::computation_transaction_unit: arx/src/units/computation_transaction_unit.rs:803: Failed to send callback computation tx for mxe FMMVCEygM2ewq4y4fmE5UDuyfhuoz4bXmEDDeg9iFPpL error Error { request: None, kind: TransactionError(InstructionError(0, Custom(0))) }
2026-01-29T10:49:54.281663Z  WARN arx::units::computation_transaction_unit: arx/src/units/computation_transaction_unit.rs:547: Attempt 4/5: error while calling post_callback_onchain(rpc, &tx, mxe): Solana network error: Failed to send callback computation tx for mxe FMMVCEygM2ewq4y4fmE5UDuyfhuoz4bXmEDDeg9iFPpL error Error { request: None, kind: TransactionError(InstructionError(0, Custom(0))) }
2026-01-29T10:50:10.283090Z ERROR arx::units::computation_transaction_unit: arx/src/units/computation_transaction_unit.rs:803: Failed to send callback computation tx for mxe FMMVCEygM2ewq4y4fmE5UDuyfhuoz4bXmEDDeg9iFPpL error Error { request: None, kind: TransactionError(InstructionError(0, Custom(0))) }
2026-01-29T10:50:10.283159Z  WARN arx::units::computation_transaction_unit: arx/src/units/computation_transaction_unit.rs:547: Attempt 5/5: error while calling post_callback_onchain(rpc, &tx, mxe): Solana network error: Failed to send callback computation tx for mxe FMMVCEygM2ewq4y4fmE5UDuyfhuoz4bXmEDDeg9iFPpL error Error { request: None, kind: TransactionError(InstructionError(0, Custom(0))) }
2026-01-29T10:50:10.283179Z ERROR arx::units::computation_transaction_unit: arx/src/units/computation_transaction_unit.rs:554: Failed to send error claim tx for mxe FMMVCEygM2ewq4y4fmE5UDuyfhuoz4bXmEDDeg9iFPpL: Solana("Attempt 5/5: Solana network error: Failed to send callback computation tx for mxe FMMVCEygM2ewq4y4fmE5UDuyfhuoz4bXmEDDeg9iFPpL error Error { request: None, kind: TransactionError(InstructionError(0, Custom(0))) }")
2026-01-29T10:50:10.283190Z  WARN arx::units::computation_transaction_unit: arx/src/units/computation_transaction_unit.rs:165: Failed to process message Solana network error: Attempt 5/5: Solana network error: Failed to send callback computation tx for mxe FMMVCEygM2ewq4y4fmE5UDuyfhuoz4bXmEDDeg9iFPpL error Error { request: None, kind: TransactionError(InstructionError(0, Custom(0))) }
2026-01-29T10:50:10.283196Z ERROR arx::units::computation_transaction_unit: arx/src/units/computation_transaction_unit.rs:166: Failing to process callback can lead to stale MXE
2026-01-29T11:05:43.935579Z DEBUG arx::program: arx/src/program.rs:317: Received update for account: 9EDLm5KDKc1Pf8m587kdxPMvQBNETNahcCfHLNcQ1M8W
2026-01-29T11:05:43.938889Z DEBUG arx::program: arx/src/program.rs:317: Received update for account: 9rUSnh5VrMtRUrJrgAUwcyWvL9NYkscAsDFS5RjPW6Da
2026-01-29T11:05:43.941363Z DEBUG arx::units::execpool_unit: arx/src/units/execpool_unit.rs:102: Received execpool update with 1 computations
2026-01-29T11:05:43.943475Z DEBUG arx::coordinator: arx/src/coordinator.rs:534: Coordinator received execpool unit message: computations ids: [15497086138602272554]
2026-01-29T11:05:43.946089Z DEBUG arx::units::cache_unit: arx/src/units/cache_unit.rs:154: Processing queued computation: ArxComputationReference: 15497086138602272554
2026-01-29T11:05:43.946359Z DEBUG arx::units::state_unit: arx/src/units/state_unit.rs:258: Processing execpool update
2026-01-29T11:05:43.946762Z DEBUG arx::units::state_unit: arx/src/units/state_unit.rs:300: Prefetching and executing computation: ArxComputationReference: 15497086138602272554 with status (index: 1, slot: 2673)
2026-01-29T11:05:43.947442Z DEBUG arx::coordinator: arx/src/coordinator.rs:658: Coordinator received state unit message: prefetch computation: ArxComputationReference: 15497086138602272554
2026-01-29T11:05:43.947850Z DEBUG arx::coordinator: arx/src/coordinator.rs:668: Coordinator received state unit message: execute computation: ArxComputationReference: 15497086138602272554 with status (index: 1, slot: 2673)
2026-01-29T11:05:43.969070Z DEBUG arx::units::mempool_unit: arx/src/units/mempool_unit.rs:99: Received mempool update for account
2026-01-29T11:05:43.969125Z DEBUG arx::units::mempool_unit: arx/src/units/mempool_unit.rs:129: Mempool contains the same computations, skipping update
2026-01-29T11:05:43.976241Z DEBUG arx::coordinator: arx/src/coordinator.rs:470: Coordinator prefetched computation ArxComputation 144138151819851589779208113767580332136 (cluster_offset: 0)
2026-01-29T11:05:43.976527Z DEBUG arx::units::cache_unit: arx/src/units/cache_unit.rs:168: Processing fetched computation: ArxComputationReference: 15497086138602272554
2026-01-29T11:05:43.977542Z DEBUG arx::coordinator: arx/src/coordinator.rs:486: Coordinator fetched computation ArxComputation 144138151819851589779208113767580332136 (cluster_offset: 0) inputs
2026-01-29T11:05:43.977745Z DEBUG arx::units::cache_unit: arx/src/units/cache_unit.rs:269: Processing fetched inputs: ArxComputation 144138151819851589779208113767580332136 (cluster_offset: 0)
2026-01-29T11:05:43.979730Z DEBUG arx::units::circuit_unit: arx/src/units/circuit_unit.rs:243: Processing computation definition: AtDdpxywFm79JA9eQ91ZqKamqVuz1n6xDJFJyNEEfKme
2026-01-29T11:05:43.982308Z DEBUG arx::units::circuit_unit: arx/src/units/circuit_unit.rs:452: Fetching offchain circuit data from: http://172.20.0.2:8080/init_user_position.arcis
2026-01-29T11:05:49.105429Z ERROR arx::units::circuit_unit: arx/src/units/circuit_unit.rs:169: Failed to process computation definition AtDdpxywFm79JA9eQ91ZqKamqVuz1n6xDJFJyNEEfKme: Off-chain circuit fetch failed for source http://172.20.0.2:8080/init_user_position.arcis: error sending request for url (http://172.20.0.2:8080/init_user_position.arcis): error trying to connect: tcp connect error: No route to host (os error 113)
2026-01-29T11:05:49.105757Z DEBUG arx::coordinator: arx/src/coordinator.rs:390: Coordinator received circuit unit error for computation definition AtDdpxywFm79JA9eQ91ZqKamqVuz1n6xDJFJyNEEfKme (Off-chain circuit fetch failed for source http://172.20.0.2:8080/init_user_position.arcis: error sending request for url (http://172.20.0.2:8080/init_user_position.arcis): error trying to connect: tcp connect error: No route to host (os error 113))
2026-01-29T11:05:49.105773Z DEBUG arx::units::cache_unit: arx/src/units/cache_unit.rs:234: Processing failed circuit fetch: AtDdpxywFm79JA9eQ91ZqKamqVuz1n6xDJFJyNEEfKme
2026-01-29T11:05:49.105806Z DEBUG arx::coordinator: arx/src/coordinator.rs:342: Coordinator received cache unit circuit error for computation: ArxComputation 144138151819851589779208113767580332136 (cluster_offset: 0)
2026-01-29T11:05:49.106244Z DEBUG arx::units::bls_unit: arx/src/units/bls_unit.rs:96: BLS unit received signature request: ArxComputation 144138151819851589779208113767580332136 (cluster_offset: 0)
2026-01-29T11:05:49.106272Z DEBUG arx::units::bls_unit: arx/src/units/bls_unit.rs:163: Message to sign length: [113, 10, 0, 0, 0, 0, 0, 0, 1, 0]
2026-01-29T11:05:49.108486Z DEBUG arx::units::bls_unit: arx/src/units/bls_unit.rs:196: Not ready to aggregate signatures for computation_offset 15497086138602272554, our signature will be stored but not aggregated
2026-01-29T11:05:49.108975Z DEBUG arx::units::bls_unit: arx/src/units/bls_unit.rs:313: Pushed signature to peer 172.20.0.100:8002
2026-01-29T11:05:49.144069Z DEBUG arx::units::bls_unit: arx/src/units/bls_unit.rs:111: BLS unit accepted connection from 172.20.0.100:44560
2026-01-29T11:05:49.144236Z DEBUG arx::units::bls_unit: arx/src/units/bls_unit.rs:126: BLS unit received incoming signature for 15497086138602272554
2026-01-29T11:05:49.144251Z DEBUG arx::units::bls_unit: arx/src/units/bls_unit.rs:223: Stored signature for computation_offset 15497086138602272554 (2/2)
2026-01-29T11:05:49.146027Z DEBUG arx::units::bls_unit: arx/src/units/bls_unit.rs:130: BLS unit processed incoming signature for 15497086138602272554
2026-01-29T11:05:49.146056Z DEBUG arx::coordinator: arx/src/coordinator.rs:281: Coordinator received bls unit output: ArxComputation 144138151819851589779208113767580332136 (cluster_offset: 0)
2026-01-29T11:05:49.146294Z DEBUG arx::units::state_unit: arx/src/units/state_unit.rs:148: Processing signed computation
2026-01-29T11:05:49.146727Z DEBUG arx::units::computation_transaction_unit: arx/src/units/computation_transaction_unit.rs:429: Processing callback for computation ArxComputation 144138151819851589779208113767580332136 (cluster_offset: 0)
2026-01-29T11:05:49.154326Z DEBUG arx::units::computation_transaction_unit: arx/src/units/computation_transaction_unit.rs:409: Transaction simulation consumed 49463 compute units
2026-01-29T11:05:49.154832Z DEBUG arx::units::computation_transaction_unit: arx/src/units/computation_transaction_unit.rs:236: Fee calculation: base_fee=5000, compute_units=49463, priority_fee=0, total_fee=5000, fee_variance_buffer=1000, concurrent_callback_buffer=50000
2026-01-29T11:05:49.155030Z DEBUG arx::units::computation_transaction_unit: arx/src/units/computation_transaction_unit.rs:376: Fresh balance range: fresh_balance=999999985000, min=999999929000, max=999999981000, total_fee=5000, staleness_reduction=true
2026-01-29T11:05:49.658566Z ERROR arx::units::computation_transaction_unit: arx/src/units/computation_transaction_unit.rs:803: Failed to send callback computation tx for mxe FMMVCEygM2ewq4y4fmE5UDuyfhuoz4bXmEDDeg9iFPpL error Error { request: None, kind: TransactionError(InstructionError(1, Custom(6000))) }
2026-01-29T11:05:49.658877Z  WARN arx::units::computation_transaction_unit: arx/src/units/computation_transaction_unit.rs:488: Attempt 1/5: error while calling post_callback_onchain(rpc, &tx, mxe): Solana network error: Failed to send callback computation tx for mxe FMMVCEygM2ewq4y4fmE5UDuyfhuoz4bXmEDDeg9iFPpL error Error { request: None, kind: TransactionError(InstructionError(1, Custom(6000))) }
2026-01-29T11:05:51.665568Z ERROR arx::units::computation_transaction_unit: arx/src/units/computation_transaction_unit.rs:803: Failed to send callback computation tx for mxe FMMVCEygM2ewq4y4fmE5UDuyfhuoz4bXmEDDeg9iFPpL error Error { request: None, kind: TransactionError(InstructionError(1, Custom(6000))) }
2026-01-29T11:05:51.665627Z  WARN arx::units::computation_transaction_unit: arx/src/units/computation_transaction_unit.rs:488: Attempt 2/5: error while calling post_callback_onchain(rpc, &tx, mxe): Solana network error: Failed to send callback computation tx for mxe FMMVCEygM2ewq4y4fmE5UDuyfhuoz4bXmEDDeg9iFPpL error Error { request: None, kind: TransactionError(InstructionError(1, Custom(6000))) }
2026-01-29T11:05:55.668290Z ERROR arx::units::computation_transaction_unit: arx/src/units/computation_transaction_unit.rs:803: Failed to send callback computation tx for mxe FMMVCEygM2ewq4y4fmE5UDuyfhuoz4bXmEDDeg9iFPpL error Error { request: None, kind: TransactionError(InstructionError(1, Custom(6000))) }
2026-01-29T11:05:55.668366Z  WARN arx::units::computation_transaction_unit: arx/src/units/computation_transaction_unit.rs:488: Attempt 3/5: error while calling post_callback_onchain(rpc, &tx, mxe): Solana network error: Failed to send callback computation tx for mxe FMMVCEygM2ewq4y4fmE5UDuyfhuoz4bXmEDDeg9iFPpL error Error { request: None, kind: TransactionError(InstructionError(1, Custom(6000))) }
2026-01-29T11:06:01.518077Z  WARN arx::program: arx/src/program.rs:323: Pub/sub connection closed or error occurred, reconnecting...
2026-01-29T11:06:01.519074Z  INFO arx::program: arx/src/program.rs:328: Reconnecting pub/sub client
2026-01-29T11:06:01.527726Z  WARN arx::program: arx/src/program.rs:323: Pub/sub connection closed or error occurred, reconnecting...
2026-01-29T11:06:01.528006Z  WARN arx::program: arx/src/program.rs:372: Attempt 1/5: error while calling async
{
    PubsubClient::new(wss_url).await.map_err(|e|
    ArxError::Solana(format!("Failed to create new pub/sub: {}", e)))
}: Solana network error: Failed to create new pub/sub: unable to connect to server
2026-01-29T11:06:01.528280Z  INFO arx::program: arx/src/program.rs:328: Reconnecting pub/sub client
2026-01-29T11:06:01.530650Z  WARN arx::program: arx/src/program.rs:372: Attempt 1/5: error while calling async
{
    PubsubClient::new(wss_url).await.map_err(|e|
    ArxError::Solana(format!("Failed to create new pub/sub: {}", e)))
}: Solana network error: Failed to create new pub/sub: unable to connect to server
2026-01-29T11:06:03.529429Z  WARN arx::program: arx/src/program.rs:372: Attempt 2/5: error while calling async
{
    PubsubClient::new(wss_url).await.map_err(|e|
    ArxError::Solana(format!("Failed to create new pub/sub: {}", e)))
}: Solana network error: Failed to create new pub/sub: unable to connect to server
2026-01-29T11:06:03.532922Z  WARN arx::program: arx/src/program.rs:372: Attempt 2/5: error while calling async
{
    PubsubClient::new(wss_url).await.map_err(|e|
    ArxError::Solana(format!("Failed to create new pub/sub: {}", e)))
}: Solana network error: Failed to create new pub/sub: unable to connect to server
2026-01-29T11:06:03.670239Z ERROR arx::units::computation_transaction_unit: arx/src/units/computation_transaction_unit.rs:803: Failed to send callback computation tx for mxe FMMVCEygM2ewq4y4fmE5UDuyfhuoz4bXmEDDeg9iFPpL error Error { request: Some(SendTransaction), kind: Reqwest(reqwest::Error { kind: Request, url: "http://host.docker.internal:8899/", source: hyper_util::client::legacy::Error(Connect, ConnectError("tcp connect error", 172.17.0.1:8899, Os { code: 111, kind: ConnectionRefused, message: "Connection refused" })) }) }
2026-01-29T11:06:03.670663Z  WARN arx::units::computation_transaction_unit: arx/src/units/computation_transaction_unit.rs:488: Attempt 4/5: error while calling post_callback_onchain(rpc, &tx, mxe): Solana network error: Failed to send callback computation tx for mxe FMMVCEygM2ewq4y4fmE5UDuyfhuoz4bXmEDDeg9iFPpL error Error { request: Some(SendTransaction), kind: Reqwest(reqwest::Error { kind: Request, url: "http://host.docker.internal:8899/", source: hyper_util::client::legacy::Error(Connect, ConnectError("tcp connect error", 172.17.0.1:8899, Os { code: 111, kind: ConnectionRefused, message: "Connection refused" })) }) }
2026-01-29T11:06:07.531310Z  WARN arx::program: arx/src/program.rs:372: Attempt 3/5: error while calling async
{
    PubsubClient::new(wss_url).await.map_err(|e|
    ArxError::Solana(format!("Failed to create new pub/sub: {}", e)))
}: Solana network error: Failed to create new pub/sub: unable to connect to server
2026-01-29T11:06:07.534766Z  WARN arx::program: arx/src/program.rs:372: Attempt 3/5: error while calling async
{
    PubsubClient::new(wss_url).await.map_err(|e|
    ArxError::Solana(format!("Failed to create new pub/sub: {}", e)))
}: Solana network error: Failed to create new pub/sub: unable to connect to server
2026-01-29T11:06:15.533204Z  WARN arx::program: arx/src/program.rs:372: Attempt 4/5: error while calling async
{
    PubsubClient::new(wss_url).await.map_err(|e|
    ArxError::Solana(format!("Failed to create new pub/sub: {}", e)))
}: Solana network error: Failed to create new pub/sub: unable to connect to server
2026-01-29T11:06:15.536701Z  WARN arx::program: arx/src/program.rs:372: Attempt 4/5: error while calling async
{
    PubsubClient::new(wss_url).await.map_err(|e|
    ArxError::Solana(format!("Failed to create new pub/sub: {}", e)))
}: Solana network error: Failed to create new pub/sub: unable to connect to server
2026-01-29T11:06:19.672646Z ERROR arx::units::computation_transaction_unit: arx/src/units/computation_transaction_unit.rs:803: Failed to send callback computation tx for mxe FMMVCEygM2ewq4y4fmE5UDuyfhuoz4bXmEDDeg9iFPpL error Error { request: Some(SendTransaction), kind: Reqwest(reqwest::Error { kind: Request, url: "http://host.docker.internal:8899/", source: hyper_util::client::legacy::Error(Connect, ConnectError("tcp connect error", 172.17.0.1:8899, Os { code: 111, kind: ConnectionRefused, message: "Connection refused" })) }) }
2026-01-29T11:06:19.672712Z  WARN arx::units::computation_transaction_unit: arx/src/units/computation_transaction_unit.rs:488: Attempt 5/5: error while calling post_callback_onchain(rpc, &tx, mxe): Solana network error: Failed to send callback computation tx for mxe FMMVCEygM2ewq4y4fmE5UDuyfhuoz4bXmEDDeg9iFPpL error Error { request: Some(SendTransaction), kind: Reqwest(reqwest::Error { kind: Request, url: "http://host.docker.internal:8899/", source: hyper_util::client::legacy::Error(Connect, ConnectError("tcp connect error", 172.17.0.1:8899, Os { code: 111, kind: ConnectionRefused, message: "Connection refused" })) }) }
2026-01-29T11:06:19.672975Z  WARN arx::units::computation_transaction_unit: arx/src/units/computation_transaction_unit.rs:500: Failed to send callback computation tx after retries for mxe FMMVCEygM2ewq4y4fmE5UDuyfhuoz4bXmEDDeg9iFPpL: Solana("Attempt 5/5: Solana network error: Failed to send callback computation tx for mxe FMMVCEygM2ewq4y4fmE5UDuyfhuoz4bXmEDDeg9iFPpL error Error { request: Some(SendTransaction), kind: Reqwest(reqwest::Error { kind: Request, url: \"http://host.docker.internal:8899/\", source: hyper_util::client::legacy::Error(Connect, ConnectError(\"tcp connect error\", 172.17.0.1:8899, Os { code: 111, kind: ConnectionRefused, message: \"Connection refused\" })) }) }")
2026-01-29T11:06:19.672992Z  WARN arx::units::computation_transaction_unit: arx/src/units/computation_transaction_unit.rs:519: Regular callback failed, sending error claim txs for mxe FMMVCEygM2ewq4y4fmE5UDuyfhuoz4bXmEDDeg9iFPpL
2026-01-29T11:06:19.673958Z ERROR arx::units::computation_transaction_unit: arx/src/units/computation_transaction_unit.rs:554: Failed to send error claim tx for mxe FMMVCEygM2ewq4y4fmE5UDuyfhuoz4bXmEDDeg9iFPpL: Other("error sending request for url (http://host.docker.internal:8899/)")
2026-01-29T11:06:19.674015Z  WARN arx::units::computation_transaction_unit: arx/src/units/computation_transaction_unit.rs:165: Failed to process message Other error: error sending request for url (http://host.docker.internal:8899/)
2026-01-29T11:06:19.674023Z ERROR arx::units::computation_transaction_unit: arx/src/units/computation_transaction_unit.rs:166: Failing to process callback can lead to stale MXE
2026-01-29T11:06:31.535040Z  WARN arx::program: arx/src/program.rs:372: Attempt 5/5: error while calling async
{
    PubsubClient::new(wss_url).await.map_err(|e|
    ArxError::Solana(format!("Failed to create new pub/sub: {}", e)))
}: Solana network error: Failed to create new pub/sub: unable to connect to server
2026-01-29T11:06:31.535108Z ERROR arx::program: arx/src/program.rs:332: Failed to reconnect pub/sub client: Solana network error: Attempt 5/5: Solana network error: Failed to create new pub/sub: unable to connect to server, shutting down pub/sub
2026-01-29T11:06:31.535118Z  INFO arx::program: arx/src/program.rs:367: Pub/sub client stopped
2026-01-29T11:06:31.535729Z  INFO arx::units::execpool_unit: arx/src/units/execpool_unit.rs:95: Account channel closed, shutting down
2026-01-29T11:06:31.535758Z  INFO arx::units::execpool_unit: arx/src/units/execpool_unit.rs:121: Execpool unit stopped
2026-01-29T11:06:31.536062Z ERROR arx::coordinator: arx/src/coordinator.rs:528: Execpool unit coordinator task received None message, shutting down
2026-01-29T11:06:31.536420Z  INFO arx::coordinator: arx/src/coordinator.rs:566: Mempool unit coordinator task received cancellation signal
2026-01-29T11:06:31.536416Z  INFO arx::coordinator: arx/src/coordinator.rs:414: Computation transaction unit coordinator task received cancellation signal
2026-01-29T11:06:31.536460Z  INFO arx::coordinator: arx/src/coordinator.rs:458: Computation unit coordinator task received cancellation signal
2026-01-29T11:06:31.536472Z  INFO arx::units::mempool_unit: arx/src/units/mempool_unit.rs:89: Coordinator channel closed, shutting down
2026-01-29T11:06:31.536504Z  INFO arx::units::mempool_unit: arx/src/units/mempool_unit.rs:119: Mempool unit stopped
2026-01-29T11:06:31.536519Z  INFO arx::units::computation_transaction_unit: arx/src/units/computation_transaction_unit.rs:130: Coordinator channel closed, shutting down
2026-01-29T11:06:31.536528Z  INFO arx::units::computation_transaction_unit: arx/src/units/computation_transaction_unit.rs:178: Computations transaction unit stopped
2026-01-29T11:06:31.536542Z  INFO arx::coordinator: arx/src/coordinator.rs:609: Online phase unit coordinator task received cancellation signal
2026-01-29T11:06:31.536615Z  INFO arx::coordinator: arx/src/coordinator.rs:271: BLS unit coordinator task received cancellation signal
2026-01-29T11:06:31.536641Z  INFO arx::coordinator: arx/src/coordinator.rs:368: Circuit unit coordinator task received cancellation signal
2026-01-29T11:06:31.536657Z  INFO arx::units::circuit_unit: arx/src/units/circuit_unit.rs:147: Coordinator channel closed, shutting down
2026-01-29T11:06:31.536666Z  INFO arx::units::circuit_unit: arx/src/units/circuit_unit.rs:232: Circuit unit stopped
2026-01-29T11:06:31.536745Z  INFO arx::units::computation_unit: arx/src/units/computation_unit.rs:108: Coordinator channel closed, shutting down
2026-01-29T11:06:31.536769Z  INFO arx::units::computation_unit: arx/src/units/computation_unit.rs:208: Computation unit stopped
2026-01-29T11:06:31.536766Z  INFO arx::coordinator: arx/src/coordinator.rs:646: State unit coordinator task received cancellation signal
2026-01-29T11:06:31.536792Z  INFO arx::coordinator: arx/src/coordinator.rs:310: Cache unit coordinator task received cancellation signal
2026-01-29T11:06:31.536817Z  INFO arx::units::state_unit: arx/src/units/state_unit.rs:118: Coordinator channel closed, shutting down
2026-01-29T11:06:31.536822Z  INFO arx::units::cache_unit: arx/src/units/cache_unit.rs:97: Coordinator channel closed, shutting down
2026-01-29T11:06:31.536828Z  INFO arx::units::state_unit: arx/src/units/state_unit.rs:168: State unit stopped
2026-01-29T11:06:31.536835Z  INFO arx::units::cache_unit: arx/src/units/cache_unit.rs:144: Cache unit stopped
2026-01-29T11:06:31.536854Z  INFO arx::units::bls_unit: arx/src/units/bls_unit.rs:84: Coordinator channel closed, shutting down BLS unit
2026-01-29T11:06:31.537082Z  INFO arx::units::online_phase_unit: arx/src/units/online_phase_unit.rs:147: Coordinator channel closed, shutting down
2026-01-29T11:06:31.537103Z  INFO arx::units::online_phase_unit: arx/src/units/online_phase_unit.rs:402: Waiting for computations to finish...
2026-01-29T11:06:31.537702Z  INFO arx::coordinator: arx/src/coordinator.rs:707: Coordinator cancellation token triggered, shutting down
2026-01-29T11:06:31.538135Z DEBUG arx::units::online_phase_unit: arx/src/units/online_phase_unit.rs:420: Unregistered bundler 248016683086310656528149261543419493072 during shutdown
2026-01-29T11:06:31.538153Z  INFO arx::units::online_phase_unit: arx/src/units/online_phase_unit.rs:425: Online phase unit stopped
2026-01-29T11:06:31.538800Z  INFO arx::units::node_transaction_unit: arx/src/units/node_transaction_unit.rs:91: Coordinator channel closed, shutting down
2026-01-29T11:06:31.539056Z  INFO arx::units::node_transaction_unit: arx/src/units/node_transaction_unit.rs:108: Deactivating node
2026-01-29T11:06:31.540527Z  INFO arx: arx/src/main.rs:136: Shutdown channel closed, initiating shutdown
2026-01-29T11:06:31.540771Z  INFO arx: arx/src/main.rs:142: ARX shutting down, waiting for units to complete
2026-01-29T11:06:31.543933Z  WARN arx::program: arx/src/program.rs:372: Attempt 5/5: error while calling async
{
    PubsubClient::new(wss_url).await.map_err(|e|
    ArxError::Solana(format!("Failed to create new pub/sub: {}", e)))
}: Solana network error: Failed to create new pub/sub: unable to connect to server
2026-01-29T11:06:31.544174Z ERROR arx::program: arx/src/program.rs:332: Failed to reconnect pub/sub client: Solana network error: Attempt 5/5: Solana network error: Failed to create new pub/sub: unable to connect to server, shutting down pub/sub
2026-01-29T11:06:31.544182Z  INFO arx::program: arx/src/program.rs:367: Pub/sub client stopped
2026-01-29T11:06:31.549844Z  WARN arx::program: arx/src/program.rs:158: Attempt 1/5: error while calling async
{
    self.account(account).await.map_err(|e|
    {
        ArxError::Solana(format!("Failed to fetch account {}: {}", account,
        e))
    })
}: Solana network error: Failed to fetch account 6vNwQe3fiU1u4JxTM2XkvPou9uH7EZNrskLZJrRYM8WJ: AccountNotFound: pubkey=6vNwQe3fiU1u4JxTM2XkvPou9uH7EZNrskLZJrRYM8WJ: error sending request for url (http://host.docker.internal:8899/)
2026-01-29T11:06:33.551833Z  WARN arx::program: arx/src/program.rs:158: Attempt 2/5: error while calling async
{
    self.account(account).await.map_err(|e|
    {
        ArxError::Solana(format!("Failed to fetch account {}: {}", account,
        e))
    })
}: Solana network error: Failed to fetch account 6vNwQe3fiU1u4JxTM2XkvPou9uH7EZNrskLZJrRYM8WJ: AccountNotFound: pubkey=6vNwQe3fiU1u4JxTM2XkvPou9uH7EZNrskLZJrRYM8WJ: error sending request for url (http://host.docker.internal:8899/)
2026-01-29T11:06:37.554270Z  WARN arx::program: arx/src/program.rs:158: Attempt 3/5: error while calling async
{
    self.account(account).await.map_err(|e|
    {
        ArxError::Solana(format!("Failed to fetch account {}: {}", account,
        e))
    })
}: Solana network error: Failed to fetch account 6vNwQe3fiU1u4JxTM2XkvPou9uH7EZNrskLZJrRYM8WJ: AccountNotFound: pubkey=6vNwQe3fiU1u4JxTM2XkvPou9uH7EZNrskLZJrRYM8WJ: error sending request for url (http://host.docker.internal:8899/)
2026-01-29T11:06:45.555966Z  WARN arx::program: arx/src/program.rs:158: Attempt 4/5: error while calling async
{
    self.account(account).await.map_err(|e|
    {
        ArxError::Solana(format!("Failed to fetch account {}: {}", account,
        e))
    })
}: Solana network error: Failed to fetch account 6vNwQe3fiU1u4JxTM2XkvPou9uH7EZNrskLZJrRYM8WJ: AccountNotFound: pubkey=6vNwQe3fiU1u4JxTM2XkvPou9uH7EZNrskLZJrRYM8WJ: error sending request for url (http://host.docker.internal:8899/)
2026-01-29T11:07:01.558314Z  WARN arx::program: arx/src/program.rs:158: Attempt 5/5: error while calling async
{
    self.account(account).await.map_err(|e|
    {
        ArxError::Solana(format!("Failed to fetch account {}: {}", account,
        e))
    })
}: Solana network error: Failed to fetch account 6vNwQe3fiU1u4JxTM2XkvPou9uH7EZNrskLZJrRYM8WJ: AccountNotFound: pubkey=6vNwQe3fiU1u4JxTM2XkvPou9uH7EZNrskLZJrRYM8WJ: error sending request for url (http://host.docker.internal:8899/)
2026-01-29T11:07:01.558386Z  WARN arx::units::node_transaction_unit: arx/src/units/node_transaction_unit.rs:109: Attempt 1/5: error while calling self.deactivate_node(): Solana network error: Attempt 5/5: Solana network error: Failed to fetch account 6vNwQe3fiU1u4JxTM2XkvPou9uH7EZNrskLZJrRYM8WJ: AccountNotFound: pubkey=6vNwQe3fiU1u4JxTM2XkvPou9uH7EZNrskLZJrRYM8WJ: error sending request for url (http://host.docker.internal:8899/)
2026-01-29T11:07:03.559881Z  WARN arx::program: arx/src/program.rs:158: Attempt 1/5: error while calling async
{
    self.account(account).await.map_err(|e|
    {
        ArxError::Solana(format!("Failed to fetch account {}: {}", account,
        e))
    })
}: Solana network error: Failed to fetch account 6vNwQe3fiU1u4JxTM2XkvPou9uH7EZNrskLZJrRYM8WJ: AccountNotFound: pubkey=6vNwQe3fiU1u4JxTM2XkvPou9uH7EZNrskLZJrRYM8WJ: error sending request for url (http://host.docker.internal:8899/)
2026-01-29T11:07:05.563164Z  WARN arx::program: arx/src/program.rs:158: Attempt 2/5: error while calling async
{
    self.account(account).await.map_err(|e|
    {
        ArxError::Solana(format!("Failed to fetch account {}: {}", account,
        e))
    })
}: Solana network error: Failed to fetch account 6vNwQe3fiU1u4JxTM2XkvPou9uH7EZNrskLZJrRYM8WJ: AccountNotFound: pubkey=6vNwQe3fiU1u4JxTM2XkvPou9uH7EZNrskLZJrRYM8WJ: error sending request for url (http://host.docker.internal:8899/)
2026-01-29T11:07:09.565078Z  WARN arx::program: arx/src/program.rs:158: Attempt 3/5: error while calling async
{
    self.account(account).await.map_err(|e|
    {
        ArxError::Solana(format!("Failed to fetch account {}: {}", account,
        e))
    })
}: Solana network error: Failed to fetch account 6vNwQe3fiU1u4JxTM2XkvPou9uH7EZNrskLZJrRYM8WJ: AccountNotFound: pubkey=6vNwQe3fiU1u4JxTM2XkvPou9uH7EZNrskLZJrRYM8WJ: error sending request for url (http://host.docker.internal:8899/)
2026-01-29T11:07:17.567769Z  WARN arx::program: arx/src/program.rs:158: Attempt 4/5: error while calling async
{
    self.account(account).await.map_err(|e|
    {
        ArxError::Solana(format!("Failed to fetch account {}: {}", account,
        e))
    })
}: Solana network error: Failed to fetch account 6vNwQe3fiU1u4JxTM2XkvPou9uH7EZNrskLZJrRYM8WJ: AccountNotFound: pubkey=6vNwQe3fiU1u4JxTM2XkvPou9uH7EZNrskLZJrRYM8WJ: error sending request for url (http://host.docker.internal:8899/)
2026-01-29T11:07:33.570398Z  WARN arx::program: arx/src/program.rs:158: Attempt 5/5: error while calling async
{
    self.account(account).await.map_err(|e|
    {
        ArxError::Solana(format!("Failed to fetch account {}: {}", account,
        e))
    })
}: Solana network error: Failed to fetch account 6vNwQe3fiU1u4JxTM2XkvPou9uH7EZNrskLZJrRYM8WJ: AccountNotFound: pubkey=6vNwQe3fiU1u4JxTM2XkvPou9uH7EZNrskLZJrRYM8WJ: error sending request for url (http://host.docker.internal:8899/)
2026-01-29T11:07:33.570449Z  WARN arx::units::node_transaction_unit: arx/src/units/node_transaction_unit.rs:109: Attempt 2/5: error while calling self.deactivate_node(): Solana network error: Attempt 5/5: Solana network error: Failed to fetch account 6vNwQe3fiU1u4JxTM2XkvPou9uH7EZNrskLZJrRYM8WJ: AccountNotFound: pubkey=6vNwQe3fiU1u4JxTM2XkvPou9uH7EZNrskLZJrRYM8WJ: error sending request for url (http://host.docker.internal:8899/)
2026-01-29T11:07:37.571930Z  WARN arx::program: arx/src/program.rs:158: Attempt 1/5: error while calling async
{
    self.account(account).await.map_err(|e|
    {
        ArxError::Solana(format!("Failed to fetch account {}: {}", account,
        e))
    })
}: Solana network error: Failed to fetch account 6vNwQe3fiU1u4JxTM2XkvPou9uH7EZNrskLZJrRYM8WJ: AccountNotFound: pubkey=6vNwQe3fiU1u4JxTM2XkvPou9uH7EZNrskLZJrRYM8WJ: error sending request for url (http://host.docker.internal:8899/)
2026-01-29T11:07:39.574350Z  WARN arx::program: arx/src/program.rs:158: Attempt 2/5: error while calling async
{
    self.account(account).await.map_err(|e|
    {
        ArxError::Solana(format!("Failed to fetch account {}: {}", account,
        e))
    })
}: Solana network error: Failed to fetch account 6vNwQe3fiU1u4JxTM2XkvPou9uH7EZNrskLZJrRYM8WJ: AccountNotFound: pubkey=6vNwQe3fiU1u4JxTM2XkvPou9uH7EZNrskLZJrRYM8WJ: error sending request for url (http://host.docker.internal:8899/)
2026-01-29T11:07:43.576236Z  WARN arx::program: arx/src/program.rs:158: Attempt 3/5: error while calling async
{
    self.account(account).await.map_err(|e|
    {
        ArxError::Solana(format!("Failed to fetch account {}: {}", account,
        e))
    })
}: Solana network error: Failed to fetch account 6vNwQe3fiU1u4JxTM2XkvPou9uH7EZNrskLZJrRYM8WJ: AccountNotFound: pubkey=6vNwQe3fiU1u4JxTM2XkvPou9uH7EZNrskLZJrRYM8WJ: error sending request for url (http://host.docker.internal:8899/)
2026-01-29T11:07:51.578049Z  WARN arx::program: arx/src/program.rs:158: Attempt 4/5: error while calling async
{
    self.account(account).await.map_err(|e|
    {
        ArxError::Solana(format!("Failed to fetch account {}: {}", account,
        e))
    })
}: Solana network error: Failed to fetch account 6vNwQe3fiU1u4JxTM2XkvPou9uH7EZNrskLZJrRYM8WJ: AccountNotFound: pubkey=6vNwQe3fiU1u4JxTM2XkvPou9uH7EZNrskLZJrRYM8WJ: error sending request for url (http://host.docker.internal:8899/)
2026-01-29T11:08:07.579737Z  WARN arx::program: arx/src/program.rs:158: Attempt 5/5: error while calling async
{
    self.account(account).await.map_err(|e|
    {
        ArxError::Solana(format!("Failed to fetch account {}: {}", account,
        e))
    })
}: Solana network error: Failed to fetch account 6vNwQe3fiU1u4JxTM2XkvPou9uH7EZNrskLZJrRYM8WJ: AccountNotFound: pubkey=6vNwQe3fiU1u4JxTM2XkvPou9uH7EZNrskLZJrRYM8WJ: error sending request for url (http://host.docker.internal:8899/)
2026-01-29T11:08:07.579792Z  WARN arx::units::node_transaction_unit: arx/src/units/node_transaction_unit.rs:109: Attempt 3/5: error while calling self.deactivate_node(): Solana network error: Attempt 5/5: Solana network error: Failed to fetch account 6vNwQe3fiU1u4JxTM2XkvPou9uH7EZNrskLZJrRYM8WJ: AccountNotFound: pubkey=6vNwQe3fiU1u4JxTM2XkvPou9uH7EZNrskLZJrRYM8WJ: error sending request for url (http://host.docker.internal:8899/)
2026-01-29T11:08:15.581347Z  WARN arx::program: arx/src/program.rs:158: Attempt 1/5: error while calling async
{
    self.account(account).await.map_err(|e|
    {
        ArxError::Solana(format!("Failed to fetch account {}: {}", account,
        e))
    })
}: Solana network error: Failed to fetch account 6vNwQe3fiU1u4JxTM2XkvPou9uH7EZNrskLZJrRYM8WJ: AccountNotFound: pubkey=6vNwQe3fiU1u4JxTM2XkvPou9uH7EZNrskLZJrRYM8WJ: error sending request for url (http://host.docker.internal:8899/)
2026-01-29T11:08:17.584638Z  WARN arx::program: arx/src/program.rs:158: Attempt 2/5: error while calling async
{
    self.account(account).await.map_err(|e|
    {
        ArxError::Solana(format!("Failed to fetch account {}: {}", account,
        e))
    })
}: Solana network error: Failed to fetch account 6vNwQe3fiU1u4JxTM2XkvPou9uH7EZNrskLZJrRYM8WJ: AccountNotFound: pubkey=6vNwQe3fiU1u4JxTM2XkvPou9uH7EZNrskLZJrRYM8WJ: error sending request for url (http://host.docker.internal:8899/)
2026-01-29T11:08:21.586771Z  WARN arx::program: arx/src/program.rs:158: Attempt 3/5: error while calling async
{
    self.account(account).await.map_err(|e|
    {
        ArxError::Solana(format!("Failed to fetch account {}: {}", account,
        e))
    })
}: Solana network error: Failed to fetch account 6vNwQe3fiU1u4JxTM2XkvPou9uH7EZNrskLZJrRYM8WJ: AccountNotFound: pubkey=6vNwQe3fiU1u4JxTM2XkvPou9uH7EZNrskLZJrRYM8WJ: error sending request for url (http://host.docker.internal:8899/)
2026-01-29T11:08:29.588518Z  WARN arx::program: arx/src/program.rs:158: Attempt 4/5: error while calling async
{
    self.account(account).await.map_err(|e|
    {
        ArxError::Solana(format!("Failed to fetch account {}: {}", account,
        e))
    })
}: Solana network error: Failed to fetch account 6vNwQe3fiU1u4JxTM2XkvPou9uH7EZNrskLZJrRYM8WJ: AccountNotFound: pubkey=6vNwQe3fiU1u4JxTM2XkvPou9uH7EZNrskLZJrRYM8WJ: error sending request for url (http://host.docker.internal:8899/)
2026-01-29T11:08:45.589968Z  WARN arx::program: arx/src/program.rs:158: Attempt 5/5: error while calling async
{
    self.account(account).await.map_err(|e|
    {
        ArxError::Solana(format!("Failed to fetch account {}: {}", account,
        e))
    })
}: Solana network error: Failed to fetch account 6vNwQe3fiU1u4JxTM2XkvPou9uH7EZNrskLZJrRYM8WJ: AccountNotFound: pubkey=6vNwQe3fiU1u4JxTM2XkvPou9uH7EZNrskLZJrRYM8WJ: error sending request for url (http://host.docker.internal:8899/)
2026-01-29T11:08:45.590032Z  WARN arx::units::node_transaction_unit: arx/src/units/node_transaction_unit.rs:109: Attempt 4/5: error while calling self.deactivate_node(): Solana network error: Attempt 5/5: Solana network error: Failed to fetch account 6vNwQe3fiU1u4JxTM2XkvPou9uH7EZNrskLZJrRYM8WJ: AccountNotFound: pubkey=6vNwQe3fiU1u4JxTM2XkvPou9uH7EZNrskLZJrRYM8WJ: error sending request for url (http://host.docker.internal:8899/)
2026-01-29T11:09:01.593260Z  WARN arx::program: arx/src/program.rs:158: Attempt 1/5: error while calling async
{
    self.account(account).await.map_err(|e|
    {
        ArxError::Solana(format!("Failed to fetch account {}: {}", account,
        e))
    })
}: Solana network error: Failed to fetch account 6vNwQe3fiU1u4JxTM2XkvPou9uH7EZNrskLZJrRYM8WJ: AccountNotFound: pubkey=6vNwQe3fiU1u4JxTM2XkvPou9uH7EZNrskLZJrRYM8WJ: error sending request for url (http://host.docker.internal:8899/)
2026-01-29T11:09:03.595435Z  WARN arx::program: arx/src/program.rs:158: Attempt 2/5: error while calling async
{
    self.account(account).await.map_err(|e|
    {
        ArxError::Solana(format!("Failed to fetch account {}: {}", account,
        e))
    })
}: Solana network error: Failed to fetch account 6vNwQe3fiU1u4JxTM2XkvPou9uH7EZNrskLZJrRYM8WJ: AccountNotFound: pubkey=6vNwQe3fiU1u4JxTM2XkvPou9uH7EZNrskLZJrRYM8WJ: error sending request for url (http://host.docker.internal:8899/)
2026-01-29T11:09:07.597356Z  WARN arx::program: arx/src/program.rs:158: Attempt 3/5: error while calling async
{
    self.account(account).await.map_err(|e|
    {
        ArxError::Solana(format!("Failed to fetch account {}: {}", account,
        e))
    })
}: Solana network error: Failed to fetch account 6vNwQe3fiU1u4JxTM2XkvPou9uH7EZNrskLZJrRYM8WJ: AccountNotFound: pubkey=6vNwQe3fiU1u4JxTM2XkvPou9uH7EZNrskLZJrRYM8WJ: error sending request for url (http://host.docker.internal:8899/)
2026-01-29T11:09:15.599236Z  WARN arx::program: arx/src/program.rs:158: Attempt 4/5: error while calling async
{
    self.account(account).await.map_err(|e|
    {
        ArxError::Solana(format!("Failed to fetch account {}: {}", account,
        e))
    })
}: Solana network error: Failed to fetch account 6vNwQe3fiU1u4JxTM2XkvPou9uH7EZNrskLZJrRYM8WJ: AccountNotFound: pubkey=6vNwQe3fiU1u4JxTM2XkvPou9uH7EZNrskLZJrRYM8WJ: error sending request for url (http://host.docker.internal:8899/)
2026-01-29T11:09:31.600590Z  WARN arx::program: arx/src/program.rs:158: Attempt 5/5: error while calling async
{
    self.account(account).await.map_err(|e|
    {
        ArxError::Solana(format!("Failed to fetch account {}: {}", account,
        e))
    })
}: Solana network error: Failed to fetch account 6vNwQe3fiU1u4JxTM2XkvPou9uH7EZNrskLZJrRYM8WJ: AccountNotFound: pubkey=6vNwQe3fiU1u4JxTM2XkvPou9uH7EZNrskLZJrRYM8WJ: error sending request for url (http://host.docker.internal:8899/)
2026-01-29T11:09:31.600648Z  WARN arx::units::node_transaction_unit: arx/src/units/node_transaction_unit.rs:109: Attempt 5/5: error while calling self.deactivate_node(): Solana network error: Attempt 5/5: Solana network error: Failed to fetch account 6vNwQe3fiU1u4JxTM2XkvPou9uH7EZNrskLZJrRYM8WJ: AccountNotFound: pubkey=6vNwQe3fiU1u4JxTM2XkvPou9uH7EZNrskLZJrRYM8WJ: error sending request for url (http://host.docker.internal:8899/)
2026-01-29T11:09:31.600673Z ERROR arx::units::node_transaction_unit: arx/src/units/node_transaction_unit.rs:114: Failed to deactivate node: Solana network error: Attempt 5/5: Solana network error: Attempt 5/5: Solana network error: Failed to fetch account 6vNwQe3fiU1u4JxTM2XkvPou9uH7EZNrskLZJrRYM8WJ: AccountNotFound: pubkey=6vNwQe3fiU1u4JxTM2XkvPou9uH7EZNrskLZJrRYM8WJ: error sending request for url (http://host.docker.internal:8899/), shutting down
